[0.407s] Invoking command in '/home/ranger/ROV-project/ROV-project/Raspberry Pi/ros2-ws/build/ranger_interfaces': CMAKE_PREFIX_PATH=${CMAKE_PREFIX_PATH}:/home/ranger/ROV-project/ROV-project/Raspberry Pi/ros2-ws/install/ranger_auto:/opt/ros/kilted DEBUGINFOD_URLS=https://debuginfod.ubuntu.com /usr/bin/cmake --build /home/ranger/ROV-project/ROV-project/Raspberry Pi/ros2-ws/build/ranger_interfaces -- -j4 -l4
[0.584s] [  1%] Built target ranger_interfaces__rosidl_generator_type_description
[0.654s] [  1%] Built target ament_cmake_python_copy_ranger_interfaces
[0.692s] [  1%] Built target ranger_interfaces__cpp
[0.715s] [ 27%] Built target ranger_interfaces__rosidl_generator_c
[0.791s] [ 37%] Built target ranger_interfaces__rosidl_typesupport_introspection_c
[0.836s] [ 47%] Built target ranger_interfaces__rosidl_typesupport_cpp
[0.846s] [ 57%] Built target ranger_interfaces__rosidl_typesupport_fastrtps_c
[0.913s] [ 66%] Built target ranger_interfaces__rosidl_typesupport_c
[0.985s] [ 75%] Built target ranger_interfaces__rosidl_typesupport_fastrtps_cpp
[0.988s] [ 85%] Built target ranger_interfaces__rosidl_typesupport_introspection_cpp
[1.113s] [ 85%] Built target ranger_interfaces
[1.198s] [ 86%] Built target ranger_interfaces__py
[1.264s] running egg_info
[1.267s] [ 95%] Built target ranger_interfaces__rosidl_generator_py
[1.303s] writing ranger_interfaces.egg-info/PKG-INFO
[1.306s] writing dependency_links to ranger_interfaces.egg-info/dependency_links.txt
[1.309s] writing top-level names to ranger_interfaces.egg-info/top_level.txt
[1.346s] [ 96%] Built target ranger_interfaces_s__rosidl_typesupport_c
[1.359s] [ 98%] Built target ranger_interfaces_s__rosidl_typesupport_fastrtps_c
[1.367s] [100%] Built target ranger_interfaces_s__rosidl_typesupport_introspection_c
[1.433s] reading manifest file 'ranger_interfaces.egg-info/SOURCES.txt'
[1.435s] writing manifest file 'ranger_interfaces.egg-info/SOURCES.txt'
[1.519s] [100%] Built target ament_cmake_python_build_ranger_interfaces_egg
[1.553s] Invoked command in '/home/ranger/ROV-project/ROV-project/Raspberry Pi/ros2-ws/build/ranger_interfaces' returned '0': CMAKE_PREFIX_PATH=${CMAKE_PREFIX_PATH}:/home/ranger/ROV-project/ROV-project/Raspberry Pi/ros2-ws/install/ranger_auto:/opt/ros/kilted DEBUGINFOD_URLS=https://debuginfod.ubuntu.com /usr/bin/cmake --build /home/ranger/ROV-project/ROV-project/Raspberry Pi/ros2-ws/build/ranger_interfaces -- -j4 -l4
[1.574s] Invoking command in '/home/ranger/ROV-project/ROV-project/Raspberry Pi/ros2-ws/build/ranger_interfaces': CMAKE_PREFIX_PATH=${CMAKE_PREFIX_PATH}:/home/ranger/ROV-project/ROV-project/Raspberry Pi/ros2-ws/install/ranger_auto:/opt/ros/kilted DEBUGINFOD_URLS=https://debuginfod.ubuntu.com /usr/bin/cmake --install /home/ranger/ROV-project/ROV-project/Raspberry Pi/ros2-ws/build/ranger_interfaces
[1.589s] -- Install configuration: ""
[1.589s] -- Up-to-date: /home/ranger/ROV-project/ROV-project/Raspberry Pi/ros2-ws/install/ranger_interfaces/share/ament_index/resource_index/rosidl_interfaces/ranger_interfaces
[1.589s] -- Up-to-date: /home/ranger/ROV-project/ROV-project/Raspberry Pi/ros2-ws/install/ranger_interfaces/share/ranger_interfaces/msg/ThrusterThrottle.json
[1.590s] -- Up-to-date: /home/ranger/ROV-project/ROV-project/Raspberry Pi/ros2-ws/install/ranger_interfaces/share/ranger_interfaces/msg/IMUAccel.json
[1.590s] -- Up-to-date: /home/ranger/ROV-project/ROV-project/Raspberry Pi/ros2-ws/install/ranger_interfaces/share/ranger_interfaces/msg/IMUGyro.json
[1.590s] -- Up-to-date: /home/ranger/ROV-project/ROV-project/Raspberry Pi/ros2-ws/install/ranger_interfaces/share/ranger_interfaces/msg/IMUMagnet.json
[1.590s] -- Up-to-date: /home/ranger/ROV-project/ROV-project/Raspberry Pi/ros2-ws/install/ranger_interfaces/share/ranger_interfaces/msg/UltrasonicDistance.json
[1.590s] -- Up-to-date: /home/ranger/ROV-project/ROV-project/Raspberry Pi/ros2-ws/install/ranger_interfaces/share/ranger_interfaces/msg/VehicleTransform.json
[1.590s] -- Up-to-date: /home/ranger/ROV-project/ROV-project/Raspberry Pi/ros2-ws/install/ranger_interfaces/share/ranger_interfaces/msg/WaypointLocation.json
[1.591s] -- Up-to-date: /home/ranger/ROV-project/ROV-project/Raspberry Pi/ros2-ws/install/ranger_interfaces/share/ranger_interfaces/msg/WaypointDistance.json
[1.591s] -- Up-to-date: /home/ranger/ROV-project/ROV-project/Raspberry Pi/ros2-ws/install/ranger_interfaces/share/ranger_interfaces/msg/ObstacleLocation.json
[1.591s] -- Up-to-date: /home/ranger/ROV-project/ROV-project/Raspberry Pi/ros2-ws/install/ranger_interfaces/share/ranger_interfaces/msg/MovementVector.json
[1.591s] -- Up-to-date: /home/ranger/ROV-project/ROV-project/Raspberry Pi/ros2-ws/install/ranger_interfaces/include/ranger_interfaces/ranger_interfaces
[1.591s] -- Up-to-date: /home/ranger/ROV-project/ROV-project/Raspberry Pi/ros2-ws/install/ranger_interfaces/include/ranger_interfaces/ranger_interfaces/msg
[1.592s] -- Up-to-date: /home/ranger/ROV-project/ROV-project/Raspberry Pi/ros2-ws/install/ranger_interfaces/include/ranger_interfaces/ranger_interfaces/msg/movement_vector.h
[1.592s] -- Up-to-date: /home/ranger/ROV-project/ROV-project/Raspberry Pi/ros2-ws/install/ranger_interfaces/include/ranger_interfaces/ranger_interfaces/msg/waypoint_distance.h
[1.592s] -- Up-to-date: /home/ranger/ROV-project/ROV-project/Raspberry Pi/ros2-ws/install/ranger_interfaces/include/ranger_interfaces/ranger_interfaces/msg/imu_gyro.h
[1.592s] -- Up-to-date: /home/ranger/ROV-project/ROV-project/Raspberry Pi/ros2-ws/install/ranger_interfaces/include/ranger_interfaces/ranger_interfaces/msg/rosidl_generator_c__visibility_control.h
[1.592s] -- Up-to-date: /home/ranger/ROV-project/ROV-project/Raspberry Pi/ros2-ws/install/ranger_interfaces/include/ranger_interfaces/ranger_interfaces/msg/thruster_throttle.h
[1.592s] -- Up-to-date: /home/ranger/ROV-project/ROV-project/Raspberry Pi/ros2-ws/install/ranger_interfaces/include/ranger_interfaces/ranger_interfaces/msg/detail
[1.593s] -- Up-to-date: /home/ranger/ROV-project/ROV-project/Raspberry Pi/ros2-ws/install/ranger_interfaces/include/ranger_interfaces/ranger_interfaces/msg/detail/movement_vector__type_support.h
[1.593s] -- Up-to-date: /home/ranger/ROV-project/ROV-project/Raspberry Pi/ros2-ws/install/ranger_interfaces/include/ranger_interfaces/ranger_interfaces/msg/detail/movement_vector__struct.h
[1.593s] -- Up-to-date: /home/ranger/ROV-project/ROV-project/Raspberry Pi/ros2-ws/install/ranger_interfaces/include/ranger_interfaces/ranger_interfaces/msg/detail/waypoint_location__struct.h
[1.593s] -- Installing: /home/ranger/ROV-project/ROV-project/Raspberry Pi/ros2-ws/install/ranger_interfaces/include/ranger_interfaces/ranger_interfaces/msg/detail/imu_gyro__type_support.c
[1.593s] -- Up-to-date: /home/ranger/ROV-project/ROV-project/Raspberry Pi/ros2-ws/install/ranger_interfaces/include/ranger_interfaces/ranger_interfaces/msg/detail/waypoint_distance__description.c
[1.594s] -- Up-to-date: /home/ranger/ROV-project/ROV-project/Raspberry Pi/ros2-ws/install/ranger_interfaces/include/ranger_interfaces/ranger_interfaces/msg/detail/waypoint_distance__functions.h
[1.594s] -- Up-to-date: /home/ranger/ROV-project/ROV-project/Raspberry Pi/ros2-ws/install/ranger_interfaces/include/ranger_interfaces/ranger_interfaces/msg/detail/movement_vector__description.c
[1.594s] -- Up-to-date: /home/ranger/ROV-project/ROV-project/Raspberry Pi/ros2-ws/install/ranger_interfaces/include/ranger_interfaces/ranger_interfaces/msg/detail/obstacle_location__struct.h
[1.595s] -- Up-to-date: /home/ranger/ROV-project/ROV-project/Raspberry Pi/ros2-ws/install/ranger_interfaces/include/ranger_interfaces/ranger_interfaces/msg/detail/thruster_throttle__description.c
[1.595s] -- Up-to-date: /home/ranger/ROV-project/ROV-project/Raspberry Pi/ros2-ws/install/ranger_interfaces/include/ranger_interfaces/ranger_interfaces/msg/detail/imu_gyro__struct.h
[1.595s] -- Up-to-date: /home/ranger/ROV-project/ROV-project/Raspberry Pi/ros2-ws/install/ranger_interfaces/include/ranger_interfaces/ranger_interfaces/msg/detail/ultrasonic_distance__functions.c
[1.595s] -- Up-to-date: /home/ranger/ROV-project/ROV-project/Raspberry Pi/ros2-ws/install/ranger_interfaces/include/ranger_interfaces/ranger_interfaces/msg/detail/imu_magnet__type_support.h
[1.595s] -- Installing: /home/ranger/ROV-project/ROV-project/Raspberry Pi/ros2-ws/install/ranger_interfaces/include/ranger_interfaces/ranger_interfaces/msg/detail/waypoint_distance__type_support.c
[1.596s] -- Up-to-date: /home/ranger/ROV-project/ROV-project/Raspberry Pi/ros2-ws/install/ranger_interfaces/include/ranger_interfaces/ranger_interfaces/msg/detail/obstacle_location__type_support.h
[1.596s] -- Up-to-date: /home/ranger/ROV-project/ROV-project/Raspberry Pi/ros2-ws/install/ranger_interfaces/include/ranger_interfaces/ranger_interfaces/msg/detail/imu_accel__description.c
[1.596s] -- Up-to-date: /home/ranger/ROV-project/ROV-project/Raspberry Pi/ros2-ws/install/ranger_interfaces/include/ranger_interfaces/ranger_interfaces/msg/detail/vehicle_transform__description.c
[1.596s] -- Up-to-date: /home/ranger/ROV-project/ROV-project/Raspberry Pi/ros2-ws/install/ranger_interfaces/include/ranger_interfaces/ranger_interfaces/msg/detail/ultrasonic_distance__type_support.h
[1.596s] -- Up-to-date: /home/ranger/ROV-project/ROV-project/Raspberry Pi/ros2-ws/install/ranger_interfaces/include/ranger_interfaces/ranger_interfaces/msg/detail/thruster_throttle__type_support.h
[1.596s] -- Installing: /home/ranger/ROV-project/ROV-project/Raspberry Pi/ros2-ws/install/ranger_interfaces/include/ranger_interfaces/ranger_interfaces/msg/detail/imu_accel__type_support.c
[1.596s] -- Up-to-date: /home/ranger/ROV-project/ROV-project/Raspberry Pi/ros2-ws/install/ranger_interfaces/include/ranger_interfaces/ranger_interfaces/msg/detail/waypoint_distance__functions.c
[1.597s] -- Up-to-date: /home/ranger/ROV-project/ROV-project/Raspberry Pi/ros2-ws/install/ranger_interfaces/include/ranger_interfaces/ranger_interfaces/msg/detail/obstacle_location__description.c
[1.597s] -- Up-to-date: /home/ranger/ROV-project/ROV-project/Raspberry Pi/ros2-ws/install/ranger_interfaces/include/ranger_interfaces/ranger_interfaces/msg/detail/imu_magnet__struct.h
[1.597s] -- Up-to-date: /home/ranger/ROV-project/ROV-project/Raspberry Pi/ros2-ws/install/ranger_interfaces/include/ranger_interfaces/ranger_interfaces/msg/detail/waypoint_location__functions.c
[1.597s] -- Up-to-date: /home/ranger/ROV-project/ROV-project/Raspberry Pi/ros2-ws/install/ranger_interfaces/include/ranger_interfaces/ranger_interfaces/msg/detail/waypoint_distance__type_support.h
[1.597s] -- Up-to-date: /home/ranger/ROV-project/ROV-project/Raspberry Pi/ros2-ws/install/ranger_interfaces/include/ranger_interfaces/ranger_interfaces/msg/detail/imu_magnet__description.c
[1.597s] -- Up-to-date: /home/ranger/ROV-project/ROV-project/Raspberry Pi/ros2-ws/install/ranger_interfaces/include/ranger_interfaces/ranger_interfaces/msg/detail/vehicle_transform__struct.h
[1.597s] -- Up-to-date: /home/ranger/ROV-project/ROV-project/Raspberry Pi/ros2-ws/install/ranger_interfaces/include/ranger_interfaces/ranger_interfaces/msg/detail/imu_gyro__type_support.h
[1.598s] -- Up-to-date: /home/ranger/ROV-project/ROV-project/Raspberry Pi/ros2-ws/install/ranger_interfaces/include/ranger_interfaces/ranger_interfaces/msg/detail/vehicle_transform__functions.h
[1.598s] -- Up-to-date: /home/ranger/ROV-project/ROV-project/Raspberry Pi/ros2-ws/install/ranger_interfaces/include/ranger_interfaces/ranger_interfaces/msg/detail/imu_accel__functions.h
[1.598s] -- Up-to-date: /home/ranger/ROV-project/ROV-project/Raspberry Pi/ros2-ws/install/ranger_interfaces/include/ranger_interfaces/ranger_interfaces/msg/detail/waypoint_location__description.c
[1.598s] -- Up-to-date: /home/ranger/ROV-project/ROV-project/Raspberry Pi/ros2-ws/install/ranger_interfaces/include/ranger_interfaces/ranger_interfaces/msg/detail/ultrasonic_distance__functions.h
[1.598s] -- Up-to-date: /home/ranger/ROV-project/ROV-project/Raspberry Pi/ros2-ws/install/ranger_interfaces/include/ranger_interfaces/ranger_interfaces/msg/detail/movement_vector__functions.c
[1.598s] -- Installing: /home/ranger/ROV-project/ROV-project/Raspberry Pi/ros2-ws/install/ranger_interfaces/include/ranger_interfaces/ranger_interfaces/msg/detail/movement_vector__type_support.c
[1.599s] -- Installing: /home/ranger/ROV-project/ROV-project/Raspberry Pi/ros2-ws/install/ranger_interfaces/include/ranger_interfaces/ranger_interfaces/msg/detail/thruster_throttle__type_support.c
[1.599s] -- Up-to-date: /home/ranger/ROV-project/ROV-project/Raspberry Pi/ros2-ws/install/ranger_interfaces/include/ranger_interfaces/ranger_interfaces/msg/detail/ultrasonic_distance__description.c
[1.601s] -- Installing: /home/ranger/ROV-project/ROV-project/Raspberry Pi/ros2-ws/install/ranger_interfaces/include/ranger_interfaces/ranger_interfaces/msg/detail/vehicle_transform__type_support.c
[1.601s] -- Installing: /home/ranger/ROV-project/ROV-project/Raspberry Pi/ros2-ws/install/ranger_interfaces/include/ranger_interfaces/ranger_interfaces/msg/detail/waypoint_location__type_support.c
[1.603s] -- Installing: /home/ranger/ROV-project/ROV-project/Raspberry Pi/ros2-ws/install/ranger_interfaces/include/ranger_interfaces/ranger_interfaces/msg/detail/ultrasonic_distance__type_support.c
[1.603s] -- Up-to-date: /home/ranger/ROV-project/ROV-project/Raspberry Pi/ros2-ws/install/ranger_interfaces/include/ranger_interfaces/ranger_interfaces/msg/detail/imu_gyro__functions.h
[1.603s] -- Up-to-date: /home/ranger/ROV-project/ROV-project/Raspberry Pi/ros2-ws/install/ranger_interfaces/include/ranger_interfaces/ranger_interfaces/msg/detail/vehicle_transform__type_support.h
[1.604s] -- Up-to-date: /home/ranger/ROV-project/ROV-project/Raspberry Pi/ros2-ws/install/ranger_interfaces/include/ranger_interfaces/ranger_interfaces/msg/detail/imu_gyro__description.c
[1.604s] -- Installing: /home/ranger/ROV-project/ROV-project/Raspberry Pi/ros2-ws/install/ranger_interfaces/include/ranger_interfaces/ranger_interfaces/msg/detail/obstacle_location__type_support.c
[1.604s] -- Up-to-date: /home/ranger/ROV-project/ROV-project/Raspberry Pi/ros2-ws/install/ranger_interfaces/include/ranger_interfaces/ranger_interfaces/msg/detail/waypoint_location__type_support.h
[1.604s] -- Up-to-date: /home/ranger/ROV-project/ROV-project/Raspberry Pi/ros2-ws/install/ranger_interfaces/include/ranger_interfaces/ranger_interfaces/msg/detail/imu_accel__type_support.h
[1.604s] -- Up-to-date: /home/ranger/ROV-project/ROV-project/Raspberry Pi/ros2-ws/install/ranger_interfaces/include/ranger_interfaces/ranger_interfaces/msg/detail/imu_magnet__functions.h
[1.604s] -- Up-to-date: /home/ranger/ROV-project/ROV-project/Raspberry Pi/ros2-ws/install/ranger_interfaces/include/ranger_interfaces/ranger_interfaces/msg/detail/imu_accel__functions.c
[1.604s] -- Up-to-date: /home/ranger/ROV-project/ROV-project/Raspberry Pi/ros2-ws/install/ranger_interfaces/include/ranger_interfaces/ranger_interfaces/msg/detail/vehicle_transform__functions.c
[1.604s] -- Up-to-date: /home/ranger/ROV-project/ROV-project/Raspberry Pi/ros2-ws/install/ranger_interfaces/include/ranger_interfaces/ranger_interfaces/msg/detail/ultrasonic_distance__struct.h
[1.604s] -- Up-to-date: /home/ranger/ROV-project/ROV-project/Raspberry Pi/ros2-ws/install/ranger_interfaces/include/ranger_interfaces/ranger_interfaces/msg/detail/imu_magnet__functions.c
[1.604s] -- Up-to-date: /home/ranger/ROV-project/ROV-project/Raspberry Pi/ros2-ws/install/ranger_interfaces/include/ranger_interfaces/ranger_interfaces/msg/detail/thruster_throttle__functions.c
[1.605s] -- Up-to-date: /home/ranger/ROV-project/ROV-project/Raspberry Pi/ros2-ws/install/ranger_interfaces/include/ranger_interfaces/ranger_interfaces/msg/detail/imu_accel__struct.h
[1.605s] -- Installing: /home/ranger/ROV-project/ROV-project/Raspberry Pi/ros2-ws/install/ranger_interfaces/include/ranger_interfaces/ranger_interfaces/msg/detail/imu_magnet__type_support.c
[1.605s] -- Up-to-date: /home/ranger/ROV-project/ROV-project/Raspberry Pi/ros2-ws/install/ranger_interfaces/include/ranger_interfaces/ranger_interfaces/msg/detail/waypoint_distance__struct.h
[1.605s] -- Up-to-date: /home/ranger/ROV-project/ROV-project/Raspberry Pi/ros2-ws/install/ranger_interfaces/include/ranger_interfaces/ranger_interfaces/msg/detail/imu_gyro__functions.c
[1.605s] -- Up-to-date: /home/ranger/ROV-project/ROV-project/Raspberry Pi/ros2-ws/install/ranger_interfaces/include/ranger_interfaces/ranger_interfaces/msg/detail/thruster_throttle__functions.h
[1.608s] -- Up-to-date: /home/ranger/ROV-project/ROV-project/Raspberry Pi/ros2-ws/install/ranger_interfaces/include/ranger_interfaces/ranger_interfaces/msg/detail/movement_vector__functions.h
[1.612s] -- Up-to-date: /home/ranger/ROV-project/ROV-project/Raspberry Pi/ros2-ws/install/ranger_interfaces/include/ranger_interfaces/ranger_interfaces/msg/detail/obstacle_location__functions.h
[1.613s] -- Up-to-date: /home/ranger/ROV-project/ROV-project/Raspberry Pi/ros2-ws/install/ranger_interfaces/include/ranger_interfaces/ranger_interfaces/msg/detail/thruster_throttle__struct.h
[1.613s] -- Up-to-date: /home/ranger/ROV-project/ROV-project/Raspberry Pi/ros2-ws/install/ranger_interfaces/include/ranger_interfaces/ranger_interfaces/msg/detail/waypoint_location__functions.h
[1.614s] -- Up-to-date: /home/ranger/ROV-project/ROV-project/Raspberry Pi/ros2-ws/install/ranger_interfaces/include/ranger_interfaces/ranger_interfaces/msg/detail/obstacle_location__functions.c
[1.614s] -- Up-to-date: /home/ranger/ROV-project/ROV-project/Raspberry Pi/ros2-ws/install/ranger_interfaces/include/ranger_interfaces/ranger_interfaces/msg/vehicle_transform.h
[1.614s] -- Up-to-date: /home/ranger/ROV-project/ROV-project/Raspberry Pi/ros2-ws/install/ranger_interfaces/include/ranger_interfaces/ranger_interfaces/msg/imu_accel.h
[1.614s] -- Up-to-date: /home/ranger/ROV-project/ROV-project/Raspberry Pi/ros2-ws/install/ranger_interfaces/include/ranger_interfaces/ranger_interfaces/msg/obstacle_location.h
[1.614s] -- Up-to-date: /home/ranger/ROV-project/ROV-project/Raspberry Pi/ros2-ws/install/ranger_interfaces/include/ranger_interfaces/ranger_interfaces/msg/ultrasonic_distance.h
[1.614s] -- Up-to-date: /home/ranger/ROV-project/ROV-project/Raspberry Pi/ros2-ws/install/ranger_interfaces/include/ranger_interfaces/ranger_interfaces/msg/imu_magnet.h
[1.615s] -- Up-to-date: /home/ranger/ROV-project/ROV-project/Raspberry Pi/ros2-ws/install/ranger_interfaces/include/ranger_interfaces/ranger_interfaces/msg/waypoint_location.h
[1.615s] -- Up-to-date: /home/ranger/ROV-project/ROV-project/Raspberry Pi/ros2-ws/install/ranger_interfaces/share/ranger_interfaces/environment/library_path.sh
[1.615s] -- Up-to-date: /home/ranger/ROV-project/ROV-project/Raspberry Pi/ros2-ws/install/ranger_interfaces/share/ranger_interfaces/environment/library_path.dsv
[1.615s] -- Up-to-date: /home/ranger/ROV-project/ROV-project/Raspberry Pi/ros2-ws/install/ranger_interfaces/lib/libranger_interfaces__rosidl_generator_c.so
[1.618s] -- Up-to-date: /home/ranger/ROV-project/ROV-project/Raspberry Pi/ros2-ws/install/ranger_interfaces/include/ranger_interfaces/ranger_interfaces
[1.618s] -- Up-to-date: /home/ranger/ROV-project/ROV-project/Raspberry Pi/ros2-ws/install/ranger_interfaces/include/ranger_interfaces/ranger_interfaces/msg
[1.618s] -- Up-to-date: /home/ranger/ROV-project/ROV-project/Raspberry Pi/ros2-ws/install/ranger_interfaces/include/ranger_interfaces/ranger_interfaces/msg/rosidl_typesupport_fastrtps_c__visibility_control.h
[1.618s] -- Up-to-date: /home/ranger/ROV-project/ROV-project/Raspberry Pi/ros2-ws/install/ranger_interfaces/include/ranger_interfaces/ranger_interfaces/msg/detail
[1.619s] -- Up-to-date: /home/ranger/ROV-project/ROV-project/Raspberry Pi/ros2-ws/install/ranger_interfaces/include/ranger_interfaces/ranger_interfaces/msg/detail/imu_gyro__rosidl_typesupport_fastrtps_c.h
[1.619s] -- Up-to-date: /home/ranger/ROV-project/ROV-project/Raspberry Pi/ros2-ws/install/ranger_interfaces/include/ranger_interfaces/ranger_interfaces/msg/detail/ultrasonic_distance__rosidl_typesupport_fastrtps_c.h
[1.619s] -- Up-to-date: /home/ranger/ROV-project/ROV-project/Raspberry Pi/ros2-ws/install/ranger_interfaces/include/ranger_interfaces/ranger_interfaces/msg/detail/vehicle_transform__rosidl_typesupport_fastrtps_c.h
[1.619s] -- Up-to-date: /home/ranger/ROV-project/ROV-project/Raspberry Pi/ros2-ws/install/ranger_interfaces/include/ranger_interfaces/ranger_interfaces/msg/detail/movement_vector__rosidl_typesupport_fastrtps_c.h
[1.621s] -- Up-to-date: /home/ranger/ROV-project/ROV-project/Raspberry Pi/ros2-ws/install/ranger_interfaces/include/ranger_interfaces/ranger_interfaces/msg/detail/imu_magnet__rosidl_typesupport_fastrtps_c.h
[1.624s] -- Up-to-date: /home/ranger/ROV-project/ROV-project/Raspberry Pi/ros2-ws/install/ranger_interfaces/include/ranger_interfaces/ranger_interfaces/msg/detail/obstacle_location__rosidl_typesupport_fastrtps_c.h
[1.624s] -- Up-to-date: /home/ranger/ROV-project/ROV-project/Raspberry Pi/ros2-ws/install/ranger_interfaces/include/ranger_interfaces/ranger_interfaces/msg/detail/waypoint_location__rosidl_typesupport_fastrtps_c.h
[1.624s] -- Up-to-date: /home/ranger/ROV-project/ROV-project/Raspberry Pi/ros2-ws/install/ranger_interfaces/include/ranger_interfaces/ranger_interfaces/msg/detail/thruster_throttle__rosidl_typesupport_fastrtps_c.h
[1.625s] -- Up-to-date: /home/ranger/ROV-project/ROV-project/Raspberry Pi/ros2-ws/install/ranger_interfaces/include/ranger_interfaces/ranger_interfaces/msg/detail/imu_accel__rosidl_typesupport_fastrtps_c.h
[1.625s] -- Up-to-date: /home/ranger/ROV-project/ROV-project/Raspberry Pi/ros2-ws/install/ranger_interfaces/include/ranger_interfaces/ranger_interfaces/msg/detail/waypoint_distance__rosidl_typesupport_fastrtps_c.h
[1.626s] -- Up-to-date: /home/ranger/ROV-project/ROV-project/Raspberry Pi/ros2-ws/install/ranger_interfaces/lib/libranger_interfaces__rosidl_typesupport_fastrtps_c.so
[1.626s] -- Up-to-date: /home/ranger/ROV-project/ROV-project/Raspberry Pi/ros2-ws/install/ranger_interfaces/include/ranger_interfaces/ranger_interfaces
[1.626s] -- Up-to-date: /home/ranger/ROV-project/ROV-project/Raspberry Pi/ros2-ws/install/ranger_interfaces/include/ranger_interfaces/ranger_interfaces/msg
[1.626s] -- Up-to-date: /home/ranger/ROV-project/ROV-project/Raspberry Pi/ros2-ws/install/ranger_interfaces/include/ranger_interfaces/ranger_interfaces/msg/detail
[1.626s] -- Installing: /home/ranger/ROV-project/ROV-project/Raspberry Pi/ros2-ws/install/ranger_interfaces/include/ranger_interfaces/ranger_interfaces/msg/detail/imu_gyro__type_support.c
[1.627s] -- Up-to-date: /home/ranger/ROV-project/ROV-project/Raspberry Pi/ros2-ws/install/ranger_interfaces/include/ranger_interfaces/ranger_interfaces/msg/detail/thruster_throttle__rosidl_typesupport_introspection_c.h
[1.627s] -- Up-to-date: /home/ranger/ROV-project/ROV-project/Raspberry Pi/ros2-ws/install/ranger_interfaces/include/ranger_interfaces/ranger_interfaces/msg/detail/imu_accel__rosidl_typesupport_introspection_c.h
[1.629s] -- Installing: /home/ranger/ROV-project/ROV-project/Raspberry Pi/ros2-ws/install/ranger_interfaces/include/ranger_interfaces/ranger_interfaces/msg/detail/waypoint_distance__type_support.c
[1.629s] -- Up-to-date: /home/ranger/ROV-project/ROV-project/Raspberry Pi/ros2-ws/install/ranger_interfaces/include/ranger_interfaces/ranger_interfaces/msg/detail/ultrasonic_distance__rosidl_typesupport_introspection_c.h
[1.630s] -- Installing: /home/ranger/ROV-project/ROV-project/Raspberry Pi/ros2-ws/install/ranger_interfaces/include/ranger_interfaces/ranger_interfaces/msg/detail/imu_accel__type_support.c
[1.630s] -- Up-to-date: /home/ranger/ROV-project/ROV-project/Raspberry Pi/ros2-ws/install/ranger_interfaces/include/ranger_interfaces/ranger_interfaces/msg/detail/imu_gyro__rosidl_typesupport_introspection_c.h
[1.630s] -- Up-to-date: /home/ranger/ROV-project/ROV-project/Raspberry Pi/ros2-ws/install/ranger_interfaces/include/ranger_interfaces/ranger_interfaces/msg/detail/vehicle_transform__rosidl_typesupport_introspection_c.h
[1.630s] -- Installing: /home/ranger/ROV-project/ROV-project/Raspberry Pi/ros2-ws/install/ranger_interfaces/include/ranger_interfaces/ranger_interfaces/msg/detail/movement_vector__type_support.c
[1.630s] -- Installing: /home/ranger/ROV-project/ROV-project/Raspberry Pi/ros2-ws/install/ranger_interfaces/include/ranger_interfaces/ranger_interfaces/msg/detail/thruster_throttle__type_support.c
[1.636s] -- Up-to-date: /home/ranger/ROV-project/ROV-project/Raspberry Pi/ros2-ws/install/ranger_interfaces/include/ranger_interfaces/ranger_interfaces/msg/detail/movement_vector__rosidl_typesupport_introspection_c.h
[1.636s] -- Installing: /home/ranger/ROV-project/ROV-project/Raspberry Pi/ros2-ws/install/ranger_interfaces/include/ranger_interfaces/ranger_interfaces/msg/detail/vehicle_transform__type_support.c
[1.636s] -- Installing: /home/ranger/ROV-project/ROV-project/Raspberry Pi/ros2-ws/install/ranger_interfaces/include/ranger_interfaces/ranger_interfaces/msg/detail/waypoint_location__type_support.c
[1.636s] -- Installing: /home/ranger/ROV-project/ROV-project/Raspberry Pi/ros2-ws/install/ranger_interfaces/include/ranger_interfaces/ranger_interfaces/msg/detail/ultrasonic_distance__type_support.c
[1.636s] -- Installing: /home/ranger/ROV-project/ROV-project/Raspberry Pi/ros2-ws/install/ranger_interfaces/include/ranger_interfaces/ranger_interfaces/msg/detail/obstacle_location__type_support.c
[1.637s] -- Up-to-date: /home/ranger/ROV-project/ROV-project/Raspberry Pi/ros2-ws/install/ranger_interfaces/include/ranger_interfaces/ranger_interfaces/msg/detail/waypoint_distance__rosidl_typesupport_introspection_c.h
[1.637s] -- Up-to-date: /home/ranger/ROV-project/ROV-project/Raspberry Pi/ros2-ws/install/ranger_interfaces/include/ranger_interfaces/ranger_interfaces/msg/detail/obstacle_location__rosidl_typesupport_introspection_c.h
[1.637s] -- Installing: /home/ranger/ROV-project/ROV-project/Raspberry Pi/ros2-ws/install/ranger_interfaces/include/ranger_interfaces/ranger_interfaces/msg/detail/imu_magnet__type_support.c
[1.637s] -- Up-to-date: /home/ranger/ROV-project/ROV-project/Raspberry Pi/ros2-ws/install/ranger_interfaces/include/ranger_interfaces/ranger_interfaces/msg/detail/waypoint_location__rosidl_typesupport_introspection_c.h
[1.637s] -- Up-to-date: /home/ranger/ROV-project/ROV-project/Raspberry Pi/ros2-ws/install/ranger_interfaces/include/ranger_interfaces/ranger_interfaces/msg/detail/imu_magnet__rosidl_typesupport_introspection_c.h
[1.637s] -- Up-to-date: /home/ranger/ROV-project/ROV-project/Raspberry Pi/ros2-ws/install/ranger_interfaces/include/ranger_interfaces/ranger_interfaces/msg/rosidl_typesupport_introspection_c__visibility_control.h
[1.637s] -- Up-to-date: /home/ranger/ROV-project/ROV-project/Raspberry Pi/ros2-ws/install/ranger_interfaces/lib/libranger_interfaces__rosidl_typesupport_introspection_c.so
[1.637s] -- Up-to-date: /home/ranger/ROV-project/ROV-project/Raspberry Pi/ros2-ws/install/ranger_interfaces/lib/libranger_interfaces__rosidl_typesupport_c.so
[1.638s] -- Up-to-date: /home/ranger/ROV-project/ROV-project/Raspberry Pi/ros2-ws/install/ranger_interfaces/include/ranger_interfaces/ranger_interfaces
[1.638s] -- Up-to-date: /home/ranger/ROV-project/ROV-project/Raspberry Pi/ros2-ws/install/ranger_interfaces/include/ranger_interfaces/ranger_interfaces/msg
[1.638s] -- Up-to-date: /home/ranger/ROV-project/ROV-project/Raspberry Pi/ros2-ws/install/ranger_interfaces/include/ranger_interfaces/ranger_interfaces/msg/obstacle_location.hpp
[1.638s] -- Up-to-date: /home/ranger/ROV-project/ROV-project/Raspberry Pi/ros2-ws/install/ranger_interfaces/include/ranger_interfaces/ranger_interfaces/msg/imu_magnet.hpp
[1.638s] -- Up-to-date: /home/ranger/ROV-project/ROV-project/Raspberry Pi/ros2-ws/install/ranger_interfaces/include/ranger_interfaces/ranger_interfaces/msg/imu_accel.hpp
[1.638s] -- Up-to-date: /home/ranger/ROV-project/ROV-project/Raspberry Pi/ros2-ws/install/ranger_interfaces/include/ranger_interfaces/ranger_interfaces/msg/ultrasonic_distance.hpp
[1.638s] -- Up-to-date: /home/ranger/ROV-project/ROV-project/Raspberry Pi/ros2-ws/install/ranger_interfaces/include/ranger_interfaces/ranger_interfaces/msg/detail
[1.638s] -- Up-to-date: /home/ranger/ROV-project/ROV-project/Raspberry Pi/ros2-ws/install/ranger_interfaces/include/ranger_interfaces/ranger_interfaces/msg/detail/imu_gyro__builder.hpp
[1.638s] -- Up-to-date: /home/ranger/ROV-project/ROV-project/Raspberry Pi/ros2-ws/install/ranger_interfaces/include/ranger_interfaces/ranger_interfaces/msg/detail/waypoint_location__struct.hpp
[1.638s] -- Up-to-date: /home/ranger/ROV-project/ROV-project/Raspberry Pi/ros2-ws/install/ranger_interfaces/include/ranger_interfaces/ranger_interfaces/msg/detail/waypoint_distance__struct.hpp
[1.639s] -- Up-to-date: /home/ranger/ROV-project/ROV-project/Raspberry Pi/ros2-ws/install/ranger_interfaces/include/ranger_interfaces/ranger_interfaces/msg/detail/ultrasonic_distance__struct.hpp
[1.639s] -- Up-to-date: /home/ranger/ROV-project/ROV-project/Raspberry Pi/ros2-ws/install/ranger_interfaces/include/ranger_interfaces/ranger_interfaces/msg/detail/imu_gyro__type_support.hpp
[1.639s] -- Up-to-date: /home/ranger/ROV-project/ROV-project/Raspberry Pi/ros2-ws/install/ranger_interfaces/include/ranger_interfaces/ranger_interfaces/msg/detail/waypoint_location__traits.hpp
[1.639s] -- Up-to-date: /home/ranger/ROV-project/ROV-project/Raspberry Pi/ros2-ws/install/ranger_interfaces/include/ranger_interfaces/ranger_interfaces/msg/detail/movement_vector__struct.hpp
[1.639s] -- Up-to-date: /home/ranger/ROV-project/ROV-project/Raspberry Pi/ros2-ws/install/ranger_interfaces/include/ranger_interfaces/ranger_interfaces/msg/detail/obstacle_location__builder.hpp
[1.639s] -- Up-to-date: /home/ranger/ROV-project/ROV-project/Raspberry Pi/ros2-ws/install/ranger_interfaces/include/ranger_interfaces/ranger_interfaces/msg/detail/thruster_throttle__type_support.hpp
[1.640s] -- Up-to-date: /home/ranger/ROV-project/ROV-project/Raspberry Pi/ros2-ws/install/ranger_interfaces/include/ranger_interfaces/ranger_interfaces/msg/detail/waypoint_distance__builder.hpp
[1.640s] -- Up-to-date: /home/ranger/ROV-project/ROV-project/Raspberry Pi/ros2-ws/install/ranger_interfaces/include/ranger_interfaces/ranger_interfaces/msg/detail/vehicle_transform__builder.hpp
[1.640s] -- Up-to-date: /home/ranger/ROV-project/ROV-project/Raspberry Pi/ros2-ws/install/ranger_interfaces/include/ranger_interfaces/ranger_interfaces/msg/detail/movement_vector__builder.hpp
[1.640s] -- Up-to-date: /home/ranger/ROV-project/ROV-project/Raspberry Pi/ros2-ws/install/ranger_interfaces/include/ranger_interfaces/ranger_interfaces/msg/detail/imu_magnet__type_support.hpp
[1.640s] -- Up-to-date: /home/ranger/ROV-project/ROV-project/Raspberry Pi/ros2-ws/install/ranger_interfaces/include/ranger_interfaces/ranger_interfaces/msg/detail/thruster_throttle__traits.hpp
[1.641s] -- Up-to-date: /home/ranger/ROV-project/ROV-project/Raspberry Pi/ros2-ws/install/ranger_interfaces/include/ranger_interfaces/ranger_interfaces/msg/detail/imu_accel__traits.hpp
[1.642s] -- Up-to-date: /home/ranger/ROV-project/ROV-project/Raspberry Pi/ros2-ws/install/ranger_interfaces/include/ranger_interfaces/ranger_interfaces/msg/detail/waypoint_distance__traits.hpp
[1.642s] -- Up-to-date: /home/ranger/ROV-project/ROV-project/Raspberry Pi/ros2-ws/install/ranger_interfaces/include/ranger_interfaces/ranger_interfaces/msg/detail/vehicle_transform__traits.hpp
[1.642s] -- Up-to-date: /home/ranger/ROV-project/ROV-project/Raspberry Pi/ros2-ws/install/ranger_interfaces/include/ranger_interfaces/ranger_interfaces/msg/detail/imu_accel__type_support.hpp
[1.642s] -- Up-to-date: /home/ranger/ROV-project/ROV-project/Raspberry Pi/ros2-ws/install/ranger_interfaces/include/ranger_interfaces/ranger_interfaces/msg/detail/thruster_throttle__builder.hpp
[1.642s] -- Up-to-date: /home/ranger/ROV-project/ROV-project/Raspberry Pi/ros2-ws/install/ranger_interfaces/include/ranger_interfaces/ranger_interfaces/msg/detail/movement_vector__traits.hpp
[1.642s] -- Up-to-date: /home/ranger/ROV-project/ROV-project/Raspberry Pi/ros2-ws/install/ranger_interfaces/include/ranger_interfaces/ranger_interfaces/msg/detail/thruster_throttle__struct.hpp
[1.643s] -- Up-to-date: /home/ranger/ROV-project/ROV-project/Raspberry Pi/ros2-ws/install/ranger_interfaces/include/ranger_interfaces/ranger_interfaces/msg/detail/vehicle_transform__struct.hpp
[1.643s] -- Up-to-date: /home/ranger/ROV-project/ROV-project/Raspberry Pi/ros2-ws/install/ranger_interfaces/include/ranger_interfaces/ranger_interfaces/msg/detail/waypoint_distance__type_support.hpp
[1.643s] -- Up-to-date: /home/ranger/ROV-project/ROV-project/Raspberry Pi/ros2-ws/install/ranger_interfaces/include/ranger_interfaces/ranger_interfaces/msg/detail/ultrasonic_distance__builder.hpp
[1.643s] -- Up-to-date: /home/ranger/ROV-project/ROV-project/Raspberry Pi/ros2-ws/install/ranger_interfaces/include/ranger_interfaces/ranger_interfaces/msg/detail/imu_gyro__struct.hpp
[1.643s] -- Up-to-date: /home/ranger/ROV-project/ROV-project/Raspberry Pi/ros2-ws/install/ranger_interfaces/include/ranger_interfaces/ranger_interfaces/msg/detail/vehicle_transform__type_support.hpp
[1.643s] -- Up-to-date: /home/ranger/ROV-project/ROV-project/Raspberry Pi/ros2-ws/install/ranger_interfaces/include/ranger_interfaces/ranger_interfaces/msg/detail/obstacle_location__traits.hpp
[1.643s] -- Up-to-date: /home/ranger/ROV-project/ROV-project/Raspberry Pi/ros2-ws/install/ranger_interfaces/include/ranger_interfaces/ranger_interfaces/msg/detail/imu_magnet__struct.hpp
[1.643s] -- Up-to-date: /home/ranger/ROV-project/ROV-project/Raspberry Pi/ros2-ws/install/ranger_interfaces/include/ranger_interfaces/ranger_interfaces/msg/detail/imu_accel__struct.hpp
[1.643s] -- Up-to-date: /home/ranger/ROV-project/ROV-project/Raspberry Pi/ros2-ws/install/ranger_interfaces/include/ranger_interfaces/ranger_interfaces/msg/detail/imu_gyro__traits.hpp
[1.644s] -- Up-to-date: /home/ranger/ROV-project/ROV-project/Raspberry Pi/ros2-ws/install/ranger_interfaces/include/ranger_interfaces/ranger_interfaces/msg/detail/imu_magnet__traits.hpp
[1.644s] -- Up-to-date: /home/ranger/ROV-project/ROV-project/Raspberry Pi/ros2-ws/install/ranger_interfaces/include/ranger_interfaces/ranger_interfaces/msg/detail/waypoint_location__builder.hpp
[1.644s] -- Up-to-date: /home/ranger/ROV-project/ROV-project/Raspberry Pi/ros2-ws/install/ranger_interfaces/include/ranger_interfaces/ranger_interfaces/msg/detail/imu_magnet__builder.hpp
[1.644s] -- Up-to-date: /home/ranger/ROV-project/ROV-project/Raspberry Pi/ros2-ws/install/ranger_interfaces/include/ranger_interfaces/ranger_interfaces/msg/detail/ultrasonic_distance__traits.hpp
[1.644s] -- Up-to-date: /home/ranger/ROV-project/ROV-project/Raspberry Pi/ros2-ws/install/ranger_interfaces/include/ranger_interfaces/ranger_interfaces/msg/detail/ultrasonic_distance__type_support.hpp
[1.645s] -- Up-to-date: /home/ranger/ROV-project/ROV-project/Raspberry Pi/ros2-ws/install/ranger_interfaces/include/ranger_interfaces/ranger_interfaces/msg/detail/waypoint_location__type_support.hpp
[1.645s] -- Up-to-date: /home/ranger/ROV-project/ROV-project/Raspberry Pi/ros2-ws/install/ranger_interfaces/include/ranger_interfaces/ranger_interfaces/msg/detail/obstacle_location__type_support.hpp
[1.645s] -- Up-to-date: /home/ranger/ROV-project/ROV-project/Raspberry Pi/ros2-ws/install/ranger_interfaces/include/ranger_interfaces/ranger_interfaces/msg/detail/obstacle_location__struct.hpp
[1.645s] -- Up-to-date: /home/ranger/ROV-project/ROV-project/Raspberry Pi/ros2-ws/install/ranger_interfaces/include/ranger_interfaces/ranger_interfaces/msg/detail/imu_accel__builder.hpp
[1.645s] -- Up-to-date: /home/ranger/ROV-project/ROV-project/Raspberry Pi/ros2-ws/install/ranger_interfaces/include/ranger_interfaces/ranger_interfaces/msg/detail/movement_vector__type_support.hpp
[1.645s] -- Up-to-date: /home/ranger/ROV-project/ROV-project/Raspberry Pi/ros2-ws/install/ranger_interfaces/include/ranger_interfaces/ranger_interfaces/msg/rosidl_generator_cpp__visibility_control.hpp
[1.645s] -- Up-to-date: /home/ranger/ROV-project/ROV-project/Raspberry Pi/ros2-ws/install/ranger_interfaces/include/ranger_interfaces/ranger_interfaces/msg/waypoint_distance.hpp
[1.645s] -- Up-to-date: /home/ranger/ROV-project/ROV-project/Raspberry Pi/ros2-ws/install/ranger_interfaces/include/ranger_interfaces/ranger_interfaces/msg/thruster_throttle.hpp
[1.645s] -- Up-to-date: /home/ranger/ROV-project/ROV-project/Raspberry Pi/ros2-ws/install/ranger_interfaces/include/ranger_interfaces/ranger_interfaces/msg/waypoint_location.hpp
[1.646s] -- Up-to-date: /home/ranger/ROV-project/ROV-project/Raspberry Pi/ros2-ws/install/ranger_interfaces/include/ranger_interfaces/ranger_interfaces/msg/imu_gyro.hpp
[1.646s] -- Up-to-date: /home/ranger/ROV-project/ROV-project/Raspberry Pi/ros2-ws/install/ranger_interfaces/include/ranger_interfaces/ranger_interfaces/msg/movement_vector.hpp
[1.646s] -- Up-to-date: /home/ranger/ROV-project/ROV-project/Raspberry Pi/ros2-ws/install/ranger_interfaces/include/ranger_interfaces/ranger_interfaces/msg/vehicle_transform.hpp
[1.646s] -- Up-to-date: /home/ranger/ROV-project/ROV-project/Raspberry Pi/ros2-ws/install/ranger_interfaces/include/ranger_interfaces/ranger_interfaces
[1.646s] -- Up-to-date: /home/ranger/ROV-project/ROV-project/Raspberry Pi/ros2-ws/install/ranger_interfaces/include/ranger_interfaces/ranger_interfaces/msg
[1.646s] -- Up-to-date: /home/ranger/ROV-project/ROV-project/Raspberry Pi/ros2-ws/install/ranger_interfaces/include/ranger_interfaces/ranger_interfaces/msg/detail
[1.646s] -- Up-to-date: /home/ranger/ROV-project/ROV-project/Raspberry Pi/ros2-ws/install/ranger_interfaces/include/ranger_interfaces/ranger_interfaces/msg/detail/imu_accel__rosidl_typesupport_fastrtps_cpp.hpp
[1.646s] -- Up-to-date: /home/ranger/ROV-project/ROV-project/Raspberry Pi/ros2-ws/install/ranger_interfaces/include/ranger_interfaces/ranger_interfaces/msg/detail/vehicle_transform__rosidl_typesupport_fastrtps_cpp.hpp
[1.646s] -- Up-to-date: /home/ranger/ROV-project/ROV-project/Raspberry Pi/ros2-ws/install/ranger_interfaces/include/ranger_interfaces/ranger_interfaces/msg/detail/dds_fastrtps
[1.646s] -- Up-to-date: /home/ranger/ROV-project/ROV-project/Raspberry Pi/ros2-ws/install/ranger_interfaces/include/ranger_interfaces/ranger_interfaces/msg/detail/waypoint_distance__rosidl_typesupport_fastrtps_cpp.hpp
[1.647s] -- Up-to-date: /home/ranger/ROV-project/ROV-project/Raspberry Pi/ros2-ws/install/ranger_interfaces/include/ranger_interfaces/ranger_interfaces/msg/detail/ultrasonic_distance__rosidl_typesupport_fastrtps_cpp.hpp
[1.647s] -- Up-to-date: /home/ranger/ROV-project/ROV-project/Raspberry Pi/ros2-ws/install/ranger_interfaces/include/ranger_interfaces/ranger_interfaces/msg/detail/waypoint_location__rosidl_typesupport_fastrtps_cpp.hpp
[1.647s] -- Up-to-date: /home/ranger/ROV-project/ROV-project/Raspberry Pi/ros2-ws/install/ranger_interfaces/include/ranger_interfaces/ranger_interfaces/msg/detail/imu_gyro__rosidl_typesupport_fastrtps_cpp.hpp
[1.647s] -- Up-to-date: /home/ranger/ROV-project/ROV-project/Raspberry Pi/ros2-ws/install/ranger_interfaces/include/ranger_interfaces/ranger_interfaces/msg/detail/obstacle_location__rosidl_typesupport_fastrtps_cpp.hpp
[1.649s] -- Up-to-date: /home/ranger/ROV-project/ROV-project/Raspberry Pi/ros2-ws/install/ranger_interfaces/include/ranger_interfaces/ranger_interfaces/msg/detail/movement_vector__rosidl_typesupport_fastrtps_cpp.hpp
[1.649s] -- Up-to-date: /home/ranger/ROV-project/ROV-project/Raspberry Pi/ros2-ws/install/ranger_interfaces/include/ranger_interfaces/ranger_interfaces/msg/detail/thruster_throttle__rosidl_typesupport_fastrtps_cpp.hpp
[1.649s] -- Up-to-date: /home/ranger/ROV-project/ROV-project/Raspberry Pi/ros2-ws/install/ranger_interfaces/include/ranger_interfaces/ranger_interfaces/msg/detail/imu_magnet__rosidl_typesupport_fastrtps_cpp.hpp
[1.649s] -- Up-to-date: /home/ranger/ROV-project/ROV-project/Raspberry Pi/ros2-ws/install/ranger_interfaces/include/ranger_interfaces/ranger_interfaces/msg/rosidl_typesupport_fastrtps_cpp__visibility_control.h
[1.650s] -- Up-to-date: /home/ranger/ROV-project/ROV-project/Raspberry Pi/ros2-ws/install/ranger_interfaces/lib/libranger_interfaces__rosidl_typesupport_fastrtps_cpp.so
[1.650s] -- Up-to-date: /home/ranger/ROV-project/ROV-project/Raspberry Pi/ros2-ws/install/ranger_interfaces/include/ranger_interfaces/ranger_interfaces
[1.650s] -- Up-to-date: /home/ranger/ROV-project/ROV-project/Raspberry Pi/ros2-ws/install/ranger_interfaces/include/ranger_interfaces/ranger_interfaces/msg
[1.650s] -- Up-to-date: /home/ranger/ROV-project/ROV-project/Raspberry Pi/ros2-ws/install/ranger_interfaces/include/ranger_interfaces/ranger_interfaces/msg/detail
[1.650s] -- Up-to-date: /home/ranger/ROV-project/ROV-project/Raspberry Pi/ros2-ws/install/ranger_interfaces/include/ranger_interfaces/ranger_interfaces/msg/detail/obstacle_location__rosidl_typesupport_introspection_cpp.hpp
[1.650s] -- Up-to-date: /home/ranger/ROV-project/ROV-project/Raspberry Pi/ros2-ws/install/ranger_interfaces/include/ranger_interfaces/ranger_interfaces/msg/detail/vehicle_transform__rosidl_typesupport_introspection_cpp.hpp
[1.650s] -- Up-to-date: /home/ranger/ROV-project/ROV-project/Raspberry Pi/ros2-ws/install/ranger_interfaces/include/ranger_interfaces/ranger_interfaces/msg/detail/imu_magnet__rosidl_typesupport_introspection_cpp.hpp
[1.650s] -- Up-to-date: /home/ranger/ROV-project/ROV-project/Raspberry Pi/ros2-ws/install/ranger_interfaces/include/ranger_interfaces/ranger_interfaces/msg/detail/thruster_throttle__type_support.cpp
[1.651s] -- Up-to-date: /home/ranger/ROV-project/ROV-project/Raspberry Pi/ros2-ws/install/ranger_interfaces/include/ranger_interfaces/ranger_interfaces/msg/detail/imu_magnet__type_support.cpp
[1.651s] -- Up-to-date: /home/ranger/ROV-project/ROV-project/Raspberry Pi/ros2-ws/install/ranger_interfaces/include/ranger_interfaces/ranger_interfaces/msg/detail/waypoint_distance__type_support.cpp
[1.651s] -- Up-to-date: /home/ranger/ROV-project/ROV-project/Raspberry Pi/ros2-ws/install/ranger_interfaces/include/ranger_interfaces/ranger_interfaces/msg/detail/imu_gyro__type_support.cpp
[1.651s] -- Up-to-date: /home/ranger/ROV-project/ROV-project/Raspberry Pi/ros2-ws/install/ranger_interfaces/include/ranger_interfaces/ranger_interfaces/msg/detail/obstacle_location__type_support.cpp
[1.651s] -- Up-to-date: /home/ranger/ROV-project/ROV-project/Raspberry Pi/ros2-ws/install/ranger_interfaces/include/ranger_interfaces/ranger_interfaces/msg/detail/movement_vector__rosidl_typesupport_introspection_cpp.hpp
[1.651s] -- Up-to-date: /home/ranger/ROV-project/ROV-project/Raspberry Pi/ros2-ws/install/ranger_interfaces/include/ranger_interfaces/ranger_interfaces/msg/detail/imu_accel__rosidl_typesupport_introspection_cpp.hpp
[1.651s] -- Up-to-date: /home/ranger/ROV-project/ROV-project/Raspberry Pi/ros2-ws/install/ranger_interfaces/include/ranger_interfaces/ranger_interfaces/msg/detail/ultrasonic_distance__type_support.cpp
[1.651s] -- Up-to-date: /home/ranger/ROV-project/ROV-project/Raspberry Pi/ros2-ws/install/ranger_interfaces/include/ranger_interfaces/ranger_interfaces/msg/detail/vehicle_transform__type_support.cpp
[1.652s] -- Up-to-date: /home/ranger/ROV-project/ROV-project/Raspberry Pi/ros2-ws/install/ranger_interfaces/include/ranger_interfaces/ranger_interfaces/msg/detail/ultrasonic_distance__rosidl_typesupport_introspection_cpp.hpp
[1.652s] -- Up-to-date: /home/ranger/ROV-project/ROV-project/Raspberry Pi/ros2-ws/install/ranger_interfaces/include/ranger_interfaces/ranger_interfaces/msg/detail/imu_gyro__rosidl_typesupport_introspection_cpp.hpp
[1.652s] -- Up-to-date: /home/ranger/ROV-project/ROV-project/Raspberry Pi/ros2-ws/install/ranger_interfaces/include/ranger_interfaces/ranger_interfaces/msg/detail/movement_vector__type_support.cpp
[1.652s] -- Up-to-date: /home/ranger/ROV-project/ROV-project/Raspberry Pi/ros2-ws/install/ranger_interfaces/include/ranger_interfaces/ranger_interfaces/msg/detail/thruster_throttle__rosidl_typesupport_introspection_cpp.hpp
[1.652s] -- Up-to-date: /home/ranger/ROV-project/ROV-project/Raspberry Pi/ros2-ws/install/ranger_interfaces/include/ranger_interfaces/ranger_interfaces/msg/detail/waypoint_distance__rosidl_typesupport_introspection_cpp.hpp
[1.653s] -- Up-to-date: /home/ranger/ROV-project/ROV-project/Raspberry Pi/ros2-ws/install/ranger_interfaces/include/ranger_interfaces/ranger_interfaces/msg/detail/waypoint_location__type_support.cpp
[1.653s] -- Up-to-date: /home/ranger/ROV-project/ROV-project/Raspberry Pi/ros2-ws/install/ranger_interfaces/include/ranger_interfaces/ranger_interfaces/msg/detail/imu_accel__type_support.cpp
[1.653s] -- Up-to-date: /home/ranger/ROV-project/ROV-project/Raspberry Pi/ros2-ws/install/ranger_interfaces/include/ranger_interfaces/ranger_interfaces/msg/detail/waypoint_location__rosidl_typesupport_introspection_cpp.hpp
[1.653s] -- Up-to-date: /home/ranger/ROV-project/ROV-project/Raspberry Pi/ros2-ws/install/ranger_interfaces/lib/libranger_interfaces__rosidl_typesupport_introspection_cpp.so
[1.653s] -- Up-to-date: /home/ranger/ROV-project/ROV-project/Raspberry Pi/ros2-ws/install/ranger_interfaces/lib/libranger_interfaces__rosidl_typesupport_cpp.so
[1.653s] -- Up-to-date: /home/ranger/ROV-project/ROV-project/Raspberry Pi/ros2-ws/install/ranger_interfaces/share/ranger_interfaces/environment/pythonpath.sh
[1.653s] -- Up-to-date: /home/ranger/ROV-project/ROV-project/Raspberry Pi/ros2-ws/install/ranger_interfaces/share/ranger_interfaces/environment/pythonpath.dsv
[1.653s] -- Up-to-date: /home/ranger/ROV-project/ROV-project/Raspberry Pi/ros2-ws/install/ranger_interfaces/lib/python3.12/site-packages/ranger_interfaces-0.0.1-py3.12.egg-info
[1.653s] -- Installing: /home/ranger/ROV-project/ROV-project/Raspberry Pi/ros2-ws/install/ranger_interfaces/lib/python3.12/site-packages/ranger_interfaces-0.0.1-py3.12.egg-info/dependency_links.txt
[1.654s] -- Installing: /home/ranger/ROV-project/ROV-project/Raspberry Pi/ros2-ws/install/ranger_interfaces/lib/python3.12/site-packages/ranger_interfaces-0.0.1-py3.12.egg-info/PKG-INFO
[1.654s] -- Installing: /home/ranger/ROV-project/ROV-project/Raspberry Pi/ros2-ws/install/ranger_interfaces/lib/python3.12/site-packages/ranger_interfaces-0.0.1-py3.12.egg-info/top_level.txt
[1.654s] -- Installing: /home/ranger/ROV-project/ROV-project/Raspberry Pi/ros2-ws/install/ranger_interfaces/lib/python3.12/site-packages/ranger_interfaces-0.0.1-py3.12.egg-info/SOURCES.txt
[1.654s] -- Up-to-date: /home/ranger/ROV-project/ROV-project/Raspberry Pi/ros2-ws/install/ranger_interfaces/lib/python3.12/site-packages/ranger_interfaces
[1.654s] -- Up-to-date: /home/ranger/ROV-project/ROV-project/Raspberry Pi/ros2-ws/install/ranger_interfaces/lib/python3.12/site-packages/ranger_interfaces/ranger_interfaces_s__rosidl_typesupport_fastrtps_c.so
[1.654s] -- Up-to-date: /home/ranger/ROV-project/ROV-project/Raspberry Pi/ros2-ws/install/ranger_interfaces/lib/python3.12/site-packages/ranger_interfaces/ranger_interfaces_s__rosidl_typesupport_c.so
[1.654s] -- Up-to-date: /home/ranger/ROV-project/ROV-project/Raspberry Pi/ros2-ws/install/ranger_interfaces/lib/python3.12/site-packages/ranger_interfaces/_ranger_interfaces_s.ep.rosidl_typesupport_introspection_c.c
[1.654s] -- Up-to-date: /home/ranger/ROV-project/ROV-project/Raspberry Pi/ros2-ws/install/ranger_interfaces/lib/python3.12/site-packages/ranger_interfaces/ranger_interfaces_s__rosidl_typesupport_introspection_c.so
[1.655s] -- Up-to-date: /home/ranger/ROV-project/ROV-project/Raspberry Pi/ros2-ws/install/ranger_interfaces/lib/python3.12/site-packages/ranger_interfaces/__init__.py
[1.655s] -- Up-to-date: /home/ranger/ROV-project/ROV-project/Raspberry Pi/ros2-ws/install/ranger_interfaces/lib/python3.12/site-packages/ranger_interfaces/_ranger_interfaces_s.ep.rosidl_typesupport_fastrtps_c.c
[1.656s] -- Up-to-date: /home/ranger/ROV-project/ROV-project/Raspberry Pi/ros2-ws/install/ranger_interfaces/lib/python3.12/site-packages/ranger_interfaces/msg
[1.656s] -- Up-to-date: /home/ranger/ROV-project/ROV-project/Raspberry Pi/ros2-ws/install/ranger_interfaces/lib/python3.12/site-packages/ranger_interfaces/msg/_imu_magnet.py
[1.656s] -- Up-to-date: /home/ranger/ROV-project/ROV-project/Raspberry Pi/ros2-ws/install/ranger_interfaces/lib/python3.12/site-packages/ranger_interfaces/msg/_waypoint_location.py
[1.656s] -- Up-to-date: /home/ranger/ROV-project/ROV-project/Raspberry Pi/ros2-ws/install/ranger_interfaces/lib/python3.12/site-packages/ranger_interfaces/msg/_imu_gyro_s.c
[1.656s] -- Up-to-date: /home/ranger/ROV-project/ROV-project/Raspberry Pi/ros2-ws/install/ranger_interfaces/lib/python3.12/site-packages/ranger_interfaces/msg/_movement_vector.py
[1.656s] -- Up-to-date: /home/ranger/ROV-project/ROV-project/Raspberry Pi/ros2-ws/install/ranger_interfaces/lib/python3.12/site-packages/ranger_interfaces/msg/_obstacle_location_s.c
[1.656s] -- Up-to-date: /home/ranger/ROV-project/ROV-project/Raspberry Pi/ros2-ws/install/ranger_interfaces/lib/python3.12/site-packages/ranger_interfaces/msg/_imu_accel_s.c
[1.656s] -- Up-to-date: /home/ranger/ROV-project/ROV-project/Raspberry Pi/ros2-ws/install/ranger_interfaces/lib/python3.12/site-packages/ranger_interfaces/msg/_waypoint_distance.py
[1.656s] -- Up-to-date: /home/ranger/ROV-project/ROV-project/Raspberry Pi/ros2-ws/install/ranger_interfaces/lib/python3.12/site-packages/ranger_interfaces/msg/_waypoint_distance_s.c
[1.657s] -- Up-to-date: /home/ranger/ROV-project/ROV-project/Raspberry Pi/ros2-ws/install/ranger_interfaces/lib/python3.12/site-packages/ranger_interfaces/msg/_imu_accel.py
[1.657s] -- Up-to-date: /home/ranger/ROV-project/ROV-project/Raspberry Pi/ros2-ws/install/ranger_interfaces/lib/python3.12/site-packages/ranger_interfaces/msg/__init__.py
[1.657s] -- Up-to-date: /home/ranger/ROV-project/ROV-project/Raspberry Pi/ros2-ws/install/ranger_interfaces/lib/python3.12/site-packages/ranger_interfaces/msg/_thruster_throttle_s.c
[1.657s] -- Up-to-date: /home/ranger/ROV-project/ROV-project/Raspberry Pi/ros2-ws/install/ranger_interfaces/lib/python3.12/site-packages/ranger_interfaces/msg/_imu_magnet_s.c
[1.657s] -- Up-to-date: /home/ranger/ROV-project/ROV-project/Raspberry Pi/ros2-ws/install/ranger_interfaces/lib/python3.12/site-packages/ranger_interfaces/msg/_movement_vector_s.c
[1.657s] -- Up-to-date: /home/ranger/ROV-project/ROV-project/Raspberry Pi/ros2-ws/install/ranger_interfaces/lib/python3.12/site-packages/ranger_interfaces/msg/_vehicle_transform.py
[1.657s] -- Up-to-date: /home/ranger/ROV-project/ROV-project/Raspberry Pi/ros2-ws/install/ranger_interfaces/lib/python3.12/site-packages/ranger_interfaces/msg/_ultrasonic_distance.py
[1.658s] -- Up-to-date: /home/ranger/ROV-project/ROV-project/Raspberry Pi/ros2-ws/install/ranger_interfaces/lib/python3.12/site-packages/ranger_interfaces/msg/_ultrasonic_distance_s.c
[1.658s] -- Up-to-date: /home/ranger/ROV-project/ROV-project/Raspberry Pi/ros2-ws/install/ranger_interfaces/lib/python3.12/site-packages/ranger_interfaces/msg/_thruster_throttle.py
[1.658s] -- Up-to-date: /home/ranger/ROV-project/ROV-project/Raspberry Pi/ros2-ws/install/ranger_interfaces/lib/python3.12/site-packages/ranger_interfaces/msg/_vehicle_transform_s.c
[1.658s] -- Up-to-date: /home/ranger/ROV-project/ROV-project/Raspberry Pi/ros2-ws/install/ranger_interfaces/lib/python3.12/site-packages/ranger_interfaces/msg/_waypoint_location_s.c
[1.658s] -- Up-to-date: /home/ranger/ROV-project/ROV-project/Raspberry Pi/ros2-ws/install/ranger_interfaces/lib/python3.12/site-packages/ranger_interfaces/msg/_obstacle_location.py
[1.659s] -- Up-to-date: /home/ranger/ROV-project/ROV-project/Raspberry Pi/ros2-ws/install/ranger_interfaces/lib/python3.12/site-packages/ranger_interfaces/msg/_imu_gyro.py
[1.659s] -- Up-to-date: /home/ranger/ROV-project/ROV-project/Raspberry Pi/ros2-ws/install/ranger_interfaces/lib/python3.12/site-packages/ranger_interfaces/_ranger_interfaces_s.ep.rosidl_typesupport_c.c
[1.682s] Listing '/home/ranger/ROV-project/ROV-project/Raspberry Pi/ros2-ws/install/ranger_interfaces/lib/python3.12/site-packages/ranger_interfaces'...
[1.682s] Listing '/home/ranger/ROV-project/ROV-project/Raspberry Pi/ros2-ws/install/ranger_interfaces/lib/python3.12/site-packages/ranger_interfaces/msg'...
[1.701s] -- Up-to-date: /home/ranger/ROV-project/ROV-project/Raspberry Pi/ros2-ws/install/ranger_interfaces/lib/python3.12/site-packages/ranger_interfaces/ranger_interfaces_s__rosidl_typesupport_fastrtps_c.so
[1.704s] -- Up-to-date: /home/ranger/ROV-project/ROV-project/Raspberry Pi/ros2-ws/install/ranger_interfaces/lib/python3.12/site-packages/ranger_interfaces/ranger_interfaces_s__rosidl_typesupport_introspection_c.so
[1.705s] -- Up-to-date: /home/ranger/ROV-project/ROV-project/Raspberry Pi/ros2-ws/install/ranger_interfaces/lib/python3.12/site-packages/ranger_interfaces/ranger_interfaces_s__rosidl_typesupport_c.so
[1.705s] -- Up-to-date: /home/ranger/ROV-project/ROV-project/Raspberry Pi/ros2-ws/install/ranger_interfaces/lib/libranger_interfaces__rosidl_generator_py.so
[1.705s] -- Up-to-date: /home/ranger/ROV-project/ROV-project/Raspberry Pi/ros2-ws/install/ranger_interfaces/share/ranger_interfaces/msg/ThrusterThrottle.idl
[1.708s] -- Up-to-date: /home/ranger/ROV-project/ROV-project/Raspberry Pi/ros2-ws/install/ranger_interfaces/share/ranger_interfaces/msg/IMUAccel.idl
[1.709s] -- Up-to-date: /home/ranger/ROV-project/ROV-project/Raspberry Pi/ros2-ws/install/ranger_interfaces/share/ranger_interfaces/msg/IMUGyro.idl
[1.709s] -- Up-to-date: /home/ranger/ROV-project/ROV-project/Raspberry Pi/ros2-ws/install/ranger_interfaces/share/ranger_interfaces/msg/IMUMagnet.idl
[1.709s] -- Up-to-date: /home/ranger/ROV-project/ROV-project/Raspberry Pi/ros2-ws/install/ranger_interfaces/share/ranger_interfaces/msg/UltrasonicDistance.idl
[1.709s] -- Up-to-date: /home/ranger/ROV-project/ROV-project/Raspberry Pi/ros2-ws/install/ranger_interfaces/share/ranger_interfaces/msg/VehicleTransform.idl
[1.710s] -- Up-to-date: /home/ranger/ROV-project/ROV-project/Raspberry Pi/ros2-ws/install/ranger_interfaces/share/ranger_interfaces/msg/WaypointLocation.idl
[1.710s] -- Up-to-date: /home/ranger/ROV-project/ROV-project/Raspberry Pi/ros2-ws/install/ranger_interfaces/share/ranger_interfaces/msg/WaypointDistance.idl
[1.712s] -- Up-to-date: /home/ranger/ROV-project/ROV-project/Raspberry Pi/ros2-ws/install/ranger_interfaces/share/ranger_interfaces/msg/ObstacleLocation.idl
[1.715s] -- Up-to-date: /home/ranger/ROV-project/ROV-project/Raspberry Pi/ros2-ws/install/ranger_interfaces/share/ranger_interfaces/msg/MovementVector.idl
[1.715s] -- Up-to-date: /home/ranger/ROV-project/ROV-project/Raspberry Pi/ros2-ws/install/ranger_interfaces/share/ranger_interfaces/msg/ThrusterThrottle.msg
[1.715s] -- Up-to-date: /home/ranger/ROV-project/ROV-project/Raspberry Pi/ros2-ws/install/ranger_interfaces/share/ranger_interfaces/msg/IMUAccel.msg
[1.715s] -- Up-to-date: /home/ranger/ROV-project/ROV-project/Raspberry Pi/ros2-ws/install/ranger_interfaces/share/ranger_interfaces/msg/IMUGyro.msg
[1.715s] -- Up-to-date: /home/ranger/ROV-project/ROV-project/Raspberry Pi/ros2-ws/install/ranger_interfaces/share/ranger_interfaces/msg/IMUMagnet.msg
[1.715s] -- Up-to-date: /home/ranger/ROV-project/ROV-project/Raspberry Pi/ros2-ws/install/ranger_interfaces/share/ranger_interfaces/msg/UltrasonicDistance.msg
[1.716s] -- Up-to-date: /home/ranger/ROV-project/ROV-project/Raspberry Pi/ros2-ws/install/ranger_interfaces/share/ranger_interfaces/msg/VehicleTransform.msg
[1.716s] -- Up-to-date: /home/ranger/ROV-project/ROV-project/Raspberry Pi/ros2-ws/install/ranger_interfaces/share/ranger_interfaces/msg/WaypointLocation.msg
[1.716s] -- Up-to-date: /home/ranger/ROV-project/ROV-project/Raspberry Pi/ros2-ws/install/ranger_interfaces/share/ranger_interfaces/msg/WaypointDistance.msg
[1.716s] -- Up-to-date: /home/ranger/ROV-project/ROV-project/Raspberry Pi/ros2-ws/install/ranger_interfaces/share/ranger_interfaces/msg/ObstacleLocation.msg
[1.716s] -- Up-to-date: /home/ranger/ROV-project/ROV-project/Raspberry Pi/ros2-ws/install/ranger_interfaces/share/ranger_interfaces/msg/MovementVector.msg
[1.716s] -- Up-to-date: /home/ranger/ROV-project/ROV-project/Raspberry Pi/ros2-ws/install/ranger_interfaces/share/ament_index/resource_index/package_run_dependencies/ranger_interfaces
[1.716s] -- Up-to-date: /home/ranger/ROV-project/ROV-project/Raspberry Pi/ros2-ws/install/ranger_interfaces/share/ament_index/resource_index/parent_prefix_path/ranger_interfaces
[1.717s] -- Up-to-date: /home/ranger/ROV-project/ROV-project/Raspberry Pi/ros2-ws/install/ranger_interfaces/share/ranger_interfaces/environment/ament_prefix_path.sh
[1.717s] -- Up-to-date: /home/ranger/ROV-project/ROV-project/Raspberry Pi/ros2-ws/install/ranger_interfaces/share/ranger_interfaces/environment/ament_prefix_path.dsv
[1.717s] -- Up-to-date: /home/ranger/ROV-project/ROV-project/Raspberry Pi/ros2-ws/install/ranger_interfaces/share/ranger_interfaces/environment/path.sh
[1.717s] -- Up-to-date: /home/ranger/ROV-project/ROV-project/Raspberry Pi/ros2-ws/install/ranger_interfaces/share/ranger_interfaces/environment/path.dsv
[1.722s] -- Up-to-date: /home/ranger/ROV-project/ROV-project/Raspberry Pi/ros2-ws/install/ranger_interfaces/share/ranger_interfaces/local_setup.bash
[1.723s] -- Up-to-date: /home/ranger/ROV-project/ROV-project/Raspberry Pi/ros2-ws/install/ranger_interfaces/share/ranger_interfaces/local_setup.sh
[1.723s] -- Up-to-date: /home/ranger/ROV-project/ROV-project/Raspberry Pi/ros2-ws/install/ranger_interfaces/share/ranger_interfaces/local_setup.zsh
[1.723s] -- Up-to-date: /home/ranger/ROV-project/ROV-project/Raspberry Pi/ros2-ws/install/ranger_interfaces/share/ranger_interfaces/local_setup.dsv
[1.723s] -- Installing: /home/ranger/ROV-project/ROV-project/Raspberry Pi/ros2-ws/install/ranger_interfaces/share/ranger_interfaces/package.dsv
[1.723s] -- Up-to-date: /home/ranger/ROV-project/ROV-project/Raspberry Pi/ros2-ws/install/ranger_interfaces/share/ament_index/resource_index/packages/ranger_interfaces
[1.723s] -- Up-to-date: /home/ranger/ROV-project/ROV-project/Raspberry Pi/ros2-ws/install/ranger_interfaces/share/ranger_interfaces/cmake/export_ranger_interfaces__rosidl_generator_cExport.cmake
[1.724s] -- Up-to-date: /home/ranger/ROV-project/ROV-project/Raspberry Pi/ros2-ws/install/ranger_interfaces/share/ranger_interfaces/cmake/export_ranger_interfaces__rosidl_generator_cExport-noconfig.cmake
[1.724s] -- Up-to-date: /home/ranger/ROV-project/ROV-project/Raspberry Pi/ros2-ws/install/ranger_interfaces/share/ranger_interfaces/cmake/export_ranger_interfaces__rosidl_typesupport_fastrtps_cExport.cmake
[1.724s] -- Up-to-date: /home/ranger/ROV-project/ROV-project/Raspberry Pi/ros2-ws/install/ranger_interfaces/share/ranger_interfaces/cmake/export_ranger_interfaces__rosidl_typesupport_fastrtps_cExport-noconfig.cmake
[1.724s] -- Up-to-date: /home/ranger/ROV-project/ROV-project/Raspberry Pi/ros2-ws/install/ranger_interfaces/share/ranger_interfaces/cmake/ranger_interfaces__rosidl_typesupport_introspection_cExport.cmake
[1.724s] -- Up-to-date: /home/ranger/ROV-project/ROV-project/Raspberry Pi/ros2-ws/install/ranger_interfaces/share/ranger_interfaces/cmake/ranger_interfaces__rosidl_typesupport_introspection_cExport-noconfig.cmake
[1.724s] -- Up-to-date: /home/ranger/ROV-project/ROV-project/Raspberry Pi/ros2-ws/install/ranger_interfaces/share/ranger_interfaces/cmake/ranger_interfaces__rosidl_typesupport_cExport.cmake
[1.724s] -- Up-to-date: /home/ranger/ROV-project/ROV-project/Raspberry Pi/ros2-ws/install/ranger_interfaces/share/ranger_interfaces/cmake/ranger_interfaces__rosidl_typesupport_cExport-noconfig.cmake
[1.725s] -- Up-to-date: /home/ranger/ROV-project/ROV-project/Raspberry Pi/ros2-ws/install/ranger_interfaces/share/ranger_interfaces/cmake/export_ranger_interfaces__rosidl_generator_cppExport.cmake
[1.725s] -- Up-to-date: /home/ranger/ROV-project/ROV-project/Raspberry Pi/ros2-ws/install/ranger_interfaces/share/ranger_interfaces/cmake/export_ranger_interfaces__rosidl_typesupport_fastrtps_cppExport.cmake
[1.725s] -- Up-to-date: /home/ranger/ROV-project/ROV-project/Raspberry Pi/ros2-ws/install/ranger_interfaces/share/ranger_interfaces/cmake/export_ranger_interfaces__rosidl_typesupport_fastrtps_cppExport-noconfig.cmake
[1.725s] -- Up-to-date: /home/ranger/ROV-project/ROV-project/Raspberry Pi/ros2-ws/install/ranger_interfaces/share/ranger_interfaces/cmake/ranger_interfaces__rosidl_typesupport_introspection_cppExport.cmake
[1.737s] -- Up-to-date: /home/ranger/ROV-project/ROV-project/Raspberry Pi/ros2-ws/install/ranger_interfaces/share/ranger_interfaces/cmake/ranger_interfaces__rosidl_typesupport_introspection_cppExport-noconfig.cmake
[1.737s] -- Up-to-date: /home/ranger/ROV-project/ROV-project/Raspberry Pi/ros2-ws/install/ranger_interfaces/share/ranger_interfaces/cmake/ranger_interfaces__rosidl_typesupport_cppExport.cmake
[1.737s] -- Up-to-date: /home/ranger/ROV-project/ROV-project/Raspberry Pi/ros2-ws/install/ranger_interfaces/share/ranger_interfaces/cmake/ranger_interfaces__rosidl_typesupport_cppExport-noconfig.cmake
[1.738s] -- Up-to-date: /home/ranger/ROV-project/ROV-project/Raspberry Pi/ros2-ws/install/ranger_interfaces/share/ranger_interfaces/cmake/export_ranger_interfaces__rosidl_generator_pyExport.cmake
[1.738s] -- Up-to-date: /home/ranger/ROV-project/ROV-project/Raspberry Pi/ros2-ws/install/ranger_interfaces/share/ranger_interfaces/cmake/export_ranger_interfaces__rosidl_generator_pyExport-noconfig.cmake
[1.738s] -- Up-to-date: /home/ranger/ROV-project/ROV-project/Raspberry Pi/ros2-ws/install/ranger_interfaces/share/ranger_interfaces/cmake/rosidl_cmake-extras.cmake
[1.738s] -- Up-to-date: /home/ranger/ROV-project/ROV-project/Raspberry Pi/ros2-ws/install/ranger_interfaces/share/ranger_interfaces/cmake/ament_cmake_export_include_directories-extras.cmake
[1.739s] -- Up-to-date: /home/ranger/ROV-project/ROV-project/Raspberry Pi/ros2-ws/install/ranger_interfaces/share/ranger_interfaces/cmake/ament_cmake_export_libraries-extras.cmake
[1.739s] -- Up-to-date: /home/ranger/ROV-project/ROV-project/Raspberry Pi/ros2-ws/install/ranger_interfaces/share/ranger_interfaces/cmake/ament_cmake_export_targets-extras.cmake
[1.739s] -- Up-to-date: /home/ranger/ROV-project/ROV-project/Raspberry Pi/ros2-ws/install/ranger_interfaces/share/ranger_interfaces/cmake/rosidl_cmake_export_typesupport_targets-extras.cmake
[1.744s] -- Up-to-date: /home/ranger/ROV-project/ROV-project/Raspberry Pi/ros2-ws/install/ranger_interfaces/share/ranger_interfaces/cmake/ament_cmake_export_dependencies-extras.cmake
[1.745s] -- Up-to-date: /home/ranger/ROV-project/ROV-project/Raspberry Pi/ros2-ws/install/ranger_interfaces/share/ranger_interfaces/cmake/rosidl_cmake_export_typesupport_libraries-extras.cmake
[1.745s] -- Up-to-date: /home/ranger/ROV-project/ROV-project/Raspberry Pi/ros2-ws/install/ranger_interfaces/share/ranger_interfaces/cmake/ranger_interfacesConfig.cmake
[1.745s] -- Up-to-date: /home/ranger/ROV-project/ROV-project/Raspberry Pi/ros2-ws/install/ranger_interfaces/share/ranger_interfaces/cmake/ranger_interfacesConfig-version.cmake
[1.745s] -- Up-to-date: /home/ranger/ROV-project/ROV-project/Raspberry Pi/ros2-ws/install/ranger_interfaces/share/ranger_interfaces/package.xml
[1.746s] Invoked command in '/home/ranger/ROV-project/ROV-project/Raspberry Pi/ros2-ws/build/ranger_interfaces' returned '0': CMAKE_PREFIX_PATH=${CMAKE_PREFIX_PATH}:/home/ranger/ROV-project/ROV-project/Raspberry Pi/ros2-ws/install/ranger_auto:/opt/ros/kilted DEBUGINFOD_URLS=https://debuginfod.ubuntu.com /usr/bin/cmake --install /home/ranger/ROV-project/ROV-project/Raspberry Pi/ros2-ws/build/ranger_interfaces
