[0.017s] Invoking command in '/home/ranger/ROV-project/ROV-project/Raspberry Pi/ros2-ws/build/ranger_interfaces': CMAKE_PREFIX_PATH=${CMAKE_PREFIX_PATH}:/opt/ros/kilted DEBUGINFOD_URLS=https://debuginfod.ubuntu.com /usr/bin/cmake --build /home/ranger/ROV-project/ROV-project/Raspberry Pi/ros2-ws/build/ranger_interfaces -- -j4 -l4
[0.071s] -- Found ament_cmake: 2.7.3 (/opt/ros/kilted/share/ament_cmake/cmake)
[0.114s] -- Found Python3: /usr/bin/python3 (found version "3.12.3") found components: Interpreter 
[0.261s] -- Found rosidl_default_generators: 1.7.1 (/opt/ros/kilted/share/rosidl_default_generators/cmake)
[0.264s] -- Using all available rosidl_typesupport_c: rosidl_typesupport_fastrtps_c;rosidl_typesupport_introspection_c
[0.311s] -- Using all available rosidl_typesupport_cpp: rosidl_typesupport_fastrtps_cpp;rosidl_typesupport_introspection_cpp
[0.355s] -- Found rosidl_adapter: 4.9.4 (/opt/ros/kilted/share/rosidl_adapter/cmake)
[0.917s] -- Found ament_cmake_ros_core: 0.14.3 (/opt/ros/kilted/share/ament_cmake_ros_core/cmake)
[1.065s] -- Using all available rosidl_typesupport_c: rosidl_typesupport_fastrtps_c;rosidl_typesupport_introspection_c
[1.256s] -- Using all available rosidl_typesupport_cpp: rosidl_typesupport_fastrtps_cpp;rosidl_typesupport_introspection_cpp
[1.703s] -- Found Python3: /usr/bin/python3 (found version "3.12.3") found components: Interpreter Development NumPy Development.Module Development.Embed 
[1.718s] -- Found ament_lint_auto: 0.19.2 (/opt/ros/kilted/share/ament_lint_auto/cmake)
[1.735s] -- Added test 'lint_cmake' to check CMake code style
[1.737s] -- Added test 'xmllint' to check XML markup files
[1.740s] -- Configuring done (1.7s)
[1.932s] -- Generating done (0.2s)
[1.983s] -- Build files have been written to: /home/ranger/ROV-project/ROV-project/Raspberry Pi/ros2-ws/build/ranger_interfaces
[2.055s] [  1%] [34m[1mGenerating type hashes for ROS interfaces[0m
[2.076s] [  1%] Built target ament_cmake_python_copy_ranger_interfaces
[2.439s] running egg_info
[2.472s] writing ranger_interfaces.egg-info/PKG-INFO
[2.473s] writing dependency_links to ranger_interfaces.egg-info/dependency_links.txt
[2.474s] writing top-level names to ranger_interfaces.egg-info/top_level.txt
[2.580s] [  1%] Built target ranger_interfaces__rosidl_generator_type_description
[2.582s] reading manifest file 'ranger_interfaces.egg-info/SOURCES.txt'
[2.583s] writing manifest file 'ranger_interfaces.egg-info/SOURCES.txt'
[2.602s] [  2%] [34m[1mGenerating C code for ROS interfaces[0m
[2.641s] [  2%] [34m[1mGenerating C++ code for ROS interfaces[0m
[2.702s] [  2%] Built target ament_cmake_python_build_ranger_interfaces_egg
[4.031s] [  2%] Built target ranger_interfaces__cpp
[4.473s] [  3%] [32mBuilding C object CMakeFiles/ranger_interfaces__rosidl_generator_c.dir/rosidl_generator_c/ranger_interfaces/msg/detail/thruster_throttle__description.c.o[0m
[4.473s] [  4%] [32mBuilding C object CMakeFiles/ranger_interfaces__rosidl_generator_c.dir/rosidl_generator_c/ranger_interfaces/msg/detail/imu_accel__description.c.o[0m
[4.473s] [  4%] [32mBuilding C object CMakeFiles/ranger_interfaces__rosidl_generator_c.dir/rosidl_generator_c/ranger_interfaces/msg/detail/thruster_throttle__type_support.c.o[0m
[4.473s] [  5%] [32mBuilding C object CMakeFiles/ranger_interfaces__rosidl_generator_c.dir/rosidl_generator_c/ranger_interfaces/msg/detail/thruster_throttle__functions.c.o[0m
[4.548s] [  6%] [32mBuilding C object CMakeFiles/ranger_interfaces__rosidl_generator_c.dir/rosidl_generator_c/ranger_interfaces/msg/detail/imu_accel__functions.c.o[0m
[4.575s] [  7%] [32mBuilding C object CMakeFiles/ranger_interfaces__rosidl_generator_c.dir/rosidl_generator_c/ranger_interfaces/msg/detail/imu_accel__type_support.c.o[0m
[4.582s] [  8%] [32mBuilding C object CMakeFiles/ranger_interfaces__rosidl_generator_c.dir/rosidl_generator_c/ranger_interfaces/msg/detail/imu_gyro__description.c.o[0m
[4.591s] [  8%] [32mBuilding C object CMakeFiles/ranger_interfaces__rosidl_generator_c.dir/rosidl_generator_c/ranger_interfaces/msg/detail/imu_gyro__functions.c.o[0m
[4.680s] [  9%] [32mBuilding C object CMakeFiles/ranger_interfaces__rosidl_generator_c.dir/rosidl_generator_c/ranger_interfaces/msg/detail/imu_gyro__type_support.c.o[0m
[4.697s] [ 10%] [32mBuilding C object CMakeFiles/ranger_interfaces__rosidl_generator_c.dir/rosidl_generator_c/ranger_interfaces/msg/detail/imu_magnet__description.c.o[0m
[4.705s] [ 11%] [32mBuilding C object CMakeFiles/ranger_interfaces__rosidl_generator_c.dir/rosidl_generator_c/ranger_interfaces/msg/detail/imu_magnet__functions.c.o[0m
[4.722s] [ 12%] [32mBuilding C object CMakeFiles/ranger_interfaces__rosidl_generator_c.dir/rosidl_generator_c/ranger_interfaces/msg/detail/imu_magnet__type_support.c.o[0m
[4.764s] [ 12%] [32mBuilding C object CMakeFiles/ranger_interfaces__rosidl_generator_c.dir/rosidl_generator_c/ranger_interfaces/msg/detail/ultrasonic_distance__description.c.o[0m
[4.809s] [ 13%] [32mBuilding C object CMakeFiles/ranger_interfaces__rosidl_generator_c.dir/rosidl_generator_c/ranger_interfaces/msg/detail/ultrasonic_distance__functions.c.o[0m
[4.827s] [ 14%] [32mBuilding C object CMakeFiles/ranger_interfaces__rosidl_generator_c.dir/rosidl_generator_c/ranger_interfaces/msg/detail/ultrasonic_distance__type_support.c.o[0m
[4.836s] [ 15%] [32mBuilding C object CMakeFiles/ranger_interfaces__rosidl_generator_c.dir/rosidl_generator_c/ranger_interfaces/msg/detail/vehicle_transform__description.c.o[0m
[4.896s] [ 16%] [32mBuilding C object CMakeFiles/ranger_interfaces__rosidl_generator_c.dir/rosidl_generator_c/ranger_interfaces/msg/detail/vehicle_transform__functions.c.o[0m
[4.916s] [ 16%] [32mBuilding C object CMakeFiles/ranger_interfaces__rosidl_generator_c.dir/rosidl_generator_c/ranger_interfaces/msg/detail/vehicle_transform__type_support.c.o[0m
[4.931s] [ 17%] [32mBuilding C object CMakeFiles/ranger_interfaces__rosidl_generator_c.dir/rosidl_generator_c/ranger_interfaces/msg/detail/waypoint_location__description.c.o[0m
[4.950s] [ 18%] [32mBuilding C object CMakeFiles/ranger_interfaces__rosidl_generator_c.dir/rosidl_generator_c/ranger_interfaces/msg/detail/waypoint_location__functions.c.o[0m
[5.013s] [ 19%] [32mBuilding C object CMakeFiles/ranger_interfaces__rosidl_generator_c.dir/rosidl_generator_c/ranger_interfaces/msg/detail/waypoint_location__type_support.c.o[0m
[5.027s] [ 20%] [32mBuilding C object CMakeFiles/ranger_interfaces__rosidl_generator_c.dir/rosidl_generator_c/ranger_interfaces/msg/detail/waypoint_distance__description.c.o[0m
[5.037s] [ 20%] [32mBuilding C object CMakeFiles/ranger_interfaces__rosidl_generator_c.dir/rosidl_generator_c/ranger_interfaces/msg/detail/waypoint_distance__functions.c.o[0m
[5.097s] [ 21%] [32mBuilding C object CMakeFiles/ranger_interfaces__rosidl_generator_c.dir/rosidl_generator_c/ranger_interfaces/msg/detail/waypoint_distance__type_support.c.o[0m
[5.113s] [ 22%] [32mBuilding C object CMakeFiles/ranger_interfaces__rosidl_generator_c.dir/rosidl_generator_c/ranger_interfaces/msg/detail/obstacle_location__description.c.o[0m
[5.159s] [ 23%] [32mBuilding C object CMakeFiles/ranger_interfaces__rosidl_generator_c.dir/rosidl_generator_c/ranger_interfaces/msg/detail/obstacle_location__type_support.c.o[0m
[5.159s] [ 24%] [32mBuilding C object CMakeFiles/ranger_interfaces__rosidl_generator_c.dir/rosidl_generator_c/ranger_interfaces/msg/detail/obstacle_location__functions.c.o[0m
[5.199s] [ 25%] [32mBuilding C object CMakeFiles/ranger_interfaces__rosidl_generator_c.dir/rosidl_generator_c/ranger_interfaces/msg/detail/movement_vector__description.c.o[0m
[5.255s] [ 26%] [32mBuilding C object CMakeFiles/ranger_interfaces__rosidl_generator_c.dir/rosidl_generator_c/ranger_interfaces/msg/detail/movement_vector__type_support.c.o[0m
[5.259s] [ 26%] [32mBuilding C object CMakeFiles/ranger_interfaces__rosidl_generator_c.dir/rosidl_generator_c/ranger_interfaces/msg/detail/movement_vector__functions.c.o[0m
[5.382s] [ 27%] [32m[1mLinking C shared library libranger_interfaces__rosidl_generator_c.so[0m
[5.488s] [ 27%] Built target ranger_interfaces__rosidl_generator_c
[5.512s] [ 30%] [34m[1mGenerating C introspection for ROS interfaces[0m
[5.516s] [ 30%] [34m[1mGenerating C++ type support dispatch for ROS interfaces[0m
[5.516s] [ 30%] [34m[1mGenerating C type support dispatch for ROS interfaces[0m
[5.516s] [ 30%] [34m[1mGenerating C type support for eProsima Fast-RTPS[0m
[6.521s] [ 31%] [32mBuilding CXX object CMakeFiles/ranger_interfaces__rosidl_typesupport_c.dir/rosidl_typesupport_c/ranger_interfaces/msg/thruster_throttle__type_support.cpp.o[0m
[6.548s] [ 32%] [32mBuilding CXX object CMakeFiles/ranger_interfaces__rosidl_typesupport_cpp.dir/rosidl_typesupport_cpp/ranger_interfaces/msg/thruster_throttle__type_support.cpp.o[0m
[6.621s] [ 33%] [32mBuilding CXX object CMakeFiles/ranger_interfaces__rosidl_typesupport_c.dir/rosidl_typesupport_c/ranger_interfaces/msg/imu_accel__type_support.cpp.o[0m
[6.747s] [ 34%] [32mBuilding CXX object CMakeFiles/ranger_interfaces__rosidl_typesupport_c.dir/rosidl_typesupport_c/ranger_interfaces/msg/imu_gyro__type_support.cpp.o[0m
[6.851s] [ 35%] [32mBuilding CXX object CMakeFiles/ranger_interfaces__rosidl_typesupport_c.dir/rosidl_typesupport_c/ranger_interfaces/msg/imu_magnet__type_support.cpp.o[0m
[6.947s] [ 36%] [32mBuilding C object CMakeFiles/ranger_interfaces__rosidl_typesupport_introspection_c.dir/rosidl_typesupport_introspection_c/ranger_interfaces/msg/detail/thruster_throttle__type_support.c.o[0m
[6.954s] [ 36%] [32mBuilding CXX object CMakeFiles/ranger_interfaces__rosidl_typesupport_c.dir/rosidl_typesupport_c/ranger_interfaces/msg/ultrasonic_distance__type_support.cpp.o[0m
[7.045s] [ 37%] [32mBuilding C object CMakeFiles/ranger_interfaces__rosidl_typesupport_introspection_c.dir/rosidl_typesupport_introspection_c/ranger_interfaces/msg/detail/imu_accel__type_support.c.o[0m
[7.097s] [ 38%] [32mBuilding CXX object CMakeFiles/ranger_interfaces__rosidl_typesupport_c.dir/rosidl_typesupport_c/ranger_interfaces/msg/vehicle_transform__type_support.cpp.o[0m
[7.141s] [ 39%] [32mBuilding C object CMakeFiles/ranger_interfaces__rosidl_typesupport_introspection_c.dir/rosidl_typesupport_introspection_c/ranger_interfaces/msg/detail/imu_gyro__type_support.c.o[0m
[7.216s] [ 40%] [32mBuilding CXX object CMakeFiles/ranger_interfaces__rosidl_typesupport_c.dir/rosidl_typesupport_c/ranger_interfaces/msg/waypoint_location__type_support.cpp.o[0m
[7.232s] [ 40%] [32mBuilding C object CMakeFiles/ranger_interfaces__rosidl_typesupport_introspection_c.dir/rosidl_typesupport_introspection_c/ranger_interfaces/msg/detail/imu_magnet__type_support.c.o[0m
[7.334s] [ 41%] [32mBuilding CXX object CMakeFiles/ranger_interfaces__rosidl_typesupport_c.dir/rosidl_typesupport_c/ranger_interfaces/msg/waypoint_distance__type_support.cpp.o[0m
[7.357s] [ 42%] [32mBuilding C object CMakeFiles/ranger_interfaces__rosidl_typesupport_introspection_c.dir/rosidl_typesupport_introspection_c/ranger_interfaces/msg/detail/ultrasonic_distance__type_support.c.o[0m
[7.365s] [ 43%] [32mBuilding CXX object CMakeFiles/ranger_interfaces__rosidl_typesupport_fastrtps_c.dir/rosidl_typesupport_fastrtps_c/ranger_interfaces/msg/detail/thruster_throttle__type_support_c.cpp.o[0m
[7.405s] [ 44%] [32mBuilding CXX object CMakeFiles/ranger_interfaces__rosidl_typesupport_cpp.dir/rosidl_typesupport_cpp/ranger_interfaces/msg/imu_accel__type_support.cpp.o[0m
[7.450s] [ 45%] [32mBuilding CXX object CMakeFiles/ranger_interfaces__rosidl_typesupport_c.dir/rosidl_typesupport_c/ranger_interfaces/msg/obstacle_location__type_support.cpp.o[0m
[7.456s] [ 46%] [32mBuilding C object CMakeFiles/ranger_interfaces__rosidl_typesupport_introspection_c.dir/rosidl_typesupport_introspection_c/ranger_interfaces/msg/detail/vehicle_transform__type_support.c.o[0m
[7.542s] [ 47%] [32mBuilding C object CMakeFiles/ranger_interfaces__rosidl_typesupport_introspection_c.dir/rosidl_typesupport_introspection_c/ranger_interfaces/msg/detail/waypoint_location__type_support.c.o[0m
[7.558s] [ 47%] [32mBuilding CXX object CMakeFiles/ranger_interfaces__rosidl_typesupport_c.dir/rosidl_typesupport_c/ranger_interfaces/msg/movement_vector__type_support.cpp.o[0m
[7.646s] [ 48%] [32mBuilding C object CMakeFiles/ranger_interfaces__rosidl_typesupport_introspection_c.dir/rosidl_typesupport_introspection_c/ranger_interfaces/msg/detail/waypoint_distance__type_support.c.o[0m
[7.671s] [ 49%] [32m[1mLinking CXX shared library libranger_interfaces__rosidl_typesupport_c.so[0m
[7.742s] [ 49%] [32mBuilding C object CMakeFiles/ranger_interfaces__rosidl_typesupport_introspection_c.dir/rosidl_typesupport_introspection_c/ranger_interfaces/msg/detail/obstacle_location__type_support.c.o[0m
[7.788s] [ 49%] Built target ranger_interfaces__rosidl_typesupport_c
[7.822s] [ 49%] [34m[1mGenerating C++ type support for eProsima Fast-RTPS[0m
[7.846s] [ 50%] [32mBuilding C object CMakeFiles/ranger_interfaces__rosidl_typesupport_introspection_c.dir/rosidl_typesupport_introspection_c/ranger_interfaces/msg/detail/movement_vector__type_support.c.o[0m
[7.943s] [ 51%] [32m[1mLinking C shared library libranger_interfaces__rosidl_typesupport_introspection_c.so[0m
[8.074s] [ 51%] Built target ranger_interfaces__rosidl_typesupport_introspection_c
[8.108s] [ 52%] [34m[1mGenerating C++ introspection for ROS interfaces[0m
[8.310s] [ 53%] [32mBuilding CXX object CMakeFiles/ranger_interfaces__rosidl_typesupport_cpp.dir/rosidl_typesupport_cpp/ranger_interfaces/msg/imu_gyro__type_support.cpp.o[0m
[8.632s] [ 53%] [32mBuilding CXX object CMakeFiles/ranger_interfaces__rosidl_typesupport_fastrtps_c.dir/rosidl_typesupport_fastrtps_c/ranger_interfaces/msg/detail/imu_accel__type_support_c.cpp.o[0m
[9.042s] [ 53%] [32mBuilding CXX object CMakeFiles/ranger_interfaces__rosidl_typesupport_cpp.dir/rosidl_typesupport_cpp/ranger_interfaces/msg/imu_magnet__type_support.cpp.o[0m
[9.630s] [ 54%] [32mBuilding CXX object CMakeFiles/ranger_interfaces__rosidl_typesupport_introspection_cpp.dir/rosidl_typesupport_introspection_cpp/ranger_interfaces/msg/detail/thruster_throttle__type_support.cpp.o[0m
[9.759s] [ 55%] [32mBuilding CXX object CMakeFiles/ranger_interfaces__rosidl_typesupport_fastrtps_cpp.dir/rosidl_typesupport_fastrtps_cpp/ranger_interfaces/msg/detail/dds_fastrtps/thruster_throttle__type_support.cpp.o[0m
[9.843s] [ 56%] [32mBuilding CXX object CMakeFiles/ranger_interfaces__rosidl_typesupport_fastrtps_c.dir/rosidl_typesupport_fastrtps_c/ranger_interfaces/msg/detail/imu_gyro__type_support_c.cpp.o[0m
[9.921s] [ 57%] [32mBuilding CXX object CMakeFiles/ranger_interfaces__rosidl_typesupport_cpp.dir/rosidl_typesupport_cpp/ranger_interfaces/msg/ultrasonic_distance__type_support.cpp.o[0m
[10.526s] [ 57%] [32mBuilding CXX object CMakeFiles/ranger_interfaces__rosidl_typesupport_introspection_cpp.dir/rosidl_typesupport_introspection_cpp/ranger_interfaces/msg/detail/imu_accel__type_support.cpp.o[0m
[10.841s] [ 58%] [32mBuilding CXX object CMakeFiles/ranger_interfaces__rosidl_typesupport_cpp.dir/rosidl_typesupport_cpp/ranger_interfaces/msg/vehicle_transform__type_support.cpp.o[0m
[11.056s] [ 59%] [32mBuilding CXX object CMakeFiles/ranger_interfaces__rosidl_typesupport_fastrtps_cpp.dir/rosidl_typesupport_fastrtps_cpp/ranger_interfaces/msg/detail/dds_fastrtps/imu_accel__type_support.cpp.o[0m
[11.136s] [ 60%] [32mBuilding CXX object CMakeFiles/ranger_interfaces__rosidl_typesupport_fastrtps_c.dir/rosidl_typesupport_fastrtps_c/ranger_interfaces/msg/detail/imu_magnet__type_support_c.cpp.o[0m
[11.360s] [ 61%] [32mBuilding CXX object CMakeFiles/ranger_interfaces__rosidl_typesupport_introspection_cpp.dir/rosidl_typesupport_introspection_cpp/ranger_interfaces/msg/detail/imu_gyro__type_support.cpp.o[0m
[11.669s] [ 62%] [32mBuilding CXX object CMakeFiles/ranger_interfaces__rosidl_typesupport_cpp.dir/rosidl_typesupport_cpp/ranger_interfaces/msg/waypoint_location__type_support.cpp.o[0m
[12.191s] [ 63%] [32mBuilding CXX object CMakeFiles/ranger_interfaces__rosidl_typesupport_introspection_cpp.dir/rosidl_typesupport_introspection_cpp/ranger_interfaces/msg/detail/imu_magnet__type_support.cpp.o[0m
[12.350s] [ 64%] [32mBuilding CXX object CMakeFiles/ranger_interfaces__rosidl_typesupport_fastrtps_cpp.dir/rosidl_typesupport_fastrtps_cpp/ranger_interfaces/msg/detail/dds_fastrtps/imu_gyro__type_support.cpp.o[0m
[12.482s] [ 65%] [32mBuilding CXX object CMakeFiles/ranger_interfaces__rosidl_typesupport_fastrtps_c.dir/rosidl_typesupport_fastrtps_c/ranger_interfaces/msg/detail/ultrasonic_distance__type_support_c.cpp.o[0m
[12.486s] [ 66%] [32mBuilding CXX object CMakeFiles/ranger_interfaces__rosidl_typesupport_cpp.dir/rosidl_typesupport_cpp/ranger_interfaces/msg/waypoint_distance__type_support.cpp.o[0m
[13.058s] [ 67%] [32mBuilding CXX object CMakeFiles/ranger_interfaces__rosidl_typesupport_introspection_cpp.dir/rosidl_typesupport_introspection_cpp/ranger_interfaces/msg/detail/ultrasonic_distance__type_support.cpp.o[0m
[13.286s] [ 67%] [32mBuilding CXX object CMakeFiles/ranger_interfaces__rosidl_typesupport_cpp.dir/rosidl_typesupport_cpp/ranger_interfaces/msg/obstacle_location__type_support.cpp.o[0m
[13.837s] [ 68%] [32mBuilding CXX object CMakeFiles/ranger_interfaces__rosidl_typesupport_fastrtps_c.dir/rosidl_typesupport_fastrtps_c/ranger_interfaces/msg/detail/vehicle_transform__type_support_c.cpp.o[0m
[13.916s] [ 69%] [32mBuilding CXX object CMakeFiles/ranger_interfaces__rosidl_typesupport_fastrtps_cpp.dir/rosidl_typesupport_fastrtps_cpp/ranger_interfaces/msg/detail/dds_fastrtps/imu_magnet__type_support.cpp.o[0m
[14.141s] [ 70%] [32mBuilding CXX object CMakeFiles/ranger_interfaces__rosidl_typesupport_introspection_cpp.dir/rosidl_typesupport_introspection_cpp/ranger_interfaces/msg/detail/vehicle_transform__type_support.cpp.o[0m
[14.205s] [ 71%] [32mBuilding CXX object CMakeFiles/ranger_interfaces__rosidl_typesupport_cpp.dir/rosidl_typesupport_cpp/ranger_interfaces/msg/movement_vector__type_support.cpp.o[0m
[14.947s] [ 71%] [32mBuilding CXX object CMakeFiles/ranger_interfaces__rosidl_typesupport_introspection_cpp.dir/rosidl_typesupport_introspection_cpp/ranger_interfaces/msg/detail/waypoint_location__type_support.cpp.o[0m
[15.038s] [ 72%] [32m[1mLinking CXX shared library libranger_interfaces__rosidl_typesupport_cpp.so[0m
[15.125s] [ 72%] [32mBuilding CXX object CMakeFiles/ranger_interfaces__rosidl_typesupport_fastrtps_c.dir/rosidl_typesupport_fastrtps_c/ranger_interfaces/msg/detail/waypoint_location__type_support_c.cpp.o[0m
[15.173s] [ 72%] Built target ranger_interfaces__rosidl_typesupport_cpp
[15.210s] [ 73%] [32mBuilding CXX object CMakeFiles/ranger_interfaces__rosidl_typesupport_fastrtps_c.dir/rosidl_typesupport_fastrtps_c/ranger_interfaces/msg/detail/waypoint_distance__type_support_c.cpp.o[0m
[15.258s] [ 73%] [32mBuilding CXX object CMakeFiles/ranger_interfaces__rosidl_typesupport_fastrtps_cpp.dir/rosidl_typesupport_fastrtps_cpp/ranger_interfaces/msg/detail/dds_fastrtps/ultrasonic_distance__type_support.cpp.o[0m
[15.826s] [ 74%] [32mBuilding CXX object CMakeFiles/ranger_interfaces__rosidl_typesupport_introspection_cpp.dir/rosidl_typesupport_introspection_cpp/ranger_interfaces/msg/detail/waypoint_distance__type_support.cpp.o[0m
[16.509s] [ 75%] [32mBuilding CXX object CMakeFiles/ranger_interfaces__rosidl_typesupport_fastrtps_cpp.dir/rosidl_typesupport_fastrtps_cpp/ranger_interfaces/msg/detail/dds_fastrtps/vehicle_transform__type_support.cpp.o[0m
[16.513s] [ 76%] [32mBuilding CXX object CMakeFiles/ranger_interfaces__rosidl_typesupport_fastrtps_c.dir/rosidl_typesupport_fastrtps_c/ranger_interfaces/msg/detail/obstacle_location__type_support_c.cpp.o[0m
[16.633s] [ 77%] [32mBuilding CXX object CMakeFiles/ranger_interfaces__rosidl_typesupport_introspection_cpp.dir/rosidl_typesupport_introspection_cpp/ranger_interfaces/msg/detail/obstacle_location__type_support.cpp.o[0m
[16.648s] [ 78%] [32mBuilding CXX object CMakeFiles/ranger_interfaces__rosidl_typesupport_fastrtps_cpp.dir/rosidl_typesupport_fastrtps_cpp/ranger_interfaces/msg/detail/dds_fastrtps/waypoint_location__type_support.cpp.o[0m
[17.483s] [ 79%] [32mBuilding CXX object CMakeFiles/ranger_interfaces__rosidl_typesupport_introspection_cpp.dir/rosidl_typesupport_introspection_cpp/ranger_interfaces/msg/detail/movement_vector__type_support.cpp.o[0m
[17.697s] [ 80%] [32mBuilding CXX object CMakeFiles/ranger_interfaces__rosidl_typesupport_fastrtps_c.dir/rosidl_typesupport_fastrtps_c/ranger_interfaces/msg/detail/movement_vector__type_support_c.cpp.o[0m
[17.810s] [ 81%] [32mBuilding CXX object CMakeFiles/ranger_interfaces__rosidl_typesupport_fastrtps_cpp.dir/rosidl_typesupport_fastrtps_cpp/ranger_interfaces/msg/detail/dds_fastrtps/waypoint_distance__type_support.cpp.o[0m
[17.949s] [ 82%] [32mBuilding CXX object CMakeFiles/ranger_interfaces__rosidl_typesupport_fastrtps_cpp.dir/rosidl_typesupport_fastrtps_cpp/ranger_interfaces/msg/detail/dds_fastrtps/obstacle_location__type_support.cpp.o[0m
[18.421s] [ 83%] [32m[1mLinking CXX shared library libranger_interfaces__rosidl_typesupport_introspection_cpp.so[0m
[18.551s] [ 83%] Built target ranger_interfaces__rosidl_typesupport_introspection_cpp
[18.577s] [ 84%] [32mBuilding CXX object CMakeFiles/ranger_interfaces__rosidl_typesupport_fastrtps_cpp.dir/rosidl_typesupport_fastrtps_cpp/ranger_interfaces/msg/detail/dds_fastrtps/movement_vector__type_support.cpp.o[0m
[18.876s] [ 85%] [32m[1mLinking CXX shared library libranger_interfaces__rosidl_typesupport_fastrtps_c.so[0m
[19.037s] [ 85%] Built target ranger_interfaces__rosidl_typesupport_fastrtps_c
[19.518s] [ 85%] [32m[1mLinking CXX shared library libranger_interfaces__rosidl_typesupport_fastrtps_cpp.so[0m
[19.622s] [ 85%] Built target ranger_interfaces__rosidl_typesupport_fastrtps_cpp
[19.664s] [ 85%] Built target ranger_interfaces
[19.707s] [ 86%] [34m[1mGenerating Python code for ROS interfaces[0m
[21.056s] [ 86%] Built target ranger_interfaces__py
[21.112s] [ 88%] [32mBuilding C object CMakeFiles/ranger_interfaces__rosidl_generator_py.dir/rosidl_generator_py/ranger_interfaces/msg/_imu_gyro_s.c.o[0m
[21.112s] [ 88%] [32mBuilding C object CMakeFiles/ranger_interfaces__rosidl_generator_py.dir/rosidl_generator_py/ranger_interfaces/msg/_imu_accel_s.c.o[0m
[21.114s] [ 88%] [32mBuilding C object CMakeFiles/ranger_interfaces__rosidl_generator_py.dir/rosidl_generator_py/ranger_interfaces/msg/_thruster_throttle_s.c.o[0m
[21.116s] [ 89%] [32mBuilding C object CMakeFiles/ranger_interfaces__rosidl_generator_py.dir/rosidl_generator_py/ranger_interfaces/msg/_imu_magnet_s.c.o[0m
[21.399s] [ 90%] [32mBuilding C object CMakeFiles/ranger_interfaces__rosidl_generator_py.dir/rosidl_generator_py/ranger_interfaces/msg/_ultrasonic_distance_s.c.o[0m
[21.423s] [ 91%] [32mBuilding C object CMakeFiles/ranger_interfaces__rosidl_generator_py.dir/rosidl_generator_py/ranger_interfaces/msg/_vehicle_transform_s.c.o[0m
[21.425s] [ 92%] [32mBuilding C object CMakeFiles/ranger_interfaces__rosidl_generator_py.dir/rosidl_generator_py/ranger_interfaces/msg/_waypoint_location_s.c.o[0m
[21.479s] [ 92%] [32mBuilding C object CMakeFiles/ranger_interfaces__rosidl_generator_py.dir/rosidl_generator_py/ranger_interfaces/msg/_waypoint_distance_s.c.o[0m
[21.679s] [ 93%] [32mBuilding C object CMakeFiles/ranger_interfaces__rosidl_generator_py.dir/rosidl_generator_py/ranger_interfaces/msg/_obstacle_location_s.c.o[0m
[21.723s] [ 94%] [32mBuilding C object CMakeFiles/ranger_interfaces__rosidl_generator_py.dir/rosidl_generator_py/ranger_interfaces/msg/_movement_vector_s.c.o[0m
[21.940s] [ 95%] [32m[1mLinking C shared library libranger_interfaces__rosidl_generator_py.so[0m
[22.033s] [ 95%] Built target ranger_interfaces__rosidl_generator_py
[22.085s] [ 95%] [32mBuilding C object CMakeFiles/ranger_interfaces_s__rosidl_typesupport_c.dir/rosidl_generator_py/ranger_interfaces/_ranger_interfaces_s.ep.rosidl_typesupport_c.c.o[0m
[22.085s] [ 97%] [32mBuilding C object CMakeFiles/ranger_interfaces_s__rosidl_typesupport_introspection_c.dir/rosidl_generator_py/ranger_interfaces/_ranger_interfaces_s.ep.rosidl_typesupport_introspection_c.c.o[0m
[22.085s] [ 97%] [32mBuilding C object CMakeFiles/ranger_interfaces_s__rosidl_typesupport_fastrtps_c.dir/rosidl_generator_py/ranger_interfaces/_ranger_interfaces_s.ep.rosidl_typesupport_fastrtps_c.c.o[0m
[22.351s] [ 98%] [32m[1mLinking C shared module rosidl_generator_py/ranger_interfaces/ranger_interfaces_s__rosidl_typesupport_introspection_c.so[0m
[22.354s] [ 99%] [32m[1mLinking C shared module rosidl_generator_py/ranger_interfaces/ranger_interfaces_s__rosidl_typesupport_c.so[0m
[22.390s] [100%] [32m[1mLinking C shared module rosidl_generator_py/ranger_interfaces/ranger_interfaces_s__rosidl_typesupport_fastrtps_c.so[0m
[22.431s] [100%] Built target ranger_interfaces_s__rosidl_typesupport_c
[22.441s] [100%] Built target ranger_interfaces_s__rosidl_typesupport_introspection_c
[22.459s] [100%] Built target ranger_interfaces_s__rosidl_typesupport_fastrtps_c
[22.485s] Invoked command in '/home/ranger/ROV-project/ROV-project/Raspberry Pi/ros2-ws/build/ranger_interfaces' returned '0': CMAKE_PREFIX_PATH=${CMAKE_PREFIX_PATH}:/opt/ros/kilted DEBUGINFOD_URLS=https://debuginfod.ubuntu.com /usr/bin/cmake --build /home/ranger/ROV-project/ROV-project/Raspberry Pi/ros2-ws/build/ranger_interfaces -- -j4 -l4
[22.503s] Invoking command in '/home/ranger/ROV-project/ROV-project/Raspberry Pi/ros2-ws/build/ranger_interfaces': CMAKE_PREFIX_PATH=${CMAKE_PREFIX_PATH}:/opt/ros/kilted DEBUGINFOD_URLS=https://debuginfod.ubuntu.com /usr/bin/cmake --install /home/ranger/ROV-project/ROV-project/Raspberry Pi/ros2-ws/build/ranger_interfaces
[22.518s] -- Install configuration: ""
[22.518s] -- Installing: /home/ranger/ROV-project/ROV-project/Raspberry Pi/ros2-ws/install/ranger_interfaces/share/ament_index/resource_index/rosidl_interfaces/ranger_interfaces
[22.518s] -- Installing: /home/ranger/ROV-project/ROV-project/Raspberry Pi/ros2-ws/install/ranger_interfaces/share/ranger_interfaces/msg/ThrusterThrottle.json
[22.519s] -- Installing: /home/ranger/ROV-project/ROV-project/Raspberry Pi/ros2-ws/install/ranger_interfaces/share/ranger_interfaces/msg/IMUAccel.json
[22.519s] -- Installing: /home/ranger/ROV-project/ROV-project/Raspberry Pi/ros2-ws/install/ranger_interfaces/share/ranger_interfaces/msg/IMUGyro.json
[22.519s] -- Installing: /home/ranger/ROV-project/ROV-project/Raspberry Pi/ros2-ws/install/ranger_interfaces/share/ranger_interfaces/msg/IMUMagnet.json
[22.519s] -- Installing: /home/ranger/ROV-project/ROV-project/Raspberry Pi/ros2-ws/install/ranger_interfaces/share/ranger_interfaces/msg/UltrasonicDistance.json
[22.519s] -- Installing: /home/ranger/ROV-project/ROV-project/Raspberry Pi/ros2-ws/install/ranger_interfaces/share/ranger_interfaces/msg/VehicleTransform.json
[22.520s] -- Installing: /home/ranger/ROV-project/ROV-project/Raspberry Pi/ros2-ws/install/ranger_interfaces/share/ranger_interfaces/msg/WaypointLocation.json
[22.520s] -- Installing: /home/ranger/ROV-project/ROV-project/Raspberry Pi/ros2-ws/install/ranger_interfaces/share/ranger_interfaces/msg/WaypointDistance.json
[22.520s] -- Installing: /home/ranger/ROV-project/ROV-project/Raspberry Pi/ros2-ws/install/ranger_interfaces/share/ranger_interfaces/msg/ObstacleLocation.json
[22.520s] -- Installing: /home/ranger/ROV-project/ROV-project/Raspberry Pi/ros2-ws/install/ranger_interfaces/share/ranger_interfaces/msg/MovementVector.json
[22.520s] -- Up-to-date: /home/ranger/ROV-project/ROV-project/Raspberry Pi/ros2-ws/install/ranger_interfaces/include/ranger_interfaces/ranger_interfaces
[22.520s] -- Up-to-date: /home/ranger/ROV-project/ROV-project/Raspberry Pi/ros2-ws/install/ranger_interfaces/include/ranger_interfaces/ranger_interfaces/msg
[22.520s] -- Installing: /home/ranger/ROV-project/ROV-project/Raspberry Pi/ros2-ws/install/ranger_interfaces/include/ranger_interfaces/ranger_interfaces/msg/movement_vector.h
[22.521s] -- Installing: /home/ranger/ROV-project/ROV-project/Raspberry Pi/ros2-ws/install/ranger_interfaces/include/ranger_interfaces/ranger_interfaces/msg/waypoint_distance.h
[22.521s] -- Installing: /home/ranger/ROV-project/ROV-project/Raspberry Pi/ros2-ws/install/ranger_interfaces/include/ranger_interfaces/ranger_interfaces/msg/imu_gyro.h
[22.521s] -- Up-to-date: /home/ranger/ROV-project/ROV-project/Raspberry Pi/ros2-ws/install/ranger_interfaces/include/ranger_interfaces/ranger_interfaces/msg/rosidl_generator_c__visibility_control.h
[22.522s] -- Installing: /home/ranger/ROV-project/ROV-project/Raspberry Pi/ros2-ws/install/ranger_interfaces/include/ranger_interfaces/ranger_interfaces/msg/thruster_throttle.h
[22.522s] -- Up-to-date: /home/ranger/ROV-project/ROV-project/Raspberry Pi/ros2-ws/install/ranger_interfaces/include/ranger_interfaces/ranger_interfaces/msg/detail
[22.522s] -- Installing: /home/ranger/ROV-project/ROV-project/Raspberry Pi/ros2-ws/install/ranger_interfaces/include/ranger_interfaces/ranger_interfaces/msg/detail/movement_vector__type_support.h
[22.522s] -- Installing: /home/ranger/ROV-project/ROV-project/Raspberry Pi/ros2-ws/install/ranger_interfaces/include/ranger_interfaces/ranger_interfaces/msg/detail/movement_vector__struct.h
[22.522s] -- Installing: /home/ranger/ROV-project/ROV-project/Raspberry Pi/ros2-ws/install/ranger_interfaces/include/ranger_interfaces/ranger_interfaces/msg/detail/waypoint_location__struct.h
[22.522s] -- Installing: /home/ranger/ROV-project/ROV-project/Raspberry Pi/ros2-ws/install/ranger_interfaces/include/ranger_interfaces/ranger_interfaces/msg/detail/imu_gyro__type_support.c
[22.523s] -- Installing: /home/ranger/ROV-project/ROV-project/Raspberry Pi/ros2-ws/install/ranger_interfaces/include/ranger_interfaces/ranger_interfaces/msg/detail/waypoint_distance__description.c
[22.523s] -- Installing: /home/ranger/ROV-project/ROV-project/Raspberry Pi/ros2-ws/install/ranger_interfaces/include/ranger_interfaces/ranger_interfaces/msg/detail/waypoint_distance__functions.h
[22.523s] -- Installing: /home/ranger/ROV-project/ROV-project/Raspberry Pi/ros2-ws/install/ranger_interfaces/include/ranger_interfaces/ranger_interfaces/msg/detail/movement_vector__description.c
[22.523s] -- Installing: /home/ranger/ROV-project/ROV-project/Raspberry Pi/ros2-ws/install/ranger_interfaces/include/ranger_interfaces/ranger_interfaces/msg/detail/obstacle_location__struct.h
[22.523s] -- Installing: /home/ranger/ROV-project/ROV-project/Raspberry Pi/ros2-ws/install/ranger_interfaces/include/ranger_interfaces/ranger_interfaces/msg/detail/thruster_throttle__description.c
[22.523s] -- Installing: /home/ranger/ROV-project/ROV-project/Raspberry Pi/ros2-ws/install/ranger_interfaces/include/ranger_interfaces/ranger_interfaces/msg/detail/imu_gyro__struct.h
[22.523s] -- Installing: /home/ranger/ROV-project/ROV-project/Raspberry Pi/ros2-ws/install/ranger_interfaces/include/ranger_interfaces/ranger_interfaces/msg/detail/ultrasonic_distance__functions.c
[22.526s] -- Installing: /home/ranger/ROV-project/ROV-project/Raspberry Pi/ros2-ws/install/ranger_interfaces/include/ranger_interfaces/ranger_interfaces/msg/detail/imu_magnet__type_support.h
[22.526s] -- Installing: /home/ranger/ROV-project/ROV-project/Raspberry Pi/ros2-ws/install/ranger_interfaces/include/ranger_interfaces/ranger_interfaces/msg/detail/waypoint_distance__type_support.c
[22.527s] -- Installing: /home/ranger/ROV-project/ROV-project/Raspberry Pi/ros2-ws/install/ranger_interfaces/include/ranger_interfaces/ranger_interfaces/msg/detail/obstacle_location__type_support.h
[22.527s] -- Installing: /home/ranger/ROV-project/ROV-project/Raspberry Pi/ros2-ws/install/ranger_interfaces/include/ranger_interfaces/ranger_interfaces/msg/detail/imu_accel__description.c
[22.527s] -- Installing: /home/ranger/ROV-project/ROV-project/Raspberry Pi/ros2-ws/install/ranger_interfaces/include/ranger_interfaces/ranger_interfaces/msg/detail/vehicle_transform__description.c
[22.527s] -- Installing: /home/ranger/ROV-project/ROV-project/Raspberry Pi/ros2-ws/install/ranger_interfaces/include/ranger_interfaces/ranger_interfaces/msg/detail/ultrasonic_distance__type_support.h
[22.527s] -- Installing: /home/ranger/ROV-project/ROV-project/Raspberry Pi/ros2-ws/install/ranger_interfaces/include/ranger_interfaces/ranger_interfaces/msg/detail/thruster_throttle__type_support.h
[22.527s] -- Installing: /home/ranger/ROV-project/ROV-project/Raspberry Pi/ros2-ws/install/ranger_interfaces/include/ranger_interfaces/ranger_interfaces/msg/detail/imu_accel__type_support.c
[22.527s] -- Installing: /home/ranger/ROV-project/ROV-project/Raspberry Pi/ros2-ws/install/ranger_interfaces/include/ranger_interfaces/ranger_interfaces/msg/detail/waypoint_distance__functions.c
[22.527s] -- Installing: /home/ranger/ROV-project/ROV-project/Raspberry Pi/ros2-ws/install/ranger_interfaces/include/ranger_interfaces/ranger_interfaces/msg/detail/obstacle_location__description.c
[22.527s] -- Installing: /home/ranger/ROV-project/ROV-project/Raspberry Pi/ros2-ws/install/ranger_interfaces/include/ranger_interfaces/ranger_interfaces/msg/detail/imu_magnet__struct.h
[22.528s] -- Installing: /home/ranger/ROV-project/ROV-project/Raspberry Pi/ros2-ws/install/ranger_interfaces/include/ranger_interfaces/ranger_interfaces/msg/detail/waypoint_location__functions.c
[22.528s] -- Installing: /home/ranger/ROV-project/ROV-project/Raspberry Pi/ros2-ws/install/ranger_interfaces/include/ranger_interfaces/ranger_interfaces/msg/detail/waypoint_distance__type_support.h
[22.528s] -- Installing: /home/ranger/ROV-project/ROV-project/Raspberry Pi/ros2-ws/install/ranger_interfaces/include/ranger_interfaces/ranger_interfaces/msg/detail/imu_magnet__description.c
[22.528s] -- Installing: /home/ranger/ROV-project/ROV-project/Raspberry Pi/ros2-ws/install/ranger_interfaces/include/ranger_interfaces/ranger_interfaces/msg/detail/vehicle_transform__struct.h
[22.528s] -- Installing: /home/ranger/ROV-project/ROV-project/Raspberry Pi/ros2-ws/install/ranger_interfaces/include/ranger_interfaces/ranger_interfaces/msg/detail/imu_gyro__type_support.h
[22.528s] -- Installing: /home/ranger/ROV-project/ROV-project/Raspberry Pi/ros2-ws/install/ranger_interfaces/include/ranger_interfaces/ranger_interfaces/msg/detail/vehicle_transform__functions.h
[22.529s] -- Installing: /home/ranger/ROV-project/ROV-project/Raspberry Pi/ros2-ws/install/ranger_interfaces/include/ranger_interfaces/ranger_interfaces/msg/detail/imu_accel__functions.h
[22.529s] -- Installing: /home/ranger/ROV-project/ROV-project/Raspberry Pi/ros2-ws/install/ranger_interfaces/include/ranger_interfaces/ranger_interfaces/msg/detail/waypoint_location__description.c
[22.529s] -- Installing: /home/ranger/ROV-project/ROV-project/Raspberry Pi/ros2-ws/install/ranger_interfaces/include/ranger_interfaces/ranger_interfaces/msg/detail/ultrasonic_distance__functions.h
[22.529s] -- Installing: /home/ranger/ROV-project/ROV-project/Raspberry Pi/ros2-ws/install/ranger_interfaces/include/ranger_interfaces/ranger_interfaces/msg/detail/movement_vector__functions.c
[22.530s] -- Installing: /home/ranger/ROV-project/ROV-project/Raspberry Pi/ros2-ws/install/ranger_interfaces/include/ranger_interfaces/ranger_interfaces/msg/detail/movement_vector__type_support.c
[22.530s] -- Installing: /home/ranger/ROV-project/ROV-project/Raspberry Pi/ros2-ws/install/ranger_interfaces/include/ranger_interfaces/ranger_interfaces/msg/detail/thruster_throttle__type_support.c
[22.530s] -- Installing: /home/ranger/ROV-project/ROV-project/Raspberry Pi/ros2-ws/install/ranger_interfaces/include/ranger_interfaces/ranger_interfaces/msg/detail/ultrasonic_distance__description.c
[22.535s] -- Installing: /home/ranger/ROV-project/ROV-project/Raspberry Pi/ros2-ws/install/ranger_interfaces/include/ranger_interfaces/ranger_interfaces/msg/detail/vehicle_transform__type_support.c
[22.535s] -- Installing: /home/ranger/ROV-project/ROV-project/Raspberry Pi/ros2-ws/install/ranger_interfaces/include/ranger_interfaces/ranger_interfaces/msg/detail/waypoint_location__type_support.c
[22.536s] -- Installing: /home/ranger/ROV-project/ROV-project/Raspberry Pi/ros2-ws/install/ranger_interfaces/include/ranger_interfaces/ranger_interfaces/msg/detail/ultrasonic_distance__type_support.c
[22.536s] -- Installing: /home/ranger/ROV-project/ROV-project/Raspberry Pi/ros2-ws/install/ranger_interfaces/include/ranger_interfaces/ranger_interfaces/msg/detail/imu_gyro__functions.h
[22.536s] -- Installing: /home/ranger/ROV-project/ROV-project/Raspberry Pi/ros2-ws/install/ranger_interfaces/include/ranger_interfaces/ranger_interfaces/msg/detail/vehicle_transform__type_support.h
[22.536s] -- Installing: /home/ranger/ROV-project/ROV-project/Raspberry Pi/ros2-ws/install/ranger_interfaces/include/ranger_interfaces/ranger_interfaces/msg/detail/imu_gyro__description.c
[22.536s] -- Installing: /home/ranger/ROV-project/ROV-project/Raspberry Pi/ros2-ws/install/ranger_interfaces/include/ranger_interfaces/ranger_interfaces/msg/detail/obstacle_location__type_support.c
[22.536s] -- Installing: /home/ranger/ROV-project/ROV-project/Raspberry Pi/ros2-ws/install/ranger_interfaces/include/ranger_interfaces/ranger_interfaces/msg/detail/waypoint_location__type_support.h
[22.536s] -- Installing: /home/ranger/ROV-project/ROV-project/Raspberry Pi/ros2-ws/install/ranger_interfaces/include/ranger_interfaces/ranger_interfaces/msg/detail/imu_accel__type_support.h
[22.536s] -- Installing: /home/ranger/ROV-project/ROV-project/Raspberry Pi/ros2-ws/install/ranger_interfaces/include/ranger_interfaces/ranger_interfaces/msg/detail/imu_magnet__functions.h
[22.536s] -- Installing: /home/ranger/ROV-project/ROV-project/Raspberry Pi/ros2-ws/install/ranger_interfaces/include/ranger_interfaces/ranger_interfaces/msg/detail/imu_accel__functions.c
[22.536s] -- Installing: /home/ranger/ROV-project/ROV-project/Raspberry Pi/ros2-ws/install/ranger_interfaces/include/ranger_interfaces/ranger_interfaces/msg/detail/vehicle_transform__functions.c
[22.537s] -- Installing: /home/ranger/ROV-project/ROV-project/Raspberry Pi/ros2-ws/install/ranger_interfaces/include/ranger_interfaces/ranger_interfaces/msg/detail/ultrasonic_distance__struct.h
[22.537s] -- Installing: /home/ranger/ROV-project/ROV-project/Raspberry Pi/ros2-ws/install/ranger_interfaces/include/ranger_interfaces/ranger_interfaces/msg/detail/imu_magnet__functions.c
[22.537s] -- Installing: /home/ranger/ROV-project/ROV-project/Raspberry Pi/ros2-ws/install/ranger_interfaces/include/ranger_interfaces/ranger_interfaces/msg/detail/thruster_throttle__functions.c
[22.537s] -- Installing: /home/ranger/ROV-project/ROV-project/Raspberry Pi/ros2-ws/install/ranger_interfaces/include/ranger_interfaces/ranger_interfaces/msg/detail/imu_accel__struct.h
[22.537s] -- Installing: /home/ranger/ROV-project/ROV-project/Raspberry Pi/ros2-ws/install/ranger_interfaces/include/ranger_interfaces/ranger_interfaces/msg/detail/imu_magnet__type_support.c
[22.537s] -- Installing: /home/ranger/ROV-project/ROV-project/Raspberry Pi/ros2-ws/install/ranger_interfaces/include/ranger_interfaces/ranger_interfaces/msg/detail/waypoint_distance__struct.h
[22.537s] -- Installing: /home/ranger/ROV-project/ROV-project/Raspberry Pi/ros2-ws/install/ranger_interfaces/include/ranger_interfaces/ranger_interfaces/msg/detail/imu_gyro__functions.c
[22.537s] -- Installing: /home/ranger/ROV-project/ROV-project/Raspberry Pi/ros2-ws/install/ranger_interfaces/include/ranger_interfaces/ranger_interfaces/msg/detail/thruster_throttle__functions.h
[22.537s] -- Installing: /home/ranger/ROV-project/ROV-project/Raspberry Pi/ros2-ws/install/ranger_interfaces/include/ranger_interfaces/ranger_interfaces/msg/detail/movement_vector__functions.h
[22.537s] -- Installing: /home/ranger/ROV-project/ROV-project/Raspberry Pi/ros2-ws/install/ranger_interfaces/include/ranger_interfaces/ranger_interfaces/msg/detail/obstacle_location__functions.h
[22.538s] -- Installing: /home/ranger/ROV-project/ROV-project/Raspberry Pi/ros2-ws/install/ranger_interfaces/include/ranger_interfaces/ranger_interfaces/msg/detail/thruster_throttle__struct.h
[22.538s] -- Installing: /home/ranger/ROV-project/ROV-project/Raspberry Pi/ros2-ws/install/ranger_interfaces/include/ranger_interfaces/ranger_interfaces/msg/detail/waypoint_location__functions.h
[22.538s] -- Installing: /home/ranger/ROV-project/ROV-project/Raspberry Pi/ros2-ws/install/ranger_interfaces/include/ranger_interfaces/ranger_interfaces/msg/detail/obstacle_location__functions.c
[22.538s] -- Installing: /home/ranger/ROV-project/ROV-project/Raspberry Pi/ros2-ws/install/ranger_interfaces/include/ranger_interfaces/ranger_interfaces/msg/vehicle_transform.h
[22.538s] -- Installing: /home/ranger/ROV-project/ROV-project/Raspberry Pi/ros2-ws/install/ranger_interfaces/include/ranger_interfaces/ranger_interfaces/msg/imu_accel.h
[22.551s] -- Installing: /home/ranger/ROV-project/ROV-project/Raspberry Pi/ros2-ws/install/ranger_interfaces/include/ranger_interfaces/ranger_interfaces/msg/obstacle_location.h
[22.555s] -- Installing: /home/ranger/ROV-project/ROV-project/Raspberry Pi/ros2-ws/install/ranger_interfaces/include/ranger_interfaces/ranger_interfaces/msg/ultrasonic_distance.h
[22.558s] -- Installing: /home/ranger/ROV-project/ROV-project/Raspberry Pi/ros2-ws/install/ranger_interfaces/include/ranger_interfaces/ranger_interfaces/msg/imu_magnet.h
[22.559s] -- Installing: /home/ranger/ROV-project/ROV-project/Raspberry Pi/ros2-ws/install/ranger_interfaces/include/ranger_interfaces/ranger_interfaces/msg/waypoint_location.h
[22.559s] -- Up-to-date: /home/ranger/ROV-project/ROV-project/Raspberry Pi/ros2-ws/install/ranger_interfaces/share/ranger_interfaces/environment/library_path.sh
[22.559s] -- Up-to-date: /home/ranger/ROV-project/ROV-project/Raspberry Pi/ros2-ws/install/ranger_interfaces/share/ranger_interfaces/environment/library_path.dsv
[22.559s] -- Installing: /home/ranger/ROV-project/ROV-project/Raspberry Pi/ros2-ws/install/ranger_interfaces/lib/libranger_interfaces__rosidl_generator_c.so
[22.559s] -- Set non-toolchain portion of runtime path of "/home/ranger/ROV-project/ROV-project/Raspberry Pi/ros2-ws/install/ranger_interfaces/lib/libranger_interfaces__rosidl_generator_c.so" to ""
[22.559s] -- Up-to-date: /home/ranger/ROV-project/ROV-project/Raspberry Pi/ros2-ws/install/ranger_interfaces/include/ranger_interfaces/ranger_interfaces
[22.559s] -- Up-to-date: /home/ranger/ROV-project/ROV-project/Raspberry Pi/ros2-ws/install/ranger_interfaces/include/ranger_interfaces/ranger_interfaces/msg
[22.560s] -- Up-to-date: /home/ranger/ROV-project/ROV-project/Raspberry Pi/ros2-ws/install/ranger_interfaces/include/ranger_interfaces/ranger_interfaces/msg/rosidl_typesupport_fastrtps_c__visibility_control.h
[22.560s] -- Up-to-date: /home/ranger/ROV-project/ROV-project/Raspberry Pi/ros2-ws/install/ranger_interfaces/include/ranger_interfaces/ranger_interfaces/msg/detail
[22.560s] -- Installing: /home/ranger/ROV-project/ROV-project/Raspberry Pi/ros2-ws/install/ranger_interfaces/include/ranger_interfaces/ranger_interfaces/msg/detail/imu_gyro__rosidl_typesupport_fastrtps_c.h
[22.560s] -- Installing: /home/ranger/ROV-project/ROV-project/Raspberry Pi/ros2-ws/install/ranger_interfaces/include/ranger_interfaces/ranger_interfaces/msg/detail/ultrasonic_distance__rosidl_typesupport_fastrtps_c.h
[22.560s] -- Installing: /home/ranger/ROV-project/ROV-project/Raspberry Pi/ros2-ws/install/ranger_interfaces/include/ranger_interfaces/ranger_interfaces/msg/detail/vehicle_transform__rosidl_typesupport_fastrtps_c.h
[22.560s] -- Installing: /home/ranger/ROV-project/ROV-project/Raspberry Pi/ros2-ws/install/ranger_interfaces/include/ranger_interfaces/ranger_interfaces/msg/detail/movement_vector__rosidl_typesupport_fastrtps_c.h
[22.560s] -- Installing: /home/ranger/ROV-project/ROV-project/Raspberry Pi/ros2-ws/install/ranger_interfaces/include/ranger_interfaces/ranger_interfaces/msg/detail/imu_magnet__rosidl_typesupport_fastrtps_c.h
[22.560s] -- Installing: /home/ranger/ROV-project/ROV-project/Raspberry Pi/ros2-ws/install/ranger_interfaces/include/ranger_interfaces/ranger_interfaces/msg/detail/obstacle_location__rosidl_typesupport_fastrtps_c.h
[22.562s] -- Installing: /home/ranger/ROV-project/ROV-project/Raspberry Pi/ros2-ws/install/ranger_interfaces/include/ranger_interfaces/ranger_interfaces/msg/detail/waypoint_location__rosidl_typesupport_fastrtps_c.h
[22.562s] -- Installing: /home/ranger/ROV-project/ROV-project/Raspberry Pi/ros2-ws/install/ranger_interfaces/include/ranger_interfaces/ranger_interfaces/msg/detail/thruster_throttle__rosidl_typesupport_fastrtps_c.h
[22.562s] -- Installing: /home/ranger/ROV-project/ROV-project/Raspberry Pi/ros2-ws/install/ranger_interfaces/include/ranger_interfaces/ranger_interfaces/msg/detail/imu_accel__rosidl_typesupport_fastrtps_c.h
[22.563s] -- Installing: /home/ranger/ROV-project/ROV-project/Raspberry Pi/ros2-ws/install/ranger_interfaces/include/ranger_interfaces/ranger_interfaces/msg/detail/waypoint_distance__rosidl_typesupport_fastrtps_c.h
[22.563s] -- Installing: /home/ranger/ROV-project/ROV-project/Raspberry Pi/ros2-ws/install/ranger_interfaces/lib/libranger_interfaces__rosidl_typesupport_fastrtps_c.so
[22.563s] -- Set non-toolchain portion of runtime path of "/home/ranger/ROV-project/ROV-project/Raspberry Pi/ros2-ws/install/ranger_interfaces/lib/libranger_interfaces__rosidl_typesupport_fastrtps_c.so" to ""
[22.563s] -- Up-to-date: /home/ranger/ROV-project/ROV-project/Raspberry Pi/ros2-ws/install/ranger_interfaces/include/ranger_interfaces/ranger_interfaces
[22.563s] -- Up-to-date: /home/ranger/ROV-project/ROV-project/Raspberry Pi/ros2-ws/install/ranger_interfaces/include/ranger_interfaces/ranger_interfaces/msg
[22.563s] -- Up-to-date: /home/ranger/ROV-project/ROV-project/Raspberry Pi/ros2-ws/install/ranger_interfaces/include/ranger_interfaces/ranger_interfaces/msg/detail
[22.563s] -- Installing: /home/ranger/ROV-project/ROV-project/Raspberry Pi/ros2-ws/install/ranger_interfaces/include/ranger_interfaces/ranger_interfaces/msg/detail/imu_gyro__type_support.c
[22.563s] -- Installing: /home/ranger/ROV-project/ROV-project/Raspberry Pi/ros2-ws/install/ranger_interfaces/include/ranger_interfaces/ranger_interfaces/msg/detail/thruster_throttle__rosidl_typesupport_introspection_c.h
[22.564s] -- Installing: /home/ranger/ROV-project/ROV-project/Raspberry Pi/ros2-ws/install/ranger_interfaces/include/ranger_interfaces/ranger_interfaces/msg/detail/imu_accel__rosidl_typesupport_introspection_c.h
[22.564s] -- Installing: /home/ranger/ROV-project/ROV-project/Raspberry Pi/ros2-ws/install/ranger_interfaces/include/ranger_interfaces/ranger_interfaces/msg/detail/waypoint_distance__type_support.c
[22.564s] -- Installing: /home/ranger/ROV-project/ROV-project/Raspberry Pi/ros2-ws/install/ranger_interfaces/include/ranger_interfaces/ranger_interfaces/msg/detail/ultrasonic_distance__rosidl_typesupport_introspection_c.h
[22.564s] -- Installing: /home/ranger/ROV-project/ROV-project/Raspberry Pi/ros2-ws/install/ranger_interfaces/include/ranger_interfaces/ranger_interfaces/msg/detail/imu_accel__type_support.c
[22.564s] -- Installing: /home/ranger/ROV-project/ROV-project/Raspberry Pi/ros2-ws/install/ranger_interfaces/include/ranger_interfaces/ranger_interfaces/msg/detail/imu_gyro__rosidl_typesupport_introspection_c.h
[22.564s] -- Installing: /home/ranger/ROV-project/ROV-project/Raspberry Pi/ros2-ws/install/ranger_interfaces/include/ranger_interfaces/ranger_interfaces/msg/detail/vehicle_transform__rosidl_typesupport_introspection_c.h
[22.564s] -- Installing: /home/ranger/ROV-project/ROV-project/Raspberry Pi/ros2-ws/install/ranger_interfaces/include/ranger_interfaces/ranger_interfaces/msg/detail/movement_vector__type_support.c
[22.564s] -- Installing: /home/ranger/ROV-project/ROV-project/Raspberry Pi/ros2-ws/install/ranger_interfaces/include/ranger_interfaces/ranger_interfaces/msg/detail/thruster_throttle__type_support.c
[22.564s] -- Installing: /home/ranger/ROV-project/ROV-project/Raspberry Pi/ros2-ws/install/ranger_interfaces/include/ranger_interfaces/ranger_interfaces/msg/detail/movement_vector__rosidl_typesupport_introspection_c.h
[22.564s] -- Installing: /home/ranger/ROV-project/ROV-project/Raspberry Pi/ros2-ws/install/ranger_interfaces/include/ranger_interfaces/ranger_interfaces/msg/detail/vehicle_transform__type_support.c
[22.564s] -- Installing: /home/ranger/ROV-project/ROV-project/Raspberry Pi/ros2-ws/install/ranger_interfaces/include/ranger_interfaces/ranger_interfaces/msg/detail/waypoint_location__type_support.c
[22.565s] -- Installing: /home/ranger/ROV-project/ROV-project/Raspberry Pi/ros2-ws/install/ranger_interfaces/include/ranger_interfaces/ranger_interfaces/msg/detail/ultrasonic_distance__type_support.c
[22.565s] -- Installing: /home/ranger/ROV-project/ROV-project/Raspberry Pi/ros2-ws/install/ranger_interfaces/include/ranger_interfaces/ranger_interfaces/msg/detail/obstacle_location__type_support.c
[22.565s] -- Installing: /home/ranger/ROV-project/ROV-project/Raspberry Pi/ros2-ws/install/ranger_interfaces/include/ranger_interfaces/ranger_interfaces/msg/detail/waypoint_distance__rosidl_typesupport_introspection_c.h
[22.565s] -- Installing: /home/ranger/ROV-project/ROV-project/Raspberry Pi/ros2-ws/install/ranger_interfaces/include/ranger_interfaces/ranger_interfaces/msg/detail/obstacle_location__rosidl_typesupport_introspection_c.h
[22.565s] -- Installing: /home/ranger/ROV-project/ROV-project/Raspberry Pi/ros2-ws/install/ranger_interfaces/include/ranger_interfaces/ranger_interfaces/msg/detail/imu_magnet__type_support.c
[22.568s] -- Installing: /home/ranger/ROV-project/ROV-project/Raspberry Pi/ros2-ws/install/ranger_interfaces/include/ranger_interfaces/ranger_interfaces/msg/detail/waypoint_location__rosidl_typesupport_introspection_c.h
[22.568s] -- Installing: /home/ranger/ROV-project/ROV-project/Raspberry Pi/ros2-ws/install/ranger_interfaces/include/ranger_interfaces/ranger_interfaces/msg/detail/imu_magnet__rosidl_typesupport_introspection_c.h
[22.568s] -- Up-to-date: /home/ranger/ROV-project/ROV-project/Raspberry Pi/ros2-ws/install/ranger_interfaces/include/ranger_interfaces/ranger_interfaces/msg/rosidl_typesupport_introspection_c__visibility_control.h
[22.569s] -- Installing: /home/ranger/ROV-project/ROV-project/Raspberry Pi/ros2-ws/install/ranger_interfaces/lib/libranger_interfaces__rosidl_typesupport_introspection_c.so
[22.569s] -- Set non-toolchain portion of runtime path of "/home/ranger/ROV-project/ROV-project/Raspberry Pi/ros2-ws/install/ranger_interfaces/lib/libranger_interfaces__rosidl_typesupport_introspection_c.so" to ""
[22.569s] -- Installing: /home/ranger/ROV-project/ROV-project/Raspberry Pi/ros2-ws/install/ranger_interfaces/lib/libranger_interfaces__rosidl_typesupport_c.so
[22.569s] -- Set non-toolchain portion of runtime path of "/home/ranger/ROV-project/ROV-project/Raspberry Pi/ros2-ws/install/ranger_interfaces/lib/libranger_interfaces__rosidl_typesupport_c.so" to ""
[22.569s] -- Up-to-date: /home/ranger/ROV-project/ROV-project/Raspberry Pi/ros2-ws/install/ranger_interfaces/include/ranger_interfaces/ranger_interfaces
[22.569s] -- Up-to-date: /home/ranger/ROV-project/ROV-project/Raspberry Pi/ros2-ws/install/ranger_interfaces/include/ranger_interfaces/ranger_interfaces/msg
[22.569s] -- Installing: /home/ranger/ROV-project/ROV-project/Raspberry Pi/ros2-ws/install/ranger_interfaces/include/ranger_interfaces/ranger_interfaces/msg/obstacle_location.hpp
[22.569s] -- Installing: /home/ranger/ROV-project/ROV-project/Raspberry Pi/ros2-ws/install/ranger_interfaces/include/ranger_interfaces/ranger_interfaces/msg/imu_magnet.hpp
[22.569s] -- Installing: /home/ranger/ROV-project/ROV-project/Raspberry Pi/ros2-ws/install/ranger_interfaces/include/ranger_interfaces/ranger_interfaces/msg/imu_accel.hpp
[22.570s] -- Installing: /home/ranger/ROV-project/ROV-project/Raspberry Pi/ros2-ws/install/ranger_interfaces/include/ranger_interfaces/ranger_interfaces/msg/ultrasonic_distance.hpp
[22.570s] -- Up-to-date: /home/ranger/ROV-project/ROV-project/Raspberry Pi/ros2-ws/install/ranger_interfaces/include/ranger_interfaces/ranger_interfaces/msg/detail
[22.570s] -- Installing: /home/ranger/ROV-project/ROV-project/Raspberry Pi/ros2-ws/install/ranger_interfaces/include/ranger_interfaces/ranger_interfaces/msg/detail/imu_gyro__builder.hpp
[22.570s] -- Installing: /home/ranger/ROV-project/ROV-project/Raspberry Pi/ros2-ws/install/ranger_interfaces/include/ranger_interfaces/ranger_interfaces/msg/detail/waypoint_location__struct.hpp
[22.570s] -- Installing: /home/ranger/ROV-project/ROV-project/Raspberry Pi/ros2-ws/install/ranger_interfaces/include/ranger_interfaces/ranger_interfaces/msg/detail/waypoint_distance__struct.hpp
[22.570s] -- Installing: /home/ranger/ROV-project/ROV-project/Raspberry Pi/ros2-ws/install/ranger_interfaces/include/ranger_interfaces/ranger_interfaces/msg/detail/ultrasonic_distance__struct.hpp
[22.570s] -- Installing: /home/ranger/ROV-project/ROV-project/Raspberry Pi/ros2-ws/install/ranger_interfaces/include/ranger_interfaces/ranger_interfaces/msg/detail/imu_gyro__type_support.hpp
[22.570s] -- Installing: /home/ranger/ROV-project/ROV-project/Raspberry Pi/ros2-ws/install/ranger_interfaces/include/ranger_interfaces/ranger_interfaces/msg/detail/waypoint_location__traits.hpp
[22.570s] -- Installing: /home/ranger/ROV-project/ROV-project/Raspberry Pi/ros2-ws/install/ranger_interfaces/include/ranger_interfaces/ranger_interfaces/msg/detail/movement_vector__struct.hpp
[22.570s] -- Installing: /home/ranger/ROV-project/ROV-project/Raspberry Pi/ros2-ws/install/ranger_interfaces/include/ranger_interfaces/ranger_interfaces/msg/detail/obstacle_location__builder.hpp
[22.571s] -- Installing: /home/ranger/ROV-project/ROV-project/Raspberry Pi/ros2-ws/install/ranger_interfaces/include/ranger_interfaces/ranger_interfaces/msg/detail/thruster_throttle__type_support.hpp
[22.571s] -- Installing: /home/ranger/ROV-project/ROV-project/Raspberry Pi/ros2-ws/install/ranger_interfaces/include/ranger_interfaces/ranger_interfaces/msg/detail/waypoint_distance__builder.hpp
[22.571s] -- Installing: /home/ranger/ROV-project/ROV-project/Raspberry Pi/ros2-ws/install/ranger_interfaces/include/ranger_interfaces/ranger_interfaces/msg/detail/vehicle_transform__builder.hpp
[22.571s] -- Installing: /home/ranger/ROV-project/ROV-project/Raspberry Pi/ros2-ws/install/ranger_interfaces/include/ranger_interfaces/ranger_interfaces/msg/detail/movement_vector__builder.hpp
[22.571s] -- Installing: /home/ranger/ROV-project/ROV-project/Raspberry Pi/ros2-ws/install/ranger_interfaces/include/ranger_interfaces/ranger_interfaces/msg/detail/imu_magnet__type_support.hpp
[22.574s] -- Installing: /home/ranger/ROV-project/ROV-project/Raspberry Pi/ros2-ws/install/ranger_interfaces/include/ranger_interfaces/ranger_interfaces/msg/detail/thruster_throttle__traits.hpp
[22.576s] -- Installing: /home/ranger/ROV-project/ROV-project/Raspberry Pi/ros2-ws/install/ranger_interfaces/include/ranger_interfaces/ranger_interfaces/msg/detail/imu_accel__traits.hpp
[22.576s] -- Installing: /home/ranger/ROV-project/ROV-project/Raspberry Pi/ros2-ws/install/ranger_interfaces/include/ranger_interfaces/ranger_interfaces/msg/detail/waypoint_distance__traits.hpp
[22.576s] -- Installing: /home/ranger/ROV-project/ROV-project/Raspberry Pi/ros2-ws/install/ranger_interfaces/include/ranger_interfaces/ranger_interfaces/msg/detail/vehicle_transform__traits.hpp
[22.576s] -- Installing: /home/ranger/ROV-project/ROV-project/Raspberry Pi/ros2-ws/install/ranger_interfaces/include/ranger_interfaces/ranger_interfaces/msg/detail/imu_accel__type_support.hpp
[22.576s] -- Installing: /home/ranger/ROV-project/ROV-project/Raspberry Pi/ros2-ws/install/ranger_interfaces/include/ranger_interfaces/ranger_interfaces/msg/detail/thruster_throttle__builder.hpp
[22.576s] -- Installing: /home/ranger/ROV-project/ROV-project/Raspberry Pi/ros2-ws/install/ranger_interfaces/include/ranger_interfaces/ranger_interfaces/msg/detail/movement_vector__traits.hpp
[22.576s] -- Installing: /home/ranger/ROV-project/ROV-project/Raspberry Pi/ros2-ws/install/ranger_interfaces/include/ranger_interfaces/ranger_interfaces/msg/detail/thruster_throttle__struct.hpp
[22.576s] -- Installing: /home/ranger/ROV-project/ROV-project/Raspberry Pi/ros2-ws/install/ranger_interfaces/include/ranger_interfaces/ranger_interfaces/msg/detail/vehicle_transform__struct.hpp
[22.576s] -- Installing: /home/ranger/ROV-project/ROV-project/Raspberry Pi/ros2-ws/install/ranger_interfaces/include/ranger_interfaces/ranger_interfaces/msg/detail/waypoint_distance__type_support.hpp
[22.576s] -- Installing: /home/ranger/ROV-project/ROV-project/Raspberry Pi/ros2-ws/install/ranger_interfaces/include/ranger_interfaces/ranger_interfaces/msg/detail/ultrasonic_distance__builder.hpp
[22.577s] -- Installing: /home/ranger/ROV-project/ROV-project/Raspberry Pi/ros2-ws/install/ranger_interfaces/include/ranger_interfaces/ranger_interfaces/msg/detail/imu_gyro__struct.hpp
[22.577s] -- Installing: /home/ranger/ROV-project/ROV-project/Raspberry Pi/ros2-ws/install/ranger_interfaces/include/ranger_interfaces/ranger_interfaces/msg/detail/vehicle_transform__type_support.hpp
[22.577s] -- Installing: /home/ranger/ROV-project/ROV-project/Raspberry Pi/ros2-ws/install/ranger_interfaces/include/ranger_interfaces/ranger_interfaces/msg/detail/obstacle_location__traits.hpp
[22.577s] -- Installing: /home/ranger/ROV-project/ROV-project/Raspberry Pi/ros2-ws/install/ranger_interfaces/include/ranger_interfaces/ranger_interfaces/msg/detail/imu_magnet__struct.hpp
[22.577s] -- Installing: /home/ranger/ROV-project/ROV-project/Raspberry Pi/ros2-ws/install/ranger_interfaces/include/ranger_interfaces/ranger_interfaces/msg/detail/imu_accel__struct.hpp
[22.577s] -- Installing: /home/ranger/ROV-project/ROV-project/Raspberry Pi/ros2-ws/install/ranger_interfaces/include/ranger_interfaces/ranger_interfaces/msg/detail/imu_gyro__traits.hpp
[22.577s] -- Installing: /home/ranger/ROV-project/ROV-project/Raspberry Pi/ros2-ws/install/ranger_interfaces/include/ranger_interfaces/ranger_interfaces/msg/detail/imu_magnet__traits.hpp
[22.577s] -- Installing: /home/ranger/ROV-project/ROV-project/Raspberry Pi/ros2-ws/install/ranger_interfaces/include/ranger_interfaces/ranger_interfaces/msg/detail/waypoint_location__builder.hpp
[22.577s] -- Installing: /home/ranger/ROV-project/ROV-project/Raspberry Pi/ros2-ws/install/ranger_interfaces/include/ranger_interfaces/ranger_interfaces/msg/detail/imu_magnet__builder.hpp
[22.577s] -- Installing: /home/ranger/ROV-project/ROV-project/Raspberry Pi/ros2-ws/install/ranger_interfaces/include/ranger_interfaces/ranger_interfaces/msg/detail/ultrasonic_distance__traits.hpp
[22.578s] -- Installing: /home/ranger/ROV-project/ROV-project/Raspberry Pi/ros2-ws/install/ranger_interfaces/include/ranger_interfaces/ranger_interfaces/msg/detail/ultrasonic_distance__type_support.hpp
[22.578s] -- Installing: /home/ranger/ROV-project/ROV-project/Raspberry Pi/ros2-ws/install/ranger_interfaces/include/ranger_interfaces/ranger_interfaces/msg/detail/waypoint_location__type_support.hpp
[22.578s] -- Installing: /home/ranger/ROV-project/ROV-project/Raspberry Pi/ros2-ws/install/ranger_interfaces/include/ranger_interfaces/ranger_interfaces/msg/detail/obstacle_location__type_support.hpp
[22.578s] -- Installing: /home/ranger/ROV-project/ROV-project/Raspberry Pi/ros2-ws/install/ranger_interfaces/include/ranger_interfaces/ranger_interfaces/msg/detail/obstacle_location__struct.hpp
[22.578s] -- Installing: /home/ranger/ROV-project/ROV-project/Raspberry Pi/ros2-ws/install/ranger_interfaces/include/ranger_interfaces/ranger_interfaces/msg/detail/imu_accel__builder.hpp
[22.583s] -- Installing: /home/ranger/ROV-project/ROV-project/Raspberry Pi/ros2-ws/install/ranger_interfaces/include/ranger_interfaces/ranger_interfaces/msg/detail/movement_vector__type_support.hpp
[22.584s] -- Installing: /home/ranger/ROV-project/ROV-project/Raspberry Pi/ros2-ws/install/ranger_interfaces/include/ranger_interfaces/ranger_interfaces/msg/rosidl_generator_cpp__visibility_control.hpp
[22.584s] -- Installing: /home/ranger/ROV-project/ROV-project/Raspberry Pi/ros2-ws/install/ranger_interfaces/include/ranger_interfaces/ranger_interfaces/msg/waypoint_distance.hpp
[22.584s] -- Installing: /home/ranger/ROV-project/ROV-project/Raspberry Pi/ros2-ws/install/ranger_interfaces/include/ranger_interfaces/ranger_interfaces/msg/thruster_throttle.hpp
[22.584s] -- Installing: /home/ranger/ROV-project/ROV-project/Raspberry Pi/ros2-ws/install/ranger_interfaces/include/ranger_interfaces/ranger_interfaces/msg/waypoint_location.hpp
[22.584s] -- Installing: /home/ranger/ROV-project/ROV-project/Raspberry Pi/ros2-ws/install/ranger_interfaces/include/ranger_interfaces/ranger_interfaces/msg/imu_gyro.hpp
[22.584s] -- Installing: /home/ranger/ROV-project/ROV-project/Raspberry Pi/ros2-ws/install/ranger_interfaces/include/ranger_interfaces/ranger_interfaces/msg/movement_vector.hpp
[22.584s] -- Installing: /home/ranger/ROV-project/ROV-project/Raspberry Pi/ros2-ws/install/ranger_interfaces/include/ranger_interfaces/ranger_interfaces/msg/vehicle_transform.hpp
[22.584s] -- Up-to-date: /home/ranger/ROV-project/ROV-project/Raspberry Pi/ros2-ws/install/ranger_interfaces/include/ranger_interfaces/ranger_interfaces
[22.584s] -- Up-to-date: /home/ranger/ROV-project/ROV-project/Raspberry Pi/ros2-ws/install/ranger_interfaces/include/ranger_interfaces/ranger_interfaces/msg
[22.584s] -- Up-to-date: /home/ranger/ROV-project/ROV-project/Raspberry Pi/ros2-ws/install/ranger_interfaces/include/ranger_interfaces/ranger_interfaces/msg/detail
[22.585s] -- Installing: /home/ranger/ROV-project/ROV-project/Raspberry Pi/ros2-ws/install/ranger_interfaces/include/ranger_interfaces/ranger_interfaces/msg/detail/imu_accel__rosidl_typesupport_fastrtps_cpp.hpp
[22.585s] -- Installing: /home/ranger/ROV-project/ROV-project/Raspberry Pi/ros2-ws/install/ranger_interfaces/include/ranger_interfaces/ranger_interfaces/msg/detail/vehicle_transform__rosidl_typesupport_fastrtps_cpp.hpp
[22.585s] -- Up-to-date: /home/ranger/ROV-project/ROV-project/Raspberry Pi/ros2-ws/install/ranger_interfaces/include/ranger_interfaces/ranger_interfaces/msg/detail/dds_fastrtps
[22.585s] -- Installing: /home/ranger/ROV-project/ROV-project/Raspberry Pi/ros2-ws/install/ranger_interfaces/include/ranger_interfaces/ranger_interfaces/msg/detail/waypoint_distance__rosidl_typesupport_fastrtps_cpp.hpp
[22.585s] -- Installing: /home/ranger/ROV-project/ROV-project/Raspberry Pi/ros2-ws/install/ranger_interfaces/include/ranger_interfaces/ranger_interfaces/msg/detail/ultrasonic_distance__rosidl_typesupport_fastrtps_cpp.hpp
[22.585s] -- Installing: /home/ranger/ROV-project/ROV-project/Raspberry Pi/ros2-ws/install/ranger_interfaces/include/ranger_interfaces/ranger_interfaces/msg/detail/waypoint_location__rosidl_typesupport_fastrtps_cpp.hpp
[22.585s] -- Installing: /home/ranger/ROV-project/ROV-project/Raspberry Pi/ros2-ws/install/ranger_interfaces/include/ranger_interfaces/ranger_interfaces/msg/detail/imu_gyro__rosidl_typesupport_fastrtps_cpp.hpp
[22.585s] -- Installing: /home/ranger/ROV-project/ROV-project/Raspberry Pi/ros2-ws/install/ranger_interfaces/include/ranger_interfaces/ranger_interfaces/msg/detail/obstacle_location__rosidl_typesupport_fastrtps_cpp.hpp
[22.585s] -- Installing: /home/ranger/ROV-project/ROV-project/Raspberry Pi/ros2-ws/install/ranger_interfaces/include/ranger_interfaces/ranger_interfaces/msg/detail/movement_vector__rosidl_typesupport_fastrtps_cpp.hpp
[22.585s] -- Installing: /home/ranger/ROV-project/ROV-project/Raspberry Pi/ros2-ws/install/ranger_interfaces/include/ranger_interfaces/ranger_interfaces/msg/detail/thruster_throttle__rosidl_typesupport_fastrtps_cpp.hpp
[22.585s] -- Installing: /home/ranger/ROV-project/ROV-project/Raspberry Pi/ros2-ws/install/ranger_interfaces/include/ranger_interfaces/ranger_interfaces/msg/detail/imu_magnet__rosidl_typesupport_fastrtps_cpp.hpp
[22.586s] -- Up-to-date: /home/ranger/ROV-project/ROV-project/Raspberry Pi/ros2-ws/install/ranger_interfaces/include/ranger_interfaces/ranger_interfaces/msg/rosidl_typesupport_fastrtps_cpp__visibility_control.h
[22.586s] -- Installing: /home/ranger/ROV-project/ROV-project/Raspberry Pi/ros2-ws/install/ranger_interfaces/lib/libranger_interfaces__rosidl_typesupport_fastrtps_cpp.so
[22.586s] -- Set non-toolchain portion of runtime path of "/home/ranger/ROV-project/ROV-project/Raspberry Pi/ros2-ws/install/ranger_interfaces/lib/libranger_interfaces__rosidl_typesupport_fastrtps_cpp.so" to ""
[22.586s] -- Up-to-date: /home/ranger/ROV-project/ROV-project/Raspberry Pi/ros2-ws/install/ranger_interfaces/include/ranger_interfaces/ranger_interfaces
[22.586s] -- Up-to-date: /home/ranger/ROV-project/ROV-project/Raspberry Pi/ros2-ws/install/ranger_interfaces/include/ranger_interfaces/ranger_interfaces/msg
[22.586s] -- Up-to-date: /home/ranger/ROV-project/ROV-project/Raspberry Pi/ros2-ws/install/ranger_interfaces/include/ranger_interfaces/ranger_interfaces/msg/detail
[22.586s] -- Installing: /home/ranger/ROV-project/ROV-project/Raspberry Pi/ros2-ws/install/ranger_interfaces/include/ranger_interfaces/ranger_interfaces/msg/detail/obstacle_location__rosidl_typesupport_introspection_cpp.hpp
[22.586s] -- Installing: /home/ranger/ROV-project/ROV-project/Raspberry Pi/ros2-ws/install/ranger_interfaces/include/ranger_interfaces/ranger_interfaces/msg/detail/vehicle_transform__rosidl_typesupport_introspection_cpp.hpp
[22.586s] -- Installing: /home/ranger/ROV-project/ROV-project/Raspberry Pi/ros2-ws/install/ranger_interfaces/include/ranger_interfaces/ranger_interfaces/msg/detail/imu_magnet__rosidl_typesupport_introspection_cpp.hpp
[22.587s] -- Installing: /home/ranger/ROV-project/ROV-project/Raspberry Pi/ros2-ws/install/ranger_interfaces/include/ranger_interfaces/ranger_interfaces/msg/detail/thruster_throttle__type_support.cpp
[22.587s] -- Installing: /home/ranger/ROV-project/ROV-project/Raspberry Pi/ros2-ws/install/ranger_interfaces/include/ranger_interfaces/ranger_interfaces/msg/detail/imu_magnet__type_support.cpp
[22.587s] -- Installing: /home/ranger/ROV-project/ROV-project/Raspberry Pi/ros2-ws/install/ranger_interfaces/include/ranger_interfaces/ranger_interfaces/msg/detail/waypoint_distance__type_support.cpp
[22.587s] -- Installing: /home/ranger/ROV-project/ROV-project/Raspberry Pi/ros2-ws/install/ranger_interfaces/include/ranger_interfaces/ranger_interfaces/msg/detail/imu_gyro__type_support.cpp
[22.587s] -- Installing: /home/ranger/ROV-project/ROV-project/Raspberry Pi/ros2-ws/install/ranger_interfaces/include/ranger_interfaces/ranger_interfaces/msg/detail/obstacle_location__type_support.cpp
[22.587s] -- Installing: /home/ranger/ROV-project/ROV-project/Raspberry Pi/ros2-ws/install/ranger_interfaces/include/ranger_interfaces/ranger_interfaces/msg/detail/movement_vector__rosidl_typesupport_introspection_cpp.hpp
[22.587s] -- Installing: /home/ranger/ROV-project/ROV-project/Raspberry Pi/ros2-ws/install/ranger_interfaces/include/ranger_interfaces/ranger_interfaces/msg/detail/imu_accel__rosidl_typesupport_introspection_cpp.hpp
[22.587s] -- Installing: /home/ranger/ROV-project/ROV-project/Raspberry Pi/ros2-ws/install/ranger_interfaces/include/ranger_interfaces/ranger_interfaces/msg/detail/ultrasonic_distance__type_support.cpp
[22.587s] -- Installing: /home/ranger/ROV-project/ROV-project/Raspberry Pi/ros2-ws/install/ranger_interfaces/include/ranger_interfaces/ranger_interfaces/msg/detail/vehicle_transform__type_support.cpp
[22.587s] -- Installing: /home/ranger/ROV-project/ROV-project/Raspberry Pi/ros2-ws/install/ranger_interfaces/include/ranger_interfaces/ranger_interfaces/msg/detail/ultrasonic_distance__rosidl_typesupport_introspection_cpp.hpp
[22.587s] -- Installing: /home/ranger/ROV-project/ROV-project/Raspberry Pi/ros2-ws/install/ranger_interfaces/include/ranger_interfaces/ranger_interfaces/msg/detail/imu_gyro__rosidl_typesupport_introspection_cpp.hpp
[22.588s] -- Installing: /home/ranger/ROV-project/ROV-project/Raspberry Pi/ros2-ws/install/ranger_interfaces/include/ranger_interfaces/ranger_interfaces/msg/detail/movement_vector__type_support.cpp
[22.588s] -- Installing: /home/ranger/ROV-project/ROV-project/Raspberry Pi/ros2-ws/install/ranger_interfaces/include/ranger_interfaces/ranger_interfaces/msg/detail/thruster_throttle__rosidl_typesupport_introspection_cpp.hpp
[22.588s] -- Installing: /home/ranger/ROV-project/ROV-project/Raspberry Pi/ros2-ws/install/ranger_interfaces/include/ranger_interfaces/ranger_interfaces/msg/detail/waypoint_distance__rosidl_typesupport_introspection_cpp.hpp
[22.591s] -- Installing: /home/ranger/ROV-project/ROV-project/Raspberry Pi/ros2-ws/install/ranger_interfaces/include/ranger_interfaces/ranger_interfaces/msg/detail/waypoint_location__type_support.cpp
[22.591s] -- Installing: /home/ranger/ROV-project/ROV-project/Raspberry Pi/ros2-ws/install/ranger_interfaces/include/ranger_interfaces/ranger_interfaces/msg/detail/imu_accel__type_support.cpp
[22.591s] -- Installing: /home/ranger/ROV-project/ROV-project/Raspberry Pi/ros2-ws/install/ranger_interfaces/include/ranger_interfaces/ranger_interfaces/msg/detail/waypoint_location__rosidl_typesupport_introspection_cpp.hpp
[22.592s] -- Installing: /home/ranger/ROV-project/ROV-project/Raspberry Pi/ros2-ws/install/ranger_interfaces/lib/libranger_interfaces__rosidl_typesupport_introspection_cpp.so
[22.592s] -- Set non-toolchain portion of runtime path of "/home/ranger/ROV-project/ROV-project/Raspberry Pi/ros2-ws/install/ranger_interfaces/lib/libranger_interfaces__rosidl_typesupport_introspection_cpp.so" to ""
[22.592s] -- Installing: /home/ranger/ROV-project/ROV-project/Raspberry Pi/ros2-ws/install/ranger_interfaces/lib/libranger_interfaces__rosidl_typesupport_cpp.so
[22.592s] -- Set non-toolchain portion of runtime path of "/home/ranger/ROV-project/ROV-project/Raspberry Pi/ros2-ws/install/ranger_interfaces/lib/libranger_interfaces__rosidl_typesupport_cpp.so" to ""
[22.595s] -- Up-to-date: /home/ranger/ROV-project/ROV-project/Raspberry Pi/ros2-ws/install/ranger_interfaces/share/ranger_interfaces/environment/pythonpath.sh
[22.595s] -- Up-to-date: /home/ranger/ROV-project/ROV-project/Raspberry Pi/ros2-ws/install/ranger_interfaces/share/ranger_interfaces/environment/pythonpath.dsv
[22.595s] -- Up-to-date: /home/ranger/ROV-project/ROV-project/Raspberry Pi/ros2-ws/install/ranger_interfaces/lib/python3.12/site-packages/ranger_interfaces-0.0.1-py3.12.egg-info
[22.595s] -- Installing: /home/ranger/ROV-project/ROV-project/Raspberry Pi/ros2-ws/install/ranger_interfaces/lib/python3.12/site-packages/ranger_interfaces-0.0.1-py3.12.egg-info/dependency_links.txt
[22.596s] -- Installing: /home/ranger/ROV-project/ROV-project/Raspberry Pi/ros2-ws/install/ranger_interfaces/lib/python3.12/site-packages/ranger_interfaces-0.0.1-py3.12.egg-info/PKG-INFO
[22.596s] -- Installing: /home/ranger/ROV-project/ROV-project/Raspberry Pi/ros2-ws/install/ranger_interfaces/lib/python3.12/site-packages/ranger_interfaces-0.0.1-py3.12.egg-info/top_level.txt
[22.596s] -- Installing: /home/ranger/ROV-project/ROV-project/Raspberry Pi/ros2-ws/install/ranger_interfaces/lib/python3.12/site-packages/ranger_interfaces-0.0.1-py3.12.egg-info/SOURCES.txt
[22.597s] -- Up-to-date: /home/ranger/ROV-project/ROV-project/Raspberry Pi/ros2-ws/install/ranger_interfaces/lib/python3.12/site-packages/ranger_interfaces
[22.597s] -- Installing: /home/ranger/ROV-project/ROV-project/Raspberry Pi/ros2-ws/install/ranger_interfaces/lib/python3.12/site-packages/ranger_interfaces/ranger_interfaces_s__rosidl_typesupport_fastrtps_c.so
[22.597s] -- Installing: /home/ranger/ROV-project/ROV-project/Raspberry Pi/ros2-ws/install/ranger_interfaces/lib/python3.12/site-packages/ranger_interfaces/ranger_interfaces_s__rosidl_typesupport_c.so
[22.599s] -- Installing: /home/ranger/ROV-project/ROV-project/Raspberry Pi/ros2-ws/install/ranger_interfaces/lib/python3.12/site-packages/ranger_interfaces/_ranger_interfaces_s.ep.rosidl_typesupport_introspection_c.c
[22.599s] -- Installing: /home/ranger/ROV-project/ROV-project/Raspberry Pi/ros2-ws/install/ranger_interfaces/lib/python3.12/site-packages/ranger_interfaces/ranger_interfaces_s__rosidl_typesupport_introspection_c.so
[22.600s] -- Installing: /home/ranger/ROV-project/ROV-project/Raspberry Pi/ros2-ws/install/ranger_interfaces/lib/python3.12/site-packages/ranger_interfaces/__init__.py
[22.600s] -- Installing: /home/ranger/ROV-project/ROV-project/Raspberry Pi/ros2-ws/install/ranger_interfaces/lib/python3.12/site-packages/ranger_interfaces/_ranger_interfaces_s.ep.rosidl_typesupport_fastrtps_c.c
[22.601s] -- Up-to-date: /home/ranger/ROV-project/ROV-project/Raspberry Pi/ros2-ws/install/ranger_interfaces/lib/python3.12/site-packages/ranger_interfaces/msg
[22.601s] -- Installing: /home/ranger/ROV-project/ROV-project/Raspberry Pi/ros2-ws/install/ranger_interfaces/lib/python3.12/site-packages/ranger_interfaces/msg/_imu_magnet.py
[22.601s] -- Installing: /home/ranger/ROV-project/ROV-project/Raspberry Pi/ros2-ws/install/ranger_interfaces/lib/python3.12/site-packages/ranger_interfaces/msg/_waypoint_location.py
[22.601s] -- Installing: /home/ranger/ROV-project/ROV-project/Raspberry Pi/ros2-ws/install/ranger_interfaces/lib/python3.12/site-packages/ranger_interfaces/msg/_imu_gyro_s.c
[22.603s] -- Installing: /home/ranger/ROV-project/ROV-project/Raspberry Pi/ros2-ws/install/ranger_interfaces/lib/python3.12/site-packages/ranger_interfaces/msg/_movement_vector.py
[22.603s] -- Installing: /home/ranger/ROV-project/ROV-project/Raspberry Pi/ros2-ws/install/ranger_interfaces/lib/python3.12/site-packages/ranger_interfaces/msg/_obstacle_location_s.c
[22.603s] -- Installing: /home/ranger/ROV-project/ROV-project/Raspberry Pi/ros2-ws/install/ranger_interfaces/lib/python3.12/site-packages/ranger_interfaces/msg/_imu_accel_s.c
[22.603s] -- Installing: /home/ranger/ROV-project/ROV-project/Raspberry Pi/ros2-ws/install/ranger_interfaces/lib/python3.12/site-packages/ranger_interfaces/msg/_waypoint_distance.py
[22.604s] -- Installing: /home/ranger/ROV-project/ROV-project/Raspberry Pi/ros2-ws/install/ranger_interfaces/lib/python3.12/site-packages/ranger_interfaces/msg/_waypoint_distance_s.c
[22.604s] -- Installing: /home/ranger/ROV-project/ROV-project/Raspberry Pi/ros2-ws/install/ranger_interfaces/lib/python3.12/site-packages/ranger_interfaces/msg/_imu_accel.py
[22.604s] -- Installing: /home/ranger/ROV-project/ROV-project/Raspberry Pi/ros2-ws/install/ranger_interfaces/lib/python3.12/site-packages/ranger_interfaces/msg/__init__.py
[22.604s] -- Installing: /home/ranger/ROV-project/ROV-project/Raspberry Pi/ros2-ws/install/ranger_interfaces/lib/python3.12/site-packages/ranger_interfaces/msg/_thruster_throttle_s.c
[22.606s] -- Installing: /home/ranger/ROV-project/ROV-project/Raspberry Pi/ros2-ws/install/ranger_interfaces/lib/python3.12/site-packages/ranger_interfaces/msg/_imu_magnet_s.c
[22.606s] -- Installing: /home/ranger/ROV-project/ROV-project/Raspberry Pi/ros2-ws/install/ranger_interfaces/lib/python3.12/site-packages/ranger_interfaces/msg/_movement_vector_s.c
[22.606s] -- Installing: /home/ranger/ROV-project/ROV-project/Raspberry Pi/ros2-ws/install/ranger_interfaces/lib/python3.12/site-packages/ranger_interfaces/msg/_vehicle_transform.py
[22.606s] -- Installing: /home/ranger/ROV-project/ROV-project/Raspberry Pi/ros2-ws/install/ranger_interfaces/lib/python3.12/site-packages/ranger_interfaces/msg/_ultrasonic_distance.py
[22.607s] -- Installing: /home/ranger/ROV-project/ROV-project/Raspberry Pi/ros2-ws/install/ranger_interfaces/lib/python3.12/site-packages/ranger_interfaces/msg/_ultrasonic_distance_s.c
[22.607s] -- Installing: /home/ranger/ROV-project/ROV-project/Raspberry Pi/ros2-ws/install/ranger_interfaces/lib/python3.12/site-packages/ranger_interfaces/msg/_thruster_throttle.py
[22.607s] -- Installing: /home/ranger/ROV-project/ROV-project/Raspberry Pi/ros2-ws/install/ranger_interfaces/lib/python3.12/site-packages/ranger_interfaces/msg/_vehicle_transform_s.c
[22.608s] -- Installing: /home/ranger/ROV-project/ROV-project/Raspberry Pi/ros2-ws/install/ranger_interfaces/lib/python3.12/site-packages/ranger_interfaces/msg/_waypoint_location_s.c
[22.609s] -- Installing: /home/ranger/ROV-project/ROV-project/Raspberry Pi/ros2-ws/install/ranger_interfaces/lib/python3.12/site-packages/ranger_interfaces/msg/_obstacle_location.py
[22.609s] -- Installing: /home/ranger/ROV-project/ROV-project/Raspberry Pi/ros2-ws/install/ranger_interfaces/lib/python3.12/site-packages/ranger_interfaces/msg/_imu_gyro.py
[22.609s] -- Installing: /home/ranger/ROV-project/ROV-project/Raspberry Pi/ros2-ws/install/ranger_interfaces/lib/python3.12/site-packages/ranger_interfaces/_ranger_interfaces_s.ep.rosidl_typesupport_c.c
[22.722s] Listing '/home/ranger/ROV-project/ROV-project/Raspberry Pi/ros2-ws/install/ranger_interfaces/lib/python3.12/site-packages/ranger_interfaces'...
[22.723s] Compiling '/home/ranger/ROV-project/ROV-project/Raspberry Pi/ros2-ws/install/ranger_interfaces/lib/python3.12/site-packages/ranger_interfaces/__init__.py'...
[22.723s] Listing '/home/ranger/ROV-project/ROV-project/Raspberry Pi/ros2-ws/install/ranger_interfaces/lib/python3.12/site-packages/ranger_interfaces/msg'...
[22.723s] Compiling '/home/ranger/ROV-project/ROV-project/Raspberry Pi/ros2-ws/install/ranger_interfaces/lib/python3.12/site-packages/ranger_interfaces/msg/__init__.py'...
[22.723s] Compiling '/home/ranger/ROV-project/ROV-project/Raspberry Pi/ros2-ws/install/ranger_interfaces/lib/python3.12/site-packages/ranger_interfaces/msg/_imu_accel.py'...
[22.724s] Compiling '/home/ranger/ROV-project/ROV-project/Raspberry Pi/ros2-ws/install/ranger_interfaces/lib/python3.12/site-packages/ranger_interfaces/msg/_imu_gyro.py'...
[22.724s] Compiling '/home/ranger/ROV-project/ROV-project/Raspberry Pi/ros2-ws/install/ranger_interfaces/lib/python3.12/site-packages/ranger_interfaces/msg/_imu_magnet.py'...
[22.724s] Compiling '/home/ranger/ROV-project/ROV-project/Raspberry Pi/ros2-ws/install/ranger_interfaces/lib/python3.12/site-packages/ranger_interfaces/msg/_movement_vector.py'...
[22.724s] Compiling '/home/ranger/ROV-project/ROV-project/Raspberry Pi/ros2-ws/install/ranger_interfaces/lib/python3.12/site-packages/ranger_interfaces/msg/_obstacle_location.py'...
[22.724s] Compiling '/home/ranger/ROV-project/ROV-project/Raspberry Pi/ros2-ws/install/ranger_interfaces/lib/python3.12/site-packages/ranger_interfaces/msg/_thruster_throttle.py'...
[22.724s] Compiling '/home/ranger/ROV-project/ROV-project/Raspberry Pi/ros2-ws/install/ranger_interfaces/lib/python3.12/site-packages/ranger_interfaces/msg/_ultrasonic_distance.py'...
[22.724s] Compiling '/home/ranger/ROV-project/ROV-project/Raspberry Pi/ros2-ws/install/ranger_interfaces/lib/python3.12/site-packages/ranger_interfaces/msg/_vehicle_transform.py'...
[22.725s] Compiling '/home/ranger/ROV-project/ROV-project/Raspberry Pi/ros2-ws/install/ranger_interfaces/lib/python3.12/site-packages/ranger_interfaces/msg/_waypoint_distance.py'...
[22.725s] Compiling '/home/ranger/ROV-project/ROV-project/Raspberry Pi/ros2-ws/install/ranger_interfaces/lib/python3.12/site-packages/ranger_interfaces/msg/_waypoint_location.py'...
[22.759s] -- Installing: /home/ranger/ROV-project/ROV-project/Raspberry Pi/ros2-ws/install/ranger_interfaces/lib/python3.12/site-packages/ranger_interfaces/ranger_interfaces_s__rosidl_typesupport_fastrtps_c.so
[22.762s] -- Set non-toolchain portion of runtime path of "/home/ranger/ROV-project/ROV-project/Raspberry Pi/ros2-ws/install/ranger_interfaces/lib/python3.12/site-packages/ranger_interfaces/ranger_interfaces_s__rosidl_typesupport_fastrtps_c.so" to ""
[22.762s] -- Installing: /home/ranger/ROV-project/ROV-project/Raspberry Pi/ros2-ws/install/ranger_interfaces/lib/python3.12/site-packages/ranger_interfaces/ranger_interfaces_s__rosidl_typesupport_introspection_c.so
[22.764s] -- Set non-toolchain portion of runtime path of "/home/ranger/ROV-project/ROV-project/Raspberry Pi/ros2-ws/install/ranger_interfaces/lib/python3.12/site-packages/ranger_interfaces/ranger_interfaces_s__rosidl_typesupport_introspection_c.so" to ""
[22.765s] -- Installing: /home/ranger/ROV-project/ROV-project/Raspberry Pi/ros2-ws/install/ranger_interfaces/lib/python3.12/site-packages/ranger_interfaces/ranger_interfaces_s__rosidl_typesupport_c.so
[22.767s] -- Set non-toolchain portion of runtime path of "/home/ranger/ROV-project/ROV-project/Raspberry Pi/ros2-ws/install/ranger_interfaces/lib/python3.12/site-packages/ranger_interfaces/ranger_interfaces_s__rosidl_typesupport_c.so" to ""
[22.768s] -- Installing: /home/ranger/ROV-project/ROV-project/Raspberry Pi/ros2-ws/install/ranger_interfaces/lib/libranger_interfaces__rosidl_generator_py.so
[22.769s] -- Set non-toolchain portion of runtime path of "/home/ranger/ROV-project/ROV-project/Raspberry Pi/ros2-ws/install/ranger_interfaces/lib/libranger_interfaces__rosidl_generator_py.so" to ""
[22.770s] -- Up-to-date: /home/ranger/ROV-project/ROV-project/Raspberry Pi/ros2-ws/install/ranger_interfaces/share/ranger_interfaces/msg/ThrusterThrottle.idl
[22.770s] -- Up-to-date: /home/ranger/ROV-project/ROV-project/Raspberry Pi/ros2-ws/install/ranger_interfaces/share/ranger_interfaces/msg/IMUAccel.idl
[22.771s] -- Up-to-date: /home/ranger/ROV-project/ROV-project/Raspberry Pi/ros2-ws/install/ranger_interfaces/share/ranger_interfaces/msg/IMUGyro.idl
[22.771s] -- Up-to-date: /home/ranger/ROV-project/ROV-project/Raspberry Pi/ros2-ws/install/ranger_interfaces/share/ranger_interfaces/msg/IMUMagnet.idl
[22.772s] -- Up-to-date: /home/ranger/ROV-project/ROV-project/Raspberry Pi/ros2-ws/install/ranger_interfaces/share/ranger_interfaces/msg/UltrasonicDistance.idl
[22.772s] -- Installing: /home/ranger/ROV-project/ROV-project/Raspberry Pi/ros2-ws/install/ranger_interfaces/share/ranger_interfaces/msg/VehicleTransform.idl
[22.773s] -- Installing: /home/ranger/ROV-project/ROV-project/Raspberry Pi/ros2-ws/install/ranger_interfaces/share/ranger_interfaces/msg/WaypointLocation.idl
[22.773s] -- Installing: /home/ranger/ROV-project/ROV-project/Raspberry Pi/ros2-ws/install/ranger_interfaces/share/ranger_interfaces/msg/WaypointDistance.idl
[22.775s] -- Installing: /home/ranger/ROV-project/ROV-project/Raspberry Pi/ros2-ws/install/ranger_interfaces/share/ranger_interfaces/msg/ObstacleLocation.idl
[22.776s] -- Installing: /home/ranger/ROV-project/ROV-project/Raspberry Pi/ros2-ws/install/ranger_interfaces/share/ranger_interfaces/msg/MovementVector.idl
[22.778s] -- Up-to-date: /home/ranger/ROV-project/ROV-project/Raspberry Pi/ros2-ws/install/ranger_interfaces/share/ranger_interfaces/msg/ThrusterThrottle.msg
[22.779s] -- Up-to-date: /home/ranger/ROV-project/ROV-project/Raspberry Pi/ros2-ws/install/ranger_interfaces/share/ranger_interfaces/msg/IMUAccel.msg
[22.780s] -- Up-to-date: /home/ranger/ROV-project/ROV-project/Raspberry Pi/ros2-ws/install/ranger_interfaces/share/ranger_interfaces/msg/IMUGyro.msg
[22.780s] -- Up-to-date: /home/ranger/ROV-project/ROV-project/Raspberry Pi/ros2-ws/install/ranger_interfaces/share/ranger_interfaces/msg/IMUMagnet.msg
[22.781s] -- Up-to-date: /home/ranger/ROV-project/ROV-project/Raspberry Pi/ros2-ws/install/ranger_interfaces/share/ranger_interfaces/msg/UltrasonicDistance.msg
[22.783s] -- Installing: /home/ranger/ROV-project/ROV-project/Raspberry Pi/ros2-ws/install/ranger_interfaces/share/ranger_interfaces/msg/VehicleTransform.msg
[22.784s] -- Installing: /home/ranger/ROV-project/ROV-project/Raspberry Pi/ros2-ws/install/ranger_interfaces/share/ranger_interfaces/msg/WaypointLocation.msg
[22.784s] -- Installing: /home/ranger/ROV-project/ROV-project/Raspberry Pi/ros2-ws/install/ranger_interfaces/share/ranger_interfaces/msg/WaypointDistance.msg
[22.786s] -- Installing: /home/ranger/ROV-project/ROV-project/Raspberry Pi/ros2-ws/install/ranger_interfaces/share/ranger_interfaces/msg/ObstacleLocation.msg
[22.787s] -- Installing: /home/ranger/ROV-project/ROV-project/Raspberry Pi/ros2-ws/install/ranger_interfaces/share/ranger_interfaces/msg/MovementVector.msg
[22.788s] -- Up-to-date: /home/ranger/ROV-project/ROV-project/Raspberry Pi/ros2-ws/install/ranger_interfaces/share/ament_index/resource_index/package_run_dependencies/ranger_interfaces
[22.788s] -- Up-to-date: /home/ranger/ROV-project/ROV-project/Raspberry Pi/ros2-ws/install/ranger_interfaces/share/ament_index/resource_index/parent_prefix_path/ranger_interfaces
[22.789s] -- Up-to-date: /home/ranger/ROV-project/ROV-project/Raspberry Pi/ros2-ws/install/ranger_interfaces/share/ranger_interfaces/environment/ament_prefix_path.sh
[22.790s] -- Up-to-date: /home/ranger/ROV-project/ROV-project/Raspberry Pi/ros2-ws/install/ranger_interfaces/share/ranger_interfaces/environment/ament_prefix_path.dsv
[22.790s] -- Up-to-date: /home/ranger/ROV-project/ROV-project/Raspberry Pi/ros2-ws/install/ranger_interfaces/share/ranger_interfaces/environment/path.sh
[22.792s] -- Up-to-date: /home/ranger/ROV-project/ROV-project/Raspberry Pi/ros2-ws/install/ranger_interfaces/share/ranger_interfaces/environment/path.dsv
[22.793s] -- Up-to-date: /home/ranger/ROV-project/ROV-project/Raspberry Pi/ros2-ws/install/ranger_interfaces/share/ranger_interfaces/local_setup.bash
[22.794s] -- Up-to-date: /home/ranger/ROV-project/ROV-project/Raspberry Pi/ros2-ws/install/ranger_interfaces/share/ranger_interfaces/local_setup.sh
[22.794s] -- Up-to-date: /home/ranger/ROV-project/ROV-project/Raspberry Pi/ros2-ws/install/ranger_interfaces/share/ranger_interfaces/local_setup.zsh
[22.795s] -- Up-to-date: /home/ranger/ROV-project/ROV-project/Raspberry Pi/ros2-ws/install/ranger_interfaces/share/ranger_interfaces/local_setup.dsv
[22.795s] -- Installing: /home/ranger/ROV-project/ROV-project/Raspberry Pi/ros2-ws/install/ranger_interfaces/share/ranger_interfaces/package.dsv
[22.797s] -- Up-to-date: /home/ranger/ROV-project/ROV-project/Raspberry Pi/ros2-ws/install/ranger_interfaces/share/ament_index/resource_index/packages/ranger_interfaces
[22.798s] -- Up-to-date: /home/ranger/ROV-project/ROV-project/Raspberry Pi/ros2-ws/install/ranger_interfaces/share/ranger_interfaces/cmake/export_ranger_interfaces__rosidl_generator_cExport.cmake
[22.798s] -- Up-to-date: /home/ranger/ROV-project/ROV-project/Raspberry Pi/ros2-ws/install/ranger_interfaces/share/ranger_interfaces/cmake/export_ranger_interfaces__rosidl_generator_cExport-noconfig.cmake
[22.798s] -- Up-to-date: /home/ranger/ROV-project/ROV-project/Raspberry Pi/ros2-ws/install/ranger_interfaces/share/ranger_interfaces/cmake/export_ranger_interfaces__rosidl_typesupport_fastrtps_cExport.cmake
[22.802s] -- Up-to-date: /home/ranger/ROV-project/ROV-project/Raspberry Pi/ros2-ws/install/ranger_interfaces/share/ranger_interfaces/cmake/export_ranger_interfaces__rosidl_typesupport_fastrtps_cExport-noconfig.cmake
[22.802s] -- Up-to-date: /home/ranger/ROV-project/ROV-project/Raspberry Pi/ros2-ws/install/ranger_interfaces/share/ranger_interfaces/cmake/ranger_interfaces__rosidl_typesupport_introspection_cExport.cmake
[22.804s] -- Up-to-date: /home/ranger/ROV-project/ROV-project/Raspberry Pi/ros2-ws/install/ranger_interfaces/share/ranger_interfaces/cmake/ranger_interfaces__rosidl_typesupport_introspection_cExport-noconfig.cmake
[22.804s] -- Up-to-date: /home/ranger/ROV-project/ROV-project/Raspberry Pi/ros2-ws/install/ranger_interfaces/share/ranger_interfaces/cmake/ranger_interfaces__rosidl_typesupport_cExport.cmake
[22.804s] -- Up-to-date: /home/ranger/ROV-project/ROV-project/Raspberry Pi/ros2-ws/install/ranger_interfaces/share/ranger_interfaces/cmake/ranger_interfaces__rosidl_typesupport_cExport-noconfig.cmake
[22.805s] -- Up-to-date: /home/ranger/ROV-project/ROV-project/Raspberry Pi/ros2-ws/install/ranger_interfaces/share/ranger_interfaces/cmake/export_ranger_interfaces__rosidl_generator_cppExport.cmake
[22.805s] -- Up-to-date: /home/ranger/ROV-project/ROV-project/Raspberry Pi/ros2-ws/install/ranger_interfaces/share/ranger_interfaces/cmake/export_ranger_interfaces__rosidl_typesupport_fastrtps_cppExport.cmake
[22.806s] -- Up-to-date: /home/ranger/ROV-project/ROV-project/Raspberry Pi/ros2-ws/install/ranger_interfaces/share/ranger_interfaces/cmake/export_ranger_interfaces__rosidl_typesupport_fastrtps_cppExport-noconfig.cmake
[22.806s] -- Up-to-date: /home/ranger/ROV-project/ROV-project/Raspberry Pi/ros2-ws/install/ranger_interfaces/share/ranger_interfaces/cmake/ranger_interfaces__rosidl_typesupport_introspection_cppExport.cmake
[22.806s] -- Up-to-date: /home/ranger/ROV-project/ROV-project/Raspberry Pi/ros2-ws/install/ranger_interfaces/share/ranger_interfaces/cmake/ranger_interfaces__rosidl_typesupport_introspection_cppExport-noconfig.cmake
[22.807s] -- Up-to-date: /home/ranger/ROV-project/ROV-project/Raspberry Pi/ros2-ws/install/ranger_interfaces/share/ranger_interfaces/cmake/ranger_interfaces__rosidl_typesupport_cppExport.cmake
[22.807s] -- Up-to-date: /home/ranger/ROV-project/ROV-project/Raspberry Pi/ros2-ws/install/ranger_interfaces/share/ranger_interfaces/cmake/ranger_interfaces__rosidl_typesupport_cppExport-noconfig.cmake
[22.807s] -- Up-to-date: /home/ranger/ROV-project/ROV-project/Raspberry Pi/ros2-ws/install/ranger_interfaces/share/ranger_interfaces/cmake/export_ranger_interfaces__rosidl_generator_pyExport.cmake
[22.808s] -- Up-to-date: /home/ranger/ROV-project/ROV-project/Raspberry Pi/ros2-ws/install/ranger_interfaces/share/ranger_interfaces/cmake/export_ranger_interfaces__rosidl_generator_pyExport-noconfig.cmake
[22.809s] -- Installing: /home/ranger/ROV-project/ROV-project/Raspberry Pi/ros2-ws/install/ranger_interfaces/share/ranger_interfaces/cmake/rosidl_cmake-extras.cmake
[22.809s] -- Up-to-date: /home/ranger/ROV-project/ROV-project/Raspberry Pi/ros2-ws/install/ranger_interfaces/share/ranger_interfaces/cmake/ament_cmake_export_include_directories-extras.cmake
[22.809s] -- Up-to-date: /home/ranger/ROV-project/ROV-project/Raspberry Pi/ros2-ws/install/ranger_interfaces/share/ranger_interfaces/cmake/ament_cmake_export_libraries-extras.cmake
[22.809s] -- Up-to-date: /home/ranger/ROV-project/ROV-project/Raspberry Pi/ros2-ws/install/ranger_interfaces/share/ranger_interfaces/cmake/ament_cmake_export_targets-extras.cmake
[22.809s] -- Up-to-date: /home/ranger/ROV-project/ROV-project/Raspberry Pi/ros2-ws/install/ranger_interfaces/share/ranger_interfaces/cmake/rosidl_cmake_export_typesupport_targets-extras.cmake
[22.809s] -- Up-to-date: /home/ranger/ROV-project/ROV-project/Raspberry Pi/ros2-ws/install/ranger_interfaces/share/ranger_interfaces/cmake/ament_cmake_export_dependencies-extras.cmake
[22.809s] -- Up-to-date: /home/ranger/ROV-project/ROV-project/Raspberry Pi/ros2-ws/install/ranger_interfaces/share/ranger_interfaces/cmake/rosidl_cmake_export_typesupport_libraries-extras.cmake
[22.809s] -- Up-to-date: /home/ranger/ROV-project/ROV-project/Raspberry Pi/ros2-ws/install/ranger_interfaces/share/ranger_interfaces/cmake/ranger_interfacesConfig.cmake
[22.809s] -- Up-to-date: /home/ranger/ROV-project/ROV-project/Raspberry Pi/ros2-ws/install/ranger_interfaces/share/ranger_interfaces/cmake/ranger_interfacesConfig-version.cmake
[22.810s] -- Up-to-date: /home/ranger/ROV-project/ROV-project/Raspberry Pi/ros2-ws/install/ranger_interfaces/share/ranger_interfaces/package.xml
[22.813s] Invoked command in '/home/ranger/ROV-project/ROV-project/Raspberry Pi/ros2-ws/build/ranger_interfaces' returned '0': CMAKE_PREFIX_PATH=${CMAKE_PREFIX_PATH}:/opt/ros/kilted DEBUGINFOD_URLS=https://debuginfod.ubuntu.com /usr/bin/cmake --install /home/ranger/ROV-project/ROV-project/Raspberry Pi/ros2-ws/build/ranger_interfaces
