[0.017s] Invoking command in '/home/ranger/ROV-project/ROV-project/Raspberry Pi/ros2-ws/build/ranger_interfaces': CMAKE_PREFIX_PATH=${CMAKE_PREFIX_PATH}:/opt/ros/kilted DEBUGINFOD_URLS=https://debuginfod.ubuntu.com /usr/bin/cmake --build /home/ranger/ROV-project/ROV-project/Raspberry Pi/ros2-ws/build/ranger_interfaces -- -j4 -l4
[0.068s] -- Found ament_cmake: 2.7.3 (/opt/ros/kilted/share/ament_cmake/cmake)
[0.260s] -- Found rosidl_default_generators: 1.7.1 (/opt/ros/kilted/share/rosidl_default_generators/cmake)
[0.263s] -- Using all available rosidl_typesupport_c: rosidl_typesupport_fastrtps_c;rosidl_typesupport_introspection_c
[0.310s] -- Using all available rosidl_typesupport_cpp: rosidl_typesupport_fastrtps_cpp;rosidl_typesupport_introspection_cpp
[0.353s] -- Found rosidl_adapter: 4.9.4 (/opt/ros/kilted/share/rosidl_adapter/cmake)
[0.837s] -- Found ament_cmake_ros_core: 0.14.3 (/opt/ros/kilted/share/ament_cmake_ros_core/cmake)
[0.981s] -- Using all available rosidl_typesupport_c: rosidl_typesupport_fastrtps_c;rosidl_typesupport_introspection_c
[1.180s] -- Using all available rosidl_typesupport_cpp: rosidl_typesupport_fastrtps_cpp;rosidl_typesupport_introspection_cpp
[1.647s] -- Found Python3: /usr/bin/python3 (found version "3.12.3") found components: Interpreter Development NumPy Development.Module Development.Embed 
[1.678s] -- Found ament_lint_auto: 0.19.2 (/opt/ros/kilted/share/ament_lint_auto/cmake)
[1.695s] -- Added test 'lint_cmake' to check CMake code style
[1.697s] -- Added test 'xmllint' to check XML markup files
[1.700s] -- Configuring done (1.6s)
[1.874s] -- Generating done (0.2s)
[1.926s] -- Build files have been written to: /home/ranger/ROV-project/ROV-project/Raspberry Pi/ros2-ws/build/ranger_interfaces
[1.996s] [  1%] [34m[1mGenerating type hashes for ROS interfaces[0m
[2.016s] [  1%] Built target ament_cmake_python_copy_ranger_interfaces
[2.384s] running egg_info
[2.418s] writing ranger_interfaces.egg-info/PKG-INFO
[2.419s] writing dependency_links to ranger_interfaces.egg-info/dependency_links.txt
[2.421s] writing top-level names to ranger_interfaces.egg-info/top_level.txt
[2.438s] [  1%] Built target ranger_interfaces__rosidl_generator_type_description
[2.460s] [  2%] [34m[1mGenerating C code for ROS interfaces[0m
[2.483s] [  4%] [34m[1mGenerating C++ code for ROS interfaces[0m
[2.523s] reading manifest file 'ranger_interfaces.egg-info/SOURCES.txt'
[2.527s] writing manifest file 'ranger_interfaces.egg-info/SOURCES.txt'
[2.653s] [  4%] Built target ament_cmake_python_build_ranger_interfaces_egg
[3.334s] [  4%] Built target ranger_interfaces__cpp
[3.523s] [  6%] [32mBuilding C object CMakeFiles/ranger_interfaces__rosidl_generator_c.dir/rosidl_generator_c/ranger_interfaces/msg/detail/thruster_throttle__description.c.o[0m
[3.523s] [  8%] [32mBuilding C object CMakeFiles/ranger_interfaces__rosidl_generator_c.dir/rosidl_generator_c/ranger_interfaces/msg/detail/imu_accel__description.c.o[0m
[3.523s] [  8%] [32mBuilding C object CMakeFiles/ranger_interfaces__rosidl_generator_c.dir/rosidl_generator_c/ranger_interfaces/msg/detail/thruster_throttle__functions.c.o[0m
[3.523s] [  9%] [32mBuilding C object CMakeFiles/ranger_interfaces__rosidl_generator_c.dir/rosidl_generator_c/ranger_interfaces/msg/detail/thruster_throttle__type_support.c.o[0m
[3.605s] [ 10%] [32mBuilding C object CMakeFiles/ranger_interfaces__rosidl_generator_c.dir/rosidl_generator_c/ranger_interfaces/msg/detail/imu_accel__functions.c.o[0m
[3.625s] [ 13%] [32mBuilding C object CMakeFiles/ranger_interfaces__rosidl_generator_c.dir/rosidl_generator_c/ranger_interfaces/msg/detail/imu_accel__type_support.c.o[0m
[3.626s] [ 13%] [32mBuilding C object CMakeFiles/ranger_interfaces__rosidl_generator_c.dir/rosidl_generator_c/ranger_interfaces/msg/detail/imu_gyro__description.c.o[0m
[3.676s] [ 14%] [32mBuilding C object CMakeFiles/ranger_interfaces__rosidl_generator_c.dir/rosidl_generator_c/ranger_interfaces/msg/detail/imu_gyro__functions.c.o[0m
[3.724s] [ 16%] [32mBuilding C object CMakeFiles/ranger_interfaces__rosidl_generator_c.dir/rosidl_generator_c/ranger_interfaces/msg/detail/imu_magnet__description.c.o[0m
[3.732s] [ 17%] [32mBuilding C object CMakeFiles/ranger_interfaces__rosidl_generator_c.dir/rosidl_generator_c/ranger_interfaces/msg/detail/imu_gyro__type_support.c.o[0m
[3.735s] [ 18%] [32mBuilding C object CMakeFiles/ranger_interfaces__rosidl_generator_c.dir/rosidl_generator_c/ranger_interfaces/msg/detail/imu_magnet__functions.c.o[0m
[3.812s] [ 20%] [32mBuilding C object CMakeFiles/ranger_interfaces__rosidl_generator_c.dir/rosidl_generator_c/ranger_interfaces/msg/detail/imu_magnet__type_support.c.o[0m
[3.825s] [ 21%] [32mBuilding C object CMakeFiles/ranger_interfaces__rosidl_generator_c.dir/rosidl_generator_c/ranger_interfaces/msg/detail/ultrasonic_distance__description.c.o[0m
[3.825s] [ 22%] [32mBuilding C object CMakeFiles/ranger_interfaces__rosidl_generator_c.dir/rosidl_generator_c/ranger_interfaces/msg/detail/ultrasonic_distance__functions.c.o[0m
[3.894s] [ 24%] [32mBuilding C object CMakeFiles/ranger_interfaces__rosidl_generator_c.dir/rosidl_generator_c/ranger_interfaces/msg/detail/ultrasonic_distance__type_support.c.o[0m
[3.971s] [ 25%] [32m[1mLinking C shared library libranger_interfaces__rosidl_generator_c.so[0m
[4.154s] [ 25%] Built target ranger_interfaces__rosidl_generator_c
[4.180s] [ 27%] [34m[1mGenerating C++ type support dispatch for ROS interfaces[0m
[4.180s] [ 29%] [34m[1mGenerating C introspection for ROS interfaces[0m
[4.180s] [ 29%] [34m[1mGenerating C++ introspection for ROS interfaces[0m
[4.181s] [ 31%] [34m[1mGenerating C type support for eProsima Fast-RTPS[0m
[4.884s] [ 32%] [32mBuilding CXX object CMakeFiles/ranger_interfaces__rosidl_typesupport_cpp.dir/rosidl_typesupport_cpp/ranger_interfaces/msg/thruster_throttle__type_support.cpp.o[0m
[5.148s] [ 33%] [32mBuilding CXX object CMakeFiles/ranger_interfaces__rosidl_typesupport_introspection_cpp.dir/rosidl_typesupport_introspection_cpp/ranger_interfaces/msg/detail/thruster_throttle__type_support.cpp.o[0m
[5.241s] [ 35%] [32mBuilding C object CMakeFiles/ranger_interfaces__rosidl_typesupport_introspection_c.dir/rosidl_typesupport_introspection_c/ranger_interfaces/msg/detail/thruster_throttle__type_support.c.o[0m
[5.341s] [ 37%] [32mBuilding C object CMakeFiles/ranger_interfaces__rosidl_typesupport_introspection_c.dir/rosidl_typesupport_introspection_c/ranger_interfaces/msg/detail/imu_accel__type_support.c.o[0m
[5.346s] [ 37%] [32mBuilding CXX object CMakeFiles/ranger_interfaces__rosidl_typesupport_fastrtps_c.dir/rosidl_typesupport_fastrtps_c/ranger_interfaces/msg/detail/thruster_throttle__type_support_c.cpp.o[0m
[5.443s] [ 39%] [32mBuilding C object CMakeFiles/ranger_interfaces__rosidl_typesupport_introspection_c.dir/rosidl_typesupport_introspection_c/ranger_interfaces/msg/detail/imu_gyro__type_support.c.o[0m
[5.544s] [ 40%] [32mBuilding C object CMakeFiles/ranger_interfaces__rosidl_typesupport_introspection_c.dir/rosidl_typesupport_introspection_c/ranger_interfaces/msg/detail/imu_magnet__type_support.c.o[0m
[5.644s] [ 41%] [32mBuilding C object CMakeFiles/ranger_interfaces__rosidl_typesupport_introspection_c.dir/rosidl_typesupport_introspection_c/ranger_interfaces/msg/detail/ultrasonic_distance__type_support.c.o[0m
[5.737s] [ 44%] [32m[1mLinking C shared library libranger_interfaces__rosidl_typesupport_introspection_c.so[0m
[5.740s] [ 44%] [32mBuilding CXX object CMakeFiles/ranger_interfaces__rosidl_typesupport_cpp.dir/rosidl_typesupport_cpp/ranger_interfaces/msg/imu_accel__type_support.cpp.o[0m
[5.832s] [ 44%] Built target ranger_interfaces__rosidl_typesupport_introspection_c
[5.856s] [ 45%] [32mBuilding CXX object CMakeFiles/ranger_interfaces__rosidl_typesupport_cpp.dir/rosidl_typesupport_cpp/ranger_interfaces/msg/imu_gyro__type_support.cpp.o[0m
[6.029s] [ 47%] [32mBuilding CXX object CMakeFiles/ranger_interfaces__rosidl_typesupport_introspection_cpp.dir/rosidl_typesupport_introspection_cpp/ranger_interfaces/msg/detail/imu_accel__type_support.cpp.o[0m
[6.625s] [ 48%] [32mBuilding CXX object CMakeFiles/ranger_interfaces__rosidl_typesupport_fastrtps_c.dir/rosidl_typesupport_fastrtps_c/ranger_interfaces/msg/detail/imu_accel__type_support_c.cpp.o[0m
[6.698s] [ 50%] [34m[1mGenerating C type support dispatch for ROS interfaces[0m
[6.715s] [ 51%] [32mBuilding CXX object CMakeFiles/ranger_interfaces__rosidl_typesupport_cpp.dir/rosidl_typesupport_cpp/ranger_interfaces/msg/imu_magnet__type_support.cpp.o[0m
[6.856s] [ 52%] [32mBuilding CXX object CMakeFiles/ranger_interfaces__rosidl_typesupport_introspection_cpp.dir/rosidl_typesupport_introspection_cpp/ranger_interfaces/msg/detail/imu_gyro__type_support.cpp.o[0m
[7.559s] [ 54%] [32mBuilding CXX object CMakeFiles/ranger_interfaces__rosidl_typesupport_cpp.dir/rosidl_typesupport_cpp/ranger_interfaces/msg/ultrasonic_distance__type_support.cpp.o[0m
[7.594s] [ 55%] [32mBuilding CXX object CMakeFiles/ranger_interfaces__rosidl_typesupport_c.dir/rosidl_typesupport_c/ranger_interfaces/msg/thruster_throttle__type_support.cpp.o[0m
[7.702s] [ 56%] [32mBuilding CXX object CMakeFiles/ranger_interfaces__rosidl_typesupport_c.dir/rosidl_typesupport_c/ranger_interfaces/msg/imu_accel__type_support.cpp.o[0m
[7.725s] [ 58%] [32mBuilding CXX object CMakeFiles/ranger_interfaces__rosidl_typesupport_introspection_cpp.dir/rosidl_typesupport_introspection_cpp/ranger_interfaces/msg/detail/imu_magnet__type_support.cpp.o[0m
[7.801s] [ 59%] [32mBuilding CXX object CMakeFiles/ranger_interfaces__rosidl_typesupport_fastrtps_c.dir/rosidl_typesupport_fastrtps_c/ranger_interfaces/msg/detail/imu_gyro__type_support_c.cpp.o[0m
[7.839s] [ 60%] [32mBuilding CXX object CMakeFiles/ranger_interfaces__rosidl_typesupport_c.dir/rosidl_typesupport_c/ranger_interfaces/msg/imu_gyro__type_support.cpp.o[0m
[7.936s] [ 62%] [32mBuilding CXX object CMakeFiles/ranger_interfaces__rosidl_typesupport_c.dir/rosidl_typesupport_c/ranger_interfaces/msg/imu_magnet__type_support.cpp.o[0m
[8.046s] [ 63%] [32mBuilding CXX object CMakeFiles/ranger_interfaces__rosidl_typesupport_c.dir/rosidl_typesupport_c/ranger_interfaces/msg/ultrasonic_distance__type_support.cpp.o[0m
[8.150s] [ 64%] [32m[1mLinking CXX shared library libranger_interfaces__rosidl_typesupport_c.so[0m
[8.265s] [ 64%] Built target ranger_interfaces__rosidl_typesupport_c
[8.290s] [ 66%] [32mBuilding CXX object CMakeFiles/ranger_interfaces__rosidl_typesupport_fastrtps_c.dir/rosidl_typesupport_fastrtps_c/ranger_interfaces/msg/detail/imu_magnet__type_support_c.cpp.o[0m
[8.463s] [ 67%] [32m[1mLinking CXX shared library libranger_interfaces__rosidl_typesupport_cpp.so[0m
[8.575s] [ 68%] [32mBuilding CXX object CMakeFiles/ranger_interfaces__rosidl_typesupport_introspection_cpp.dir/rosidl_typesupport_introspection_cpp/ranger_interfaces/msg/detail/ultrasonic_distance__type_support.cpp.o[0m
[8.588s] [ 68%] Built target ranger_interfaces__rosidl_typesupport_cpp
[8.629s] [ 70%] [32mBuilding CXX object CMakeFiles/ranger_interfaces__rosidl_typesupport_fastrtps_c.dir/rosidl_typesupport_fastrtps_c/ranger_interfaces/msg/detail/ultrasonic_distance__type_support_c.cpp.o[0m
[9.067s] [ 71%] [34m[1mGenerating C++ type support for eProsima Fast-RTPS[0m
[9.399s] [ 72%] [32m[1mLinking CXX shared library libranger_interfaces__rosidl_typesupport_introspection_cpp.so[0m
[9.511s] [ 72%] Built target ranger_interfaces__rosidl_typesupport_introspection_cpp
[9.738s] [ 74%] [32m[1mLinking CXX shared library libranger_interfaces__rosidl_typesupport_fastrtps_c.so[0m
[9.862s] [ 74%] Built target ranger_interfaces__rosidl_typesupport_fastrtps_c
[9.957s] [ 75%] [32mBuilding CXX object CMakeFiles/ranger_interfaces__rosidl_typesupport_fastrtps_cpp.dir/rosidl_typesupport_fastrtps_cpp/ranger_interfaces/msg/detail/dds_fastrtps/imu_accel__type_support.cpp.o[0m
[9.957s] [ 77%] [32mBuilding CXX object CMakeFiles/ranger_interfaces__rosidl_typesupport_fastrtps_cpp.dir/rosidl_typesupport_fastrtps_cpp/ranger_interfaces/msg/detail/dds_fastrtps/imu_gyro__type_support.cpp.o[0m
[9.968s] [ 78%] [32mBuilding CXX object CMakeFiles/ranger_interfaces__rosidl_typesupport_fastrtps_cpp.dir/rosidl_typesupport_fastrtps_cpp/ranger_interfaces/msg/detail/dds_fastrtps/thruster_throttle__type_support.cpp.o[0m
[9.970s] [ 79%] [32mBuilding CXX object CMakeFiles/ranger_interfaces__rosidl_typesupport_fastrtps_cpp.dir/rosidl_typesupport_fastrtps_cpp/ranger_interfaces/msg/detail/dds_fastrtps/imu_magnet__type_support.cpp.o[0m
[11.250s] [ 81%] [32mBuilding CXX object CMakeFiles/ranger_interfaces__rosidl_typesupport_fastrtps_cpp.dir/rosidl_typesupport_fastrtps_cpp/ranger_interfaces/msg/detail/dds_fastrtps/ultrasonic_distance__type_support.cpp.o[0m
[11.999s] [ 82%] [32m[1mLinking CXX shared library libranger_interfaces__rosidl_typesupport_fastrtps_cpp.so[0m
[12.099s] [ 82%] Built target ranger_interfaces__rosidl_typesupport_fastrtps_cpp
[12.145s] [ 82%] Built target ranger_interfaces
[12.186s] [ 83%] [34m[1mGenerating Python code for ROS interfaces[0m
[13.017s] [ 83%] Built target ranger_interfaces__py
[13.123s] [ 85%] [32mBuilding C object CMakeFiles/ranger_interfaces__rosidl_generator_py.dir/rosidl_generator_py/ranger_interfaces/msg/_thruster_throttle_s.c.o[0m
[13.125s] [ 86%] [32mBuilding C object CMakeFiles/ranger_interfaces__rosidl_generator_py.dir/rosidl_generator_py/ranger_interfaces/msg/_imu_magnet_s.c.o[0m
[13.139s] [ 87%] [32mBuilding C object CMakeFiles/ranger_interfaces__rosidl_generator_py.dir/rosidl_generator_py/ranger_interfaces/msg/_imu_accel_s.c.o[0m
[13.144s] [ 89%] [32mBuilding C object CMakeFiles/ranger_interfaces__rosidl_generator_py.dir/rosidl_generator_py/ranger_interfaces/msg/_imu_gyro_s.c.o[0m
[13.480s] [ 90%] [32mBuilding C object CMakeFiles/ranger_interfaces__rosidl_generator_py.dir/rosidl_generator_py/ranger_interfaces/msg/_ultrasonic_distance_s.c.o[0m
[13.676s] [ 91%] [32m[1mLinking C shared library libranger_interfaces__rosidl_generator_py.so[0m
[13.774s] [ 91%] Built target ranger_interfaces__rosidl_generator_py
[13.822s] [ 95%] [32mBuilding C object CMakeFiles/ranger_interfaces_s__rosidl_typesupport_fastrtps_c.dir/rosidl_generator_py/ranger_interfaces/_ranger_interfaces_s.ep.rosidl_typesupport_fastrtps_c.c.o[0m
[13.822s] [ 95%] [32mBuilding C object CMakeFiles/ranger_interfaces_s__rosidl_typesupport_introspection_c.dir/rosidl_generator_py/ranger_interfaces/_ranger_interfaces_s.ep.rosidl_typesupport_introspection_c.c.o[0m
[13.822s] [ 95%] [32mBuilding C object CMakeFiles/ranger_interfaces_s__rosidl_typesupport_c.dir/rosidl_generator_py/ranger_interfaces/_ranger_interfaces_s.ep.rosidl_typesupport_c.c.o[0m
[14.077s] [ 97%] [32m[1mLinking C shared module rosidl_generator_py/ranger_interfaces/ranger_interfaces_s__rosidl_typesupport_introspection_c.so[0m
[14.084s] [ 98%] [32m[1mLinking C shared module rosidl_generator_py/ranger_interfaces/ranger_interfaces_s__rosidl_typesupport_fastrtps_c.so[0m
[14.093s] [100%] [32m[1mLinking C shared module rosidl_generator_py/ranger_interfaces/ranger_interfaces_s__rosidl_typesupport_c.so[0m
[14.159s] [100%] Built target ranger_interfaces_s__rosidl_typesupport_introspection_c
[14.160s] [100%] Built target ranger_interfaces_s__rosidl_typesupport_c
[14.170s] [100%] Built target ranger_interfaces_s__rosidl_typesupport_fastrtps_c
[14.194s] Invoked command in '/home/ranger/ROV-project/ROV-project/Raspberry Pi/ros2-ws/build/ranger_interfaces' returned '0': CMAKE_PREFIX_PATH=${CMAKE_PREFIX_PATH}:/opt/ros/kilted DEBUGINFOD_URLS=https://debuginfod.ubuntu.com /usr/bin/cmake --build /home/ranger/ROV-project/ROV-project/Raspberry Pi/ros2-ws/build/ranger_interfaces -- -j4 -l4
[14.212s] Invoking command in '/home/ranger/ROV-project/ROV-project/Raspberry Pi/ros2-ws/build/ranger_interfaces': CMAKE_PREFIX_PATH=${CMAKE_PREFIX_PATH}:/opt/ros/kilted DEBUGINFOD_URLS=https://debuginfod.ubuntu.com /usr/bin/cmake --install /home/ranger/ROV-project/ROV-project/Raspberry Pi/ros2-ws/build/ranger_interfaces
[14.228s] -- Install configuration: ""
[14.228s] -- Installing: /home/ranger/ROV-project/ROV-project/Raspberry Pi/ros2-ws/install/ranger_interfaces/share/ament_index/resource_index/rosidl_interfaces/ranger_interfaces
[14.228s] -- Installing: /home/ranger/ROV-project/ROV-project/Raspberry Pi/ros2-ws/install/ranger_interfaces/share/ranger_interfaces/msg/ThrusterThrottle.json
[14.229s] -- Installing: /home/ranger/ROV-project/ROV-project/Raspberry Pi/ros2-ws/install/ranger_interfaces/share/ranger_interfaces/msg/IMUAccel.json
[14.229s] -- Installing: /home/ranger/ROV-project/ROV-project/Raspberry Pi/ros2-ws/install/ranger_interfaces/share/ranger_interfaces/msg/IMUGyro.json
[14.231s] -- Installing: /home/ranger/ROV-project/ROV-project/Raspberry Pi/ros2-ws/install/ranger_interfaces/share/ranger_interfaces/msg/IMUMagnet.json
[14.231s] -- Installing: /home/ranger/ROV-project/ROV-project/Raspberry Pi/ros2-ws/install/ranger_interfaces/share/ranger_interfaces/msg/UltrasonicDistance.json
[14.231s] -- Up-to-date: /home/ranger/ROV-project/ROV-project/Raspberry Pi/ros2-ws/install/ranger_interfaces/include/ranger_interfaces/ranger_interfaces
[14.231s] -- Up-to-date: /home/ranger/ROV-project/ROV-project/Raspberry Pi/ros2-ws/install/ranger_interfaces/include/ranger_interfaces/ranger_interfaces/msg
[14.232s] -- Installing: /home/ranger/ROV-project/ROV-project/Raspberry Pi/ros2-ws/install/ranger_interfaces/include/ranger_interfaces/ranger_interfaces/msg/imu_gyro.h
[14.232s] -- Up-to-date: /home/ranger/ROV-project/ROV-project/Raspberry Pi/ros2-ws/install/ranger_interfaces/include/ranger_interfaces/ranger_interfaces/msg/rosidl_generator_c__visibility_control.h
[14.232s] -- Installing: /home/ranger/ROV-project/ROV-project/Raspberry Pi/ros2-ws/install/ranger_interfaces/include/ranger_interfaces/ranger_interfaces/msg/thruster_throttle.h
[14.232s] -- Up-to-date: /home/ranger/ROV-project/ROV-project/Raspberry Pi/ros2-ws/install/ranger_interfaces/include/ranger_interfaces/ranger_interfaces/msg/detail
[14.232s] -- Installing: /home/ranger/ROV-project/ROV-project/Raspberry Pi/ros2-ws/install/ranger_interfaces/include/ranger_interfaces/ranger_interfaces/msg/detail/imu_gyro__type_support.c
[14.232s] -- Installing: /home/ranger/ROV-project/ROV-project/Raspberry Pi/ros2-ws/install/ranger_interfaces/include/ranger_interfaces/ranger_interfaces/msg/detail/thruster_throttle__description.c
[14.233s] -- Installing: /home/ranger/ROV-project/ROV-project/Raspberry Pi/ros2-ws/install/ranger_interfaces/include/ranger_interfaces/ranger_interfaces/msg/detail/imu_gyro__struct.h
[14.233s] -- Installing: /home/ranger/ROV-project/ROV-project/Raspberry Pi/ros2-ws/install/ranger_interfaces/include/ranger_interfaces/ranger_interfaces/msg/detail/ultrasonic_distance__functions.c
[14.233s] -- Installing: /home/ranger/ROV-project/ROV-project/Raspberry Pi/ros2-ws/install/ranger_interfaces/include/ranger_interfaces/ranger_interfaces/msg/detail/imu_magnet__type_support.h
[14.233s] -- Installing: /home/ranger/ROV-project/ROV-project/Raspberry Pi/ros2-ws/install/ranger_interfaces/include/ranger_interfaces/ranger_interfaces/msg/detail/imu_accel__description.c
[14.233s] -- Installing: /home/ranger/ROV-project/ROV-project/Raspberry Pi/ros2-ws/install/ranger_interfaces/include/ranger_interfaces/ranger_interfaces/msg/detail/ultrasonic_distance__type_support.h
[14.233s] -- Installing: /home/ranger/ROV-project/ROV-project/Raspberry Pi/ros2-ws/install/ranger_interfaces/include/ranger_interfaces/ranger_interfaces/msg/detail/thruster_throttle__type_support.h
[14.233s] -- Installing: /home/ranger/ROV-project/ROV-project/Raspberry Pi/ros2-ws/install/ranger_interfaces/include/ranger_interfaces/ranger_interfaces/msg/detail/imu_accel__type_support.c
[14.233s] -- Installing: /home/ranger/ROV-project/ROV-project/Raspberry Pi/ros2-ws/install/ranger_interfaces/include/ranger_interfaces/ranger_interfaces/msg/detail/imu_magnet__struct.h
[14.233s] -- Installing: /home/ranger/ROV-project/ROV-project/Raspberry Pi/ros2-ws/install/ranger_interfaces/include/ranger_interfaces/ranger_interfaces/msg/detail/imu_magnet__description.c
[14.233s] -- Installing: /home/ranger/ROV-project/ROV-project/Raspberry Pi/ros2-ws/install/ranger_interfaces/include/ranger_interfaces/ranger_interfaces/msg/detail/imu_gyro__type_support.h
[14.234s] -- Installing: /home/ranger/ROV-project/ROV-project/Raspberry Pi/ros2-ws/install/ranger_interfaces/include/ranger_interfaces/ranger_interfaces/msg/detail/imu_accel__functions.h
[14.234s] -- Installing: /home/ranger/ROV-project/ROV-project/Raspberry Pi/ros2-ws/install/ranger_interfaces/include/ranger_interfaces/ranger_interfaces/msg/detail/ultrasonic_distance__functions.h
[14.234s] -- Installing: /home/ranger/ROV-project/ROV-project/Raspberry Pi/ros2-ws/install/ranger_interfaces/include/ranger_interfaces/ranger_interfaces/msg/detail/thruster_throttle__type_support.c
[14.234s] -- Installing: /home/ranger/ROV-project/ROV-project/Raspberry Pi/ros2-ws/install/ranger_interfaces/include/ranger_interfaces/ranger_interfaces/msg/detail/ultrasonic_distance__description.c
[14.234s] -- Installing: /home/ranger/ROV-project/ROV-project/Raspberry Pi/ros2-ws/install/ranger_interfaces/include/ranger_interfaces/ranger_interfaces/msg/detail/ultrasonic_distance__type_support.c
[14.234s] -- Installing: /home/ranger/ROV-project/ROV-project/Raspberry Pi/ros2-ws/install/ranger_interfaces/include/ranger_interfaces/ranger_interfaces/msg/detail/imu_gyro__functions.h
[14.234s] -- Installing: /home/ranger/ROV-project/ROV-project/Raspberry Pi/ros2-ws/install/ranger_interfaces/include/ranger_interfaces/ranger_interfaces/msg/detail/imu_gyro__description.c
[14.234s] -- Installing: /home/ranger/ROV-project/ROV-project/Raspberry Pi/ros2-ws/install/ranger_interfaces/include/ranger_interfaces/ranger_interfaces/msg/detail/imu_accel__type_support.h
[14.234s] -- Installing: /home/ranger/ROV-project/ROV-project/Raspberry Pi/ros2-ws/install/ranger_interfaces/include/ranger_interfaces/ranger_interfaces/msg/detail/imu_magnet__functions.h
[14.235s] -- Installing: /home/ranger/ROV-project/ROV-project/Raspberry Pi/ros2-ws/install/ranger_interfaces/include/ranger_interfaces/ranger_interfaces/msg/detail/imu_accel__functions.c
[14.235s] -- Installing: /home/ranger/ROV-project/ROV-project/Raspberry Pi/ros2-ws/install/ranger_interfaces/include/ranger_interfaces/ranger_interfaces/msg/detail/ultrasonic_distance__struct.h
[14.235s] -- Installing: /home/ranger/ROV-project/ROV-project/Raspberry Pi/ros2-ws/install/ranger_interfaces/include/ranger_interfaces/ranger_interfaces/msg/detail/imu_magnet__functions.c
[14.235s] -- Installing: /home/ranger/ROV-project/ROV-project/Raspberry Pi/ros2-ws/install/ranger_interfaces/include/ranger_interfaces/ranger_interfaces/msg/detail/thruster_throttle__functions.c
[14.237s] -- Installing: /home/ranger/ROV-project/ROV-project/Raspberry Pi/ros2-ws/install/ranger_interfaces/include/ranger_interfaces/ranger_interfaces/msg/detail/imu_accel__struct.h
[14.237s] -- Installing: /home/ranger/ROV-project/ROV-project/Raspberry Pi/ros2-ws/install/ranger_interfaces/include/ranger_interfaces/ranger_interfaces/msg/detail/imu_magnet__type_support.c
[14.237s] -- Installing: /home/ranger/ROV-project/ROV-project/Raspberry Pi/ros2-ws/install/ranger_interfaces/include/ranger_interfaces/ranger_interfaces/msg/detail/imu_gyro__functions.c
[14.237s] -- Installing: /home/ranger/ROV-project/ROV-project/Raspberry Pi/ros2-ws/install/ranger_interfaces/include/ranger_interfaces/ranger_interfaces/msg/detail/thruster_throttle__functions.h
[14.237s] -- Installing: /home/ranger/ROV-project/ROV-project/Raspberry Pi/ros2-ws/install/ranger_interfaces/include/ranger_interfaces/ranger_interfaces/msg/detail/thruster_throttle__struct.h
[14.238s] -- Installing: /home/ranger/ROV-project/ROV-project/Raspberry Pi/ros2-ws/install/ranger_interfaces/include/ranger_interfaces/ranger_interfaces/msg/imu_accel.h
[14.238s] -- Installing: /home/ranger/ROV-project/ROV-project/Raspberry Pi/ros2-ws/install/ranger_interfaces/include/ranger_interfaces/ranger_interfaces/msg/ultrasonic_distance.h
[14.238s] -- Installing: /home/ranger/ROV-project/ROV-project/Raspberry Pi/ros2-ws/install/ranger_interfaces/include/ranger_interfaces/ranger_interfaces/msg/imu_magnet.h
[14.238s] -- Up-to-date: /home/ranger/ROV-project/ROV-project/Raspberry Pi/ros2-ws/install/ranger_interfaces/share/ranger_interfaces/environment/library_path.sh
[14.238s] -- Up-to-date: /home/ranger/ROV-project/ROV-project/Raspberry Pi/ros2-ws/install/ranger_interfaces/share/ranger_interfaces/environment/library_path.dsv
[14.238s] -- Installing: /home/ranger/ROV-project/ROV-project/Raspberry Pi/ros2-ws/install/ranger_interfaces/lib/libranger_interfaces__rosidl_generator_c.so
[14.241s] -- Set non-toolchain portion of runtime path of "/home/ranger/ROV-project/ROV-project/Raspberry Pi/ros2-ws/install/ranger_interfaces/lib/libranger_interfaces__rosidl_generator_c.so" to ""
[14.241s] -- Up-to-date: /home/ranger/ROV-project/ROV-project/Raspberry Pi/ros2-ws/install/ranger_interfaces/include/ranger_interfaces/ranger_interfaces
[14.241s] -- Up-to-date: /home/ranger/ROV-project/ROV-project/Raspberry Pi/ros2-ws/install/ranger_interfaces/include/ranger_interfaces/ranger_interfaces/msg
[14.242s] -- Up-to-date: /home/ranger/ROV-project/ROV-project/Raspberry Pi/ros2-ws/install/ranger_interfaces/include/ranger_interfaces/ranger_interfaces/msg/rosidl_typesupport_fastrtps_c__visibility_control.h
[14.242s] -- Up-to-date: /home/ranger/ROV-project/ROV-project/Raspberry Pi/ros2-ws/install/ranger_interfaces/include/ranger_interfaces/ranger_interfaces/msg/detail
[14.242s] -- Installing: /home/ranger/ROV-project/ROV-project/Raspberry Pi/ros2-ws/install/ranger_interfaces/include/ranger_interfaces/ranger_interfaces/msg/detail/imu_gyro__rosidl_typesupport_fastrtps_c.h
[14.242s] -- Installing: /home/ranger/ROV-project/ROV-project/Raspberry Pi/ros2-ws/install/ranger_interfaces/include/ranger_interfaces/ranger_interfaces/msg/detail/ultrasonic_distance__rosidl_typesupport_fastrtps_c.h
[14.243s] -- Installing: /home/ranger/ROV-project/ROV-project/Raspberry Pi/ros2-ws/install/ranger_interfaces/include/ranger_interfaces/ranger_interfaces/msg/detail/imu_magnet__rosidl_typesupport_fastrtps_c.h
[14.243s] -- Installing: /home/ranger/ROV-project/ROV-project/Raspberry Pi/ros2-ws/install/ranger_interfaces/include/ranger_interfaces/ranger_interfaces/msg/detail/thruster_throttle__rosidl_typesupport_fastrtps_c.h
[14.243s] -- Installing: /home/ranger/ROV-project/ROV-project/Raspberry Pi/ros2-ws/install/ranger_interfaces/include/ranger_interfaces/ranger_interfaces/msg/detail/imu_accel__rosidl_typesupport_fastrtps_c.h
[14.243s] -- Installing: /home/ranger/ROV-project/ROV-project/Raspberry Pi/ros2-ws/install/ranger_interfaces/lib/libranger_interfaces__rosidl_typesupport_fastrtps_c.so
[14.243s] -- Set non-toolchain portion of runtime path of "/home/ranger/ROV-project/ROV-project/Raspberry Pi/ros2-ws/install/ranger_interfaces/lib/libranger_interfaces__rosidl_typesupport_fastrtps_c.so" to ""
[14.243s] -- Up-to-date: /home/ranger/ROV-project/ROV-project/Raspberry Pi/ros2-ws/install/ranger_interfaces/include/ranger_interfaces/ranger_interfaces
[14.243s] -- Up-to-date: /home/ranger/ROV-project/ROV-project/Raspberry Pi/ros2-ws/install/ranger_interfaces/include/ranger_interfaces/ranger_interfaces/msg
[14.244s] -- Up-to-date: /home/ranger/ROV-project/ROV-project/Raspberry Pi/ros2-ws/install/ranger_interfaces/include/ranger_interfaces/ranger_interfaces/msg/detail
[14.244s] -- Installing: /home/ranger/ROV-project/ROV-project/Raspberry Pi/ros2-ws/install/ranger_interfaces/include/ranger_interfaces/ranger_interfaces/msg/detail/imu_gyro__type_support.c
[14.244s] -- Installing: /home/ranger/ROV-project/ROV-project/Raspberry Pi/ros2-ws/install/ranger_interfaces/include/ranger_interfaces/ranger_interfaces/msg/detail/thruster_throttle__rosidl_typesupport_introspection_c.h
[14.244s] -- Installing: /home/ranger/ROV-project/ROV-project/Raspberry Pi/ros2-ws/install/ranger_interfaces/include/ranger_interfaces/ranger_interfaces/msg/detail/imu_accel__rosidl_typesupport_introspection_c.h
[14.244s] -- Installing: /home/ranger/ROV-project/ROV-project/Raspberry Pi/ros2-ws/install/ranger_interfaces/include/ranger_interfaces/ranger_interfaces/msg/detail/ultrasonic_distance__rosidl_typesupport_introspection_c.h
[14.244s] -- Installing: /home/ranger/ROV-project/ROV-project/Raspberry Pi/ros2-ws/install/ranger_interfaces/include/ranger_interfaces/ranger_interfaces/msg/detail/imu_accel__type_support.c
[14.244s] -- Installing: /home/ranger/ROV-project/ROV-project/Raspberry Pi/ros2-ws/install/ranger_interfaces/include/ranger_interfaces/ranger_interfaces/msg/detail/imu_gyro__rosidl_typesupport_introspection_c.h
[14.244s] -- Installing: /home/ranger/ROV-project/ROV-project/Raspberry Pi/ros2-ws/install/ranger_interfaces/include/ranger_interfaces/ranger_interfaces/msg/detail/thruster_throttle__type_support.c
[14.244s] -- Installing: /home/ranger/ROV-project/ROV-project/Raspberry Pi/ros2-ws/install/ranger_interfaces/include/ranger_interfaces/ranger_interfaces/msg/detail/ultrasonic_distance__type_support.c
[14.245s] -- Installing: /home/ranger/ROV-project/ROV-project/Raspberry Pi/ros2-ws/install/ranger_interfaces/include/ranger_interfaces/ranger_interfaces/msg/detail/imu_magnet__type_support.c
[14.245s] -- Installing: /home/ranger/ROV-project/ROV-project/Raspberry Pi/ros2-ws/install/ranger_interfaces/include/ranger_interfaces/ranger_interfaces/msg/detail/imu_magnet__rosidl_typesupport_introspection_c.h
[14.245s] -- Up-to-date: /home/ranger/ROV-project/ROV-project/Raspberry Pi/ros2-ws/install/ranger_interfaces/include/ranger_interfaces/ranger_interfaces/msg/rosidl_typesupport_introspection_c__visibility_control.h
[14.245s] -- Installing: /home/ranger/ROV-project/ROV-project/Raspberry Pi/ros2-ws/install/ranger_interfaces/lib/libranger_interfaces__rosidl_typesupport_introspection_c.so
[14.246s] -- Set non-toolchain portion of runtime path of "/home/ranger/ROV-project/ROV-project/Raspberry Pi/ros2-ws/install/ranger_interfaces/lib/libranger_interfaces__rosidl_typesupport_introspection_c.so" to ""
[14.246s] -- Installing: /home/ranger/ROV-project/ROV-project/Raspberry Pi/ros2-ws/install/ranger_interfaces/lib/libranger_interfaces__rosidl_typesupport_c.so
[14.247s] -- Set non-toolchain portion of runtime path of "/home/ranger/ROV-project/ROV-project/Raspberry Pi/ros2-ws/install/ranger_interfaces/lib/libranger_interfaces__rosidl_typesupport_c.so" to ""
[14.247s] -- Up-to-date: /home/ranger/ROV-project/ROV-project/Raspberry Pi/ros2-ws/install/ranger_interfaces/include/ranger_interfaces/ranger_interfaces
[14.247s] -- Up-to-date: /home/ranger/ROV-project/ROV-project/Raspberry Pi/ros2-ws/install/ranger_interfaces/include/ranger_interfaces/ranger_interfaces/msg
[14.247s] -- Installing: /home/ranger/ROV-project/ROV-project/Raspberry Pi/ros2-ws/install/ranger_interfaces/include/ranger_interfaces/ranger_interfaces/msg/imu_magnet.hpp
[14.247s] -- Installing: /home/ranger/ROV-project/ROV-project/Raspberry Pi/ros2-ws/install/ranger_interfaces/include/ranger_interfaces/ranger_interfaces/msg/imu_accel.hpp
[14.247s] -- Installing: /home/ranger/ROV-project/ROV-project/Raspberry Pi/ros2-ws/install/ranger_interfaces/include/ranger_interfaces/ranger_interfaces/msg/ultrasonic_distance.hpp
[14.248s] -- Up-to-date: /home/ranger/ROV-project/ROV-project/Raspberry Pi/ros2-ws/install/ranger_interfaces/include/ranger_interfaces/ranger_interfaces/msg/detail
[14.248s] -- Installing: /home/ranger/ROV-project/ROV-project/Raspberry Pi/ros2-ws/install/ranger_interfaces/include/ranger_interfaces/ranger_interfaces/msg/detail/imu_gyro__builder.hpp
[14.248s] -- Installing: /home/ranger/ROV-project/ROV-project/Raspberry Pi/ros2-ws/install/ranger_interfaces/include/ranger_interfaces/ranger_interfaces/msg/detail/ultrasonic_distance__struct.hpp
[14.248s] -- Installing: /home/ranger/ROV-project/ROV-project/Raspberry Pi/ros2-ws/install/ranger_interfaces/include/ranger_interfaces/ranger_interfaces/msg/detail/imu_gyro__type_support.hpp
[14.248s] -- Installing: /home/ranger/ROV-project/ROV-project/Raspberry Pi/ros2-ws/install/ranger_interfaces/include/ranger_interfaces/ranger_interfaces/msg/detail/thruster_throttle__type_support.hpp
[14.248s] -- Installing: /home/ranger/ROV-project/ROV-project/Raspberry Pi/ros2-ws/install/ranger_interfaces/include/ranger_interfaces/ranger_interfaces/msg/detail/imu_magnet__type_support.hpp
[14.249s] -- Installing: /home/ranger/ROV-project/ROV-project/Raspberry Pi/ros2-ws/install/ranger_interfaces/include/ranger_interfaces/ranger_interfaces/msg/detail/thruster_throttle__traits.hpp
[14.249s] -- Installing: /home/ranger/ROV-project/ROV-project/Raspberry Pi/ros2-ws/install/ranger_interfaces/include/ranger_interfaces/ranger_interfaces/msg/detail/imu_accel__traits.hpp
[14.249s] -- Installing: /home/ranger/ROV-project/ROV-project/Raspberry Pi/ros2-ws/install/ranger_interfaces/include/ranger_interfaces/ranger_interfaces/msg/detail/imu_accel__type_support.hpp
[14.249s] -- Installing: /home/ranger/ROV-project/ROV-project/Raspberry Pi/ros2-ws/install/ranger_interfaces/include/ranger_interfaces/ranger_interfaces/msg/detail/thruster_throttle__builder.hpp
[14.249s] -- Installing: /home/ranger/ROV-project/ROV-project/Raspberry Pi/ros2-ws/install/ranger_interfaces/include/ranger_interfaces/ranger_interfaces/msg/detail/thruster_throttle__struct.hpp
[14.250s] -- Installing: /home/ranger/ROV-project/ROV-project/Raspberry Pi/ros2-ws/install/ranger_interfaces/include/ranger_interfaces/ranger_interfaces/msg/detail/ultrasonic_distance__builder.hpp
[14.250s] -- Installing: /home/ranger/ROV-project/ROV-project/Raspberry Pi/ros2-ws/install/ranger_interfaces/include/ranger_interfaces/ranger_interfaces/msg/detail/imu_gyro__struct.hpp
[14.250s] -- Installing: /home/ranger/ROV-project/ROV-project/Raspberry Pi/ros2-ws/install/ranger_interfaces/include/ranger_interfaces/ranger_interfaces/msg/detail/imu_magnet__struct.hpp
[14.250s] -- Installing: /home/ranger/ROV-project/ROV-project/Raspberry Pi/ros2-ws/install/ranger_interfaces/include/ranger_interfaces/ranger_interfaces/msg/detail/imu_accel__struct.hpp
[14.250s] -- Installing: /home/ranger/ROV-project/ROV-project/Raspberry Pi/ros2-ws/install/ranger_interfaces/include/ranger_interfaces/ranger_interfaces/msg/detail/imu_gyro__traits.hpp
[14.250s] -- Installing: /home/ranger/ROV-project/ROV-project/Raspberry Pi/ros2-ws/install/ranger_interfaces/include/ranger_interfaces/ranger_interfaces/msg/detail/imu_magnet__traits.hpp
[14.251s] -- Installing: /home/ranger/ROV-project/ROV-project/Raspberry Pi/ros2-ws/install/ranger_interfaces/include/ranger_interfaces/ranger_interfaces/msg/detail/imu_magnet__builder.hpp
[14.252s] -- Installing: /home/ranger/ROV-project/ROV-project/Raspberry Pi/ros2-ws/install/ranger_interfaces/include/ranger_interfaces/ranger_interfaces/msg/detail/ultrasonic_distance__traits.hpp
[14.253s] -- Installing: /home/ranger/ROV-project/ROV-project/Raspberry Pi/ros2-ws/install/ranger_interfaces/include/ranger_interfaces/ranger_interfaces/msg/detail/ultrasonic_distance__type_support.hpp
[14.253s] -- Installing: /home/ranger/ROV-project/ROV-project/Raspberry Pi/ros2-ws/install/ranger_interfaces/include/ranger_interfaces/ranger_interfaces/msg/detail/imu_accel__builder.hpp
[14.253s] -- Installing: /home/ranger/ROV-project/ROV-project/Raspberry Pi/ros2-ws/install/ranger_interfaces/include/ranger_interfaces/ranger_interfaces/msg/rosidl_generator_cpp__visibility_control.hpp
[14.253s] -- Installing: /home/ranger/ROV-project/ROV-project/Raspberry Pi/ros2-ws/install/ranger_interfaces/include/ranger_interfaces/ranger_interfaces/msg/thruster_throttle.hpp
[14.253s] -- Installing: /home/ranger/ROV-project/ROV-project/Raspberry Pi/ros2-ws/install/ranger_interfaces/include/ranger_interfaces/ranger_interfaces/msg/imu_gyro.hpp
[14.253s] -- Up-to-date: /home/ranger/ROV-project/ROV-project/Raspberry Pi/ros2-ws/install/ranger_interfaces/include/ranger_interfaces/ranger_interfaces
[14.253s] -- Up-to-date: /home/ranger/ROV-project/ROV-project/Raspberry Pi/ros2-ws/install/ranger_interfaces/include/ranger_interfaces/ranger_interfaces/msg
[14.253s] -- Up-to-date: /home/ranger/ROV-project/ROV-project/Raspberry Pi/ros2-ws/install/ranger_interfaces/include/ranger_interfaces/ranger_interfaces/msg/detail
[14.253s] -- Installing: /home/ranger/ROV-project/ROV-project/Raspberry Pi/ros2-ws/install/ranger_interfaces/include/ranger_interfaces/ranger_interfaces/msg/detail/imu_accel__rosidl_typesupport_fastrtps_cpp.hpp
[14.254s] -- Up-to-date: /home/ranger/ROV-project/ROV-project/Raspberry Pi/ros2-ws/install/ranger_interfaces/include/ranger_interfaces/ranger_interfaces/msg/detail/dds_fastrtps
[14.254s] -- Installing: /home/ranger/ROV-project/ROV-project/Raspberry Pi/ros2-ws/install/ranger_interfaces/include/ranger_interfaces/ranger_interfaces/msg/detail/ultrasonic_distance__rosidl_typesupport_fastrtps_cpp.hpp
[14.254s] -- Installing: /home/ranger/ROV-project/ROV-project/Raspberry Pi/ros2-ws/install/ranger_interfaces/include/ranger_interfaces/ranger_interfaces/msg/detail/imu_gyro__rosidl_typesupport_fastrtps_cpp.hpp
[14.254s] -- Installing: /home/ranger/ROV-project/ROV-project/Raspberry Pi/ros2-ws/install/ranger_interfaces/include/ranger_interfaces/ranger_interfaces/msg/detail/thruster_throttle__rosidl_typesupport_fastrtps_cpp.hpp
[14.254s] -- Installing: /home/ranger/ROV-project/ROV-project/Raspberry Pi/ros2-ws/install/ranger_interfaces/include/ranger_interfaces/ranger_interfaces/msg/detail/imu_magnet__rosidl_typesupport_fastrtps_cpp.hpp
[14.254s] -- Up-to-date: /home/ranger/ROV-project/ROV-project/Raspberry Pi/ros2-ws/install/ranger_interfaces/include/ranger_interfaces/ranger_interfaces/msg/rosidl_typesupport_fastrtps_cpp__visibility_control.h
[14.254s] -- Installing: /home/ranger/ROV-project/ROV-project/Raspberry Pi/ros2-ws/install/ranger_interfaces/lib/libranger_interfaces__rosidl_typesupport_fastrtps_cpp.so
[14.255s] -- Set non-toolchain portion of runtime path of "/home/ranger/ROV-project/ROV-project/Raspberry Pi/ros2-ws/install/ranger_interfaces/lib/libranger_interfaces__rosidl_typesupport_fastrtps_cpp.so" to ""
[14.255s] -- Up-to-date: /home/ranger/ROV-project/ROV-project/Raspberry Pi/ros2-ws/install/ranger_interfaces/include/ranger_interfaces/ranger_interfaces
[14.255s] -- Up-to-date: /home/ranger/ROV-project/ROV-project/Raspberry Pi/ros2-ws/install/ranger_interfaces/include/ranger_interfaces/ranger_interfaces/msg
[14.255s] -- Up-to-date: /home/ranger/ROV-project/ROV-project/Raspberry Pi/ros2-ws/install/ranger_interfaces/include/ranger_interfaces/ranger_interfaces/msg/detail
[14.255s] -- Installing: /home/ranger/ROV-project/ROV-project/Raspberry Pi/ros2-ws/install/ranger_interfaces/include/ranger_interfaces/ranger_interfaces/msg/detail/imu_magnet__rosidl_typesupport_introspection_cpp.hpp
[14.255s] -- Installing: /home/ranger/ROV-project/ROV-project/Raspberry Pi/ros2-ws/install/ranger_interfaces/include/ranger_interfaces/ranger_interfaces/msg/detail/thruster_throttle__type_support.cpp
[14.256s] -- Installing: /home/ranger/ROV-project/ROV-project/Raspberry Pi/ros2-ws/install/ranger_interfaces/include/ranger_interfaces/ranger_interfaces/msg/detail/imu_magnet__type_support.cpp
[14.256s] -- Installing: /home/ranger/ROV-project/ROV-project/Raspberry Pi/ros2-ws/install/ranger_interfaces/include/ranger_interfaces/ranger_interfaces/msg/detail/imu_gyro__type_support.cpp
[14.256s] -- Installing: /home/ranger/ROV-project/ROV-project/Raspberry Pi/ros2-ws/install/ranger_interfaces/include/ranger_interfaces/ranger_interfaces/msg/detail/imu_accel__rosidl_typesupport_introspection_cpp.hpp
[14.256s] -- Installing: /home/ranger/ROV-project/ROV-project/Raspberry Pi/ros2-ws/install/ranger_interfaces/include/ranger_interfaces/ranger_interfaces/msg/detail/ultrasonic_distance__type_support.cpp
[14.256s] -- Installing: /home/ranger/ROV-project/ROV-project/Raspberry Pi/ros2-ws/install/ranger_interfaces/include/ranger_interfaces/ranger_interfaces/msg/detail/ultrasonic_distance__rosidl_typesupport_introspection_cpp.hpp
[14.256s] -- Installing: /home/ranger/ROV-project/ROV-project/Raspberry Pi/ros2-ws/install/ranger_interfaces/include/ranger_interfaces/ranger_interfaces/msg/detail/imu_gyro__rosidl_typesupport_introspection_cpp.hpp
[14.256s] -- Installing: /home/ranger/ROV-project/ROV-project/Raspberry Pi/ros2-ws/install/ranger_interfaces/include/ranger_interfaces/ranger_interfaces/msg/detail/thruster_throttle__rosidl_typesupport_introspection_cpp.hpp
[14.257s] -- Installing: /home/ranger/ROV-project/ROV-project/Raspberry Pi/ros2-ws/install/ranger_interfaces/include/ranger_interfaces/ranger_interfaces/msg/detail/imu_accel__type_support.cpp
[14.257s] -- Installing: /home/ranger/ROV-project/ROV-project/Raspberry Pi/ros2-ws/install/ranger_interfaces/lib/libranger_interfaces__rosidl_typesupport_introspection_cpp.so
[14.258s] -- Set non-toolchain portion of runtime path of "/home/ranger/ROV-project/ROV-project/Raspberry Pi/ros2-ws/install/ranger_interfaces/lib/libranger_interfaces__rosidl_typesupport_introspection_cpp.so" to ""
[14.258s] -- Installing: /home/ranger/ROV-project/ROV-project/Raspberry Pi/ros2-ws/install/ranger_interfaces/lib/libranger_interfaces__rosidl_typesupport_cpp.so
[14.259s] -- Set non-toolchain portion of runtime path of "/home/ranger/ROV-project/ROV-project/Raspberry Pi/ros2-ws/install/ranger_interfaces/lib/libranger_interfaces__rosidl_typesupport_cpp.so" to ""
[14.259s] -- Up-to-date: /home/ranger/ROV-project/ROV-project/Raspberry Pi/ros2-ws/install/ranger_interfaces/share/ranger_interfaces/environment/pythonpath.sh
[14.259s] -- Up-to-date: /home/ranger/ROV-project/ROV-project/Raspberry Pi/ros2-ws/install/ranger_interfaces/share/ranger_interfaces/environment/pythonpath.dsv
[14.259s] -- Up-to-date: /home/ranger/ROV-project/ROV-project/Raspberry Pi/ros2-ws/install/ranger_interfaces/lib/python3.12/site-packages/ranger_interfaces-0.0.1-py3.12.egg-info
[14.259s] -- Installing: /home/ranger/ROV-project/ROV-project/Raspberry Pi/ros2-ws/install/ranger_interfaces/lib/python3.12/site-packages/ranger_interfaces-0.0.1-py3.12.egg-info/dependency_links.txt
[14.259s] -- Installing: /home/ranger/ROV-project/ROV-project/Raspberry Pi/ros2-ws/install/ranger_interfaces/lib/python3.12/site-packages/ranger_interfaces-0.0.1-py3.12.egg-info/PKG-INFO
[14.260s] -- Installing: /home/ranger/ROV-project/ROV-project/Raspberry Pi/ros2-ws/install/ranger_interfaces/lib/python3.12/site-packages/ranger_interfaces-0.0.1-py3.12.egg-info/top_level.txt
[14.260s] -- Installing: /home/ranger/ROV-project/ROV-project/Raspberry Pi/ros2-ws/install/ranger_interfaces/lib/python3.12/site-packages/ranger_interfaces-0.0.1-py3.12.egg-info/SOURCES.txt
[14.260s] -- Up-to-date: /home/ranger/ROV-project/ROV-project/Raspberry Pi/ros2-ws/install/ranger_interfaces/lib/python3.12/site-packages/ranger_interfaces
[14.260s] -- Installing: /home/ranger/ROV-project/ROV-project/Raspberry Pi/ros2-ws/install/ranger_interfaces/lib/python3.12/site-packages/ranger_interfaces/ranger_interfaces_s__rosidl_typesupport_fastrtps_c.so
[14.260s] -- Installing: /home/ranger/ROV-project/ROV-project/Raspberry Pi/ros2-ws/install/ranger_interfaces/lib/python3.12/site-packages/ranger_interfaces/ranger_interfaces_s__rosidl_typesupport_c.so
[14.261s] -- Installing: /home/ranger/ROV-project/ROV-project/Raspberry Pi/ros2-ws/install/ranger_interfaces/lib/python3.12/site-packages/ranger_interfaces/_ranger_interfaces_s.ep.rosidl_typesupport_introspection_c.c
[14.261s] -- Installing: /home/ranger/ROV-project/ROV-project/Raspberry Pi/ros2-ws/install/ranger_interfaces/lib/python3.12/site-packages/ranger_interfaces/ranger_interfaces_s__rosidl_typesupport_introspection_c.so
[14.261s] -- Installing: /home/ranger/ROV-project/ROV-project/Raspberry Pi/ros2-ws/install/ranger_interfaces/lib/python3.12/site-packages/ranger_interfaces/__init__.py
[14.261s] -- Installing: /home/ranger/ROV-project/ROV-project/Raspberry Pi/ros2-ws/install/ranger_interfaces/lib/python3.12/site-packages/ranger_interfaces/_ranger_interfaces_s.ep.rosidl_typesupport_fastrtps_c.c
[14.262s] -- Up-to-date: /home/ranger/ROV-project/ROV-project/Raspberry Pi/ros2-ws/install/ranger_interfaces/lib/python3.12/site-packages/ranger_interfaces/msg
[14.262s] -- Installing: /home/ranger/ROV-project/ROV-project/Raspberry Pi/ros2-ws/install/ranger_interfaces/lib/python3.12/site-packages/ranger_interfaces/msg/_imu_magnet.py
[14.262s] -- Installing: /home/ranger/ROV-project/ROV-project/Raspberry Pi/ros2-ws/install/ranger_interfaces/lib/python3.12/site-packages/ranger_interfaces/msg/_imu_gyro_s.c
[14.262s] -- Installing: /home/ranger/ROV-project/ROV-project/Raspberry Pi/ros2-ws/install/ranger_interfaces/lib/python3.12/site-packages/ranger_interfaces/msg/_imu_accel_s.c
[14.262s] -- Installing: /home/ranger/ROV-project/ROV-project/Raspberry Pi/ros2-ws/install/ranger_interfaces/lib/python3.12/site-packages/ranger_interfaces/msg/_imu_accel.py
[14.262s] -- Installing: /home/ranger/ROV-project/ROV-project/Raspberry Pi/ros2-ws/install/ranger_interfaces/lib/python3.12/site-packages/ranger_interfaces/msg/__init__.py
[14.263s] -- Installing: /home/ranger/ROV-project/ROV-project/Raspberry Pi/ros2-ws/install/ranger_interfaces/lib/python3.12/site-packages/ranger_interfaces/msg/_thruster_throttle_s.c
[14.263s] -- Installing: /home/ranger/ROV-project/ROV-project/Raspberry Pi/ros2-ws/install/ranger_interfaces/lib/python3.12/site-packages/ranger_interfaces/msg/_imu_magnet_s.c
[14.263s] -- Installing: /home/ranger/ROV-project/ROV-project/Raspberry Pi/ros2-ws/install/ranger_interfaces/lib/python3.12/site-packages/ranger_interfaces/msg/_ultrasonic_distance.py
[14.263s] -- Installing: /home/ranger/ROV-project/ROV-project/Raspberry Pi/ros2-ws/install/ranger_interfaces/lib/python3.12/site-packages/ranger_interfaces/msg/_ultrasonic_distance_s.c
[14.263s] -- Installing: /home/ranger/ROV-project/ROV-project/Raspberry Pi/ros2-ws/install/ranger_interfaces/lib/python3.12/site-packages/ranger_interfaces/msg/_thruster_throttle.py
[14.263s] -- Installing: /home/ranger/ROV-project/ROV-project/Raspberry Pi/ros2-ws/install/ranger_interfaces/lib/python3.12/site-packages/ranger_interfaces/msg/_imu_gyro.py
[14.264s] -- Installing: /home/ranger/ROV-project/ROV-project/Raspberry Pi/ros2-ws/install/ranger_interfaces/lib/python3.12/site-packages/ranger_interfaces/_ranger_interfaces_s.ep.rosidl_typesupport_c.c
[14.329s] Listing '/home/ranger/ROV-project/ROV-project/Raspberry Pi/ros2-ws/install/ranger_interfaces/lib/python3.12/site-packages/ranger_interfaces'...
[14.329s] Compiling '/home/ranger/ROV-project/ROV-project/Raspberry Pi/ros2-ws/install/ranger_interfaces/lib/python3.12/site-packages/ranger_interfaces/__init__.py'...
[14.329s] Listing '/home/ranger/ROV-project/ROV-project/Raspberry Pi/ros2-ws/install/ranger_interfaces/lib/python3.12/site-packages/ranger_interfaces/msg'...
[14.330s] Compiling '/home/ranger/ROV-project/ROV-project/Raspberry Pi/ros2-ws/install/ranger_interfaces/lib/python3.12/site-packages/ranger_interfaces/msg/__init__.py'...
[14.330s] Compiling '/home/ranger/ROV-project/ROV-project/Raspberry Pi/ros2-ws/install/ranger_interfaces/lib/python3.12/site-packages/ranger_interfaces/msg/_imu_accel.py'...
[14.330s] Compiling '/home/ranger/ROV-project/ROV-project/Raspberry Pi/ros2-ws/install/ranger_interfaces/lib/python3.12/site-packages/ranger_interfaces/msg/_imu_gyro.py'...
[14.330s] Compiling '/home/ranger/ROV-project/ROV-project/Raspberry Pi/ros2-ws/install/ranger_interfaces/lib/python3.12/site-packages/ranger_interfaces/msg/_imu_magnet.py'...
[14.330s] Compiling '/home/ranger/ROV-project/ROV-project/Raspberry Pi/ros2-ws/install/ranger_interfaces/lib/python3.12/site-packages/ranger_interfaces/msg/_thruster_throttle.py'...
[14.330s] Compiling '/home/ranger/ROV-project/ROV-project/Raspberry Pi/ros2-ws/install/ranger_interfaces/lib/python3.12/site-packages/ranger_interfaces/msg/_ultrasonic_distance.py'...
[14.352s] -- Installing: /home/ranger/ROV-project/ROV-project/Raspberry Pi/ros2-ws/install/ranger_interfaces/lib/python3.12/site-packages/ranger_interfaces/ranger_interfaces_s__rosidl_typesupport_fastrtps_c.so
[14.352s] -- Set non-toolchain portion of runtime path of "/home/ranger/ROV-project/ROV-project/Raspberry Pi/ros2-ws/install/ranger_interfaces/lib/python3.12/site-packages/ranger_interfaces/ranger_interfaces_s__rosidl_typesupport_fastrtps_c.so" to ""
[14.352s] -- Installing: /home/ranger/ROV-project/ROV-project/Raspberry Pi/ros2-ws/install/ranger_interfaces/lib/python3.12/site-packages/ranger_interfaces/ranger_interfaces_s__rosidl_typesupport_introspection_c.so
[14.352s] -- Set non-toolchain portion of runtime path of "/home/ranger/ROV-project/ROV-project/Raspberry Pi/ros2-ws/install/ranger_interfaces/lib/python3.12/site-packages/ranger_interfaces/ranger_interfaces_s__rosidl_typesupport_introspection_c.so" to ""
[14.352s] -- Installing: /home/ranger/ROV-project/ROV-project/Raspberry Pi/ros2-ws/install/ranger_interfaces/lib/python3.12/site-packages/ranger_interfaces/ranger_interfaces_s__rosidl_typesupport_c.so
[14.352s] -- Set non-toolchain portion of runtime path of "/home/ranger/ROV-project/ROV-project/Raspberry Pi/ros2-ws/install/ranger_interfaces/lib/python3.12/site-packages/ranger_interfaces/ranger_interfaces_s__rosidl_typesupport_c.so" to ""
[14.353s] -- Installing: /home/ranger/ROV-project/ROV-project/Raspberry Pi/ros2-ws/install/ranger_interfaces/lib/libranger_interfaces__rosidl_generator_py.so
[14.354s] -- Set non-toolchain portion of runtime path of "/home/ranger/ROV-project/ROV-project/Raspberry Pi/ros2-ws/install/ranger_interfaces/lib/libranger_interfaces__rosidl_generator_py.so" to ""
[14.354s] -- Up-to-date: /home/ranger/ROV-project/ROV-project/Raspberry Pi/ros2-ws/install/ranger_interfaces/share/ranger_interfaces/msg/ThrusterThrottle.idl
[14.354s] -- Up-to-date: /home/ranger/ROV-project/ROV-project/Raspberry Pi/ros2-ws/install/ranger_interfaces/share/ranger_interfaces/msg/IMUAccel.idl
[14.354s] -- Up-to-date: /home/ranger/ROV-project/ROV-project/Raspberry Pi/ros2-ws/install/ranger_interfaces/share/ranger_interfaces/msg/IMUGyro.idl
[14.354s] -- Up-to-date: /home/ranger/ROV-project/ROV-project/Raspberry Pi/ros2-ws/install/ranger_interfaces/share/ranger_interfaces/msg/IMUMagnet.idl
[14.355s] -- Installing: /home/ranger/ROV-project/ROV-project/Raspberry Pi/ros2-ws/install/ranger_interfaces/share/ranger_interfaces/msg/UltrasonicDistance.idl
[14.355s] -- Up-to-date: /home/ranger/ROV-project/ROV-project/Raspberry Pi/ros2-ws/install/ranger_interfaces/share/ranger_interfaces/msg/ThrusterThrottle.msg
[14.355s] -- Up-to-date: /home/ranger/ROV-project/ROV-project/Raspberry Pi/ros2-ws/install/ranger_interfaces/share/ranger_interfaces/msg/IMUAccel.msg
[14.356s] -- Up-to-date: /home/ranger/ROV-project/ROV-project/Raspberry Pi/ros2-ws/install/ranger_interfaces/share/ranger_interfaces/msg/IMUGyro.msg
[14.356s] -- Up-to-date: /home/ranger/ROV-project/ROV-project/Raspberry Pi/ros2-ws/install/ranger_interfaces/share/ranger_interfaces/msg/IMUMagnet.msg
[14.356s] -- Installing: /home/ranger/ROV-project/ROV-project/Raspberry Pi/ros2-ws/install/ranger_interfaces/share/ranger_interfaces/msg/UltrasonicDistance.msg
[14.356s] -- Up-to-date: /home/ranger/ROV-project/ROV-project/Raspberry Pi/ros2-ws/install/ranger_interfaces/share/ament_index/resource_index/package_run_dependencies/ranger_interfaces
[14.356s] -- Up-to-date: /home/ranger/ROV-project/ROV-project/Raspberry Pi/ros2-ws/install/ranger_interfaces/share/ament_index/resource_index/parent_prefix_path/ranger_interfaces
[14.356s] -- Up-to-date: /home/ranger/ROV-project/ROV-project/Raspberry Pi/ros2-ws/install/ranger_interfaces/share/ranger_interfaces/environment/ament_prefix_path.sh
[14.356s] -- Up-to-date: /home/ranger/ROV-project/ROV-project/Raspberry Pi/ros2-ws/install/ranger_interfaces/share/ranger_interfaces/environment/ament_prefix_path.dsv
[14.357s] -- Up-to-date: /home/ranger/ROV-project/ROV-project/Raspberry Pi/ros2-ws/install/ranger_interfaces/share/ranger_interfaces/environment/path.sh
[14.357s] -- Up-to-date: /home/ranger/ROV-project/ROV-project/Raspberry Pi/ros2-ws/install/ranger_interfaces/share/ranger_interfaces/environment/path.dsv
[14.357s] -- Up-to-date: /home/ranger/ROV-project/ROV-project/Raspberry Pi/ros2-ws/install/ranger_interfaces/share/ranger_interfaces/local_setup.bash
[14.357s] -- Up-to-date: /home/ranger/ROV-project/ROV-project/Raspberry Pi/ros2-ws/install/ranger_interfaces/share/ranger_interfaces/local_setup.sh
[14.357s] -- Up-to-date: /home/ranger/ROV-project/ROV-project/Raspberry Pi/ros2-ws/install/ranger_interfaces/share/ranger_interfaces/local_setup.zsh
[14.357s] -- Up-to-date: /home/ranger/ROV-project/ROV-project/Raspberry Pi/ros2-ws/install/ranger_interfaces/share/ranger_interfaces/local_setup.dsv
[14.357s] -- Installing: /home/ranger/ROV-project/ROV-project/Raspberry Pi/ros2-ws/install/ranger_interfaces/share/ranger_interfaces/package.dsv
[14.357s] -- Up-to-date: /home/ranger/ROV-project/ROV-project/Raspberry Pi/ros2-ws/install/ranger_interfaces/share/ament_index/resource_index/packages/ranger_interfaces
[14.358s] -- Up-to-date: /home/ranger/ROV-project/ROV-project/Raspberry Pi/ros2-ws/install/ranger_interfaces/share/ranger_interfaces/cmake/export_ranger_interfaces__rosidl_generator_cExport.cmake
[14.358s] -- Up-to-date: /home/ranger/ROV-project/ROV-project/Raspberry Pi/ros2-ws/install/ranger_interfaces/share/ranger_interfaces/cmake/export_ranger_interfaces__rosidl_generator_cExport-noconfig.cmake
[14.358s] -- Up-to-date: /home/ranger/ROV-project/ROV-project/Raspberry Pi/ros2-ws/install/ranger_interfaces/share/ranger_interfaces/cmake/export_ranger_interfaces__rosidl_typesupport_fastrtps_cExport.cmake
[14.358s] -- Up-to-date: /home/ranger/ROV-project/ROV-project/Raspberry Pi/ros2-ws/install/ranger_interfaces/share/ranger_interfaces/cmake/export_ranger_interfaces__rosidl_typesupport_fastrtps_cExport-noconfig.cmake
[14.358s] -- Up-to-date: /home/ranger/ROV-project/ROV-project/Raspberry Pi/ros2-ws/install/ranger_interfaces/share/ranger_interfaces/cmake/ranger_interfaces__rosidl_typesupport_introspection_cExport.cmake
[14.358s] -- Up-to-date: /home/ranger/ROV-project/ROV-project/Raspberry Pi/ros2-ws/install/ranger_interfaces/share/ranger_interfaces/cmake/ranger_interfaces__rosidl_typesupport_introspection_cExport-noconfig.cmake
[14.358s] -- Up-to-date: /home/ranger/ROV-project/ROV-project/Raspberry Pi/ros2-ws/install/ranger_interfaces/share/ranger_interfaces/cmake/ranger_interfaces__rosidl_typesupport_cExport.cmake
[14.358s] -- Up-to-date: /home/ranger/ROV-project/ROV-project/Raspberry Pi/ros2-ws/install/ranger_interfaces/share/ranger_interfaces/cmake/ranger_interfaces__rosidl_typesupport_cExport-noconfig.cmake
[14.358s] -- Up-to-date: /home/ranger/ROV-project/ROV-project/Raspberry Pi/ros2-ws/install/ranger_interfaces/share/ranger_interfaces/cmake/export_ranger_interfaces__rosidl_generator_cppExport.cmake
[14.359s] -- Up-to-date: /home/ranger/ROV-project/ROV-project/Raspberry Pi/ros2-ws/install/ranger_interfaces/share/ranger_interfaces/cmake/export_ranger_interfaces__rosidl_typesupport_fastrtps_cppExport.cmake
[14.359s] -- Up-to-date: /home/ranger/ROV-project/ROV-project/Raspberry Pi/ros2-ws/install/ranger_interfaces/share/ranger_interfaces/cmake/export_ranger_interfaces__rosidl_typesupport_fastrtps_cppExport-noconfig.cmake
[14.359s] -- Up-to-date: /home/ranger/ROV-project/ROV-project/Raspberry Pi/ros2-ws/install/ranger_interfaces/share/ranger_interfaces/cmake/ranger_interfaces__rosidl_typesupport_introspection_cppExport.cmake
[14.359s] -- Up-to-date: /home/ranger/ROV-project/ROV-project/Raspberry Pi/ros2-ws/install/ranger_interfaces/share/ranger_interfaces/cmake/ranger_interfaces__rosidl_typesupport_introspection_cppExport-noconfig.cmake
[14.359s] -- Up-to-date: /home/ranger/ROV-project/ROV-project/Raspberry Pi/ros2-ws/install/ranger_interfaces/share/ranger_interfaces/cmake/ranger_interfaces__rosidl_typesupport_cppExport.cmake
[14.359s] -- Up-to-date: /home/ranger/ROV-project/ROV-project/Raspberry Pi/ros2-ws/install/ranger_interfaces/share/ranger_interfaces/cmake/ranger_interfaces__rosidl_typesupport_cppExport-noconfig.cmake
[14.359s] -- Up-to-date: /home/ranger/ROV-project/ROV-project/Raspberry Pi/ros2-ws/install/ranger_interfaces/share/ranger_interfaces/cmake/export_ranger_interfaces__rosidl_generator_pyExport.cmake
[14.359s] -- Up-to-date: /home/ranger/ROV-project/ROV-project/Raspberry Pi/ros2-ws/install/ranger_interfaces/share/ranger_interfaces/cmake/export_ranger_interfaces__rosidl_generator_pyExport-noconfig.cmake
[14.359s] -- Installing: /home/ranger/ROV-project/ROV-project/Raspberry Pi/ros2-ws/install/ranger_interfaces/share/ranger_interfaces/cmake/rosidl_cmake-extras.cmake
[14.359s] -- Up-to-date: /home/ranger/ROV-project/ROV-project/Raspberry Pi/ros2-ws/install/ranger_interfaces/share/ranger_interfaces/cmake/ament_cmake_export_include_directories-extras.cmake
[14.359s] -- Up-to-date: /home/ranger/ROV-project/ROV-project/Raspberry Pi/ros2-ws/install/ranger_interfaces/share/ranger_interfaces/cmake/ament_cmake_export_libraries-extras.cmake
[14.360s] -- Up-to-date: /home/ranger/ROV-project/ROV-project/Raspberry Pi/ros2-ws/install/ranger_interfaces/share/ranger_interfaces/cmake/ament_cmake_export_targets-extras.cmake
[14.360s] -- Up-to-date: /home/ranger/ROV-project/ROV-project/Raspberry Pi/ros2-ws/install/ranger_interfaces/share/ranger_interfaces/cmake/rosidl_cmake_export_typesupport_targets-extras.cmake
[14.360s] -- Up-to-date: /home/ranger/ROV-project/ROV-project/Raspberry Pi/ros2-ws/install/ranger_interfaces/share/ranger_interfaces/cmake/ament_cmake_export_dependencies-extras.cmake
[14.360s] -- Up-to-date: /home/ranger/ROV-project/ROV-project/Raspberry Pi/ros2-ws/install/ranger_interfaces/share/ranger_interfaces/cmake/rosidl_cmake_export_typesupport_libraries-extras.cmake
[14.360s] -- Up-to-date: /home/ranger/ROV-project/ROV-project/Raspberry Pi/ros2-ws/install/ranger_interfaces/share/ranger_interfaces/cmake/ranger_interfacesConfig.cmake
[14.360s] -- Up-to-date: /home/ranger/ROV-project/ROV-project/Raspberry Pi/ros2-ws/install/ranger_interfaces/share/ranger_interfaces/cmake/ranger_interfacesConfig-version.cmake
[14.360s] -- Up-to-date: /home/ranger/ROV-project/ROV-project/Raspberry Pi/ros2-ws/install/ranger_interfaces/share/ranger_interfaces/package.xml
[14.363s] Invoked command in '/home/ranger/ROV-project/ROV-project/Raspberry Pi/ros2-ws/build/ranger_interfaces' returned '0': CMAKE_PREFIX_PATH=${CMAKE_PREFIX_PATH}:/opt/ros/kilted DEBUGINFOD_URLS=https://debuginfod.ubuntu.com /usr/bin/cmake --install /home/ranger/ROV-project/ROV-project/Raspberry Pi/ros2-ws/build/ranger_interfaces
