running egg_info
writing ../../build/ranger_auto/ranger_auto.egg-info/PKG-INFO
writing dependency_links to ../../build/ranger_auto/ranger_auto.egg-info/dependency_links.txt
writing entry points to ../../build/ranger_auto/ranger_auto.egg-info/entry_points.txt
writing requirements to ../../build/ranger_auto/ranger_auto.egg-info/requires.txt
writing top-level names to ../../build/ranger_auto/ranger_auto.egg-info/top_level.txt
reading manifest file '../../build/ranger_auto/ranger_auto.egg-info/SOURCES.txt'
adding license file 'LICENSE'
writing manifest file '../../build/ranger_auto/ranger_auto.egg-info/SOURCES.txt'
running build
running build_py
copying ranger_auto/debug_listener.py -> /home/ranger/ROV-project/ROV-project/Raspberry Pi/ros2-ws/build/ranger_auto/build/lib/ranger_auto
running install
running install_lib
copying /home/ranger/ROV-project/ROV-project/Raspberry Pi/ros2-ws/build/ranger_auto/build/lib/ranger_auto/debug_listener.py -> /home/ranger/ROV-project/ROV-project/Raspberry Pi/ros2-ws/install/ranger_auto/lib/python3.12/site-packages/ranger_auto
byte-compiling /home/ranger/ROV-project/ROV-project/Raspberry Pi/ros2-ws/install/ranger_auto/lib/python3.12/site-packages/ranger_auto/debug_listener.py to debug_listener.cpython-312.pyc
running install_data
running install_egg_info
removing '/home/ranger/ROV-project/ROV-project/Raspberry Pi/ros2-ws/install/ranger_auto/lib/python3.12/site-packages/ranger_auto-0.0.0-py3.12.egg-info' (and everything under it)
Copying ../../build/ranger_auto/ranger_auto.egg-info to /home/ranger/ROV-project/ROV-project/Raspberry Pi/ros2-ws/install/ranger_auto/lib/python3.12/site-packages/ranger_auto-0.0.0-py3.12.egg-info
running install_scripts
Installing debuglisten script to /home/ranger/ROV-project/ROV-project/Raspberry Pi/ros2-ws/install/ranger_auto/lib/ranger_auto
Installing pathfinder script to /home/ranger/ROV-project/ROV-project/Raspberry Pi/ros2-ws/install/ranger_auto/lib/ranger_auto
Installing serialcom script to /home/ranger/ROV-project/ROV-project/Raspberry Pi/ros2-ws/install/ranger_auto/lib/ranger_auto
Installing testdrive script to /home/ranger/ROV-project/ROV-project/Raspberry Pi/ros2-ws/install/ranger_auto/lib/ranger_auto
Installing throttleresolve script to /home/ranger/ROV-project/ROV-project/Raspberry Pi/ros2-ws/install/ranger_auto/lib/ranger_auto
writing list of installed files to '/home/ranger/ROV-project/ROV-project/Raspberry Pi/ros2-ws/build/ranger_auto/install.log'
