[0.342s] Invoking command in '/home/ranger/ROV-project/ROV-project/Raspberry Pi/ros2-ws/build/ranger_interfaces': CMAKE_PREFIX_PATH=${CMAKE_PREFIX_PATH}:/home/ranger/ROV-project/ROV-project/Raspberry Pi/ros2-ws/install/ranger_auto:/opt/ros/kilted DEBUGINFOD_URLS=https://debuginfod.ubuntu.com /usr/bin/cmake --build /home/ranger/ROV-project/ROV-project/Raspberry Pi/ros2-ws/build/ranger_interfaces -- -j4 -l4
[0.401s] -- Found ament_cmake: 2.7.3 (/opt/ros/kilted/share/ament_cmake/cmake)
[0.443s] -- Found Python3: /usr/bin/python3 (found version "3.12.3") found components: Interpreter 
[0.600s] -- Found rosidl_default_generators: 1.7.1 (/opt/ros/kilted/share/rosidl_default_generators/cmake)
[0.602s] -- Using all available rosidl_typesupport_c: rosidl_typesupport_fastrtps_c;rosidl_typesupport_introspection_c
[0.664s] -- Using all available rosidl_typesupport_cpp: rosidl_typesupport_fastrtps_cpp;rosidl_typesupport_introspection_cpp
[0.706s] -- Found rosidl_adapter: 4.9.4 (/opt/ros/kilted/share/rosidl_adapter/cmake)
[1.223s] -- Found ament_cmake_ros_core: 0.14.3 (/opt/ros/kilted/share/ament_cmake_ros_core/cmake)
[1.376s] -- Using all available rosidl_typesupport_c: rosidl_typesupport_fastrtps_c;rosidl_typesupport_introspection_c
[1.586s] -- Using all available rosidl_typesupport_cpp: rosidl_typesupport_fastrtps_cpp;rosidl_typesupport_introspection_cpp
[2.023s] -- Found Python3: /usr/bin/python3 (found version "3.12.3") found components: Interpreter Development NumPy Development.Module Development.Embed 
[2.038s] -- Found ament_lint_auto: 0.19.2 (/opt/ros/kilted/share/ament_lint_auto/cmake)
[2.052s] -- Added test 'lint_cmake' to check CMake code style
[2.054s] -- Added test 'xmllint' to check XML markup files
[2.060s] -- Configuring done (1.7s)
[2.194s] -- Generating done (0.1s)
[2.217s] -- Build files have been written to: /home/ranger/ROV-project/ROV-project/Raspberry Pi/ros2-ws/build/ranger_interfaces
[2.286s] [  1%] [34m[1mGenerating type hashes for ROS interfaces[0m
[2.312s] [  1%] Built target ament_cmake_python_copy_ranger_interfaces
[2.646s] running egg_info
[2.675s] writing ranger_interfaces.egg-info/PKG-INFO
[2.675s] writing dependency_links to ranger_interfaces.egg-info/dependency_links.txt
[2.676s] writing top-level names to ranger_interfaces.egg-info/top_level.txt
[2.769s] reading manifest file 'ranger_interfaces.egg-info/SOURCES.txt'
[2.775s] writing manifest file 'ranger_interfaces.egg-info/SOURCES.txt'
[2.819s] [  1%] Built target ranger_interfaces__rosidl_generator_type_description
[2.844s] [  2%] [34m[1mGenerating C code for ROS interfaces[0m
[2.856s] [  2%] Built target ament_cmake_python_build_ranger_interfaces_egg
[2.864s] [  2%] [34m[1mGenerating C++ code for ROS interfaces[0m
[4.381s] [  2%] Built target ranger_interfaces__cpp
[4.743s] [  3%] [32mBuilding C object CMakeFiles/ranger_interfaces__rosidl_generator_c.dir/rosidl_generator_c/ranger_interfaces/msg/detail/thruster_throttle__functions.c.o[0m
[4.744s] [  4%] [32mBuilding C object CMakeFiles/ranger_interfaces__rosidl_generator_c.dir/rosidl_generator_c/ranger_interfaces/msg/detail/imu_accel__description.c.o[0m
[4.746s] [  5%] [32mBuilding C object CMakeFiles/ranger_interfaces__rosidl_generator_c.dir/rosidl_generator_c/ranger_interfaces/msg/detail/thruster_throttle__type_support.c.o[0m
[4.746s] [  5%] [32mBuilding C object CMakeFiles/ranger_interfaces__rosidl_generator_c.dir/rosidl_generator_c/ranger_interfaces/msg/detail/thruster_throttle__description.c.o[0m
[4.956s] [  5%] [32mBuilding C object CMakeFiles/ranger_interfaces__rosidl_generator_c.dir/rosidl_generator_c/ranger_interfaces/msg/detail/imu_accel__functions.c.o[0m
[5.039s] [  6%] [32mBuilding C object CMakeFiles/ranger_interfaces__rosidl_generator_c.dir/rosidl_generator_c/ranger_interfaces/msg/detail/imu_accel__type_support.c.o[0m
[5.043s] [  7%] [32mBuilding C object CMakeFiles/ranger_interfaces__rosidl_generator_c.dir/rosidl_generator_c/ranger_interfaces/msg/detail/imu_gyro__description.c.o[0m
[5.102s] [  8%] [32mBuilding C object CMakeFiles/ranger_interfaces__rosidl_generator_c.dir/rosidl_generator_c/ranger_interfaces/msg/detail/imu_gyro__type_support.c.o[0m
[5.102s] [  8%] [32mBuilding C object CMakeFiles/ranger_interfaces__rosidl_generator_c.dir/rosidl_generator_c/ranger_interfaces/msg/detail/imu_gyro__functions.c.o[0m
[5.128s] [  9%] [32mBuilding C object CMakeFiles/ranger_interfaces__rosidl_generator_c.dir/rosidl_generator_c/ranger_interfaces/msg/detail/imu_magnet__description.c.o[0m
[5.147s] [ 10%] [32mBuilding C object CMakeFiles/ranger_interfaces__rosidl_generator_c.dir/rosidl_generator_c/ranger_interfaces/msg/detail/imu_magnet__functions.c.o[0m
[5.187s] [ 11%] [32mBuilding C object CMakeFiles/ranger_interfaces__rosidl_generator_c.dir/rosidl_generator_c/ranger_interfaces/msg/detail/imu_magnet__type_support.c.o[0m
[5.220s] [ 11%] [32mBuilding C object CMakeFiles/ranger_interfaces__rosidl_generator_c.dir/rosidl_generator_c/ranger_interfaces/msg/detail/ultrasonic_distance__description.c.o[0m
[5.226s] [ 12%] [32mBuilding C object CMakeFiles/ranger_interfaces__rosidl_generator_c.dir/rosidl_generator_c/ranger_interfaces/msg/detail/ultrasonic_distance__functions.c.o[0m
[5.260s] [ 13%] [32mBuilding C object CMakeFiles/ranger_interfaces__rosidl_generator_c.dir/rosidl_generator_c/ranger_interfaces/msg/detail/ultrasonic_distance__type_support.c.o[0m
[5.276s] [ 14%] [32mBuilding C object CMakeFiles/ranger_interfaces__rosidl_generator_c.dir/rosidl_generator_c/ranger_interfaces/msg/detail/vehicle_transform__description.c.o[0m
[5.315s] [ 14%] [32mBuilding C object CMakeFiles/ranger_interfaces__rosidl_generator_c.dir/rosidl_generator_c/ranger_interfaces/msg/detail/vehicle_transform__functions.c.o[0m
[5.344s] [ 16%] [32mBuilding C object CMakeFiles/ranger_interfaces__rosidl_generator_c.dir/rosidl_generator_c/ranger_interfaces/msg/detail/vehicle_transform__type_support.c.o[0m
[5.344s] [ 16%] [32mBuilding C object CMakeFiles/ranger_interfaces__rosidl_generator_c.dir/rosidl_generator_c/ranger_interfaces/msg/detail/waypoint_location__description.c.o[0m
[5.377s] [ 17%] [32mBuilding C object CMakeFiles/ranger_interfaces__rosidl_generator_c.dir/rosidl_generator_c/ranger_interfaces/msg/detail/waypoint_location__functions.c.o[0m
[5.470s] [ 17%] [32mBuilding C object CMakeFiles/ranger_interfaces__rosidl_generator_c.dir/rosidl_generator_c/ranger_interfaces/msg/detail/waypoint_location__type_support.c.o[0m
[5.475s] [ 18%] [32mBuilding C object CMakeFiles/ranger_interfaces__rosidl_generator_c.dir/rosidl_generator_c/ranger_interfaces/msg/detail/waypoint_distance__description.c.o[0m
[5.478s] [ 19%] [32mBuilding C object CMakeFiles/ranger_interfaces__rosidl_generator_c.dir/rosidl_generator_c/ranger_interfaces/msg/detail/waypoint_distance__functions.c.o[0m
[5.505s] [ 20%] [32mBuilding C object CMakeFiles/ranger_interfaces__rosidl_generator_c.dir/rosidl_generator_c/ranger_interfaces/msg/detail/waypoint_distance__type_support.c.o[0m
[5.542s] [ 20%] [32mBuilding C object CMakeFiles/ranger_interfaces__rosidl_generator_c.dir/rosidl_generator_c/ranger_interfaces/msg/detail/obstacle_location__description.c.o[0m
[5.571s] [ 21%] [32mBuilding C object CMakeFiles/ranger_interfaces__rosidl_generator_c.dir/rosidl_generator_c/ranger_interfaces/msg/detail/obstacle_location__functions.c.o[0m
[5.592s] [ 22%] [32mBuilding C object CMakeFiles/ranger_interfaces__rosidl_generator_c.dir/rosidl_generator_c/ranger_interfaces/msg/detail/obstacle_location__type_support.c.o[0m
[5.613s] [ 23%] [32mBuilding C object CMakeFiles/ranger_interfaces__rosidl_generator_c.dir/rosidl_generator_c/ranger_interfaces/msg/detail/movement_vector__description.c.o[0m
[5.645s] [ 23%] [32mBuilding C object CMakeFiles/ranger_interfaces__rosidl_generator_c.dir/rosidl_generator_c/ranger_interfaces/msg/detail/movement_vector__functions.c.o[0m
[5.689s] [ 24%] [32mBuilding C object CMakeFiles/ranger_interfaces__rosidl_generator_c.dir/rosidl_generator_c/ranger_interfaces/msg/detail/movement_vector__type_support.c.o[0m
[5.713s] [ 25%] [32mBuilding C object CMakeFiles/ranger_interfaces__rosidl_generator_c.dir/rosidl_generator_c/ranger_interfaces/msg/detail/string__functions.c.o[0m
[5.713s] [ 26%] [32mBuilding C object CMakeFiles/ranger_interfaces__rosidl_generator_c.dir/rosidl_generator_c/ranger_interfaces/msg/detail/string__description.c.o[0m
[5.766s] [ 26%] [32mBuilding C object CMakeFiles/ranger_interfaces__rosidl_generator_c.dir/rosidl_generator_c/ranger_interfaces/msg/detail/string__type_support.c.o[0m
[5.828s] [ 27%] [32m[1mLinking C shared library libranger_interfaces__rosidl_generator_c.so[0m
[5.982s] [ 27%] Built target ranger_interfaces__rosidl_generator_c
[6.007s] [ 28%] [34m[1mGenerating C type support for eProsima Fast-RTPS[0m
[6.008s] [ 28%] [34m[1mGenerating C introspection for ROS interfaces[0m
[6.009s] [ 28%] [34m[1mGenerating C++ type support dispatch for ROS interfaces[0m
[6.009s] [ 29%] [34m[1mGenerating C type support dispatch for ROS interfaces[0m
[6.969s] [ 29%] [32mBuilding CXX object CMakeFiles/ranger_interfaces__rosidl_typesupport_c.dir/rosidl_typesupport_c/ranger_interfaces/msg/thruster_throttle__type_support.cpp.o[0m
[7.029s] [ 30%] [32mBuilding CXX object CMakeFiles/ranger_interfaces__rosidl_typesupport_cpp.dir/rosidl_typesupport_cpp/ranger_interfaces/msg/thruster_throttle__type_support.cpp.o[0m
[7.356s] [ 31%] [32mBuilding C object CMakeFiles/ranger_interfaces__rosidl_typesupport_introspection_c.dir/rosidl_typesupport_introspection_c/ranger_interfaces/msg/detail/thruster_throttle__type_support.c.o[0m
[7.404s] [ 32%] [32mBuilding CXX object CMakeFiles/ranger_interfaces__rosidl_typesupport_c.dir/rosidl_typesupport_c/ranger_interfaces/msg/imu_accel__type_support.cpp.o[0m
[7.459s] [ 33%] [32mBuilding C object CMakeFiles/ranger_interfaces__rosidl_typesupport_introspection_c.dir/rosidl_typesupport_introspection_c/ranger_interfaces/msg/detail/imu_accel__type_support.c.o[0m
[7.501s] [ 34%] [32mBuilding CXX object CMakeFiles/ranger_interfaces__rosidl_typesupport_c.dir/rosidl_typesupport_c/ranger_interfaces/msg/imu_gyro__type_support.cpp.o[0m
[7.551s] [ 35%] [32mBuilding C object CMakeFiles/ranger_interfaces__rosidl_typesupport_introspection_c.dir/rosidl_typesupport_introspection_c/ranger_interfaces/msg/detail/imu_gyro__type_support.c.o[0m
[7.594s] [ 36%] [32mBuilding CXX object CMakeFiles/ranger_interfaces__rosidl_typesupport_c.dir/rosidl_typesupport_c/ranger_interfaces/msg/imu_magnet__type_support.cpp.o[0m
[7.638s] [ 36%] [32mBuilding C object CMakeFiles/ranger_interfaces__rosidl_typesupport_introspection_c.dir/rosidl_typesupport_introspection_c/ranger_interfaces/msg/detail/imu_magnet__type_support.c.o[0m
[7.712s] [ 36%] [32mBuilding CXX object CMakeFiles/ranger_interfaces__rosidl_typesupport_c.dir/rosidl_typesupport_c/ranger_interfaces/msg/ultrasonic_distance__type_support.cpp.o[0m
[7.718s] [ 37%] [32mBuilding CXX object CMakeFiles/ranger_interfaces__rosidl_typesupport_fastrtps_c.dir/rosidl_typesupport_fastrtps_c/ranger_interfaces/msg/detail/thruster_throttle__type_support_c.cpp.o[0m
[7.739s] [ 38%] [32mBuilding C object CMakeFiles/ranger_interfaces__rosidl_typesupport_introspection_c.dir/rosidl_typesupport_introspection_c/ranger_interfaces/msg/detail/ultrasonic_distance__type_support.c.o[0m
[7.818s] [ 39%] [32mBuilding CXX object CMakeFiles/ranger_interfaces__rosidl_typesupport_c.dir/rosidl_typesupport_c/ranger_interfaces/msg/vehicle_transform__type_support.cpp.o[0m
[7.834s] [ 40%] [32mBuilding C object CMakeFiles/ranger_interfaces__rosidl_typesupport_introspection_c.dir/rosidl_typesupport_introspection_c/ranger_interfaces/msg/detail/vehicle_transform__type_support.c.o[0m
[7.920s] [ 41%] [32mBuilding CXX object CMakeFiles/ranger_interfaces__rosidl_typesupport_c.dir/rosidl_typesupport_c/ranger_interfaces/msg/waypoint_location__type_support.cpp.o[0m
[7.924s] [ 42%] [32mBuilding C object CMakeFiles/ranger_interfaces__rosidl_typesupport_introspection_c.dir/rosidl_typesupport_introspection_c/ranger_interfaces/msg/detail/waypoint_location__type_support.c.o[0m
[8.023s] [ 43%] [32mBuilding CXX object CMakeFiles/ranger_interfaces__rosidl_typesupport_c.dir/rosidl_typesupport_c/ranger_interfaces/msg/waypoint_distance__type_support.cpp.o[0m
[8.023s] [ 43%] [32mBuilding C object CMakeFiles/ranger_interfaces__rosidl_typesupport_introspection_c.dir/rosidl_typesupport_introspection_c/ranger_interfaces/msg/detail/waypoint_distance__type_support.c.o[0m
[8.087s] [ 44%] [32mBuilding CXX object CMakeFiles/ranger_interfaces__rosidl_typesupport_cpp.dir/rosidl_typesupport_cpp/ranger_interfaces/msg/imu_accel__type_support.cpp.o[0m
[8.122s] [ 45%] [32mBuilding C object CMakeFiles/ranger_interfaces__rosidl_typesupport_introspection_c.dir/rosidl_typesupport_introspection_c/ranger_interfaces/msg/detail/obstacle_location__type_support.c.o[0m
[8.129s] [ 45%] [32mBuilding CXX object CMakeFiles/ranger_interfaces__rosidl_typesupport_c.dir/rosidl_typesupport_c/ranger_interfaces/msg/obstacle_location__type_support.cpp.o[0m
[8.247s] [ 46%] [32mBuilding CXX object CMakeFiles/ranger_interfaces__rosidl_typesupport_c.dir/rosidl_typesupport_c/ranger_interfaces/msg/movement_vector__type_support.cpp.o[0m
[8.249s] [ 47%] [32mBuilding C object CMakeFiles/ranger_interfaces__rosidl_typesupport_introspection_c.dir/rosidl_typesupport_introspection_c/ranger_interfaces/msg/detail/movement_vector__type_support.c.o[0m
[8.342s] [ 48%] [32mBuilding C object CMakeFiles/ranger_interfaces__rosidl_typesupport_introspection_c.dir/rosidl_typesupport_introspection_c/ranger_interfaces/msg/detail/string__type_support.c.o[0m
[8.349s] [ 49%] [32mBuilding CXX object CMakeFiles/ranger_interfaces__rosidl_typesupport_c.dir/rosidl_typesupport_c/ranger_interfaces/msg/string__type_support.cpp.o[0m
[8.444s] [ 49%] [32m[1mLinking C shared library libranger_interfaces__rosidl_typesupport_introspection_c.so[0m
[8.463s] [ 50%] [32m[1mLinking CXX shared library libranger_interfaces__rosidl_typesupport_c.so[0m
[8.539s] [ 50%] Built target ranger_interfaces__rosidl_typesupport_introspection_c
[8.569s] [ 51%] [34m[1mGenerating C++ type support for eProsima Fast-RTPS[0m
[8.578s] [ 51%] Built target ranger_interfaces__rosidl_typesupport_c
[8.612s] [ 52%] [34m[1mGenerating C++ introspection for ROS interfaces[0m
[8.785s] [ 53%] [32mBuilding CXX object CMakeFiles/ranger_interfaces__rosidl_typesupport_cpp.dir/rosidl_typesupport_cpp/ranger_interfaces/msg/imu_gyro__type_support.cpp.o[0m
[8.861s] [ 53%] [32mBuilding CXX object CMakeFiles/ranger_interfaces__rosidl_typesupport_fastrtps_c.dir/rosidl_typesupport_fastrtps_c/ranger_interfaces/msg/detail/imu_accel__type_support_c.cpp.o[0m
[9.451s] [ 53%] [32mBuilding CXX object CMakeFiles/ranger_interfaces__rosidl_typesupport_cpp.dir/rosidl_typesupport_cpp/ranger_interfaces/msg/imu_magnet__type_support.cpp.o[0m
[9.976s] [ 54%] [32mBuilding CXX object CMakeFiles/ranger_interfaces__rosidl_typesupport_introspection_cpp.dir/rosidl_typesupport_introspection_cpp/ranger_interfaces/msg/detail/thruster_throttle__type_support.cpp.o[0m
[10.001s] [ 55%] [32mBuilding CXX object CMakeFiles/ranger_interfaces__rosidl_typesupport_fastrtps_c.dir/rosidl_typesupport_fastrtps_c/ranger_interfaces/msg/detail/imu_gyro__type_support_c.cpp.o[0m
[10.211s] [ 56%] [32mBuilding CXX object CMakeFiles/ranger_interfaces__rosidl_typesupport_cpp.dir/rosidl_typesupport_cpp/ranger_interfaces/msg/ultrasonic_distance__type_support.cpp.o[0m
[10.530s] [ 56%] [32mBuilding CXX object CMakeFiles/ranger_interfaces__rosidl_typesupport_fastrtps_cpp.dir/rosidl_typesupport_fastrtps_cpp/ranger_interfaces/msg/detail/dds_fastrtps/thruster_throttle__type_support.cpp.o[0m
[10.774s] [ 57%] [32mBuilding CXX object CMakeFiles/ranger_interfaces__rosidl_typesupport_introspection_cpp.dir/rosidl_typesupport_introspection_cpp/ranger_interfaces/msg/detail/imu_accel__type_support.cpp.o[0m
[10.905s] [ 58%] [32mBuilding CXX object CMakeFiles/ranger_interfaces__rosidl_typesupport_cpp.dir/rosidl_typesupport_cpp/ranger_interfaces/msg/vehicle_transform__type_support.cpp.o[0m
[11.075s] [ 59%] [32mBuilding CXX object CMakeFiles/ranger_interfaces__rosidl_typesupport_fastrtps_c.dir/rosidl_typesupport_fastrtps_c/ranger_interfaces/msg/detail/imu_magnet__type_support_c.cpp.o[0m
[11.537s] [ 59%] [32mBuilding CXX object CMakeFiles/ranger_interfaces__rosidl_typesupport_introspection_cpp.dir/rosidl_typesupport_introspection_cpp/ranger_interfaces/msg/detail/imu_gyro__type_support.cpp.o[0m
[11.644s] [ 60%] [32mBuilding CXX object CMakeFiles/ranger_interfaces__rosidl_typesupport_fastrtps_cpp.dir/rosidl_typesupport_fastrtps_cpp/ranger_interfaces/msg/detail/dds_fastrtps/imu_accel__type_support.cpp.o[0m
[11.666s] [ 60%] [32mBuilding CXX object CMakeFiles/ranger_interfaces__rosidl_typesupport_cpp.dir/rosidl_typesupport_cpp/ranger_interfaces/msg/waypoint_location__type_support.cpp.o[0m
[12.133s] [ 61%] [32mBuilding CXX object CMakeFiles/ranger_interfaces__rosidl_typesupport_fastrtps_c.dir/rosidl_typesupport_fastrtps_c/ranger_interfaces/msg/detail/ultrasonic_distance__type_support_c.cpp.o[0m
[12.244s] [ 62%] [32mBuilding CXX object CMakeFiles/ranger_interfaces__rosidl_typesupport_introspection_cpp.dir/rosidl_typesupport_introspection_cpp/ranger_interfaces/msg/detail/imu_magnet__type_support.cpp.o[0m
[12.367s] [ 63%] [32mBuilding CXX object CMakeFiles/ranger_interfaces__rosidl_typesupport_cpp.dir/rosidl_typesupport_cpp/ranger_interfaces/msg/waypoint_distance__type_support.cpp.o[0m
[12.724s] [ 64%] [32mBuilding CXX object CMakeFiles/ranger_interfaces__rosidl_typesupport_fastrtps_cpp.dir/rosidl_typesupport_fastrtps_cpp/ranger_interfaces/msg/detail/dds_fastrtps/imu_gyro__type_support.cpp.o[0m
[12.953s] [ 65%] [32mBuilding CXX object CMakeFiles/ranger_interfaces__rosidl_typesupport_introspection_cpp.dir/rosidl_typesupport_introspection_cpp/ranger_interfaces/msg/detail/ultrasonic_distance__type_support.cpp.o[0m
[13.060s] [ 66%] [32mBuilding CXX object CMakeFiles/ranger_interfaces__rosidl_typesupport_cpp.dir/rosidl_typesupport_cpp/ranger_interfaces/msg/obstacle_location__type_support.cpp.o[0m
[13.219s] [ 66%] [32mBuilding CXX object CMakeFiles/ranger_interfaces__rosidl_typesupport_fastrtps_c.dir/rosidl_typesupport_fastrtps_c/ranger_interfaces/msg/detail/vehicle_transform__type_support_c.cpp.o[0m
[13.677s] [ 67%] [32mBuilding CXX object CMakeFiles/ranger_interfaces__rosidl_typesupport_introspection_cpp.dir/rosidl_typesupport_introspection_cpp/ranger_interfaces/msg/detail/vehicle_transform__type_support.cpp.o[0m
[13.762s] [ 68%] [32mBuilding CXX object CMakeFiles/ranger_interfaces__rosidl_typesupport_cpp.dir/rosidl_typesupport_cpp/ranger_interfaces/msg/movement_vector__type_support.cpp.o[0m
[13.825s] [ 69%] [32mBuilding CXX object CMakeFiles/ranger_interfaces__rosidl_typesupport_fastrtps_cpp.dir/rosidl_typesupport_fastrtps_cpp/ranger_interfaces/msg/detail/dds_fastrtps/imu_magnet__type_support.cpp.o[0m
[14.279s] [ 70%] [32mBuilding CXX object CMakeFiles/ranger_interfaces__rosidl_typesupport_fastrtps_c.dir/rosidl_typesupport_fastrtps_c/ranger_interfaces/msg/detail/waypoint_location__type_support_c.cpp.o[0m
[14.436s] [ 70%] [32mBuilding CXX object CMakeFiles/ranger_interfaces__rosidl_typesupport_introspection_cpp.dir/rosidl_typesupport_introspection_cpp/ranger_interfaces/msg/detail/waypoint_location__type_support.cpp.o[0m
[14.531s] [ 70%] [32mBuilding CXX object CMakeFiles/ranger_interfaces__rosidl_typesupport_cpp.dir/rosidl_typesupport_cpp/ranger_interfaces/msg/string__type_support.cpp.o[0m
[14.963s] [ 70%] [32mBuilding CXX object CMakeFiles/ranger_interfaces__rosidl_typesupport_fastrtps_cpp.dir/rosidl_typesupport_fastrtps_cpp/ranger_interfaces/msg/detail/dds_fastrtps/ultrasonic_distance__type_support.cpp.o[0m
[15.340s] [ 71%] [32mBuilding CXX object CMakeFiles/ranger_interfaces__rosidl_typesupport_introspection_cpp.dir/rosidl_typesupport_introspection_cpp/ranger_interfaces/msg/detail/waypoint_distance__type_support.cpp.o[0m
[15.489s] [ 72%] [32m[1mLinking CXX shared library libranger_interfaces__rosidl_typesupport_cpp.so[0m
[15.592s] [ 73%] [32mBuilding CXX object CMakeFiles/ranger_interfaces__rosidl_typesupport_fastrtps_c.dir/rosidl_typesupport_fastrtps_c/ranger_interfaces/msg/detail/waypoint_distance__type_support_c.cpp.o[0m
[15.610s] [ 73%] Built target ranger_interfaces__rosidl_typesupport_cpp
[15.637s] [ 74%] [32mBuilding CXX object CMakeFiles/ranger_interfaces__rosidl_typesupport_fastrtps_c.dir/rosidl_typesupport_fastrtps_c/ranger_interfaces/msg/detail/obstacle_location__type_support_c.cpp.o[0m
[16.096s] [ 75%] [32mBuilding CXX object CMakeFiles/ranger_interfaces__rosidl_typesupport_introspection_cpp.dir/rosidl_typesupport_introspection_cpp/ranger_interfaces/msg/detail/obstacle_location__type_support.cpp.o[0m
[16.153s] [ 76%] [32mBuilding CXX object CMakeFiles/ranger_interfaces__rosidl_typesupport_fastrtps_cpp.dir/rosidl_typesupport_fastrtps_cpp/ranger_interfaces/msg/detail/dds_fastrtps/vehicle_transform__type_support.cpp.o[0m
[16.684s] [ 77%] [32mBuilding CXX object CMakeFiles/ranger_interfaces__rosidl_typesupport_fastrtps_cpp.dir/rosidl_typesupport_fastrtps_cpp/ranger_interfaces/msg/detail/dds_fastrtps/waypoint_location__type_support.cpp.o[0m
[16.710s] [ 77%] [32mBuilding CXX object CMakeFiles/ranger_interfaces__rosidl_typesupport_fastrtps_c.dir/rosidl_typesupport_fastrtps_c/ranger_interfaces/msg/detail/movement_vector__type_support_c.cpp.o[0m
[16.815s] [ 78%] [32mBuilding CXX object CMakeFiles/ranger_interfaces__rosidl_typesupport_introspection_cpp.dir/rosidl_typesupport_introspection_cpp/ranger_interfaces/msg/detail/movement_vector__type_support.cpp.o[0m
[17.273s] [ 78%] [32mBuilding CXX object CMakeFiles/ranger_interfaces__rosidl_typesupport_introspection_cpp.dir/rosidl_typesupport_introspection_cpp/ranger_interfaces/msg/detail/string__type_support.cpp.o[0m
[17.557s] [ 79%] [32mBuilding CXX object CMakeFiles/ranger_interfaces__rosidl_typesupport_fastrtps_c.dir/rosidl_typesupport_fastrtps_c/ranger_interfaces/msg/detail/string__type_support_c.cpp.o[0m
[17.746s] [ 80%] [32mBuilding CXX object CMakeFiles/ranger_interfaces__rosidl_typesupport_fastrtps_cpp.dir/rosidl_typesupport_fastrtps_cpp/ranger_interfaces/msg/detail/dds_fastrtps/waypoint_distance__type_support.cpp.o[0m
[17.760s] [ 80%] [32mBuilding CXX object CMakeFiles/ranger_interfaces__rosidl_typesupport_fastrtps_cpp.dir/rosidl_typesupport_fastrtps_cpp/ranger_interfaces/msg/detail/dds_fastrtps/obstacle_location__type_support.cpp.o[0m
[17.976s] [ 81%] [32m[1mLinking CXX shared library libranger_interfaces__rosidl_typesupport_introspection_cpp.so[0m
[18.280s] [ 81%] Built target ranger_interfaces__rosidl_typesupport_introspection_cpp
[18.350s] [ 82%] [32mBuilding CXX object CMakeFiles/ranger_interfaces__rosidl_typesupport_fastrtps_cpp.dir/rosidl_typesupport_fastrtps_cpp/ranger_interfaces/msg/detail/dds_fastrtps/movement_vector__type_support.cpp.o[0m
[19.119s] [ 83%] [32m[1mLinking CXX shared library libranger_interfaces__rosidl_typesupport_fastrtps_c.so[0m
[19.313s] [ 84%] [32mBuilding CXX object CMakeFiles/ranger_interfaces__rosidl_typesupport_fastrtps_cpp.dir/rosidl_typesupport_fastrtps_cpp/ranger_interfaces/msg/detail/dds_fastrtps/string__type_support.cpp.o[0m
[19.353s] [ 84%] Built target ranger_interfaces__rosidl_typesupport_fastrtps_c
[20.054s] [ 85%] [32m[1mLinking CXX shared library libranger_interfaces__rosidl_typesupport_fastrtps_cpp.so[0m
[20.229s] [ 85%] Built target ranger_interfaces__rosidl_typesupport_fastrtps_cpp
[20.272s] [ 85%] Built target ranger_interfaces
[20.315s] [ 86%] [34m[1mGenerating Python code for ROS interfaces[0m
[21.704s] [ 86%] Built target ranger_interfaces__py
[21.790s] [ 86%] [32mBuilding C object CMakeFiles/ranger_interfaces__rosidl_generator_py.dir/rosidl_generator_py/ranger_interfaces/msg/_imu_gyro_s.c.o[0m
[21.792s] [ 87%] [32mBuilding C object CMakeFiles/ranger_interfaces__rosidl_generator_py.dir/rosidl_generator_py/ranger_interfaces/msg/_imu_accel_s.c.o[0m
[21.792s] [ 89%] [32mBuilding C object CMakeFiles/ranger_interfaces__rosidl_generator_py.dir/rosidl_generator_py/ranger_interfaces/msg/_imu_magnet_s.c.o[0m
[21.793s] [ 89%] [32mBuilding C object CMakeFiles/ranger_interfaces__rosidl_generator_py.dir/rosidl_generator_py/ranger_interfaces/msg/_thruster_throttle_s.c.o[0m
[22.292s] [ 90%] [32mBuilding C object CMakeFiles/ranger_interfaces__rosidl_generator_py.dir/rosidl_generator_py/ranger_interfaces/msg/_ultrasonic_distance_s.c.o[0m
[22.318s] [ 91%] [32mBuilding C object CMakeFiles/ranger_interfaces__rosidl_generator_py.dir/rosidl_generator_py/ranger_interfaces/msg/_vehicle_transform_s.c.o[0m
[22.320s] [ 91%] [32mBuilding C object CMakeFiles/ranger_interfaces__rosidl_generator_py.dir/rosidl_generator_py/ranger_interfaces/msg/_waypoint_location_s.c.o[0m
[22.436s] [ 92%] [32mBuilding C object CMakeFiles/ranger_interfaces__rosidl_generator_py.dir/rosidl_generator_py/ranger_interfaces/msg/_waypoint_distance_s.c.o[0m
[22.726s] [ 93%] [32mBuilding C object CMakeFiles/ranger_interfaces__rosidl_generator_py.dir/rosidl_generator_py/ranger_interfaces/msg/_obstacle_location_s.c.o[0m
[23.292s] [ 94%] [32mBuilding C object CMakeFiles/ranger_interfaces__rosidl_generator_py.dir/rosidl_generator_py/ranger_interfaces/msg/_movement_vector_s.c.o[0m
[23.343s] [ 94%] [32mBuilding C object CMakeFiles/ranger_interfaces__rosidl_generator_py.dir/rosidl_generator_py/ranger_interfaces/msg/_string_s.c.o[0m
[23.896s] [ 95%] [32m[1mLinking C shared library libranger_interfaces__rosidl_generator_py.so[0m
[24.111s] [ 95%] Built target ranger_interfaces__rosidl_generator_py
[24.257s] [ 96%] [32mBuilding C object CMakeFiles/ranger_interfaces_s__rosidl_typesupport_c.dir/rosidl_generator_py/ranger_interfaces/_ranger_interfaces_s.ep.rosidl_typesupport_c.c.o[0m
[24.304s] [ 97%] [32mBuilding C object CMakeFiles/ranger_interfaces_s__rosidl_typesupport_introspection_c.dir/rosidl_generator_py/ranger_interfaces/_ranger_interfaces_s.ep.rosidl_typesupport_introspection_c.c.o[0m
[24.306s] [ 97%] [32mBuilding C object CMakeFiles/ranger_interfaces_s__rosidl_typesupport_fastrtps_c.dir/rosidl_generator_py/ranger_interfaces/_ranger_interfaces_s.ep.rosidl_typesupport_fastrtps_c.c.o[0m
[24.724s] [ 98%] [32m[1mLinking C shared module rosidl_generator_py/ranger_interfaces/ranger_interfaces_s__rosidl_typesupport_fastrtps_c.so[0m
[24.743s] [ 99%] [32m[1mLinking C shared module rosidl_generator_py/ranger_interfaces/ranger_interfaces_s__rosidl_typesupport_c.so[0m
[24.863s] [ 99%] Built target ranger_interfaces_s__rosidl_typesupport_fastrtps_c
[24.871s] [ 99%] Built target ranger_interfaces_s__rosidl_typesupport_c
[25.002s] [100%] [32m[1mLinking C shared module rosidl_generator_py/ranger_interfaces/ranger_interfaces_s__rosidl_typesupport_introspection_c.so[0m
[25.146s] [100%] Built target ranger_interfaces_s__rosidl_typesupport_introspection_c
[25.197s] Invoked command in '/home/ranger/ROV-project/ROV-project/Raspberry Pi/ros2-ws/build/ranger_interfaces' returned '0': CMAKE_PREFIX_PATH=${CMAKE_PREFIX_PATH}:/home/ranger/ROV-project/ROV-project/Raspberry Pi/ros2-ws/install/ranger_auto:/opt/ros/kilted DEBUGINFOD_URLS=https://debuginfod.ubuntu.com /usr/bin/cmake --build /home/ranger/ROV-project/ROV-project/Raspberry Pi/ros2-ws/build/ranger_interfaces -- -j4 -l4
[25.230s] Invoking command in '/home/ranger/ROV-project/ROV-project/Raspberry Pi/ros2-ws/build/ranger_interfaces': CMAKE_PREFIX_PATH=${CMAKE_PREFIX_PATH}:/home/ranger/ROV-project/ROV-project/Raspberry Pi/ros2-ws/install/ranger_auto:/opt/ros/kilted DEBUGINFOD_URLS=https://debuginfod.ubuntu.com /usr/bin/cmake --install /home/ranger/ROV-project/ROV-project/Raspberry Pi/ros2-ws/build/ranger_interfaces
[25.255s] -- Install configuration: ""
[25.256s] -- Installing: /home/ranger/ROV-project/ROV-project/Raspberry Pi/ros2-ws/install/ranger_interfaces/share/ament_index/resource_index/rosidl_interfaces/ranger_interfaces
[25.257s] -- Installing: /home/ranger/ROV-project/ROV-project/Raspberry Pi/ros2-ws/install/ranger_interfaces/share/ranger_interfaces/msg/ThrusterThrottle.json
[25.257s] -- Installing: /home/ranger/ROV-project/ROV-project/Raspberry Pi/ros2-ws/install/ranger_interfaces/share/ranger_interfaces/msg/IMUAccel.json
[25.261s] -- Installing: /home/ranger/ROV-project/ROV-project/Raspberry Pi/ros2-ws/install/ranger_interfaces/share/ranger_interfaces/msg/IMUGyro.json
[25.264s] -- Installing: /home/ranger/ROV-project/ROV-project/Raspberry Pi/ros2-ws/install/ranger_interfaces/share/ranger_interfaces/msg/IMUMagnet.json
[25.264s] -- Installing: /home/ranger/ROV-project/ROV-project/Raspberry Pi/ros2-ws/install/ranger_interfaces/share/ranger_interfaces/msg/UltrasonicDistance.json
[25.265s] -- Installing: /home/ranger/ROV-project/ROV-project/Raspberry Pi/ros2-ws/install/ranger_interfaces/share/ranger_interfaces/msg/VehicleTransform.json
[25.267s] -- Installing: /home/ranger/ROV-project/ROV-project/Raspberry Pi/ros2-ws/install/ranger_interfaces/share/ranger_interfaces/msg/WaypointLocation.json
[25.272s] -- Installing: /home/ranger/ROV-project/ROV-project/Raspberry Pi/ros2-ws/install/ranger_interfaces/share/ranger_interfaces/msg/WaypointDistance.json
[25.272s] -- Installing: /home/ranger/ROV-project/ROV-project/Raspberry Pi/ros2-ws/install/ranger_interfaces/share/ranger_interfaces/msg/ObstacleLocation.json
[25.273s] -- Installing: /home/ranger/ROV-project/ROV-project/Raspberry Pi/ros2-ws/install/ranger_interfaces/share/ranger_interfaces/msg/MovementVector.json
[25.273s] -- Installing: /home/ranger/ROV-project/ROV-project/Raspberry Pi/ros2-ws/install/ranger_interfaces/share/ranger_interfaces/msg/String.json
[25.277s] -- Up-to-date: /home/ranger/ROV-project/ROV-project/Raspberry Pi/ros2-ws/install/ranger_interfaces/include/ranger_interfaces/ranger_interfaces
[25.277s] -- Up-to-date: /home/ranger/ROV-project/ROV-project/Raspberry Pi/ros2-ws/install/ranger_interfaces/include/ranger_interfaces/ranger_interfaces/msg
[25.277s] -- Installing: /home/ranger/ROV-project/ROV-project/Raspberry Pi/ros2-ws/install/ranger_interfaces/include/ranger_interfaces/ranger_interfaces/msg/movement_vector.h
[25.281s] -- Installing: /home/ranger/ROV-project/ROV-project/Raspberry Pi/ros2-ws/install/ranger_interfaces/include/ranger_interfaces/ranger_interfaces/msg/waypoint_distance.h
[25.281s] -- Installing: /home/ranger/ROV-project/ROV-project/Raspberry Pi/ros2-ws/install/ranger_interfaces/include/ranger_interfaces/ranger_interfaces/msg/imu_gyro.h
[25.282s] -- Up-to-date: /home/ranger/ROV-project/ROV-project/Raspberry Pi/ros2-ws/install/ranger_interfaces/include/ranger_interfaces/ranger_interfaces/msg/rosidl_generator_c__visibility_control.h
[25.282s] -- Installing: /home/ranger/ROV-project/ROV-project/Raspberry Pi/ros2-ws/install/ranger_interfaces/include/ranger_interfaces/ranger_interfaces/msg/thruster_throttle.h
[25.285s] -- Up-to-date: /home/ranger/ROV-project/ROV-project/Raspberry Pi/ros2-ws/install/ranger_interfaces/include/ranger_interfaces/ranger_interfaces/msg/detail
[25.290s] -- Installing: /home/ranger/ROV-project/ROV-project/Raspberry Pi/ros2-ws/install/ranger_interfaces/include/ranger_interfaces/ranger_interfaces/msg/detail/movement_vector__type_support.h
[25.290s] -- Installing: /home/ranger/ROV-project/ROV-project/Raspberry Pi/ros2-ws/install/ranger_interfaces/include/ranger_interfaces/ranger_interfaces/msg/detail/movement_vector__struct.h
[25.291s] -- Installing: /home/ranger/ROV-project/ROV-project/Raspberry Pi/ros2-ws/install/ranger_interfaces/include/ranger_interfaces/ranger_interfaces/msg/detail/waypoint_location__struct.h
[25.296s] -- Installing: /home/ranger/ROV-project/ROV-project/Raspberry Pi/ros2-ws/install/ranger_interfaces/include/ranger_interfaces/ranger_interfaces/msg/detail/imu_gyro__type_support.c
[25.296s] -- Installing: /home/ranger/ROV-project/ROV-project/Raspberry Pi/ros2-ws/install/ranger_interfaces/include/ranger_interfaces/ranger_interfaces/msg/detail/waypoint_distance__description.c
[25.298s] -- Installing: /home/ranger/ROV-project/ROV-project/Raspberry Pi/ros2-ws/install/ranger_interfaces/include/ranger_interfaces/ranger_interfaces/msg/detail/waypoint_distance__functions.h
[25.298s] -- Installing: /home/ranger/ROV-project/ROV-project/Raspberry Pi/ros2-ws/install/ranger_interfaces/include/ranger_interfaces/ranger_interfaces/msg/detail/movement_vector__description.c
[25.299s] -- Installing: /home/ranger/ROV-project/ROV-project/Raspberry Pi/ros2-ws/install/ranger_interfaces/include/ranger_interfaces/ranger_interfaces/msg/detail/obstacle_location__struct.h
[25.300s] -- Installing: /home/ranger/ROV-project/ROV-project/Raspberry Pi/ros2-ws/install/ranger_interfaces/include/ranger_interfaces/ranger_interfaces/msg/detail/thruster_throttle__description.c
[25.301s] -- Installing: /home/ranger/ROV-project/ROV-project/Raspberry Pi/ros2-ws/install/ranger_interfaces/include/ranger_interfaces/ranger_interfaces/msg/detail/imu_gyro__struct.h
[25.302s] -- Installing: /home/ranger/ROV-project/ROV-project/Raspberry Pi/ros2-ws/install/ranger_interfaces/include/ranger_interfaces/ranger_interfaces/msg/detail/string__functions.c
[25.302s] -- Installing: /home/ranger/ROV-project/ROV-project/Raspberry Pi/ros2-ws/install/ranger_interfaces/include/ranger_interfaces/ranger_interfaces/msg/detail/ultrasonic_distance__functions.c
[25.302s] -- Installing: /home/ranger/ROV-project/ROV-project/Raspberry Pi/ros2-ws/install/ranger_interfaces/include/ranger_interfaces/ranger_interfaces/msg/detail/imu_magnet__type_support.h
[25.303s] -- Installing: /home/ranger/ROV-project/ROV-project/Raspberry Pi/ros2-ws/install/ranger_interfaces/include/ranger_interfaces/ranger_interfaces/msg/detail/waypoint_distance__type_support.c
[25.303s] -- Installing: /home/ranger/ROV-project/ROV-project/Raspberry Pi/ros2-ws/install/ranger_interfaces/include/ranger_interfaces/ranger_interfaces/msg/detail/obstacle_location__type_support.h
[25.304s] -- Installing: /home/ranger/ROV-project/ROV-project/Raspberry Pi/ros2-ws/install/ranger_interfaces/include/ranger_interfaces/ranger_interfaces/msg/detail/imu_accel__description.c
[25.306s] -- Installing: /home/ranger/ROV-project/ROV-project/Raspberry Pi/ros2-ws/install/ranger_interfaces/include/ranger_interfaces/ranger_interfaces/msg/detail/vehicle_transform__description.c
[25.307s] -- Installing: /home/ranger/ROV-project/ROV-project/Raspberry Pi/ros2-ws/install/ranger_interfaces/include/ranger_interfaces/ranger_interfaces/msg/detail/ultrasonic_distance__type_support.h
[25.312s] -- Installing: /home/ranger/ROV-project/ROV-project/Raspberry Pi/ros2-ws/install/ranger_interfaces/include/ranger_interfaces/ranger_interfaces/msg/detail/thruster_throttle__type_support.h
[25.312s] -- Installing: /home/ranger/ROV-project/ROV-project/Raspberry Pi/ros2-ws/install/ranger_interfaces/include/ranger_interfaces/ranger_interfaces/msg/detail/imu_accel__type_support.c
[25.312s] -- Installing: /home/ranger/ROV-project/ROV-project/Raspberry Pi/ros2-ws/install/ranger_interfaces/include/ranger_interfaces/ranger_interfaces/msg/detail/waypoint_distance__functions.c
[25.312s] -- Installing: /home/ranger/ROV-project/ROV-project/Raspberry Pi/ros2-ws/install/ranger_interfaces/include/ranger_interfaces/ranger_interfaces/msg/detail/obstacle_location__description.c
[25.313s] -- Installing: /home/ranger/ROV-project/ROV-project/Raspberry Pi/ros2-ws/install/ranger_interfaces/include/ranger_interfaces/ranger_interfaces/msg/detail/imu_magnet__struct.h
[25.319s] -- Installing: /home/ranger/ROV-project/ROV-project/Raspberry Pi/ros2-ws/install/ranger_interfaces/include/ranger_interfaces/ranger_interfaces/msg/detail/waypoint_location__functions.c
[25.320s] -- Installing: /home/ranger/ROV-project/ROV-project/Raspberry Pi/ros2-ws/install/ranger_interfaces/include/ranger_interfaces/ranger_interfaces/msg/detail/waypoint_distance__type_support.h
[25.320s] -- Installing: /home/ranger/ROV-project/ROV-project/Raspberry Pi/ros2-ws/install/ranger_interfaces/include/ranger_interfaces/ranger_interfaces/msg/detail/imu_magnet__description.c
[25.320s] -- Installing: /home/ranger/ROV-project/ROV-project/Raspberry Pi/ros2-ws/install/ranger_interfaces/include/ranger_interfaces/ranger_interfaces/msg/detail/vehicle_transform__struct.h
[25.323s] -- Installing: /home/ranger/ROV-project/ROV-project/Raspberry Pi/ros2-ws/install/ranger_interfaces/include/ranger_interfaces/ranger_interfaces/msg/detail/imu_gyro__type_support.h
[25.323s] -- Installing: /home/ranger/ROV-project/ROV-project/Raspberry Pi/ros2-ws/install/ranger_interfaces/include/ranger_interfaces/ranger_interfaces/msg/detail/vehicle_transform__functions.h
[25.328s] -- Installing: /home/ranger/ROV-project/ROV-project/Raspberry Pi/ros2-ws/install/ranger_interfaces/include/ranger_interfaces/ranger_interfaces/msg/detail/imu_accel__functions.h
[25.329s] -- Installing: /home/ranger/ROV-project/ROV-project/Raspberry Pi/ros2-ws/install/ranger_interfaces/include/ranger_interfaces/ranger_interfaces/msg/detail/waypoint_location__description.c
[25.329s] -- Installing: /home/ranger/ROV-project/ROV-project/Raspberry Pi/ros2-ws/install/ranger_interfaces/include/ranger_interfaces/ranger_interfaces/msg/detail/ultrasonic_distance__functions.h
[25.331s] -- Installing: /home/ranger/ROV-project/ROV-project/Raspberry Pi/ros2-ws/install/ranger_interfaces/include/ranger_interfaces/ranger_interfaces/msg/detail/movement_vector__functions.c
[25.332s] -- Installing: /home/ranger/ROV-project/ROV-project/Raspberry Pi/ros2-ws/install/ranger_interfaces/include/ranger_interfaces/ranger_interfaces/msg/detail/movement_vector__type_support.c
[25.337s] -- Installing: /home/ranger/ROV-project/ROV-project/Raspberry Pi/ros2-ws/install/ranger_interfaces/include/ranger_interfaces/ranger_interfaces/msg/detail/thruster_throttle__type_support.c
[25.337s] -- Installing: /home/ranger/ROV-project/ROV-project/Raspberry Pi/ros2-ws/install/ranger_interfaces/include/ranger_interfaces/ranger_interfaces/msg/detail/string__functions.h
[25.337s] -- Installing: /home/ranger/ROV-project/ROV-project/Raspberry Pi/ros2-ws/install/ranger_interfaces/include/ranger_interfaces/ranger_interfaces/msg/detail/ultrasonic_distance__description.c
[25.337s] -- Installing: /home/ranger/ROV-project/ROV-project/Raspberry Pi/ros2-ws/install/ranger_interfaces/include/ranger_interfaces/ranger_interfaces/msg/detail/vehicle_transform__type_support.c
[25.338s] -- Installing: /home/ranger/ROV-project/ROV-project/Raspberry Pi/ros2-ws/install/ranger_interfaces/include/ranger_interfaces/ranger_interfaces/msg/detail/waypoint_location__type_support.c
[25.338s] -- Installing: /home/ranger/ROV-project/ROV-project/Raspberry Pi/ros2-ws/install/ranger_interfaces/include/ranger_interfaces/ranger_interfaces/msg/detail/ultrasonic_distance__type_support.c
[25.343s] -- Installing: /home/ranger/ROV-project/ROV-project/Raspberry Pi/ros2-ws/install/ranger_interfaces/include/ranger_interfaces/ranger_interfaces/msg/detail/imu_gyro__functions.h
[25.343s] -- Installing: /home/ranger/ROV-project/ROV-project/Raspberry Pi/ros2-ws/install/ranger_interfaces/include/ranger_interfaces/ranger_interfaces/msg/detail/string__struct.h
[25.344s] -- Installing: /home/ranger/ROV-project/ROV-project/Raspberry Pi/ros2-ws/install/ranger_interfaces/include/ranger_interfaces/ranger_interfaces/msg/detail/vehicle_transform__type_support.h
[25.344s] -- Installing: /home/ranger/ROV-project/ROV-project/Raspberry Pi/ros2-ws/install/ranger_interfaces/include/ranger_interfaces/ranger_interfaces/msg/detail/imu_gyro__description.c
[25.344s] -- Installing: /home/ranger/ROV-project/ROV-project/Raspberry Pi/ros2-ws/install/ranger_interfaces/include/ranger_interfaces/ranger_interfaces/msg/detail/string__description.c
[25.344s] -- Installing: /home/ranger/ROV-project/ROV-project/Raspberry Pi/ros2-ws/install/ranger_interfaces/include/ranger_interfaces/ranger_interfaces/msg/detail/obstacle_location__type_support.c
[25.345s] -- Installing: /home/ranger/ROV-project/ROV-project/Raspberry Pi/ros2-ws/install/ranger_interfaces/include/ranger_interfaces/ranger_interfaces/msg/detail/waypoint_location__type_support.h
[25.346s] -- Installing: /home/ranger/ROV-project/ROV-project/Raspberry Pi/ros2-ws/install/ranger_interfaces/include/ranger_interfaces/ranger_interfaces/msg/detail/imu_accel__type_support.h
[25.346s] -- Installing: /home/ranger/ROV-project/ROV-project/Raspberry Pi/ros2-ws/install/ranger_interfaces/include/ranger_interfaces/ranger_interfaces/msg/detail/imu_magnet__functions.h
[25.355s] -- Installing: /home/ranger/ROV-project/ROV-project/Raspberry Pi/ros2-ws/install/ranger_interfaces/include/ranger_interfaces/ranger_interfaces/msg/detail/imu_accel__functions.c
[25.355s] -- Installing: /home/ranger/ROV-project/ROV-project/Raspberry Pi/ros2-ws/install/ranger_interfaces/include/ranger_interfaces/ranger_interfaces/msg/detail/vehicle_transform__functions.c
[25.355s] -- Installing: /home/ranger/ROV-project/ROV-project/Raspberry Pi/ros2-ws/install/ranger_interfaces/include/ranger_interfaces/ranger_interfaces/msg/detail/string__type_support.c
[25.356s] -- Installing: /home/ranger/ROV-project/ROV-project/Raspberry Pi/ros2-ws/install/ranger_interfaces/include/ranger_interfaces/ranger_interfaces/msg/detail/ultrasonic_distance__struct.h
[25.360s] -- Installing: /home/ranger/ROV-project/ROV-project/Raspberry Pi/ros2-ws/install/ranger_interfaces/include/ranger_interfaces/ranger_interfaces/msg/detail/imu_magnet__functions.c
[25.361s] -- Installing: /home/ranger/ROV-project/ROV-project/Raspberry Pi/ros2-ws/install/ranger_interfaces/include/ranger_interfaces/ranger_interfaces/msg/detail/thruster_throttle__functions.c
[25.361s] -- Installing: /home/ranger/ROV-project/ROV-project/Raspberry Pi/ros2-ws/install/ranger_interfaces/include/ranger_interfaces/ranger_interfaces/msg/detail/imu_accel__struct.h
[25.361s] -- Installing: /home/ranger/ROV-project/ROV-project/Raspberry Pi/ros2-ws/install/ranger_interfaces/include/ranger_interfaces/ranger_interfaces/msg/detail/string__type_support.h
[25.363s] -- Installing: /home/ranger/ROV-project/ROV-project/Raspberry Pi/ros2-ws/install/ranger_interfaces/include/ranger_interfaces/ranger_interfaces/msg/detail/imu_magnet__type_support.c
[25.364s] -- Installing: /home/ranger/ROV-project/ROV-project/Raspberry Pi/ros2-ws/install/ranger_interfaces/include/ranger_interfaces/ranger_interfaces/msg/detail/waypoint_distance__struct.h
[25.365s] -- Installing: /home/ranger/ROV-project/ROV-project/Raspberry Pi/ros2-ws/install/ranger_interfaces/include/ranger_interfaces/ranger_interfaces/msg/detail/imu_gyro__functions.c
[25.372s] -- Installing: /home/ranger/ROV-project/ROV-project/Raspberry Pi/ros2-ws/install/ranger_interfaces/include/ranger_interfaces/ranger_interfaces/msg/detail/thruster_throttle__functions.h
[25.372s] -- Installing: /home/ranger/ROV-project/ROV-project/Raspberry Pi/ros2-ws/install/ranger_interfaces/include/ranger_interfaces/ranger_interfaces/msg/detail/movement_vector__functions.h
[25.372s] -- Installing: /home/ranger/ROV-project/ROV-project/Raspberry Pi/ros2-ws/install/ranger_interfaces/include/ranger_interfaces/ranger_interfaces/msg/detail/obstacle_location__functions.h
[25.372s] -- Installing: /home/ranger/ROV-project/ROV-project/Raspberry Pi/ros2-ws/install/ranger_interfaces/include/ranger_interfaces/ranger_interfaces/msg/detail/thruster_throttle__struct.h
[25.372s] -- Installing: /home/ranger/ROV-project/ROV-project/Raspberry Pi/ros2-ws/install/ranger_interfaces/include/ranger_interfaces/ranger_interfaces/msg/detail/waypoint_location__functions.h
[25.372s] -- Installing: /home/ranger/ROV-project/ROV-project/Raspberry Pi/ros2-ws/install/ranger_interfaces/include/ranger_interfaces/ranger_interfaces/msg/detail/obstacle_location__functions.c
[25.375s] -- Installing: /home/ranger/ROV-project/ROV-project/Raspberry Pi/ros2-ws/install/ranger_interfaces/include/ranger_interfaces/ranger_interfaces/msg/string.h
[25.378s] -- Installing: /home/ranger/ROV-project/ROV-project/Raspberry Pi/ros2-ws/install/ranger_interfaces/include/ranger_interfaces/ranger_interfaces/msg/vehicle_transform.h
[25.379s] -- Installing: /home/ranger/ROV-project/ROV-project/Raspberry Pi/ros2-ws/install/ranger_interfaces/include/ranger_interfaces/ranger_interfaces/msg/imu_accel.h
[25.380s] -- Installing: /home/ranger/ROV-project/ROV-project/Raspberry Pi/ros2-ws/install/ranger_interfaces/include/ranger_interfaces/ranger_interfaces/msg/obstacle_location.h
[25.381s] -- Installing: /home/ranger/ROV-project/ROV-project/Raspberry Pi/ros2-ws/install/ranger_interfaces/include/ranger_interfaces/ranger_interfaces/msg/ultrasonic_distance.h
[25.382s] -- Installing: /home/ranger/ROV-project/ROV-project/Raspberry Pi/ros2-ws/install/ranger_interfaces/include/ranger_interfaces/ranger_interfaces/msg/imu_magnet.h
[25.383s] -- Installing: /home/ranger/ROV-project/ROV-project/Raspberry Pi/ros2-ws/install/ranger_interfaces/include/ranger_interfaces/ranger_interfaces/msg/waypoint_location.h
[25.384s] -- Up-to-date: /home/ranger/ROV-project/ROV-project/Raspberry Pi/ros2-ws/install/ranger_interfaces/share/ranger_interfaces/environment/library_path.sh
[25.385s] -- Up-to-date: /home/ranger/ROV-project/ROV-project/Raspberry Pi/ros2-ws/install/ranger_interfaces/share/ranger_interfaces/environment/library_path.dsv
[25.387s] -- Installing: /home/ranger/ROV-project/ROV-project/Raspberry Pi/ros2-ws/install/ranger_interfaces/lib/libranger_interfaces__rosidl_generator_c.so
[25.388s] -- Set non-toolchain portion of runtime path of "/home/ranger/ROV-project/ROV-project/Raspberry Pi/ros2-ws/install/ranger_interfaces/lib/libranger_interfaces__rosidl_generator_c.so" to ""
[25.388s] -- Up-to-date: /home/ranger/ROV-project/ROV-project/Raspberry Pi/ros2-ws/install/ranger_interfaces/include/ranger_interfaces/ranger_interfaces
[25.389s] -- Up-to-date: /home/ranger/ROV-project/ROV-project/Raspberry Pi/ros2-ws/install/ranger_interfaces/include/ranger_interfaces/ranger_interfaces/msg
[25.389s] -- Up-to-date: /home/ranger/ROV-project/ROV-project/Raspberry Pi/ros2-ws/install/ranger_interfaces/include/ranger_interfaces/ranger_interfaces/msg/rosidl_typesupport_fastrtps_c__visibility_control.h
[25.390s] -- Up-to-date: /home/ranger/ROV-project/ROV-project/Raspberry Pi/ros2-ws/install/ranger_interfaces/include/ranger_interfaces/ranger_interfaces/msg/detail
[25.390s] -- Installing: /home/ranger/ROV-project/ROV-project/Raspberry Pi/ros2-ws/install/ranger_interfaces/include/ranger_interfaces/ranger_interfaces/msg/detail/imu_gyro__rosidl_typesupport_fastrtps_c.h
[25.392s] -- Installing: /home/ranger/ROV-project/ROV-project/Raspberry Pi/ros2-ws/install/ranger_interfaces/include/ranger_interfaces/ranger_interfaces/msg/detail/string__rosidl_typesupport_fastrtps_c.h
[25.392s] -- Installing: /home/ranger/ROV-project/ROV-project/Raspberry Pi/ros2-ws/install/ranger_interfaces/include/ranger_interfaces/ranger_interfaces/msg/detail/ultrasonic_distance__rosidl_typesupport_fastrtps_c.h
[25.392s] -- Installing: /home/ranger/ROV-project/ROV-project/Raspberry Pi/ros2-ws/install/ranger_interfaces/include/ranger_interfaces/ranger_interfaces/msg/detail/vehicle_transform__rosidl_typesupport_fastrtps_c.h
[25.393s] -- Installing: /home/ranger/ROV-project/ROV-project/Raspberry Pi/ros2-ws/install/ranger_interfaces/include/ranger_interfaces/ranger_interfaces/msg/detail/movement_vector__rosidl_typesupport_fastrtps_c.h
[25.393s] -- Installing: /home/ranger/ROV-project/ROV-project/Raspberry Pi/ros2-ws/install/ranger_interfaces/include/ranger_interfaces/ranger_interfaces/msg/detail/imu_magnet__rosidl_typesupport_fastrtps_c.h
[25.394s] -- Installing: /home/ranger/ROV-project/ROV-project/Raspberry Pi/ros2-ws/install/ranger_interfaces/include/ranger_interfaces/ranger_interfaces/msg/detail/obstacle_location__rosidl_typesupport_fastrtps_c.h
[25.395s] -- Installing: /home/ranger/ROV-project/ROV-project/Raspberry Pi/ros2-ws/install/ranger_interfaces/include/ranger_interfaces/ranger_interfaces/msg/detail/waypoint_location__rosidl_typesupport_fastrtps_c.h
[25.395s] -- Installing: /home/ranger/ROV-project/ROV-project/Raspberry Pi/ros2-ws/install/ranger_interfaces/include/ranger_interfaces/ranger_interfaces/msg/detail/thruster_throttle__rosidl_typesupport_fastrtps_c.h
[25.396s] -- Installing: /home/ranger/ROV-project/ROV-project/Raspberry Pi/ros2-ws/install/ranger_interfaces/include/ranger_interfaces/ranger_interfaces/msg/detail/imu_accel__rosidl_typesupport_fastrtps_c.h
[25.398s] -- Installing: /home/ranger/ROV-project/ROV-project/Raspberry Pi/ros2-ws/install/ranger_interfaces/include/ranger_interfaces/ranger_interfaces/msg/detail/waypoint_distance__rosidl_typesupport_fastrtps_c.h
[25.400s] -- Installing: /home/ranger/ROV-project/ROV-project/Raspberry Pi/ros2-ws/install/ranger_interfaces/lib/libranger_interfaces__rosidl_typesupport_fastrtps_c.so
[25.400s] -- Set non-toolchain portion of runtime path of "/home/ranger/ROV-project/ROV-project/Raspberry Pi/ros2-ws/install/ranger_interfaces/lib/libranger_interfaces__rosidl_typesupport_fastrtps_c.so" to ""
[25.401s] -- Up-to-date: /home/ranger/ROV-project/ROV-project/Raspberry Pi/ros2-ws/install/ranger_interfaces/include/ranger_interfaces/ranger_interfaces
[25.401s] -- Up-to-date: /home/ranger/ROV-project/ROV-project/Raspberry Pi/ros2-ws/install/ranger_interfaces/include/ranger_interfaces/ranger_interfaces/msg
[25.402s] -- Up-to-date: /home/ranger/ROV-project/ROV-project/Raspberry Pi/ros2-ws/install/ranger_interfaces/include/ranger_interfaces/ranger_interfaces/msg/detail
[25.402s] -- Installing: /home/ranger/ROV-project/ROV-project/Raspberry Pi/ros2-ws/install/ranger_interfaces/include/ranger_interfaces/ranger_interfaces/msg/detail/imu_gyro__type_support.c
[25.403s] -- Installing: /home/ranger/ROV-project/ROV-project/Raspberry Pi/ros2-ws/install/ranger_interfaces/include/ranger_interfaces/ranger_interfaces/msg/detail/thruster_throttle__rosidl_typesupport_introspection_c.h
[25.404s] -- Installing: /home/ranger/ROV-project/ROV-project/Raspberry Pi/ros2-ws/install/ranger_interfaces/include/ranger_interfaces/ranger_interfaces/msg/detail/imu_accel__rosidl_typesupport_introspection_c.h
[25.404s] -- Installing: /home/ranger/ROV-project/ROV-project/Raspberry Pi/ros2-ws/install/ranger_interfaces/include/ranger_interfaces/ranger_interfaces/msg/detail/waypoint_distance__type_support.c
[25.405s] -- Installing: /home/ranger/ROV-project/ROV-project/Raspberry Pi/ros2-ws/install/ranger_interfaces/include/ranger_interfaces/ranger_interfaces/msg/detail/ultrasonic_distance__rosidl_typesupport_introspection_c.h
[25.406s] -- Installing: /home/ranger/ROV-project/ROV-project/Raspberry Pi/ros2-ws/install/ranger_interfaces/include/ranger_interfaces/ranger_interfaces/msg/detail/imu_accel__type_support.c
[25.406s] -- Installing: /home/ranger/ROV-project/ROV-project/Raspberry Pi/ros2-ws/install/ranger_interfaces/include/ranger_interfaces/ranger_interfaces/msg/detail/imu_gyro__rosidl_typesupport_introspection_c.h
[25.407s] -- Installing: /home/ranger/ROV-project/ROV-project/Raspberry Pi/ros2-ws/install/ranger_interfaces/include/ranger_interfaces/ranger_interfaces/msg/detail/string__rosidl_typesupport_introspection_c.h
[25.407s] -- Installing: /home/ranger/ROV-project/ROV-project/Raspberry Pi/ros2-ws/install/ranger_interfaces/include/ranger_interfaces/ranger_interfaces/msg/detail/vehicle_transform__rosidl_typesupport_introspection_c.h
[25.408s] -- Installing: /home/ranger/ROV-project/ROV-project/Raspberry Pi/ros2-ws/install/ranger_interfaces/include/ranger_interfaces/ranger_interfaces/msg/detail/movement_vector__type_support.c
[25.409s] -- Installing: /home/ranger/ROV-project/ROV-project/Raspberry Pi/ros2-ws/install/ranger_interfaces/include/ranger_interfaces/ranger_interfaces/msg/detail/thruster_throttle__type_support.c
[25.409s] -- Installing: /home/ranger/ROV-project/ROV-project/Raspberry Pi/ros2-ws/install/ranger_interfaces/include/ranger_interfaces/ranger_interfaces/msg/detail/movement_vector__rosidl_typesupport_introspection_c.h
[25.410s] -- Installing: /home/ranger/ROV-project/ROV-project/Raspberry Pi/ros2-ws/install/ranger_interfaces/include/ranger_interfaces/ranger_interfaces/msg/detail/vehicle_transform__type_support.c
[25.411s] -- Installing: /home/ranger/ROV-project/ROV-project/Raspberry Pi/ros2-ws/install/ranger_interfaces/include/ranger_interfaces/ranger_interfaces/msg/detail/waypoint_location__type_support.c
[25.411s] -- Installing: /home/ranger/ROV-project/ROV-project/Raspberry Pi/ros2-ws/install/ranger_interfaces/include/ranger_interfaces/ranger_interfaces/msg/detail/ultrasonic_distance__type_support.c
[25.412s] -- Installing: /home/ranger/ROV-project/ROV-project/Raspberry Pi/ros2-ws/install/ranger_interfaces/include/ranger_interfaces/ranger_interfaces/msg/detail/obstacle_location__type_support.c
[25.413s] -- Installing: /home/ranger/ROV-project/ROV-project/Raspberry Pi/ros2-ws/install/ranger_interfaces/include/ranger_interfaces/ranger_interfaces/msg/detail/waypoint_distance__rosidl_typesupport_introspection_c.h
[25.413s] -- Installing: /home/ranger/ROV-project/ROV-project/Raspberry Pi/ros2-ws/install/ranger_interfaces/include/ranger_interfaces/ranger_interfaces/msg/detail/string__type_support.c
[25.413s] -- Installing: /home/ranger/ROV-project/ROV-project/Raspberry Pi/ros2-ws/install/ranger_interfaces/include/ranger_interfaces/ranger_interfaces/msg/detail/obstacle_location__rosidl_typesupport_introspection_c.h
[25.414s] -- Installing: /home/ranger/ROV-project/ROV-project/Raspberry Pi/ros2-ws/install/ranger_interfaces/include/ranger_interfaces/ranger_interfaces/msg/detail/imu_magnet__type_support.c
[25.415s] -- Installing: /home/ranger/ROV-project/ROV-project/Raspberry Pi/ros2-ws/install/ranger_interfaces/include/ranger_interfaces/ranger_interfaces/msg/detail/waypoint_location__rosidl_typesupport_introspection_c.h
[25.416s] -- Installing: /home/ranger/ROV-project/ROV-project/Raspberry Pi/ros2-ws/install/ranger_interfaces/include/ranger_interfaces/ranger_interfaces/msg/detail/imu_magnet__rosidl_typesupport_introspection_c.h
[25.417s] -- Up-to-date: /home/ranger/ROV-project/ROV-project/Raspberry Pi/ros2-ws/install/ranger_interfaces/include/ranger_interfaces/ranger_interfaces/msg/rosidl_typesupport_introspection_c__visibility_control.h
[25.420s] -- Installing: /home/ranger/ROV-project/ROV-project/Raspberry Pi/ros2-ws/install/ranger_interfaces/lib/libranger_interfaces__rosidl_typesupport_introspection_c.so
[25.420s] -- Set non-toolchain portion of runtime path of "/home/ranger/ROV-project/ROV-project/Raspberry Pi/ros2-ws/install/ranger_interfaces/lib/libranger_interfaces__rosidl_typesupport_introspection_c.so" to ""
[25.421s] -- Installing: /home/ranger/ROV-project/ROV-project/Raspberry Pi/ros2-ws/install/ranger_interfaces/lib/libranger_interfaces__rosidl_typesupport_c.so
[25.428s] -- Set non-toolchain portion of runtime path of "/home/ranger/ROV-project/ROV-project/Raspberry Pi/ros2-ws/install/ranger_interfaces/lib/libranger_interfaces__rosidl_typesupport_c.so" to ""
[25.432s] -- Up-to-date: /home/ranger/ROV-project/ROV-project/Raspberry Pi/ros2-ws/install/ranger_interfaces/include/ranger_interfaces/ranger_interfaces
[25.433s] -- Up-to-date: /home/ranger/ROV-project/ROV-project/Raspberry Pi/ros2-ws/install/ranger_interfaces/include/ranger_interfaces/ranger_interfaces/msg
[25.434s] -- Installing: /home/ranger/ROV-project/ROV-project/Raspberry Pi/ros2-ws/install/ranger_interfaces/include/ranger_interfaces/ranger_interfaces/msg/obstacle_location.hpp
[25.435s] -- Installing: /home/ranger/ROV-project/ROV-project/Raspberry Pi/ros2-ws/install/ranger_interfaces/include/ranger_interfaces/ranger_interfaces/msg/imu_magnet.hpp
[25.435s] -- Installing: /home/ranger/ROV-project/ROV-project/Raspberry Pi/ros2-ws/install/ranger_interfaces/include/ranger_interfaces/ranger_interfaces/msg/imu_accel.hpp
[25.437s] -- Installing: /home/ranger/ROV-project/ROV-project/Raspberry Pi/ros2-ws/install/ranger_interfaces/include/ranger_interfaces/ranger_interfaces/msg/ultrasonic_distance.hpp
[25.437s] -- Up-to-date: /home/ranger/ROV-project/ROV-project/Raspberry Pi/ros2-ws/install/ranger_interfaces/include/ranger_interfaces/ranger_interfaces/msg/detail
[25.437s] -- Installing: /home/ranger/ROV-project/ROV-project/Raspberry Pi/ros2-ws/install/ranger_interfaces/include/ranger_interfaces/ranger_interfaces/msg/detail/imu_gyro__builder.hpp
[25.437s] -- Installing: /home/ranger/ROV-project/ROV-project/Raspberry Pi/ros2-ws/install/ranger_interfaces/include/ranger_interfaces/ranger_interfaces/msg/detail/waypoint_location__struct.hpp
[25.438s] -- Installing: /home/ranger/ROV-project/ROV-project/Raspberry Pi/ros2-ws/install/ranger_interfaces/include/ranger_interfaces/ranger_interfaces/msg/detail/waypoint_distance__struct.hpp
[25.438s] -- Installing: /home/ranger/ROV-project/ROV-project/Raspberry Pi/ros2-ws/install/ranger_interfaces/include/ranger_interfaces/ranger_interfaces/msg/detail/ultrasonic_distance__struct.hpp
[25.439s] -- Installing: /home/ranger/ROV-project/ROV-project/Raspberry Pi/ros2-ws/install/ranger_interfaces/include/ranger_interfaces/ranger_interfaces/msg/detail/imu_gyro__type_support.hpp
[25.442s] -- Installing: /home/ranger/ROV-project/ROV-project/Raspberry Pi/ros2-ws/install/ranger_interfaces/include/ranger_interfaces/ranger_interfaces/msg/detail/waypoint_location__traits.hpp
[25.443s] -- Installing: /home/ranger/ROV-project/ROV-project/Raspberry Pi/ros2-ws/install/ranger_interfaces/include/ranger_interfaces/ranger_interfaces/msg/detail/movement_vector__struct.hpp
[25.449s] -- Installing: /home/ranger/ROV-project/ROV-project/Raspberry Pi/ros2-ws/install/ranger_interfaces/include/ranger_interfaces/ranger_interfaces/msg/detail/obstacle_location__builder.hpp
[25.450s] -- Installing: /home/ranger/ROV-project/ROV-project/Raspberry Pi/ros2-ws/install/ranger_interfaces/include/ranger_interfaces/ranger_interfaces/msg/detail/thruster_throttle__type_support.hpp
[25.450s] -- Installing: /home/ranger/ROV-project/ROV-project/Raspberry Pi/ros2-ws/install/ranger_interfaces/include/ranger_interfaces/ranger_interfaces/msg/detail/waypoint_distance__builder.hpp
[25.450s] -- Installing: /home/ranger/ROV-project/ROV-project/Raspberry Pi/ros2-ws/install/ranger_interfaces/include/ranger_interfaces/ranger_interfaces/msg/detail/vehicle_transform__builder.hpp
[25.450s] -- Installing: /home/ranger/ROV-project/ROV-project/Raspberry Pi/ros2-ws/install/ranger_interfaces/include/ranger_interfaces/ranger_interfaces/msg/detail/movement_vector__builder.hpp
[25.454s] -- Installing: /home/ranger/ROV-project/ROV-project/Raspberry Pi/ros2-ws/install/ranger_interfaces/include/ranger_interfaces/ranger_interfaces/msg/detail/string__traits.hpp
[25.454s] -- Installing: /home/ranger/ROV-project/ROV-project/Raspberry Pi/ros2-ws/install/ranger_interfaces/include/ranger_interfaces/ranger_interfaces/msg/detail/imu_magnet__type_support.hpp
[25.455s] -- Installing: /home/ranger/ROV-project/ROV-project/Raspberry Pi/ros2-ws/install/ranger_interfaces/include/ranger_interfaces/ranger_interfaces/msg/detail/thruster_throttle__traits.hpp
[25.456s] -- Installing: /home/ranger/ROV-project/ROV-project/Raspberry Pi/ros2-ws/install/ranger_interfaces/include/ranger_interfaces/ranger_interfaces/msg/detail/imu_accel__traits.hpp
[25.457s] -- Installing: /home/ranger/ROV-project/ROV-project/Raspberry Pi/ros2-ws/install/ranger_interfaces/include/ranger_interfaces/ranger_interfaces/msg/detail/string__builder.hpp
[25.457s] -- Installing: /home/ranger/ROV-project/ROV-project/Raspberry Pi/ros2-ws/install/ranger_interfaces/include/ranger_interfaces/ranger_interfaces/msg/detail/waypoint_distance__traits.hpp
[25.458s] -- Installing: /home/ranger/ROV-project/ROV-project/Raspberry Pi/ros2-ws/install/ranger_interfaces/include/ranger_interfaces/ranger_interfaces/msg/detail/vehicle_transform__traits.hpp
[25.459s] -- Installing: /home/ranger/ROV-project/ROV-project/Raspberry Pi/ros2-ws/install/ranger_interfaces/include/ranger_interfaces/ranger_interfaces/msg/detail/imu_accel__type_support.hpp
[25.460s] -- Installing: /home/ranger/ROV-project/ROV-project/Raspberry Pi/ros2-ws/install/ranger_interfaces/include/ranger_interfaces/ranger_interfaces/msg/detail/thruster_throttle__builder.hpp
[25.462s] -- Installing: /home/ranger/ROV-project/ROV-project/Raspberry Pi/ros2-ws/install/ranger_interfaces/include/ranger_interfaces/ranger_interfaces/msg/detail/movement_vector__traits.hpp
[25.463s] -- Installing: /home/ranger/ROV-project/ROV-project/Raspberry Pi/ros2-ws/install/ranger_interfaces/include/ranger_interfaces/ranger_interfaces/msg/detail/thruster_throttle__struct.hpp
[25.463s] -- Installing: /home/ranger/ROV-project/ROV-project/Raspberry Pi/ros2-ws/install/ranger_interfaces/include/ranger_interfaces/ranger_interfaces/msg/detail/vehicle_transform__struct.hpp
[25.465s] -- Installing: /home/ranger/ROV-project/ROV-project/Raspberry Pi/ros2-ws/install/ranger_interfaces/include/ranger_interfaces/ranger_interfaces/msg/detail/waypoint_distance__type_support.hpp
[25.465s] -- Installing: /home/ranger/ROV-project/ROV-project/Raspberry Pi/ros2-ws/install/ranger_interfaces/include/ranger_interfaces/ranger_interfaces/msg/detail/ultrasonic_distance__builder.hpp
[25.466s] -- Installing: /home/ranger/ROV-project/ROV-project/Raspberry Pi/ros2-ws/install/ranger_interfaces/include/ranger_interfaces/ranger_interfaces/msg/detail/imu_gyro__struct.hpp
[25.467s] -- Installing: /home/ranger/ROV-project/ROV-project/Raspberry Pi/ros2-ws/install/ranger_interfaces/include/ranger_interfaces/ranger_interfaces/msg/detail/vehicle_transform__type_support.hpp
[25.467s] -- Installing: /home/ranger/ROV-project/ROV-project/Raspberry Pi/ros2-ws/install/ranger_interfaces/include/ranger_interfaces/ranger_interfaces/msg/detail/obstacle_location__traits.hpp
[25.468s] -- Installing: /home/ranger/ROV-project/ROV-project/Raspberry Pi/ros2-ws/install/ranger_interfaces/include/ranger_interfaces/ranger_interfaces/msg/detail/imu_magnet__struct.hpp
[25.469s] -- Installing: /home/ranger/ROV-project/ROV-project/Raspberry Pi/ros2-ws/install/ranger_interfaces/include/ranger_interfaces/ranger_interfaces/msg/detail/imu_accel__struct.hpp
[25.469s] -- Installing: /home/ranger/ROV-project/ROV-project/Raspberry Pi/ros2-ws/install/ranger_interfaces/include/ranger_interfaces/ranger_interfaces/msg/detail/imu_gyro__traits.hpp
[25.470s] -- Installing: /home/ranger/ROV-project/ROV-project/Raspberry Pi/ros2-ws/install/ranger_interfaces/include/ranger_interfaces/ranger_interfaces/msg/detail/string__type_support.hpp
[25.471s] -- Installing: /home/ranger/ROV-project/ROV-project/Raspberry Pi/ros2-ws/install/ranger_interfaces/include/ranger_interfaces/ranger_interfaces/msg/detail/imu_magnet__traits.hpp
[25.471s] -- Installing: /home/ranger/ROV-project/ROV-project/Raspberry Pi/ros2-ws/install/ranger_interfaces/include/ranger_interfaces/ranger_interfaces/msg/detail/waypoint_location__builder.hpp
[25.472s] -- Installing: /home/ranger/ROV-project/ROV-project/Raspberry Pi/ros2-ws/install/ranger_interfaces/include/ranger_interfaces/ranger_interfaces/msg/detail/imu_magnet__builder.hpp
[25.473s] -- Installing: /home/ranger/ROV-project/ROV-project/Raspberry Pi/ros2-ws/install/ranger_interfaces/include/ranger_interfaces/ranger_interfaces/msg/detail/ultrasonic_distance__traits.hpp
[25.474s] -- Installing: /home/ranger/ROV-project/ROV-project/Raspberry Pi/ros2-ws/install/ranger_interfaces/include/ranger_interfaces/ranger_interfaces/msg/detail/ultrasonic_distance__type_support.hpp
[25.477s] -- Installing: /home/ranger/ROV-project/ROV-project/Raspberry Pi/ros2-ws/install/ranger_interfaces/include/ranger_interfaces/ranger_interfaces/msg/detail/waypoint_location__type_support.hpp
[25.477s] -- Installing: /home/ranger/ROV-project/ROV-project/Raspberry Pi/ros2-ws/install/ranger_interfaces/include/ranger_interfaces/ranger_interfaces/msg/detail/obstacle_location__type_support.hpp
[25.478s] -- Installing: /home/ranger/ROV-project/ROV-project/Raspberry Pi/ros2-ws/install/ranger_interfaces/include/ranger_interfaces/ranger_interfaces/msg/detail/obstacle_location__struct.hpp
[25.478s] -- Installing: /home/ranger/ROV-project/ROV-project/Raspberry Pi/ros2-ws/install/ranger_interfaces/include/ranger_interfaces/ranger_interfaces/msg/detail/string__struct.hpp
[25.478s] -- Installing: /home/ranger/ROV-project/ROV-project/Raspberry Pi/ros2-ws/install/ranger_interfaces/include/ranger_interfaces/ranger_interfaces/msg/detail/imu_accel__builder.hpp
[25.478s] -- Installing: /home/ranger/ROV-project/ROV-project/Raspberry Pi/ros2-ws/install/ranger_interfaces/include/ranger_interfaces/ranger_interfaces/msg/detail/movement_vector__type_support.hpp
[25.478s] -- Installing: /home/ranger/ROV-project/ROV-project/Raspberry Pi/ros2-ws/install/ranger_interfaces/include/ranger_interfaces/ranger_interfaces/msg/string.hpp
[25.478s] -- Installing: /home/ranger/ROV-project/ROV-project/Raspberry Pi/ros2-ws/install/ranger_interfaces/include/ranger_interfaces/ranger_interfaces/msg/rosidl_generator_cpp__visibility_control.hpp
[25.482s] -- Installing: /home/ranger/ROV-project/ROV-project/Raspberry Pi/ros2-ws/install/ranger_interfaces/include/ranger_interfaces/ranger_interfaces/msg/waypoint_distance.hpp
[25.482s] -- Installing: /home/ranger/ROV-project/ROV-project/Raspberry Pi/ros2-ws/install/ranger_interfaces/include/ranger_interfaces/ranger_interfaces/msg/thruster_throttle.hpp
[25.482s] -- Installing: /home/ranger/ROV-project/ROV-project/Raspberry Pi/ros2-ws/install/ranger_interfaces/include/ranger_interfaces/ranger_interfaces/msg/waypoint_location.hpp
[25.482s] -- Installing: /home/ranger/ROV-project/ROV-project/Raspberry Pi/ros2-ws/install/ranger_interfaces/include/ranger_interfaces/ranger_interfaces/msg/imu_gyro.hpp
[25.483s] -- Installing: /home/ranger/ROV-project/ROV-project/Raspberry Pi/ros2-ws/install/ranger_interfaces/include/ranger_interfaces/ranger_interfaces/msg/movement_vector.hpp
[25.483s] -- Installing: /home/ranger/ROV-project/ROV-project/Raspberry Pi/ros2-ws/install/ranger_interfaces/include/ranger_interfaces/ranger_interfaces/msg/vehicle_transform.hpp
[25.483s] -- Up-to-date: /home/ranger/ROV-project/ROV-project/Raspberry Pi/ros2-ws/install/ranger_interfaces/include/ranger_interfaces/ranger_interfaces
[25.490s] -- Up-to-date: /home/ranger/ROV-project/ROV-project/Raspberry Pi/ros2-ws/install/ranger_interfaces/include/ranger_interfaces/ranger_interfaces/msg
[25.490s] -- Up-to-date: /home/ranger/ROV-project/ROV-project/Raspberry Pi/ros2-ws/install/ranger_interfaces/include/ranger_interfaces/ranger_interfaces/msg/detail
[25.494s] -- Installing: /home/ranger/ROV-project/ROV-project/Raspberry Pi/ros2-ws/install/ranger_interfaces/include/ranger_interfaces/ranger_interfaces/msg/detail/imu_accel__rosidl_typesupport_fastrtps_cpp.hpp
[25.494s] -- Installing: /home/ranger/ROV-project/ROV-project/Raspberry Pi/ros2-ws/install/ranger_interfaces/include/ranger_interfaces/ranger_interfaces/msg/detail/string__rosidl_typesupport_fastrtps_cpp.hpp
[25.494s] -- Installing: /home/ranger/ROV-project/ROV-project/Raspberry Pi/ros2-ws/install/ranger_interfaces/include/ranger_interfaces/ranger_interfaces/msg/detail/vehicle_transform__rosidl_typesupport_fastrtps_cpp.hpp
[25.495s] -- Up-to-date: /home/ranger/ROV-project/ROV-project/Raspberry Pi/ros2-ws/install/ranger_interfaces/include/ranger_interfaces/ranger_interfaces/msg/detail/dds_fastrtps
[25.495s] -- Installing: /home/ranger/ROV-project/ROV-project/Raspberry Pi/ros2-ws/install/ranger_interfaces/include/ranger_interfaces/ranger_interfaces/msg/detail/waypoint_distance__rosidl_typesupport_fastrtps_cpp.hpp
[25.495s] -- Installing: /home/ranger/ROV-project/ROV-project/Raspberry Pi/ros2-ws/install/ranger_interfaces/include/ranger_interfaces/ranger_interfaces/msg/detail/ultrasonic_distance__rosidl_typesupport_fastrtps_cpp.hpp
[25.495s] -- Installing: /home/ranger/ROV-project/ROV-project/Raspberry Pi/ros2-ws/install/ranger_interfaces/include/ranger_interfaces/ranger_interfaces/msg/detail/waypoint_location__rosidl_typesupport_fastrtps_cpp.hpp
[25.495s] -- Installing: /home/ranger/ROV-project/ROV-project/Raspberry Pi/ros2-ws/install/ranger_interfaces/include/ranger_interfaces/ranger_interfaces/msg/detail/imu_gyro__rosidl_typesupport_fastrtps_cpp.hpp
[25.495s] -- Installing: /home/ranger/ROV-project/ROV-project/Raspberry Pi/ros2-ws/install/ranger_interfaces/include/ranger_interfaces/ranger_interfaces/msg/detail/obstacle_location__rosidl_typesupport_fastrtps_cpp.hpp
[25.496s] -- Installing: /home/ranger/ROV-project/ROV-project/Raspberry Pi/ros2-ws/install/ranger_interfaces/include/ranger_interfaces/ranger_interfaces/msg/detail/movement_vector__rosidl_typesupport_fastrtps_cpp.hpp
[25.496s] -- Installing: /home/ranger/ROV-project/ROV-project/Raspberry Pi/ros2-ws/install/ranger_interfaces/include/ranger_interfaces/ranger_interfaces/msg/detail/thruster_throttle__rosidl_typesupport_fastrtps_cpp.hpp
[25.496s] -- Installing: /home/ranger/ROV-project/ROV-project/Raspberry Pi/ros2-ws/install/ranger_interfaces/include/ranger_interfaces/ranger_interfaces/msg/detail/imu_magnet__rosidl_typesupport_fastrtps_cpp.hpp
[25.496s] -- Up-to-date: /home/ranger/ROV-project/ROV-project/Raspberry Pi/ros2-ws/install/ranger_interfaces/include/ranger_interfaces/ranger_interfaces/msg/rosidl_typesupport_fastrtps_cpp__visibility_control.h
[25.500s] -- Installing: /home/ranger/ROV-project/ROV-project/Raspberry Pi/ros2-ws/install/ranger_interfaces/lib/libranger_interfaces__rosidl_typesupport_fastrtps_cpp.so
[25.500s] -- Set non-toolchain portion of runtime path of "/home/ranger/ROV-project/ROV-project/Raspberry Pi/ros2-ws/install/ranger_interfaces/lib/libranger_interfaces__rosidl_typesupport_fastrtps_cpp.so" to ""
[25.500s] -- Up-to-date: /home/ranger/ROV-project/ROV-project/Raspberry Pi/ros2-ws/install/ranger_interfaces/include/ranger_interfaces/ranger_interfaces
[25.501s] -- Up-to-date: /home/ranger/ROV-project/ROV-project/Raspberry Pi/ros2-ws/install/ranger_interfaces/include/ranger_interfaces/ranger_interfaces/msg
[25.501s] -- Up-to-date: /home/ranger/ROV-project/ROV-project/Raspberry Pi/ros2-ws/install/ranger_interfaces/include/ranger_interfaces/ranger_interfaces/msg/detail
[25.501s] -- Installing: /home/ranger/ROV-project/ROV-project/Raspberry Pi/ros2-ws/install/ranger_interfaces/include/ranger_interfaces/ranger_interfaces/msg/detail/string__type_support.cpp
[25.501s] -- Installing: /home/ranger/ROV-project/ROV-project/Raspberry Pi/ros2-ws/install/ranger_interfaces/include/ranger_interfaces/ranger_interfaces/msg/detail/obstacle_location__rosidl_typesupport_introspection_cpp.hpp
[25.502s] -- Installing: /home/ranger/ROV-project/ROV-project/Raspberry Pi/ros2-ws/install/ranger_interfaces/include/ranger_interfaces/ranger_interfaces/msg/detail/vehicle_transform__rosidl_typesupport_introspection_cpp.hpp
[25.502s] -- Installing: /home/ranger/ROV-project/ROV-project/Raspberry Pi/ros2-ws/install/ranger_interfaces/include/ranger_interfaces/ranger_interfaces/msg/detail/imu_magnet__rosidl_typesupport_introspection_cpp.hpp
[25.502s] -- Installing: /home/ranger/ROV-project/ROV-project/Raspberry Pi/ros2-ws/install/ranger_interfaces/include/ranger_interfaces/ranger_interfaces/msg/detail/thruster_throttle__type_support.cpp
[25.502s] -- Installing: /home/ranger/ROV-project/ROV-project/Raspberry Pi/ros2-ws/install/ranger_interfaces/include/ranger_interfaces/ranger_interfaces/msg/detail/imu_magnet__type_support.cpp
[25.502s] -- Installing: /home/ranger/ROV-project/ROV-project/Raspberry Pi/ros2-ws/install/ranger_interfaces/include/ranger_interfaces/ranger_interfaces/msg/detail/waypoint_distance__type_support.cpp
[25.502s] -- Installing: /home/ranger/ROV-project/ROV-project/Raspberry Pi/ros2-ws/install/ranger_interfaces/include/ranger_interfaces/ranger_interfaces/msg/detail/imu_gyro__type_support.cpp
[25.503s] -- Installing: /home/ranger/ROV-project/ROV-project/Raspberry Pi/ros2-ws/install/ranger_interfaces/include/ranger_interfaces/ranger_interfaces/msg/detail/obstacle_location__type_support.cpp
[25.503s] -- Installing: /home/ranger/ROV-project/ROV-project/Raspberry Pi/ros2-ws/install/ranger_interfaces/include/ranger_interfaces/ranger_interfaces/msg/detail/movement_vector__rosidl_typesupport_introspection_cpp.hpp
[25.503s] -- Installing: /home/ranger/ROV-project/ROV-project/Raspberry Pi/ros2-ws/install/ranger_interfaces/include/ranger_interfaces/ranger_interfaces/msg/detail/imu_accel__rosidl_typesupport_introspection_cpp.hpp
[25.503s] -- Installing: /home/ranger/ROV-project/ROV-project/Raspberry Pi/ros2-ws/install/ranger_interfaces/include/ranger_interfaces/ranger_interfaces/msg/detail/ultrasonic_distance__type_support.cpp
[25.503s] -- Installing: /home/ranger/ROV-project/ROV-project/Raspberry Pi/ros2-ws/install/ranger_interfaces/include/ranger_interfaces/ranger_interfaces/msg/detail/vehicle_transform__type_support.cpp
[25.503s] -- Installing: /home/ranger/ROV-project/ROV-project/Raspberry Pi/ros2-ws/install/ranger_interfaces/include/ranger_interfaces/ranger_interfaces/msg/detail/string__rosidl_typesupport_introspection_cpp.hpp
[25.504s] -- Installing: /home/ranger/ROV-project/ROV-project/Raspberry Pi/ros2-ws/install/ranger_interfaces/include/ranger_interfaces/ranger_interfaces/msg/detail/ultrasonic_distance__rosidl_typesupport_introspection_cpp.hpp
[25.506s] -- Installing: /home/ranger/ROV-project/ROV-project/Raspberry Pi/ros2-ws/install/ranger_interfaces/include/ranger_interfaces/ranger_interfaces/msg/detail/imu_gyro__rosidl_typesupport_introspection_cpp.hpp
[25.507s] -- Installing: /home/ranger/ROV-project/ROV-project/Raspberry Pi/ros2-ws/install/ranger_interfaces/include/ranger_interfaces/ranger_interfaces/msg/detail/movement_vector__type_support.cpp
[25.508s] -- Installing: /home/ranger/ROV-project/ROV-project/Raspberry Pi/ros2-ws/install/ranger_interfaces/include/ranger_interfaces/ranger_interfaces/msg/detail/thruster_throttle__rosidl_typesupport_introspection_cpp.hpp
[25.509s] -- Installing: /home/ranger/ROV-project/ROV-project/Raspberry Pi/ros2-ws/install/ranger_interfaces/include/ranger_interfaces/ranger_interfaces/msg/detail/waypoint_distance__rosidl_typesupport_introspection_cpp.hpp
[25.509s] -- Installing: /home/ranger/ROV-project/ROV-project/Raspberry Pi/ros2-ws/install/ranger_interfaces/include/ranger_interfaces/ranger_interfaces/msg/detail/waypoint_location__type_support.cpp
[25.510s] -- Installing: /home/ranger/ROV-project/ROV-project/Raspberry Pi/ros2-ws/install/ranger_interfaces/include/ranger_interfaces/ranger_interfaces/msg/detail/imu_accel__type_support.cpp
[25.512s] -- Installing: /home/ranger/ROV-project/ROV-project/Raspberry Pi/ros2-ws/install/ranger_interfaces/include/ranger_interfaces/ranger_interfaces/msg/detail/waypoint_location__rosidl_typesupport_introspection_cpp.hpp
[25.512s] -- Installing: /home/ranger/ROV-project/ROV-project/Raspberry Pi/ros2-ws/install/ranger_interfaces/lib/libranger_interfaces__rosidl_typesupport_introspection_cpp.so
[25.514s] -- Set non-toolchain portion of runtime path of "/home/ranger/ROV-project/ROV-project/Raspberry Pi/ros2-ws/install/ranger_interfaces/lib/libranger_interfaces__rosidl_typesupport_introspection_cpp.so" to ""
[25.516s] -- Installing: /home/ranger/ROV-project/ROV-project/Raspberry Pi/ros2-ws/install/ranger_interfaces/lib/libranger_interfaces__rosidl_typesupport_cpp.so
[25.516s] -- Set non-toolchain portion of runtime path of "/home/ranger/ROV-project/ROV-project/Raspberry Pi/ros2-ws/install/ranger_interfaces/lib/libranger_interfaces__rosidl_typesupport_cpp.so" to ""
[25.517s] -- Up-to-date: /home/ranger/ROV-project/ROV-project/Raspberry Pi/ros2-ws/install/ranger_interfaces/share/ranger_interfaces/environment/pythonpath.sh
[25.517s] -- Up-to-date: /home/ranger/ROV-project/ROV-project/Raspberry Pi/ros2-ws/install/ranger_interfaces/share/ranger_interfaces/environment/pythonpath.dsv
[25.518s] -- Up-to-date: /home/ranger/ROV-project/ROV-project/Raspberry Pi/ros2-ws/install/ranger_interfaces/lib/python3.12/site-packages/ranger_interfaces-0.0.1-py3.12.egg-info
[25.519s] -- Installing: /home/ranger/ROV-project/ROV-project/Raspberry Pi/ros2-ws/install/ranger_interfaces/lib/python3.12/site-packages/ranger_interfaces-0.0.1-py3.12.egg-info/dependency_links.txt
[25.519s] -- Installing: /home/ranger/ROV-project/ROV-project/Raspberry Pi/ros2-ws/install/ranger_interfaces/lib/python3.12/site-packages/ranger_interfaces-0.0.1-py3.12.egg-info/PKG-INFO
[25.520s] -- Installing: /home/ranger/ROV-project/ROV-project/Raspberry Pi/ros2-ws/install/ranger_interfaces/lib/python3.12/site-packages/ranger_interfaces-0.0.1-py3.12.egg-info/top_level.txt
[25.520s] -- Installing: /home/ranger/ROV-project/ROV-project/Raspberry Pi/ros2-ws/install/ranger_interfaces/lib/python3.12/site-packages/ranger_interfaces-0.0.1-py3.12.egg-info/SOURCES.txt
[25.526s] -- Up-to-date: /home/ranger/ROV-project/ROV-project/Raspberry Pi/ros2-ws/install/ranger_interfaces/lib/python3.12/site-packages/ranger_interfaces
[25.527s] -- Installing: /home/ranger/ROV-project/ROV-project/Raspberry Pi/ros2-ws/install/ranger_interfaces/lib/python3.12/site-packages/ranger_interfaces/ranger_interfaces_s__rosidl_typesupport_fastrtps_c.so
[25.527s] -- Installing: /home/ranger/ROV-project/ROV-project/Raspberry Pi/ros2-ws/install/ranger_interfaces/lib/python3.12/site-packages/ranger_interfaces/ranger_interfaces_s__rosidl_typesupport_c.so
[25.527s] -- Installing: /home/ranger/ROV-project/ROV-project/Raspberry Pi/ros2-ws/install/ranger_interfaces/lib/python3.12/site-packages/ranger_interfaces/_ranger_interfaces_s.ep.rosidl_typesupport_introspection_c.c
[25.527s] -- Installing: /home/ranger/ROV-project/ROV-project/Raspberry Pi/ros2-ws/install/ranger_interfaces/lib/python3.12/site-packages/ranger_interfaces/ranger_interfaces_s__rosidl_typesupport_introspection_c.so
[25.527s] -- Installing: /home/ranger/ROV-project/ROV-project/Raspberry Pi/ros2-ws/install/ranger_interfaces/lib/python3.12/site-packages/ranger_interfaces/__init__.py
[25.548s] -- Installing: /home/ranger/ROV-project/ROV-project/Raspberry Pi/ros2-ws/install/ranger_interfaces/lib/python3.12/site-packages/ranger_interfaces/_ranger_interfaces_s.ep.rosidl_typesupport_fastrtps_c.c
[25.548s] -- Up-to-date: /home/ranger/ROV-project/ROV-project/Raspberry Pi/ros2-ws/install/ranger_interfaces/lib/python3.12/site-packages/ranger_interfaces/msg
[25.548s] -- Installing: /home/ranger/ROV-project/ROV-project/Raspberry Pi/ros2-ws/install/ranger_interfaces/lib/python3.12/site-packages/ranger_interfaces/msg/_imu_magnet.py
[25.548s] -- Installing: /home/ranger/ROV-project/ROV-project/Raspberry Pi/ros2-ws/install/ranger_interfaces/lib/python3.12/site-packages/ranger_interfaces/msg/_waypoint_location.py
[25.551s] -- Installing: /home/ranger/ROV-project/ROV-project/Raspberry Pi/ros2-ws/install/ranger_interfaces/lib/python3.12/site-packages/ranger_interfaces/msg/_imu_gyro_s.c
[25.555s] -- Installing: /home/ranger/ROV-project/ROV-project/Raspberry Pi/ros2-ws/install/ranger_interfaces/lib/python3.12/site-packages/ranger_interfaces/msg/_movement_vector.py
[25.555s] -- Installing: /home/ranger/ROV-project/ROV-project/Raspberry Pi/ros2-ws/install/ranger_interfaces/lib/python3.12/site-packages/ranger_interfaces/msg/_obstacle_location_s.c
[25.559s] -- Installing: /home/ranger/ROV-project/ROV-project/Raspberry Pi/ros2-ws/install/ranger_interfaces/lib/python3.12/site-packages/ranger_interfaces/msg/_string_s.c
[25.559s] -- Installing: /home/ranger/ROV-project/ROV-project/Raspberry Pi/ros2-ws/install/ranger_interfaces/lib/python3.12/site-packages/ranger_interfaces/msg/_imu_accel_s.c
[25.559s] -- Installing: /home/ranger/ROV-project/ROV-project/Raspberry Pi/ros2-ws/install/ranger_interfaces/lib/python3.12/site-packages/ranger_interfaces/msg/_string.py
[25.560s] -- Installing: /home/ranger/ROV-project/ROV-project/Raspberry Pi/ros2-ws/install/ranger_interfaces/lib/python3.12/site-packages/ranger_interfaces/msg/_waypoint_distance.py
[25.560s] -- Installing: /home/ranger/ROV-project/ROV-project/Raspberry Pi/ros2-ws/install/ranger_interfaces/lib/python3.12/site-packages/ranger_interfaces/msg/_waypoint_distance_s.c
[25.562s] -- Installing: /home/ranger/ROV-project/ROV-project/Raspberry Pi/ros2-ws/install/ranger_interfaces/lib/python3.12/site-packages/ranger_interfaces/msg/_imu_accel.py
[25.562s] -- Installing: /home/ranger/ROV-project/ROV-project/Raspberry Pi/ros2-ws/install/ranger_interfaces/lib/python3.12/site-packages/ranger_interfaces/msg/__init__.py
[25.563s] -- Installing: /home/ranger/ROV-project/ROV-project/Raspberry Pi/ros2-ws/install/ranger_interfaces/lib/python3.12/site-packages/ranger_interfaces/msg/_thruster_throttle_s.c
[25.565s] -- Installing: /home/ranger/ROV-project/ROV-project/Raspberry Pi/ros2-ws/install/ranger_interfaces/lib/python3.12/site-packages/ranger_interfaces/msg/_imu_magnet_s.c
[25.568s] -- Installing: /home/ranger/ROV-project/ROV-project/Raspberry Pi/ros2-ws/install/ranger_interfaces/lib/python3.12/site-packages/ranger_interfaces/msg/_movement_vector_s.c
[25.568s] -- Installing: /home/ranger/ROV-project/ROV-project/Raspberry Pi/ros2-ws/install/ranger_interfaces/lib/python3.12/site-packages/ranger_interfaces/msg/_vehicle_transform.py
[25.569s] -- Installing: /home/ranger/ROV-project/ROV-project/Raspberry Pi/ros2-ws/install/ranger_interfaces/lib/python3.12/site-packages/ranger_interfaces/msg/_ultrasonic_distance.py
[25.571s] -- Installing: /home/ranger/ROV-project/ROV-project/Raspberry Pi/ros2-ws/install/ranger_interfaces/lib/python3.12/site-packages/ranger_interfaces/msg/_ultrasonic_distance_s.c
[25.572s] -- Installing: /home/ranger/ROV-project/ROV-project/Raspberry Pi/ros2-ws/install/ranger_interfaces/lib/python3.12/site-packages/ranger_interfaces/msg/_thruster_throttle.py
[25.573s] -- Installing: /home/ranger/ROV-project/ROV-project/Raspberry Pi/ros2-ws/install/ranger_interfaces/lib/python3.12/site-packages/ranger_interfaces/msg/_vehicle_transform_s.c
[25.575s] -- Installing: /home/ranger/ROV-project/ROV-project/Raspberry Pi/ros2-ws/install/ranger_interfaces/lib/python3.12/site-packages/ranger_interfaces/msg/_waypoint_location_s.c
[25.575s] -- Installing: /home/ranger/ROV-project/ROV-project/Raspberry Pi/ros2-ws/install/ranger_interfaces/lib/python3.12/site-packages/ranger_interfaces/msg/_obstacle_location.py
[25.576s] -- Installing: /home/ranger/ROV-project/ROV-project/Raspberry Pi/ros2-ws/install/ranger_interfaces/lib/python3.12/site-packages/ranger_interfaces/msg/_imu_gyro.py
[25.577s] -- Installing: /home/ranger/ROV-project/ROV-project/Raspberry Pi/ros2-ws/install/ranger_interfaces/lib/python3.12/site-packages/ranger_interfaces/_ranger_interfaces_s.ep.rosidl_typesupport_c.c
[25.767s] Listing '/home/ranger/ROV-project/ROV-project/Raspberry Pi/ros2-ws/install/ranger_interfaces/lib/python3.12/site-packages/ranger_interfaces'...
[25.767s] Compiling '/home/ranger/ROV-project/ROV-project/Raspberry Pi/ros2-ws/install/ranger_interfaces/lib/python3.12/site-packages/ranger_interfaces/__init__.py'...
[25.767s] Listing '/home/ranger/ROV-project/ROV-project/Raspberry Pi/ros2-ws/install/ranger_interfaces/lib/python3.12/site-packages/ranger_interfaces/msg'...
[25.767s] Compiling '/home/ranger/ROV-project/ROV-project/Raspberry Pi/ros2-ws/install/ranger_interfaces/lib/python3.12/site-packages/ranger_interfaces/msg/__init__.py'...
[25.767s] Compiling '/home/ranger/ROV-project/ROV-project/Raspberry Pi/ros2-ws/install/ranger_interfaces/lib/python3.12/site-packages/ranger_interfaces/msg/_imu_accel.py'...
[25.768s] Compiling '/home/ranger/ROV-project/ROV-project/Raspberry Pi/ros2-ws/install/ranger_interfaces/lib/python3.12/site-packages/ranger_interfaces/msg/_imu_gyro.py'...
[25.771s] Compiling '/home/ranger/ROV-project/ROV-project/Raspberry Pi/ros2-ws/install/ranger_interfaces/lib/python3.12/site-packages/ranger_interfaces/msg/_imu_magnet.py'...
[25.771s] Compiling '/home/ranger/ROV-project/ROV-project/Raspberry Pi/ros2-ws/install/ranger_interfaces/lib/python3.12/site-packages/ranger_interfaces/msg/_movement_vector.py'...
[25.771s] Compiling '/home/ranger/ROV-project/ROV-project/Raspberry Pi/ros2-ws/install/ranger_interfaces/lib/python3.12/site-packages/ranger_interfaces/msg/_obstacle_location.py'...
[25.771s] Compiling '/home/ranger/ROV-project/ROV-project/Raspberry Pi/ros2-ws/install/ranger_interfaces/lib/python3.12/site-packages/ranger_interfaces/msg/_string.py'...
[25.771s] Compiling '/home/ranger/ROV-project/ROV-project/Raspberry Pi/ros2-ws/install/ranger_interfaces/lib/python3.12/site-packages/ranger_interfaces/msg/_thruster_throttle.py'...
[25.772s] Compiling '/home/ranger/ROV-project/ROV-project/Raspberry Pi/ros2-ws/install/ranger_interfaces/lib/python3.12/site-packages/ranger_interfaces/msg/_ultrasonic_distance.py'...
[25.772s] Compiling '/home/ranger/ROV-project/ROV-project/Raspberry Pi/ros2-ws/install/ranger_interfaces/lib/python3.12/site-packages/ranger_interfaces/msg/_vehicle_transform.py'...
[25.772s] Compiling '/home/ranger/ROV-project/ROV-project/Raspberry Pi/ros2-ws/install/ranger_interfaces/lib/python3.12/site-packages/ranger_interfaces/msg/_waypoint_distance.py'...
[25.772s] Compiling '/home/ranger/ROV-project/ROV-project/Raspberry Pi/ros2-ws/install/ranger_interfaces/lib/python3.12/site-packages/ranger_interfaces/msg/_waypoint_location.py'...
[25.784s] -- Installing: /home/ranger/ROV-project/ROV-project/Raspberry Pi/ros2-ws/install/ranger_interfaces/lib/python3.12/site-packages/ranger_interfaces/ranger_interfaces_s__rosidl_typesupport_fastrtps_c.so
[25.785s] -- Set non-toolchain portion of runtime path of "/home/ranger/ROV-project/ROV-project/Raspberry Pi/ros2-ws/install/ranger_interfaces/lib/python3.12/site-packages/ranger_interfaces/ranger_interfaces_s__rosidl_typesupport_fastrtps_c.so" to ""
[25.785s] -- Installing: /home/ranger/ROV-project/ROV-project/Raspberry Pi/ros2-ws/install/ranger_interfaces/lib/python3.12/site-packages/ranger_interfaces/ranger_interfaces_s__rosidl_typesupport_introspection_c.so
[25.786s] -- Set non-toolchain portion of runtime path of "/home/ranger/ROV-project/ROV-project/Raspberry Pi/ros2-ws/install/ranger_interfaces/lib/python3.12/site-packages/ranger_interfaces/ranger_interfaces_s__rosidl_typesupport_introspection_c.so" to ""
[25.787s] -- Installing: /home/ranger/ROV-project/ROV-project/Raspberry Pi/ros2-ws/install/ranger_interfaces/lib/python3.12/site-packages/ranger_interfaces/ranger_interfaces_s__rosidl_typesupport_c.so
[25.788s] -- Set non-toolchain portion of runtime path of "/home/ranger/ROV-project/ROV-project/Raspberry Pi/ros2-ws/install/ranger_interfaces/lib/python3.12/site-packages/ranger_interfaces/ranger_interfaces_s__rosidl_typesupport_c.so" to ""
[25.788s] -- Installing: /home/ranger/ROV-project/ROV-project/Raspberry Pi/ros2-ws/install/ranger_interfaces/lib/libranger_interfaces__rosidl_generator_py.so
[25.789s] -- Set non-toolchain portion of runtime path of "/home/ranger/ROV-project/ROV-project/Raspberry Pi/ros2-ws/install/ranger_interfaces/lib/libranger_interfaces__rosidl_generator_py.so" to ""
[25.790s] -- Up-to-date: /home/ranger/ROV-project/ROV-project/Raspberry Pi/ros2-ws/install/ranger_interfaces/share/ranger_interfaces/msg/ThrusterThrottle.idl
[25.791s] -- Up-to-date: /home/ranger/ROV-project/ROV-project/Raspberry Pi/ros2-ws/install/ranger_interfaces/share/ranger_interfaces/msg/IMUAccel.idl
[25.792s] -- Up-to-date: /home/ranger/ROV-project/ROV-project/Raspberry Pi/ros2-ws/install/ranger_interfaces/share/ranger_interfaces/msg/IMUGyro.idl
[25.794s] -- Up-to-date: /home/ranger/ROV-project/ROV-project/Raspberry Pi/ros2-ws/install/ranger_interfaces/share/ranger_interfaces/msg/IMUMagnet.idl
[25.794s] -- Up-to-date: /home/ranger/ROV-project/ROV-project/Raspberry Pi/ros2-ws/install/ranger_interfaces/share/ranger_interfaces/msg/UltrasonicDistance.idl
[25.795s] -- Up-to-date: /home/ranger/ROV-project/ROV-project/Raspberry Pi/ros2-ws/install/ranger_interfaces/share/ranger_interfaces/msg/VehicleTransform.idl
[25.795s] -- Up-to-date: /home/ranger/ROV-project/ROV-project/Raspberry Pi/ros2-ws/install/ranger_interfaces/share/ranger_interfaces/msg/WaypointLocation.idl
[25.795s] -- Up-to-date: /home/ranger/ROV-project/ROV-project/Raspberry Pi/ros2-ws/install/ranger_interfaces/share/ranger_interfaces/msg/WaypointDistance.idl
[25.795s] -- Up-to-date: /home/ranger/ROV-project/ROV-project/Raspberry Pi/ros2-ws/install/ranger_interfaces/share/ranger_interfaces/msg/ObstacleLocation.idl
[25.795s] -- Up-to-date: /home/ranger/ROV-project/ROV-project/Raspberry Pi/ros2-ws/install/ranger_interfaces/share/ranger_interfaces/msg/MovementVector.idl
[25.796s] -- Installing: /home/ranger/ROV-project/ROV-project/Raspberry Pi/ros2-ws/install/ranger_interfaces/share/ranger_interfaces/msg/String.idl
[25.796s] -- Up-to-date: /home/ranger/ROV-project/ROV-project/Raspberry Pi/ros2-ws/install/ranger_interfaces/share/ranger_interfaces/msg/ThrusterThrottle.msg
[25.796s] -- Up-to-date: /home/ranger/ROV-project/ROV-project/Raspberry Pi/ros2-ws/install/ranger_interfaces/share/ranger_interfaces/msg/IMUAccel.msg
[25.796s] -- Up-to-date: /home/ranger/ROV-project/ROV-project/Raspberry Pi/ros2-ws/install/ranger_interfaces/share/ranger_interfaces/msg/IMUGyro.msg
[25.796s] -- Up-to-date: /home/ranger/ROV-project/ROV-project/Raspberry Pi/ros2-ws/install/ranger_interfaces/share/ranger_interfaces/msg/IMUMagnet.msg
[25.796s] -- Up-to-date: /home/ranger/ROV-project/ROV-project/Raspberry Pi/ros2-ws/install/ranger_interfaces/share/ranger_interfaces/msg/UltrasonicDistance.msg
[25.798s] -- Up-to-date: /home/ranger/ROV-project/ROV-project/Raspberry Pi/ros2-ws/install/ranger_interfaces/share/ranger_interfaces/msg/VehicleTransform.msg
[25.799s] -- Up-to-date: /home/ranger/ROV-project/ROV-project/Raspberry Pi/ros2-ws/install/ranger_interfaces/share/ranger_interfaces/msg/WaypointLocation.msg
[25.799s] -- Up-to-date: /home/ranger/ROV-project/ROV-project/Raspberry Pi/ros2-ws/install/ranger_interfaces/share/ranger_interfaces/msg/WaypointDistance.msg
[25.800s] -- Up-to-date: /home/ranger/ROV-project/ROV-project/Raspberry Pi/ros2-ws/install/ranger_interfaces/share/ranger_interfaces/msg/ObstacleLocation.msg
[25.801s] -- Up-to-date: /home/ranger/ROV-project/ROV-project/Raspberry Pi/ros2-ws/install/ranger_interfaces/share/ranger_interfaces/msg/MovementVector.msg
[25.805s] -- Installing: /home/ranger/ROV-project/ROV-project/Raspberry Pi/ros2-ws/install/ranger_interfaces/share/ranger_interfaces/msg/String.msg
[25.805s] -- Up-to-date: /home/ranger/ROV-project/ROV-project/Raspberry Pi/ros2-ws/install/ranger_interfaces/share/ament_index/resource_index/package_run_dependencies/ranger_interfaces
[25.805s] -- Installing: /home/ranger/ROV-project/ROV-project/Raspberry Pi/ros2-ws/install/ranger_interfaces/share/ament_index/resource_index/parent_prefix_path/ranger_interfaces
[25.805s] -- Up-to-date: /home/ranger/ROV-project/ROV-project/Raspberry Pi/ros2-ws/install/ranger_interfaces/share/ranger_interfaces/environment/ament_prefix_path.sh
[25.806s] -- Up-to-date: /home/ranger/ROV-project/ROV-project/Raspberry Pi/ros2-ws/install/ranger_interfaces/share/ranger_interfaces/environment/ament_prefix_path.dsv
[25.806s] -- Up-to-date: /home/ranger/ROV-project/ROV-project/Raspberry Pi/ros2-ws/install/ranger_interfaces/share/ranger_interfaces/environment/path.sh
[25.806s] -- Up-to-date: /home/ranger/ROV-project/ROV-project/Raspberry Pi/ros2-ws/install/ranger_interfaces/share/ranger_interfaces/environment/path.dsv
[25.806s] -- Up-to-date: /home/ranger/ROV-project/ROV-project/Raspberry Pi/ros2-ws/install/ranger_interfaces/share/ranger_interfaces/local_setup.bash
[25.806s] -- Up-to-date: /home/ranger/ROV-project/ROV-project/Raspberry Pi/ros2-ws/install/ranger_interfaces/share/ranger_interfaces/local_setup.sh
[25.809s] -- Up-to-date: /home/ranger/ROV-project/ROV-project/Raspberry Pi/ros2-ws/install/ranger_interfaces/share/ranger_interfaces/local_setup.zsh
[25.810s] -- Up-to-date: /home/ranger/ROV-project/ROV-project/Raspberry Pi/ros2-ws/install/ranger_interfaces/share/ranger_interfaces/local_setup.dsv
[25.810s] -- Installing: /home/ranger/ROV-project/ROV-project/Raspberry Pi/ros2-ws/install/ranger_interfaces/share/ranger_interfaces/package.dsv
[25.810s] -- Up-to-date: /home/ranger/ROV-project/ROV-project/Raspberry Pi/ros2-ws/install/ranger_interfaces/share/ament_index/resource_index/packages/ranger_interfaces
[25.810s] -- Up-to-date: /home/ranger/ROV-project/ROV-project/Raspberry Pi/ros2-ws/install/ranger_interfaces/share/ranger_interfaces/cmake/export_ranger_interfaces__rosidl_generator_cExport.cmake
[25.810s] -- Up-to-date: /home/ranger/ROV-project/ROV-project/Raspberry Pi/ros2-ws/install/ranger_interfaces/share/ranger_interfaces/cmake/export_ranger_interfaces__rosidl_generator_cExport-noconfig.cmake
[25.811s] -- Up-to-date: /home/ranger/ROV-project/ROV-project/Raspberry Pi/ros2-ws/install/ranger_interfaces/share/ranger_interfaces/cmake/export_ranger_interfaces__rosidl_typesupport_fastrtps_cExport.cmake
[25.811s] -- Up-to-date: /home/ranger/ROV-project/ROV-project/Raspberry Pi/ros2-ws/install/ranger_interfaces/share/ranger_interfaces/cmake/export_ranger_interfaces__rosidl_typesupport_fastrtps_cExport-noconfig.cmake
[25.811s] -- Up-to-date: /home/ranger/ROV-project/ROV-project/Raspberry Pi/ros2-ws/install/ranger_interfaces/share/ranger_interfaces/cmake/ranger_interfaces__rosidl_typesupport_introspection_cExport.cmake
[25.814s] -- Up-to-date: /home/ranger/ROV-project/ROV-project/Raspberry Pi/ros2-ws/install/ranger_interfaces/share/ranger_interfaces/cmake/ranger_interfaces__rosidl_typesupport_introspection_cExport-noconfig.cmake
[25.814s] -- Up-to-date: /home/ranger/ROV-project/ROV-project/Raspberry Pi/ros2-ws/install/ranger_interfaces/share/ranger_interfaces/cmake/ranger_interfaces__rosidl_typesupport_cExport.cmake
[25.814s] -- Up-to-date: /home/ranger/ROV-project/ROV-project/Raspberry Pi/ros2-ws/install/ranger_interfaces/share/ranger_interfaces/cmake/ranger_interfaces__rosidl_typesupport_cExport-noconfig.cmake
[25.814s] -- Up-to-date: /home/ranger/ROV-project/ROV-project/Raspberry Pi/ros2-ws/install/ranger_interfaces/share/ranger_interfaces/cmake/export_ranger_interfaces__rosidl_generator_cppExport.cmake
[25.822s] -- Up-to-date: /home/ranger/ROV-project/ROV-project/Raspberry Pi/ros2-ws/install/ranger_interfaces/share/ranger_interfaces/cmake/export_ranger_interfaces__rosidl_typesupport_fastrtps_cppExport.cmake
[25.822s] -- Up-to-date: /home/ranger/ROV-project/ROV-project/Raspberry Pi/ros2-ws/install/ranger_interfaces/share/ranger_interfaces/cmake/export_ranger_interfaces__rosidl_typesupport_fastrtps_cppExport-noconfig.cmake
[25.822s] -- Up-to-date: /home/ranger/ROV-project/ROV-project/Raspberry Pi/ros2-ws/install/ranger_interfaces/share/ranger_interfaces/cmake/ranger_interfaces__rosidl_typesupport_introspection_cppExport.cmake
[25.822s] -- Up-to-date: /home/ranger/ROV-project/ROV-project/Raspberry Pi/ros2-ws/install/ranger_interfaces/share/ranger_interfaces/cmake/ranger_interfaces__rosidl_typesupport_introspection_cppExport-noconfig.cmake
[25.822s] -- Up-to-date: /home/ranger/ROV-project/ROV-project/Raspberry Pi/ros2-ws/install/ranger_interfaces/share/ranger_interfaces/cmake/ranger_interfaces__rosidl_typesupport_cppExport.cmake
[25.823s] -- Up-to-date: /home/ranger/ROV-project/ROV-project/Raspberry Pi/ros2-ws/install/ranger_interfaces/share/ranger_interfaces/cmake/ranger_interfaces__rosidl_typesupport_cppExport-noconfig.cmake
[25.823s] -- Up-to-date: /home/ranger/ROV-project/ROV-project/Raspberry Pi/ros2-ws/install/ranger_interfaces/share/ranger_interfaces/cmake/export_ranger_interfaces__rosidl_generator_pyExport.cmake
[25.823s] -- Up-to-date: /home/ranger/ROV-project/ROV-project/Raspberry Pi/ros2-ws/install/ranger_interfaces/share/ranger_interfaces/cmake/export_ranger_interfaces__rosidl_generator_pyExport-noconfig.cmake
[25.823s] -- Installing: /home/ranger/ROV-project/ROV-project/Raspberry Pi/ros2-ws/install/ranger_interfaces/share/ranger_interfaces/cmake/rosidl_cmake-extras.cmake
[25.823s] -- Up-to-date: /home/ranger/ROV-project/ROV-project/Raspberry Pi/ros2-ws/install/ranger_interfaces/share/ranger_interfaces/cmake/ament_cmake_export_include_directories-extras.cmake
[25.823s] -- Up-to-date: /home/ranger/ROV-project/ROV-project/Raspberry Pi/ros2-ws/install/ranger_interfaces/share/ranger_interfaces/cmake/ament_cmake_export_libraries-extras.cmake
[25.824s] -- Up-to-date: /home/ranger/ROV-project/ROV-project/Raspberry Pi/ros2-ws/install/ranger_interfaces/share/ranger_interfaces/cmake/ament_cmake_export_targets-extras.cmake
[25.824s] -- Up-to-date: /home/ranger/ROV-project/ROV-project/Raspberry Pi/ros2-ws/install/ranger_interfaces/share/ranger_interfaces/cmake/rosidl_cmake_export_typesupport_targets-extras.cmake
[25.824s] -- Up-to-date: /home/ranger/ROV-project/ROV-project/Raspberry Pi/ros2-ws/install/ranger_interfaces/share/ranger_interfaces/cmake/ament_cmake_export_dependencies-extras.cmake
[25.824s] -- Up-to-date: /home/ranger/ROV-project/ROV-project/Raspberry Pi/ros2-ws/install/ranger_interfaces/share/ranger_interfaces/cmake/rosidl_cmake_export_typesupport_libraries-extras.cmake
[25.824s] -- Up-to-date: /home/ranger/ROV-project/ROV-project/Raspberry Pi/ros2-ws/install/ranger_interfaces/share/ranger_interfaces/cmake/ranger_interfacesConfig.cmake
[25.824s] -- Up-to-date: /home/ranger/ROV-project/ROV-project/Raspberry Pi/ros2-ws/install/ranger_interfaces/share/ranger_interfaces/cmake/ranger_interfacesConfig-version.cmake
[25.824s] -- Up-to-date: /home/ranger/ROV-project/ROV-project/Raspberry Pi/ros2-ws/install/ranger_interfaces/share/ranger_interfaces/package.xml
[25.829s] Invoked command in '/home/ranger/ROV-project/ROV-project/Raspberry Pi/ros2-ws/build/ranger_interfaces' returned '0': CMAKE_PREFIX_PATH=${CMAKE_PREFIX_PATH}:/home/ranger/ROV-project/ROV-project/Raspberry Pi/ros2-ws/install/ranger_auto:/opt/ros/kilted DEBUGINFOD_URLS=https://debuginfod.ubuntu.com /usr/bin/cmake --install /home/ranger/ROV-project/ROV-project/Raspberry Pi/ros2-ws/build/ranger_interfaces
