[1.602s] Invoking command in '/home/ranger/ROV-project/ROV-project/Raspberry Pi/ros2-ws/src/ranger_auto': DEBUGINFOD_URLS=https://debuginfod.ubuntu.com PYTHONPATH=/home/ranger/ROV-project/ROV-project/Raspberry Pi/ros2-ws/build/ranger_auto/prefix_override:/usr/lib/python3/dist-packages/colcon_core/task/python/colcon_distutils_commands:/home/ranger/ROV-project/ROV-project/Raspberry Pi/ros2-ws/install/ranger_auto/lib/python3.12/site-packages:${PYTHONPATH} /usr/bin/python3 -W ignore:setup.py install is deprecated -W ignore:easy_install command is deprecated setup.py egg_info --egg-base ../../build/ranger_auto build --build-base /home/ranger/ROV-project/ROV-project/Raspberry Pi/ros2-ws/build/ranger_auto/build install --record /home/ranger/ROV-project/ROV-project/Raspberry Pi/ros2-ws/build/ranger_auto/install.log --single-version-externally-managed install_data
[1.981s] running egg_info
[2.007s] writing ../../build/ranger_auto/ranger_auto.egg-info/PKG-INFO
[2.007s] writing dependency_links to ../../build/ranger_auto/ranger_auto.egg-info/dependency_links.txt
[2.008s] writing entry points to ../../build/ranger_auto/ranger_auto.egg-info/entry_points.txt
[2.009s] writing requirements to ../../build/ranger_auto/ranger_auto.egg-info/requires.txt
[2.010s] writing top-level names to ../../build/ranger_auto/ranger_auto.egg-info/top_level.txt
[2.066s] reading manifest file '../../build/ranger_auto/ranger_auto.egg-info/SOURCES.txt'
[2.066s] adding license file 'LICENSE'
[2.067s] writing manifest file '../../build/ranger_auto/ranger_auto.egg-info/SOURCES.txt'
[2.067s] running build
[2.068s] running build_py
[2.068s] copying ranger_auto/debug_listener.py -> /home/ranger/ROV-project/ROV-project/Raspberry Pi/ros2-ws/build/ranger_auto/build/lib/ranger_auto
[2.068s] running install
[2.078s] running install_lib
[2.104s] copying /home/ranger/ROV-project/ROV-project/Raspberry Pi/ros2-ws/build/ranger_auto/build/lib/ranger_auto/debug_listener.py -> /home/ranger/ROV-project/ROV-project/Raspberry Pi/ros2-ws/install/ranger_auto/lib/python3.12/site-packages/ranger_auto
[2.105s] byte-compiling /home/ranger/ROV-project/ROV-project/Raspberry Pi/ros2-ws/install/ranger_auto/lib/python3.12/site-packages/ranger_auto/debug_listener.py to debug_listener.cpython-312.pyc
[2.107s] running install_data
[2.107s] running install_egg_info
[2.136s] removing '/home/ranger/ROV-project/ROV-project/Raspberry Pi/ros2-ws/install/ranger_auto/lib/python3.12/site-packages/ranger_auto-0.0.0-py3.12.egg-info' (and everything under it)
[2.141s] Copying ../../build/ranger_auto/ranger_auto.egg-info to /home/ranger/ROV-project/ROV-project/Raspberry Pi/ros2-ws/install/ranger_auto/lib/python3.12/site-packages/ranger_auto-0.0.0-py3.12.egg-info
[2.141s] running install_scripts
[2.328s] Installing pathfinder script to /home/ranger/ROV-project/ROV-project/Raspberry Pi/ros2-ws/install/ranger_auto/lib/ranger_auto
[2.329s] Installing serialcom script to /home/ranger/ROV-project/ROV-project/Raspberry Pi/ros2-ws/install/ranger_auto/lib/ranger_auto
[2.330s] Installing testdrive script to /home/ranger/ROV-project/ROV-project/Raspberry Pi/ros2-ws/install/ranger_auto/lib/ranger_auto
[2.332s] Installing throttleresolve script to /home/ranger/ROV-project/ROV-project/Raspberry Pi/ros2-ws/install/ranger_auto/lib/ranger_auto
[2.334s] writing list of installed files to '/home/ranger/ROV-project/ROV-project/Raspberry Pi/ros2-ws/build/ranger_auto/install.log'
[2.412s] Invoked command in '/home/ranger/ROV-project/ROV-project/Raspberry Pi/ros2-ws/src/ranger_auto' returned '0': DEBUGINFOD_URLS=https://debuginfod.ubuntu.com PYTHONPATH=/home/ranger/ROV-project/ROV-project/Raspberry Pi/ros2-ws/build/ranger_auto/prefix_override:/usr/lib/python3/dist-packages/colcon_core/task/python/colcon_distutils_commands:/home/ranger/ROV-project/ROV-project/Raspberry Pi/ros2-ws/install/ranger_auto/lib/python3.12/site-packages:${PYTHONPATH} /usr/bin/python3 -W ignore:setup.py install is deprecated -W ignore:easy_install command is deprecated setup.py egg_info --egg-base ../../build/ranger_auto build --build-base /home/ranger/ROV-project/ROV-project/Raspberry Pi/ros2-ws/build/ranger_auto/build install --record /home/ranger/ROV-project/ROV-project/Raspberry Pi/ros2-ws/build/ranger_auto/install.log --single-version-externally-managed install_data
