[0.144s] DEBUG:colcon:Command line arguments: ['/usr/bin/colcon', 'build']
[0.144s] DEBUG:colcon:Parsed command line arguments: Namespace(log_base=None, log_level=None, verb_name='build', build_base='build', install_base='install', merge_install=False, symlink_install=False, test_result_base=None, continue_on_error=False, executor='parallel', parallel_workers=4, event_handlers=None, ignore_user_meta=False, metas=['./colcon.meta'], base_paths=['.'], packages_ignore=None, packages_ignore_regex=None, paths=None, packages_up_to=None, packages_up_to_regex=None, packages_above=None, packages_above_and_dependencies=None, packages_above_depth=None, packages_select_by_dep=None, packages_skip_by_dep=None, packages_skip_up_to=None, packages_select_build_failed=False, packages_skip_build_finished=False, packages_select_test_failures=False, packages_skip_test_passed=False, packages_select=None, packages_skip=None, packages_select_regex=None, packages_skip_regex=None, packages_start=None, packages_end=None, allow_overriding=[], cmake_args=None, cmake_target=None, cmake_target_skip_unavailable=False, cmake_clean_cache=False, cmake_clean_first=False, cmake_force_configure=False, ament_cmake_args=None, catkin_cmake_args=None, catkin_skip_building_tests=False, verb_parser=<colcon_defaults.argument_parser.defaults.DefaultArgumentsDecorator object at 0xffff98e71af0>, verb_extension=<colcon_core.verb.build.BuildVerb object at 0xffff98fd90d0>, main=<bound method BuildVerb.main of <colcon_core.verb.build.BuildVerb object at 0xffff98fd90d0>>)
[0.200s] Level 1:colcon.colcon_core.package_discovery:discover_packages(colcon_meta) check parameters
[0.200s] Level 1:colcon.colcon_core.package_discovery:discover_packages(recursive) check parameters
[0.200s] Level 1:colcon.colcon_core.package_discovery:discover_packages(ignore) check parameters
[0.200s] Level 1:colcon.colcon_core.package_discovery:discover_packages(path) check parameters
[0.200s] Level 1:colcon.colcon_core.package_discovery:discover_packages(colcon_meta) discover
[0.201s] Level 1:colcon.colcon_core.package_discovery:discover_packages(recursive) discover
[0.201s] INFO:colcon.colcon_core.package_discovery:Crawling recursively for packages in '/home/ranger/ROV-project/ROV-project/Raspberry Pi/ros2-ws'
[0.201s] Level 1:colcon.colcon_core.package_identification:_identify(.) by extensions ['ignore', 'ignore_ament_install']
[0.201s] Level 1:colcon.colcon_core.package_identification:_identify(.) by extension 'ignore'
[0.201s] Level 1:colcon.colcon_core.package_identification:_identify(.) by extension 'ignore_ament_install'
[0.201s] Level 1:colcon.colcon_core.package_identification:_identify(.) by extensions ['colcon_pkg']
[0.201s] Level 1:colcon.colcon_core.package_identification:_identify(.) by extension 'colcon_pkg'
[0.201s] Level 1:colcon.colcon_core.package_identification:_identify(.) by extensions ['colcon_meta']
[0.201s] Level 1:colcon.colcon_core.package_identification:_identify(.) by extension 'colcon_meta'
[0.201s] Level 1:colcon.colcon_core.package_identification:_identify(.) by extensions ['ros']
[0.201s] Level 1:colcon.colcon_core.package_identification:_identify(.) by extension 'ros'
[0.238s] Level 1:colcon.colcon_core.package_identification:_identify(.) by extensions ['cmake', 'python']
[0.238s] Level 1:colcon.colcon_core.package_identification:_identify(.) by extension 'cmake'
[0.239s] Level 1:colcon.colcon_core.package_identification:_identify(.) by extension 'python'
[0.239s] Level 1:colcon.colcon_core.package_identification:_identify(.) by extensions ['python_setup_py']
[0.239s] Level 1:colcon.colcon_core.package_identification:_identify(.) by extension 'python_setup_py'
[0.239s] Level 1:colcon.colcon_core.package_identification:_identify(build) by extensions ['ignore', 'ignore_ament_install']
[0.239s] Level 1:colcon.colcon_core.package_identification:_identify(build) by extension 'ignore'
[0.239s] Level 1:colcon.colcon_core.package_identification:_identify(build) ignored
[0.239s] Level 1:colcon.colcon_core.package_identification:_identify(install) by extensions ['ignore', 'ignore_ament_install']
[0.239s] Level 1:colcon.colcon_core.package_identification:_identify(install) by extension 'ignore'
[0.239s] Level 1:colcon.colcon_core.package_identification:_identify(install) ignored
[0.239s] Level 1:colcon.colcon_core.package_identification:_identify(log) by extensions ['ignore', 'ignore_ament_install']
[0.240s] Level 1:colcon.colcon_core.package_identification:_identify(log) by extension 'ignore'
[0.240s] Level 1:colcon.colcon_core.package_identification:_identify(log) ignored
[0.240s] Level 1:colcon.colcon_core.package_identification:_identify(src) by extensions ['ignore', 'ignore_ament_install']
[0.240s] Level 1:colcon.colcon_core.package_identification:_identify(src) by extension 'ignore'
[0.240s] Level 1:colcon.colcon_core.package_identification:_identify(src) by extension 'ignore_ament_install'
[0.240s] Level 1:colcon.colcon_core.package_identification:_identify(src) by extensions ['colcon_pkg']
[0.240s] Level 1:colcon.colcon_core.package_identification:_identify(src) by extension 'colcon_pkg'
[0.240s] Level 1:colcon.colcon_core.package_identification:_identify(src) by extensions ['colcon_meta']
[0.240s] Level 1:colcon.colcon_core.package_identification:_identify(src) by extension 'colcon_meta'
[0.240s] Level 1:colcon.colcon_core.package_identification:_identify(src) by extensions ['ros']
[0.240s] Level 1:colcon.colcon_core.package_identification:_identify(src) by extension 'ros'
[0.240s] Level 1:colcon.colcon_core.package_identification:_identify(src) by extensions ['cmake', 'python']
[0.240s] Level 1:colcon.colcon_core.package_identification:_identify(src) by extension 'cmake'
[0.240s] Level 1:colcon.colcon_core.package_identification:_identify(src) by extension 'python'
[0.240s] Level 1:colcon.colcon_core.package_identification:_identify(src) by extensions ['python_setup_py']
[0.240s] Level 1:colcon.colcon_core.package_identification:_identify(src) by extension 'python_setup_py'
[0.241s] Level 1:colcon.colcon_core.package_identification:_identify(src/ranger_auto) by extensions ['ignore', 'ignore_ament_install']
[0.241s] Level 1:colcon.colcon_core.package_identification:_identify(src/ranger_auto) by extension 'ignore'
[0.241s] Level 1:colcon.colcon_core.package_identification:_identify(src/ranger_auto) by extension 'ignore_ament_install'
[0.241s] Level 1:colcon.colcon_core.package_identification:_identify(src/ranger_auto) by extensions ['colcon_pkg']
[0.241s] Level 1:colcon.colcon_core.package_identification:_identify(src/ranger_auto) by extension 'colcon_pkg'
[0.241s] Level 1:colcon.colcon_core.package_identification:_identify(src/ranger_auto) by extensions ['colcon_meta']
[0.241s] Level 1:colcon.colcon_core.package_identification:_identify(src/ranger_auto) by extension 'colcon_meta'
[0.241s] Level 1:colcon.colcon_core.package_identification:_identify(src/ranger_auto) by extensions ['ros']
[0.241s] Level 1:colcon.colcon_core.package_identification:_identify(src/ranger_auto) by extension 'ros'
[0.246s] DEBUG:colcon.colcon_core.package_identification:Package 'src/ranger_auto' with type 'ros.ament_python' and name 'ranger_auto'
[0.246s] Level 1:colcon.colcon_core.package_identification:_identify(src/ranger_interfaces) by extensions ['ignore', 'ignore_ament_install']
[0.247s] Level 1:colcon.colcon_core.package_identification:_identify(src/ranger_interfaces) by extension 'ignore'
[0.247s] Level 1:colcon.colcon_core.package_identification:_identify(src/ranger_interfaces) by extension 'ignore_ament_install'
[0.247s] Level 1:colcon.colcon_core.package_identification:_identify(src/ranger_interfaces) by extensions ['colcon_pkg']
[0.247s] Level 1:colcon.colcon_core.package_identification:_identify(src/ranger_interfaces) by extension 'colcon_pkg'
[0.247s] Level 1:colcon.colcon_core.package_identification:_identify(src/ranger_interfaces) by extensions ['colcon_meta']
[0.247s] Level 1:colcon.colcon_core.package_identification:_identify(src/ranger_interfaces) by extension 'colcon_meta'
[0.247s] Level 1:colcon.colcon_core.package_identification:_identify(src/ranger_interfaces) by extensions ['ros']
[0.247s] Level 1:colcon.colcon_core.package_identification:_identify(src/ranger_interfaces) by extension 'ros'
[0.248s] DEBUG:colcon.colcon_core.package_identification:Package 'src/ranger_interfaces' with type 'ros.ament_cmake' and name 'ranger_interfaces'
[0.248s] Level 1:colcon.colcon_core.package_discovery:discover_packages(recursive) using defaults
[0.248s] Level 1:colcon.colcon_core.package_discovery:discover_packages(ignore) discover
[0.248s] Level 1:colcon.colcon_core.package_discovery:discover_packages(ignore) using defaults
[0.248s] Level 1:colcon.colcon_core.package_discovery:discover_packages(path) discover
[0.248s] Level 1:colcon.colcon_core.package_discovery:discover_packages(path) using defaults
[0.272s] Level 1:colcon.colcon_core.package_discovery:discover_packages(prefix_path) check parameters
[0.272s] Level 1:colcon.colcon_core.package_discovery:discover_packages(prefix_path) discover
[0.274s] DEBUG:colcon.colcon_installed_package_information.package_discovery:Found 2 installed packages in /home/ranger/ROV-project/ROV-project/Raspberry Pi/ros2-ws/install
[0.276s] DEBUG:colcon.colcon_installed_package_information.package_discovery:Found 324 installed packages in /opt/ros/kilted
[0.278s] Level 1:colcon.colcon_core.package_discovery:discover_packages(prefix_path) using defaults
[0.346s] Level 5:colcon.colcon_core.verb:set package 'ranger_auto' build argument 'cmake_args' from command line to 'None'
[0.346s] Level 5:colcon.colcon_core.verb:set package 'ranger_auto' build argument 'cmake_target' from command line to 'None'
[0.346s] Level 5:colcon.colcon_core.verb:set package 'ranger_auto' build argument 'cmake_target_skip_unavailable' from command line to 'False'
[0.346s] Level 5:colcon.colcon_core.verb:set package 'ranger_auto' build argument 'cmake_clean_cache' from command line to 'False'
[0.346s] Level 5:colcon.colcon_core.verb:set package 'ranger_auto' build argument 'cmake_clean_first' from command line to 'False'
[0.346s] Level 5:colcon.colcon_core.verb:set package 'ranger_auto' build argument 'cmake_force_configure' from command line to 'False'
[0.346s] Level 5:colcon.colcon_core.verb:set package 'ranger_auto' build argument 'ament_cmake_args' from command line to 'None'
[0.346s] Level 5:colcon.colcon_core.verb:set package 'ranger_auto' build argument 'catkin_cmake_args' from command line to 'None'
[0.346s] Level 5:colcon.colcon_core.verb:set package 'ranger_auto' build argument 'catkin_skip_building_tests' from command line to 'False'
[0.346s] DEBUG:colcon.colcon_core.verb:Building package 'ranger_auto' with the following arguments: {'ament_cmake_args': None, 'build_base': '/home/ranger/ROV-project/ROV-project/Raspberry Pi/ros2-ws/build/ranger_auto', 'catkin_cmake_args': None, 'catkin_skip_building_tests': False, 'cmake_args': None, 'cmake_clean_cache': False, 'cmake_clean_first': False, 'cmake_force_configure': False, 'cmake_target': None, 'cmake_target_skip_unavailable': False, 'install_base': '/home/ranger/ROV-project/ROV-project/Raspberry Pi/ros2-ws/install/ranger_auto', 'merge_install': False, 'path': '/home/ranger/ROV-project/ROV-project/Raspberry Pi/ros2-ws/src/ranger_auto', 'symlink_install': False, 'test_result_base': None}
[0.346s] Level 5:colcon.colcon_core.verb:set package 'ranger_interfaces' build argument 'cmake_args' from command line to 'None'
[0.347s] Level 5:colcon.colcon_core.verb:set package 'ranger_interfaces' build argument 'cmake_target' from command line to 'None'
[0.347s] Level 5:colcon.colcon_core.verb:set package 'ranger_interfaces' build argument 'cmake_target_skip_unavailable' from command line to 'False'
[0.347s] Level 5:colcon.colcon_core.verb:set package 'ranger_interfaces' build argument 'cmake_clean_cache' from command line to 'False'
[0.347s] Level 5:colcon.colcon_core.verb:set package 'ranger_interfaces' build argument 'cmake_clean_first' from command line to 'False'
[0.347s] Level 5:colcon.colcon_core.verb:set package 'ranger_interfaces' build argument 'cmake_force_configure' from command line to 'False'
[0.347s] Level 5:colcon.colcon_core.verb:set package 'ranger_interfaces' build argument 'ament_cmake_args' from command line to 'None'
[0.347s] Level 5:colcon.colcon_core.verb:set package 'ranger_interfaces' build argument 'catkin_cmake_args' from command line to 'None'
[0.347s] Level 5:colcon.colcon_core.verb:set package 'ranger_interfaces' build argument 'catkin_skip_building_tests' from command line to 'False'
[0.347s] DEBUG:colcon.colcon_core.verb:Building package 'ranger_interfaces' with the following arguments: {'ament_cmake_args': None, 'build_base': '/home/ranger/ROV-project/ROV-project/Raspberry Pi/ros2-ws/build/ranger_interfaces', 'catkin_cmake_args': None, 'catkin_skip_building_tests': False, 'cmake_args': None, 'cmake_clean_cache': False, 'cmake_clean_first': False, 'cmake_force_configure': False, 'cmake_target': None, 'cmake_target_skip_unavailable': False, 'install_base': '/home/ranger/ROV-project/ROV-project/Raspberry Pi/ros2-ws/install/ranger_interfaces', 'merge_install': False, 'path': '/home/ranger/ROV-project/ROV-project/Raspberry Pi/ros2-ws/src/ranger_interfaces', 'symlink_install': False, 'test_result_base': None}
[0.347s] INFO:colcon.colcon_core.executor:Executing jobs using 'parallel' executor
[0.348s] DEBUG:colcon.colcon_parallel_executor.executor.parallel:run_until_complete
[0.348s] INFO:colcon.colcon_ros.task.ament_python.build:Building ROS package in '/home/ranger/ROV-project/ROV-project/Raspberry Pi/ros2-ws/src/ranger_auto' with build type 'ament_python'
[0.349s] Level 1:colcon.colcon_core.shell:create_environment_hook('ranger_auto', 'ament_prefix_path')
[0.351s] INFO:colcon.colcon_core.plugin_system:Skipping extension 'colcon_core.shell.bat': Not used on non-Windows systems
[0.351s] INFO:colcon.colcon_core.shell:Creating environment hook '/home/ranger/ROV-project/ROV-project/Raspberry Pi/ros2-ws/install/ranger_auto/share/ranger_auto/hook/ament_prefix_path.ps1'
[0.352s] INFO:colcon.colcon_core.shell:Creating environment descriptor '/home/ranger/ROV-project/ROV-project/Raspberry Pi/ros2-ws/install/ranger_auto/share/ranger_auto/hook/ament_prefix_path.dsv'
[0.354s] INFO:colcon.colcon_core.shell:Creating environment hook '/home/ranger/ROV-project/ROV-project/Raspberry Pi/ros2-ws/install/ranger_auto/share/ranger_auto/hook/ament_prefix_path.sh'
[0.356s] INFO:colcon.colcon_core.shell:Skip shell extension 'powershell' for command environment: Not usable outside of PowerShell
[0.356s] DEBUG:colcon.colcon_core.shell:Skip shell extension 'dsv' for command environment
[0.361s] INFO:colcon.colcon_ros.task.ament_cmake.build:Building ROS package in '/home/ranger/ROV-project/ROV-project/Raspberry Pi/ros2-ws/src/ranger_interfaces' with build type 'ament_cmake'
[0.362s] INFO:colcon.colcon_cmake.task.cmake.build:Building CMake package in '/home/ranger/ROV-project/ROV-project/Raspberry Pi/ros2-ws/src/ranger_interfaces'
[0.362s] INFO:colcon.colcon_core.shell:Skip shell extension 'powershell' for command environment: Not usable outside of PowerShell
[0.362s] DEBUG:colcon.colcon_core.shell:Skip shell extension 'dsv' for command environment
[0.779s] INFO:colcon.colcon_core.task.python.build:Building Python package in '/home/ranger/ROV-project/ROV-project/Raspberry Pi/ros2-ws/src/ranger_auto'
[0.780s] INFO:colcon.colcon_core.shell:Skip shell extension 'powershell' for command environment: Not usable outside of PowerShell
[0.780s] DEBUG:colcon.colcon_core.shell:Skip shell extension 'dsv' for command environment
[0.796s] DEBUG:colcon.colcon_core.event_handler.log_command:Invoking command in '/home/ranger/ROV-project/ROV-project/Raspberry Pi/ros2-ws/build/ranger_interfaces': CMAKE_PREFIX_PATH=${CMAKE_PREFIX_PATH}:/home/ranger/ROV-project/ROV-project/Raspberry Pi/ros2-ws/install/ranger_auto:/opt/ros/kilted DEBUGINFOD_URLS=https://debuginfod.ubuntu.com /usr/bin/cmake --build /home/ranger/ROV-project/ROV-project/Raspberry Pi/ros2-ws/build/ranger_interfaces -- -j4 -l4
[1.757s] DEBUG:colcon.colcon_core.event_handler.log_command:Invoked command in '/home/ranger/ROV-project/ROV-project/Raspberry Pi/ros2-ws/build/ranger_interfaces' returned '0': CMAKE_PREFIX_PATH=${CMAKE_PREFIX_PATH}:/home/ranger/ROV-project/ROV-project/Raspberry Pi/ros2-ws/install/ranger_auto:/opt/ros/kilted DEBUGINFOD_URLS=https://debuginfod.ubuntu.com /usr/bin/cmake --build /home/ranger/ROV-project/ROV-project/Raspberry Pi/ros2-ws/build/ranger_interfaces -- -j4 -l4
[1.783s] DEBUG:colcon.colcon_core.event_handler.log_command:Invoking command in '/home/ranger/ROV-project/ROV-project/Raspberry Pi/ros2-ws/build/ranger_interfaces': CMAKE_PREFIX_PATH=${CMAKE_PREFIX_PATH}:/home/ranger/ROV-project/ROV-project/Raspberry Pi/ros2-ws/install/ranger_auto:/opt/ros/kilted DEBUGINFOD_URLS=https://debuginfod.ubuntu.com /usr/bin/cmake --install /home/ranger/ROV-project/ROV-project/Raspberry Pi/ros2-ws/build/ranger_interfaces
[1.932s] Level 1:colcon.colcon_core.environment:create_environment_scripts_only(ranger_interfaces)
[1.932s] DEBUG:colcon.colcon_core.event_handler.log_command:Invoked command in '/home/ranger/ROV-project/ROV-project/Raspberry Pi/ros2-ws/build/ranger_interfaces' returned '0': CMAKE_PREFIX_PATH=${CMAKE_PREFIX_PATH}:/home/ranger/ROV-project/ROV-project/Raspberry Pi/ros2-ws/install/ranger_auto:/opt/ros/kilted DEBUGINFOD_URLS=https://debuginfod.ubuntu.com /usr/bin/cmake --install /home/ranger/ROV-project/ROV-project/Raspberry Pi/ros2-ws/build/ranger_interfaces
[1.935s] Level 1:colcon.colcon_core.environment:checking '/home/ranger/ROV-project/ROV-project/Raspberry Pi/ros2-ws/install/ranger_interfaces' for CMake module files
[1.936s] Level 1:colcon.colcon_core.environment:checking '/home/ranger/ROV-project/ROV-project/Raspberry Pi/ros2-ws/install/ranger_interfaces' for CMake config files
[1.937s] Level 1:colcon.colcon_core.shell:create_environment_hook('ranger_interfaces', 'cmake_prefix_path')
[1.938s] INFO:colcon.colcon_core.shell:Creating environment hook '/home/ranger/ROV-project/ROV-project/Raspberry Pi/ros2-ws/install/ranger_interfaces/share/ranger_interfaces/hook/cmake_prefix_path.ps1'
[1.938s] INFO:colcon.colcon_core.shell:Creating environment descriptor '/home/ranger/ROV-project/ROV-project/Raspberry Pi/ros2-ws/install/ranger_interfaces/share/ranger_interfaces/hook/cmake_prefix_path.dsv'
[1.940s] INFO:colcon.colcon_core.shell:Creating environment hook '/home/ranger/ROV-project/ROV-project/Raspberry Pi/ros2-ws/install/ranger_interfaces/share/ranger_interfaces/hook/cmake_prefix_path.sh'
[1.942s] Level 1:colcon.colcon_core.environment:checking '/home/ranger/ROV-project/ROV-project/Raspberry Pi/ros2-ws/install/ranger_interfaces/lib'
[1.943s] Level 1:colcon.colcon_core.shell:create_environment_hook('ranger_interfaces', 'ld_library_path_lib')
[1.943s] INFO:colcon.colcon_core.shell:Creating environment hook '/home/ranger/ROV-project/ROV-project/Raspberry Pi/ros2-ws/install/ranger_interfaces/share/ranger_interfaces/hook/ld_library_path_lib.ps1'
[1.944s] INFO:colcon.colcon_core.shell:Creating environment descriptor '/home/ranger/ROV-project/ROV-project/Raspberry Pi/ros2-ws/install/ranger_interfaces/share/ranger_interfaces/hook/ld_library_path_lib.dsv'
[1.945s] INFO:colcon.colcon_core.shell:Creating environment hook '/home/ranger/ROV-project/ROV-project/Raspberry Pi/ros2-ws/install/ranger_interfaces/share/ranger_interfaces/hook/ld_library_path_lib.sh'
[1.946s] Level 1:colcon.colcon_core.environment:checking '/home/ranger/ROV-project/ROV-project/Raspberry Pi/ros2-ws/install/ranger_interfaces/bin'
[1.947s] Level 1:colcon.colcon_core.environment:checking '/home/ranger/ROV-project/ROV-project/Raspberry Pi/ros2-ws/install/ranger_interfaces/lib/pkgconfig/ranger_interfaces.pc'
[1.947s] Level 1:colcon.colcon_core.environment:checking '/home/ranger/ROV-project/ROV-project/Raspberry Pi/ros2-ws/install/ranger_interfaces/lib/python3.12/site-packages'
[1.947s] Level 1:colcon.colcon_core.shell:create_environment_hook('ranger_interfaces', 'pythonpath')
[1.948s] INFO:colcon.colcon_core.shell:Creating environment hook '/home/ranger/ROV-project/ROV-project/Raspberry Pi/ros2-ws/install/ranger_interfaces/share/ranger_interfaces/hook/pythonpath.ps1'
[1.948s] INFO:colcon.colcon_core.shell:Creating environment descriptor '/home/ranger/ROV-project/ROV-project/Raspberry Pi/ros2-ws/install/ranger_interfaces/share/ranger_interfaces/hook/pythonpath.dsv'
[1.950s] INFO:colcon.colcon_core.shell:Creating environment hook '/home/ranger/ROV-project/ROV-project/Raspberry Pi/ros2-ws/install/ranger_interfaces/share/ranger_interfaces/hook/pythonpath.sh'
[1.951s] Level 1:colcon.colcon_core.environment:checking '/home/ranger/ROV-project/ROV-project/Raspberry Pi/ros2-ws/install/ranger_interfaces/bin'
[1.952s] INFO:colcon.colcon_core.shell:Creating package script '/home/ranger/ROV-project/ROV-project/Raspberry Pi/ros2-ws/install/ranger_interfaces/share/ranger_interfaces/package.ps1'
[1.953s] INFO:colcon.colcon_core.shell:Creating package descriptor '/home/ranger/ROV-project/ROV-project/Raspberry Pi/ros2-ws/install/ranger_interfaces/share/ranger_interfaces/package.dsv'
[1.954s] INFO:colcon.colcon_core.shell:Creating package script '/home/ranger/ROV-project/ROV-project/Raspberry Pi/ros2-ws/install/ranger_interfaces/share/ranger_interfaces/package.sh'
[1.956s] INFO:colcon.colcon_core.shell:Creating package script '/home/ranger/ROV-project/ROV-project/Raspberry Pi/ros2-ws/install/ranger_interfaces/share/ranger_interfaces/package.bash'
[1.957s] INFO:colcon.colcon_core.shell:Creating package script '/home/ranger/ROV-project/ROV-project/Raspberry Pi/ros2-ws/install/ranger_interfaces/share/ranger_interfaces/package.zsh'
[1.959s] Level 1:colcon.colcon_core.environment:create_file_with_runtime_dependencies(/home/ranger/ROV-project/ROV-project/Raspberry Pi/ros2-ws/install/ranger_interfaces/share/colcon-core/packages/ranger_interfaces)
[1.961s] Level 1:colcon.colcon_core.environment:create_environment_scripts_only(ranger_interfaces)
[1.961s] Level 1:colcon.colcon_core.environment:checking '/home/ranger/ROV-project/ROV-project/Raspberry Pi/ros2-ws/install/ranger_interfaces' for CMake module files
[1.962s] Level 1:colcon.colcon_core.environment:checking '/home/ranger/ROV-project/ROV-project/Raspberry Pi/ros2-ws/install/ranger_interfaces' for CMake config files
[1.963s] Level 1:colcon.colcon_core.shell:create_environment_hook('ranger_interfaces', 'cmake_prefix_path')
[1.964s] INFO:colcon.colcon_core.shell:Creating environment hook '/home/ranger/ROV-project/ROV-project/Raspberry Pi/ros2-ws/install/ranger_interfaces/share/ranger_interfaces/hook/cmake_prefix_path.ps1'
[1.965s] INFO:colcon.colcon_core.shell:Creating environment descriptor '/home/ranger/ROV-project/ROV-project/Raspberry Pi/ros2-ws/install/ranger_interfaces/share/ranger_interfaces/hook/cmake_prefix_path.dsv'
[1.966s] INFO:colcon.colcon_core.shell:Creating environment hook '/home/ranger/ROV-project/ROV-project/Raspberry Pi/ros2-ws/install/ranger_interfaces/share/ranger_interfaces/hook/cmake_prefix_path.sh'
[1.968s] Level 1:colcon.colcon_core.environment:checking '/home/ranger/ROV-project/ROV-project/Raspberry Pi/ros2-ws/install/ranger_interfaces/lib'
[1.968s] Level 1:colcon.colcon_core.shell:create_environment_hook('ranger_interfaces', 'ld_library_path_lib')
[1.968s] INFO:colcon.colcon_core.shell:Creating environment hook '/home/ranger/ROV-project/ROV-project/Raspberry Pi/ros2-ws/install/ranger_interfaces/share/ranger_interfaces/hook/ld_library_path_lib.ps1'
[1.969s] INFO:colcon.colcon_core.shell:Creating environment descriptor '/home/ranger/ROV-project/ROV-project/Raspberry Pi/ros2-ws/install/ranger_interfaces/share/ranger_interfaces/hook/ld_library_path_lib.dsv'
[1.971s] INFO:colcon.colcon_core.shell:Creating environment hook '/home/ranger/ROV-project/ROV-project/Raspberry Pi/ros2-ws/install/ranger_interfaces/share/ranger_interfaces/hook/ld_library_path_lib.sh'
[1.973s] Level 1:colcon.colcon_core.environment:checking '/home/ranger/ROV-project/ROV-project/Raspberry Pi/ros2-ws/install/ranger_interfaces/bin'
[1.973s] Level 1:colcon.colcon_core.environment:checking '/home/ranger/ROV-project/ROV-project/Raspberry Pi/ros2-ws/install/ranger_interfaces/lib/pkgconfig/ranger_interfaces.pc'
[1.973s] Level 1:colcon.colcon_core.environment:checking '/home/ranger/ROV-project/ROV-project/Raspberry Pi/ros2-ws/install/ranger_interfaces/lib/python3.12/site-packages'
[1.974s] Level 1:colcon.colcon_core.shell:create_environment_hook('ranger_interfaces', 'pythonpath')
[1.974s] INFO:colcon.colcon_core.shell:Creating environment hook '/home/ranger/ROV-project/ROV-project/Raspberry Pi/ros2-ws/install/ranger_interfaces/share/ranger_interfaces/hook/pythonpath.ps1'
[1.975s] INFO:colcon.colcon_core.shell:Creating environment descriptor '/home/ranger/ROV-project/ROV-project/Raspberry Pi/ros2-ws/install/ranger_interfaces/share/ranger_interfaces/hook/pythonpath.dsv'
[1.978s] INFO:colcon.colcon_core.shell:Creating environment hook '/home/ranger/ROV-project/ROV-project/Raspberry Pi/ros2-ws/install/ranger_interfaces/share/ranger_interfaces/hook/pythonpath.sh'
[1.980s] Level 1:colcon.colcon_core.environment:checking '/home/ranger/ROV-project/ROV-project/Raspberry Pi/ros2-ws/install/ranger_interfaces/bin'
[1.981s] INFO:colcon.colcon_core.shell:Creating package script '/home/ranger/ROV-project/ROV-project/Raspberry Pi/ros2-ws/install/ranger_interfaces/share/ranger_interfaces/package.ps1'
[1.982s] INFO:colcon.colcon_core.shell:Creating package descriptor '/home/ranger/ROV-project/ROV-project/Raspberry Pi/ros2-ws/install/ranger_interfaces/share/ranger_interfaces/package.dsv'
[1.983s] INFO:colcon.colcon_core.shell:Creating package script '/home/ranger/ROV-project/ROV-project/Raspberry Pi/ros2-ws/install/ranger_interfaces/share/ranger_interfaces/package.sh'
[1.985s] INFO:colcon.colcon_core.shell:Creating package script '/home/ranger/ROV-project/ROV-project/Raspberry Pi/ros2-ws/install/ranger_interfaces/share/ranger_interfaces/package.bash'
[1.987s] INFO:colcon.colcon_core.shell:Creating package script '/home/ranger/ROV-project/ROV-project/Raspberry Pi/ros2-ws/install/ranger_interfaces/share/ranger_interfaces/package.zsh'
[1.988s] Level 1:colcon.colcon_core.environment:create_file_with_runtime_dependencies(/home/ranger/ROV-project/ROV-project/Raspberry Pi/ros2-ws/install/ranger_interfaces/share/colcon-core/packages/ranger_interfaces)
[2.150s] DEBUG:colcon.colcon_core.event_handler.log_command:Invoking command in '/home/ranger/ROV-project/ROV-project/Raspberry Pi/ros2-ws/src/ranger_auto': DEBUGINFOD_URLS=https://debuginfod.ubuntu.com PYTHONPATH=/home/ranger/ROV-project/ROV-project/Raspberry Pi/ros2-ws/build/ranger_auto/prefix_override:/usr/lib/python3/dist-packages/colcon_core/task/python/colcon_distutils_commands:/home/ranger/ROV-project/ROV-project/Raspberry Pi/ros2-ws/install/ranger_auto/lib/python3.12/site-packages:${PYTHONPATH} /usr/bin/python3 -W ignore:setup.py install is deprecated -W ignore:easy_install command is deprecated setup.py egg_info --egg-base ../../build/ranger_auto build --build-base /home/ranger/ROV-project/ROV-project/Raspberry Pi/ros2-ws/build/ranger_auto/build install --record /home/ranger/ROV-project/ROV-project/Raspberry Pi/ros2-ws/build/ranger_auto/install.log --single-version-externally-managed install_data
[3.175s] Level 1:colcon.colcon_core.environment:checking '/home/ranger/ROV-project/ROV-project/Raspberry Pi/ros2-ws/install/ranger_auto' for CMake module files
[3.176s] DEBUG:colcon.colcon_core.event_handler.log_command:Invoked command in '/home/ranger/ROV-project/ROV-project/Raspberry Pi/ros2-ws/src/ranger_auto' returned '0': DEBUGINFOD_URLS=https://debuginfod.ubuntu.com PYTHONPATH=/home/ranger/ROV-project/ROV-project/Raspberry Pi/ros2-ws/build/ranger_auto/prefix_override:/usr/lib/python3/dist-packages/colcon_core/task/python/colcon_distutils_commands:/home/ranger/ROV-project/ROV-project/Raspberry Pi/ros2-ws/install/ranger_auto/lib/python3.12/site-packages:${PYTHONPATH} /usr/bin/python3 -W ignore:setup.py install is deprecated -W ignore:easy_install command is deprecated setup.py egg_info --egg-base ../../build/ranger_auto build --build-base /home/ranger/ROV-project/ROV-project/Raspberry Pi/ros2-ws/build/ranger_auto/build install --record /home/ranger/ROV-project/ROV-project/Raspberry Pi/ros2-ws/build/ranger_auto/install.log --single-version-externally-managed install_data
[3.177s] Level 1:colcon.colcon_core.environment:checking '/home/ranger/ROV-project/ROV-project/Raspberry Pi/ros2-ws/install/ranger_auto' for CMake config files
[3.178s] Level 1:colcon.colcon_core.environment:checking '/home/ranger/ROV-project/ROV-project/Raspberry Pi/ros2-ws/install/ranger_auto/lib'
[3.178s] Level 1:colcon.colcon_core.environment:checking '/home/ranger/ROV-project/ROV-project/Raspberry Pi/ros2-ws/install/ranger_auto/bin'
[3.178s] Level 1:colcon.colcon_core.environment:checking '/home/ranger/ROV-project/ROV-project/Raspberry Pi/ros2-ws/install/ranger_auto/lib/pkgconfig/ranger_auto.pc'
[3.178s] Level 1:colcon.colcon_core.environment:checking '/home/ranger/ROV-project/ROV-project/Raspberry Pi/ros2-ws/install/ranger_auto/lib/python3.12/site-packages'
[3.178s] Level 1:colcon.colcon_core.shell:create_environment_hook('ranger_auto', 'pythonpath')
[3.179s] INFO:colcon.colcon_core.shell:Creating environment hook '/home/ranger/ROV-project/ROV-project/Raspberry Pi/ros2-ws/install/ranger_auto/share/ranger_auto/hook/pythonpath.ps1'
[3.180s] INFO:colcon.colcon_core.shell:Creating environment descriptor '/home/ranger/ROV-project/ROV-project/Raspberry Pi/ros2-ws/install/ranger_auto/share/ranger_auto/hook/pythonpath.dsv'
[3.181s] INFO:colcon.colcon_core.shell:Creating environment hook '/home/ranger/ROV-project/ROV-project/Raspberry Pi/ros2-ws/install/ranger_auto/share/ranger_auto/hook/pythonpath.sh'
[3.182s] Level 1:colcon.colcon_core.environment:checking '/home/ranger/ROV-project/ROV-project/Raspberry Pi/ros2-ws/install/ranger_auto/bin'
[3.182s] Level 1:colcon.colcon_core.environment:create_environment_scripts_only(ranger_auto)
[3.182s] INFO:colcon.colcon_core.shell:Creating package script '/home/ranger/ROV-project/ROV-project/Raspberry Pi/ros2-ws/install/ranger_auto/share/ranger_auto/package.ps1'
[3.183s] INFO:colcon.colcon_core.shell:Creating package descriptor '/home/ranger/ROV-project/ROV-project/Raspberry Pi/ros2-ws/install/ranger_auto/share/ranger_auto/package.dsv'
[3.184s] INFO:colcon.colcon_core.shell:Creating package script '/home/ranger/ROV-project/ROV-project/Raspberry Pi/ros2-ws/install/ranger_auto/share/ranger_auto/package.sh'
[3.185s] INFO:colcon.colcon_core.shell:Creating package script '/home/ranger/ROV-project/ROV-project/Raspberry Pi/ros2-ws/install/ranger_auto/share/ranger_auto/package.bash'
[3.185s] INFO:colcon.colcon_core.shell:Creating package script '/home/ranger/ROV-project/ROV-project/Raspberry Pi/ros2-ws/install/ranger_auto/share/ranger_auto/package.zsh'
[3.186s] Level 1:colcon.colcon_core.environment:create_file_with_runtime_dependencies(/home/ranger/ROV-project/ROV-project/Raspberry Pi/ros2-ws/install/ranger_auto/share/colcon-core/packages/ranger_auto)
[3.187s] DEBUG:colcon.colcon_parallel_executor.executor.parallel:closing loop
[3.189s] DEBUG:colcon.colcon_parallel_executor.executor.parallel:loop closed
[3.189s] DEBUG:colcon.colcon_parallel_executor.executor.parallel:run_until_complete finished with '0'
[3.189s] DEBUG:colcon.colcon_core.event_reactor:joining thread
[3.203s] INFO:colcon.colcon_core.plugin_system:Skipping extension 'colcon_notification.desktop_notification.terminal_notifier': Not used on non-Darwin systems
[3.203s] INFO:colcon.colcon_core.plugin_system:Skipping extension 'colcon_notification.desktop_notification.win32': Not used on non-Windows systems
[3.203s] INFO:colcon.colcon_notification.desktop_notification:Sending desktop notification using 'notify2'
[3.241s] DEBUG:colcon.colcon_core.event_reactor:joined thread
[3.242s] INFO:colcon.colcon_core.shell:Creating prefix script '/home/ranger/ROV-project/ROV-project/Raspberry Pi/ros2-ws/install/local_setup.ps1'
[3.244s] INFO:colcon.colcon_core.shell:Creating prefix util module '/home/ranger/ROV-project/ROV-project/Raspberry Pi/ros2-ws/install/_local_setup_util_ps1.py'
[3.246s] INFO:colcon.colcon_core.shell:Creating prefix chain script '/home/ranger/ROV-project/ROV-project/Raspberry Pi/ros2-ws/install/setup.ps1'
[3.249s] INFO:colcon.colcon_core.shell:Creating prefix script '/home/ranger/ROV-project/ROV-project/Raspberry Pi/ros2-ws/install/local_setup.sh'
[3.251s] INFO:colcon.colcon_core.shell:Creating prefix util module '/home/ranger/ROV-project/ROV-project/Raspberry Pi/ros2-ws/install/_local_setup_util_sh.py'
[3.252s] INFO:colcon.colcon_core.shell:Creating prefix chain script '/home/ranger/ROV-project/ROV-project/Raspberry Pi/ros2-ws/install/setup.sh'
[3.254s] INFO:colcon.colcon_core.shell:Creating prefix script '/home/ranger/ROV-project/ROV-project/Raspberry Pi/ros2-ws/install/local_setup.bash'
[3.256s] INFO:colcon.colcon_core.shell:Creating prefix chain script '/home/ranger/ROV-project/ROV-project/Raspberry Pi/ros2-ws/install/setup.bash'
[3.257s] INFO:colcon.colcon_core.shell:Creating prefix script '/home/ranger/ROV-project/ROV-project/Raspberry Pi/ros2-ws/install/local_setup.zsh'
[3.259s] INFO:colcon.colcon_core.shell:Creating prefix chain script '/home/ranger/ROV-project/ROV-project/Raspberry Pi/ros2-ws/install/setup.zsh'
