[0.464s] Invoking command in '/home/ranger/ROV-project/ROV-project/Raspberry Pi/ros2-ws/build/ranger_interfaces': CMAKE_PREFIX_PATH=${CMAKE_PREFIX_PATH}:/home/ranger/ROV-project/ROV-project/Raspberry Pi/ros2-ws/install/ranger_auto:/opt/ros/kilted DEBUGINFOD_URLS=https://debuginfod.ubuntu.com /usr/bin/cmake --build /home/ranger/ROV-project/ROV-project/Raspberry Pi/ros2-ws/build/ranger_interfaces -- -j4 -l4
[0.603s] [  1%] Built target ranger_interfaces__rosidl_generator_type_description
[0.658s] [  1%] Built target ament_cmake_python_copy_ranger_interfaces
[0.686s] [  1%] Built target ranger_interfaces__cpp
[0.696s] [ 27%] Built target ranger_interfaces__rosidl_generator_c
[0.787s] [ 37%] Built target ranger_interfaces__rosidl_typesupport_cpp
[0.796s] [ 47%] Built target ranger_interfaces__rosidl_typesupport_introspection_c
[0.798s] [ 57%] Built target ranger_interfaces__rosidl_typesupport_fastrtps_c
[0.870s] [ 66%] Built target ranger_interfaces__rosidl_typesupport_c
[0.889s] [ 75%] Built target ranger_interfaces__rosidl_typesupport_fastrtps_cpp
[0.901s] [ 85%] Built target ranger_interfaces__rosidl_typesupport_introspection_cpp
[0.960s] [ 85%] Built target ranger_interfaces
[1.009s] [ 86%] Built target ranger_interfaces__py
[1.074s] [ 95%] Built target ranger_interfaces__rosidl_generator_py
[1.163s] [ 98%] Built target ranger_interfaces_s__rosidl_typesupport_c
[1.164s] [ 98%] Built target ranger_interfaces_s__rosidl_typesupport_fastrtps_c
[1.174s] [100%] Built target ranger_interfaces_s__rosidl_typesupport_introspection_c
[1.220s] running egg_info
[1.254s] writing ranger_interfaces.egg-info/PKG-INFO
[1.255s] writing dependency_links to ranger_interfaces.egg-info/dependency_links.txt
[1.256s] writing top-level names to ranger_interfaces.egg-info/top_level.txt
[1.344s] reading manifest file 'ranger_interfaces.egg-info/SOURCES.txt'
[1.344s] writing manifest file 'ranger_interfaces.egg-info/SOURCES.txt'
[1.428s] [100%] Built target ament_cmake_python_build_ranger_interfaces_egg
[1.456s] Invoked command in '/home/ranger/ROV-project/ROV-project/Raspberry Pi/ros2-ws/build/ranger_interfaces' returned '0': CMAKE_PREFIX_PATH=${CMAKE_PREFIX_PATH}:/home/ranger/ROV-project/ROV-project/Raspberry Pi/ros2-ws/install/ranger_auto:/opt/ros/kilted DEBUGINFOD_URLS=https://debuginfod.ubuntu.com /usr/bin/cmake --build /home/ranger/ROV-project/ROV-project/Raspberry Pi/ros2-ws/build/ranger_interfaces -- -j4 -l4
[1.474s] Invoking command in '/home/ranger/ROV-project/ROV-project/Raspberry Pi/ros2-ws/build/ranger_interfaces': CMAKE_PREFIX_PATH=${CMAKE_PREFIX_PATH}:/home/ranger/ROV-project/ROV-project/Raspberry Pi/ros2-ws/install/ranger_auto:/opt/ros/kilted DEBUGINFOD_URLS=https://debuginfod.ubuntu.com /usr/bin/cmake --install /home/ranger/ROV-project/ROV-project/Raspberry Pi/ros2-ws/build/ranger_interfaces
[1.489s] -- Install configuration: ""
[1.489s] -- Up-to-date: /home/ranger/ROV-project/ROV-project/Raspberry Pi/ros2-ws/install/ranger_interfaces/share/ament_index/resource_index/rosidl_interfaces/ranger_interfaces
[1.489s] -- Up-to-date: /home/ranger/ROV-project/ROV-project/Raspberry Pi/ros2-ws/install/ranger_interfaces/share/ranger_interfaces/msg/ThrusterThrottle.json
[1.489s] -- Up-to-date: /home/ranger/ROV-project/ROV-project/Raspberry Pi/ros2-ws/install/ranger_interfaces/share/ranger_interfaces/msg/IMUAccel.json
[1.489s] -- Up-to-date: /home/ranger/ROV-project/ROV-project/Raspberry Pi/ros2-ws/install/ranger_interfaces/share/ranger_interfaces/msg/IMUGyro.json
[1.489s] -- Up-to-date: /home/ranger/ROV-project/ROV-project/Raspberry Pi/ros2-ws/install/ranger_interfaces/share/ranger_interfaces/msg/IMUMagnet.json
[1.490s] -- Up-to-date: /home/ranger/ROV-project/ROV-project/Raspberry Pi/ros2-ws/install/ranger_interfaces/share/ranger_interfaces/msg/UltrasonicDistance.json
[1.490s] -- Up-to-date: /home/ranger/ROV-project/ROV-project/Raspberry Pi/ros2-ws/install/ranger_interfaces/share/ranger_interfaces/msg/VehicleTransform.json
[1.490s] -- Up-to-date: /home/ranger/ROV-project/ROV-project/Raspberry Pi/ros2-ws/install/ranger_interfaces/share/ranger_interfaces/msg/WaypointLocation.json
[1.490s] -- Up-to-date: /home/ranger/ROV-project/ROV-project/Raspberry Pi/ros2-ws/install/ranger_interfaces/share/ranger_interfaces/msg/WaypointDistance.json
[1.490s] -- Up-to-date: /home/ranger/ROV-project/ROV-project/Raspberry Pi/ros2-ws/install/ranger_interfaces/share/ranger_interfaces/msg/ObstacleLocation.json
[1.490s] -- Up-to-date: /home/ranger/ROV-project/ROV-project/Raspberry Pi/ros2-ws/install/ranger_interfaces/share/ranger_interfaces/msg/MovementVector.json
[1.490s] -- Up-to-date: /home/ranger/ROV-project/ROV-project/Raspberry Pi/ros2-ws/install/ranger_interfaces/include/ranger_interfaces/ranger_interfaces
[1.490s] -- Up-to-date: /home/ranger/ROV-project/ROV-project/Raspberry Pi/ros2-ws/install/ranger_interfaces/include/ranger_interfaces/ranger_interfaces/msg
[1.490s] -- Up-to-date: /home/ranger/ROV-project/ROV-project/Raspberry Pi/ros2-ws/install/ranger_interfaces/include/ranger_interfaces/ranger_interfaces/msg/movement_vector.h
[1.491s] -- Up-to-date: /home/ranger/ROV-project/ROV-project/Raspberry Pi/ros2-ws/install/ranger_interfaces/include/ranger_interfaces/ranger_interfaces/msg/waypoint_distance.h
[1.491s] -- Up-to-date: /home/ranger/ROV-project/ROV-project/Raspberry Pi/ros2-ws/install/ranger_interfaces/include/ranger_interfaces/ranger_interfaces/msg/imu_gyro.h
[1.491s] -- Up-to-date: /home/ranger/ROV-project/ROV-project/Raspberry Pi/ros2-ws/install/ranger_interfaces/include/ranger_interfaces/ranger_interfaces/msg/rosidl_generator_c__visibility_control.h
[1.491s] -- Up-to-date: /home/ranger/ROV-project/ROV-project/Raspberry Pi/ros2-ws/install/ranger_interfaces/include/ranger_interfaces/ranger_interfaces/msg/thruster_throttle.h
[1.491s] -- Up-to-date: /home/ranger/ROV-project/ROV-project/Raspberry Pi/ros2-ws/install/ranger_interfaces/include/ranger_interfaces/ranger_interfaces/msg/detail
[1.492s] -- Up-to-date: /home/ranger/ROV-project/ROV-project/Raspberry Pi/ros2-ws/install/ranger_interfaces/include/ranger_interfaces/ranger_interfaces/msg/detail/movement_vector__type_support.h
[1.492s] -- Up-to-date: /home/ranger/ROV-project/ROV-project/Raspberry Pi/ros2-ws/install/ranger_interfaces/include/ranger_interfaces/ranger_interfaces/msg/detail/movement_vector__struct.h
[1.492s] -- Up-to-date: /home/ranger/ROV-project/ROV-project/Raspberry Pi/ros2-ws/install/ranger_interfaces/include/ranger_interfaces/ranger_interfaces/msg/detail/waypoint_location__struct.h
[1.492s] -- Installing: /home/ranger/ROV-project/ROV-project/Raspberry Pi/ros2-ws/install/ranger_interfaces/include/ranger_interfaces/ranger_interfaces/msg/detail/imu_gyro__type_support.c
[1.493s] -- Up-to-date: /home/ranger/ROV-project/ROV-project/Raspberry Pi/ros2-ws/install/ranger_interfaces/include/ranger_interfaces/ranger_interfaces/msg/detail/waypoint_distance__description.c
[1.493s] -- Up-to-date: /home/ranger/ROV-project/ROV-project/Raspberry Pi/ros2-ws/install/ranger_interfaces/include/ranger_interfaces/ranger_interfaces/msg/detail/waypoint_distance__functions.h
[1.493s] -- Up-to-date: /home/ranger/ROV-project/ROV-project/Raspberry Pi/ros2-ws/install/ranger_interfaces/include/ranger_interfaces/ranger_interfaces/msg/detail/movement_vector__description.c
[1.493s] -- Up-to-date: /home/ranger/ROV-project/ROV-project/Raspberry Pi/ros2-ws/install/ranger_interfaces/include/ranger_interfaces/ranger_interfaces/msg/detail/obstacle_location__struct.h
[1.494s] -- Up-to-date: /home/ranger/ROV-project/ROV-project/Raspberry Pi/ros2-ws/install/ranger_interfaces/include/ranger_interfaces/ranger_interfaces/msg/detail/thruster_throttle__description.c
[1.494s] -- Up-to-date: /home/ranger/ROV-project/ROV-project/Raspberry Pi/ros2-ws/install/ranger_interfaces/include/ranger_interfaces/ranger_interfaces/msg/detail/imu_gyro__struct.h
[1.494s] -- Up-to-date: /home/ranger/ROV-project/ROV-project/Raspberry Pi/ros2-ws/install/ranger_interfaces/include/ranger_interfaces/ranger_interfaces/msg/detail/ultrasonic_distance__functions.c
[1.494s] -- Up-to-date: /home/ranger/ROV-project/ROV-project/Raspberry Pi/ros2-ws/install/ranger_interfaces/include/ranger_interfaces/ranger_interfaces/msg/detail/imu_magnet__type_support.h
[1.494s] -- Installing: /home/ranger/ROV-project/ROV-project/Raspberry Pi/ros2-ws/install/ranger_interfaces/include/ranger_interfaces/ranger_interfaces/msg/detail/waypoint_distance__type_support.c
[1.495s] -- Up-to-date: /home/ranger/ROV-project/ROV-project/Raspberry Pi/ros2-ws/install/ranger_interfaces/include/ranger_interfaces/ranger_interfaces/msg/detail/obstacle_location__type_support.h
[1.495s] -- Up-to-date: /home/ranger/ROV-project/ROV-project/Raspberry Pi/ros2-ws/install/ranger_interfaces/include/ranger_interfaces/ranger_interfaces/msg/detail/imu_accel__description.c
[1.495s] -- Up-to-date: /home/ranger/ROV-project/ROV-project/Raspberry Pi/ros2-ws/install/ranger_interfaces/include/ranger_interfaces/ranger_interfaces/msg/detail/vehicle_transform__description.c
[1.495s] -- Up-to-date: /home/ranger/ROV-project/ROV-project/Raspberry Pi/ros2-ws/install/ranger_interfaces/include/ranger_interfaces/ranger_interfaces/msg/detail/ultrasonic_distance__type_support.h
[1.495s] -- Up-to-date: /home/ranger/ROV-project/ROV-project/Raspberry Pi/ros2-ws/install/ranger_interfaces/include/ranger_interfaces/ranger_interfaces/msg/detail/thruster_throttle__type_support.h
[1.495s] -- Installing: /home/ranger/ROV-project/ROV-project/Raspberry Pi/ros2-ws/install/ranger_interfaces/include/ranger_interfaces/ranger_interfaces/msg/detail/imu_accel__type_support.c
[1.495s] -- Up-to-date: /home/ranger/ROV-project/ROV-project/Raspberry Pi/ros2-ws/install/ranger_interfaces/include/ranger_interfaces/ranger_interfaces/msg/detail/waypoint_distance__functions.c
[1.496s] -- Up-to-date: /home/ranger/ROV-project/ROV-project/Raspberry Pi/ros2-ws/install/ranger_interfaces/include/ranger_interfaces/ranger_interfaces/msg/detail/obstacle_location__description.c
[1.496s] -- Up-to-date: /home/ranger/ROV-project/ROV-project/Raspberry Pi/ros2-ws/install/ranger_interfaces/include/ranger_interfaces/ranger_interfaces/msg/detail/imu_magnet__struct.h
[1.496s] -- Up-to-date: /home/ranger/ROV-project/ROV-project/Raspberry Pi/ros2-ws/install/ranger_interfaces/include/ranger_interfaces/ranger_interfaces/msg/detail/waypoint_location__functions.c
[1.496s] -- Up-to-date: /home/ranger/ROV-project/ROV-project/Raspberry Pi/ros2-ws/install/ranger_interfaces/include/ranger_interfaces/ranger_interfaces/msg/detail/waypoint_distance__type_support.h
[1.496s] -- Up-to-date: /home/ranger/ROV-project/ROV-project/Raspberry Pi/ros2-ws/install/ranger_interfaces/include/ranger_interfaces/ranger_interfaces/msg/detail/imu_magnet__description.c
[1.496s] -- Up-to-date: /home/ranger/ROV-project/ROV-project/Raspberry Pi/ros2-ws/install/ranger_interfaces/include/ranger_interfaces/ranger_interfaces/msg/detail/vehicle_transform__struct.h
[1.496s] -- Up-to-date: /home/ranger/ROV-project/ROV-project/Raspberry Pi/ros2-ws/install/ranger_interfaces/include/ranger_interfaces/ranger_interfaces/msg/detail/imu_gyro__type_support.h
[1.497s] -- Up-to-date: /home/ranger/ROV-project/ROV-project/Raspberry Pi/ros2-ws/install/ranger_interfaces/include/ranger_interfaces/ranger_interfaces/msg/detail/vehicle_transform__functions.h
[1.497s] -- Up-to-date: /home/ranger/ROV-project/ROV-project/Raspberry Pi/ros2-ws/install/ranger_interfaces/include/ranger_interfaces/ranger_interfaces/msg/detail/imu_accel__functions.h
[1.497s] -- Up-to-date: /home/ranger/ROV-project/ROV-project/Raspberry Pi/ros2-ws/install/ranger_interfaces/include/ranger_interfaces/ranger_interfaces/msg/detail/waypoint_location__description.c
[1.497s] -- Up-to-date: /home/ranger/ROV-project/ROV-project/Raspberry Pi/ros2-ws/install/ranger_interfaces/include/ranger_interfaces/ranger_interfaces/msg/detail/ultrasonic_distance__functions.h
[1.497s] -- Up-to-date: /home/ranger/ROV-project/ROV-project/Raspberry Pi/ros2-ws/install/ranger_interfaces/include/ranger_interfaces/ranger_interfaces/msg/detail/movement_vector__functions.c
[1.497s] -- Installing: /home/ranger/ROV-project/ROV-project/Raspberry Pi/ros2-ws/install/ranger_interfaces/include/ranger_interfaces/ranger_interfaces/msg/detail/movement_vector__type_support.c
[1.497s] -- Installing: /home/ranger/ROV-project/ROV-project/Raspberry Pi/ros2-ws/install/ranger_interfaces/include/ranger_interfaces/ranger_interfaces/msg/detail/thruster_throttle__type_support.c
[1.498s] -- Up-to-date: /home/ranger/ROV-project/ROV-project/Raspberry Pi/ros2-ws/install/ranger_interfaces/include/ranger_interfaces/ranger_interfaces/msg/detail/ultrasonic_distance__description.c
[1.498s] -- Installing: /home/ranger/ROV-project/ROV-project/Raspberry Pi/ros2-ws/install/ranger_interfaces/include/ranger_interfaces/ranger_interfaces/msg/detail/vehicle_transform__type_support.c
[1.498s] -- Installing: /home/ranger/ROV-project/ROV-project/Raspberry Pi/ros2-ws/install/ranger_interfaces/include/ranger_interfaces/ranger_interfaces/msg/detail/waypoint_location__type_support.c
[1.499s] -- Installing: /home/ranger/ROV-project/ROV-project/Raspberry Pi/ros2-ws/install/ranger_interfaces/include/ranger_interfaces/ranger_interfaces/msg/detail/ultrasonic_distance__type_support.c
[1.501s] -- Up-to-date: /home/ranger/ROV-project/ROV-project/Raspberry Pi/ros2-ws/install/ranger_interfaces/include/ranger_interfaces/ranger_interfaces/msg/detail/imu_gyro__functions.h
[1.501s] -- Up-to-date: /home/ranger/ROV-project/ROV-project/Raspberry Pi/ros2-ws/install/ranger_interfaces/include/ranger_interfaces/ranger_interfaces/msg/detail/vehicle_transform__type_support.h
[1.502s] -- Up-to-date: /home/ranger/ROV-project/ROV-project/Raspberry Pi/ros2-ws/install/ranger_interfaces/include/ranger_interfaces/ranger_interfaces/msg/detail/imu_gyro__description.c
[1.502s] -- Installing: /home/ranger/ROV-project/ROV-project/Raspberry Pi/ros2-ws/install/ranger_interfaces/include/ranger_interfaces/ranger_interfaces/msg/detail/obstacle_location__type_support.c
[1.503s] -- Up-to-date: /home/ranger/ROV-project/ROV-project/Raspberry Pi/ros2-ws/install/ranger_interfaces/include/ranger_interfaces/ranger_interfaces/msg/detail/waypoint_location__type_support.h
[1.504s] -- Up-to-date: /home/ranger/ROV-project/ROV-project/Raspberry Pi/ros2-ws/install/ranger_interfaces/include/ranger_interfaces/ranger_interfaces/msg/detail/imu_accel__type_support.h
[1.504s] -- Up-to-date: /home/ranger/ROV-project/ROV-project/Raspberry Pi/ros2-ws/install/ranger_interfaces/include/ranger_interfaces/ranger_interfaces/msg/detail/imu_magnet__functions.h
[1.505s] -- Up-to-date: /home/ranger/ROV-project/ROV-project/Raspberry Pi/ros2-ws/install/ranger_interfaces/include/ranger_interfaces/ranger_interfaces/msg/detail/imu_accel__functions.c
[1.505s] -- Up-to-date: /home/ranger/ROV-project/ROV-project/Raspberry Pi/ros2-ws/install/ranger_interfaces/include/ranger_interfaces/ranger_interfaces/msg/detail/vehicle_transform__functions.c
[1.506s] -- Up-to-date: /home/ranger/ROV-project/ROV-project/Raspberry Pi/ros2-ws/install/ranger_interfaces/include/ranger_interfaces/ranger_interfaces/msg/detail/ultrasonic_distance__struct.h
[1.506s] -- Up-to-date: /home/ranger/ROV-project/ROV-project/Raspberry Pi/ros2-ws/install/ranger_interfaces/include/ranger_interfaces/ranger_interfaces/msg/detail/imu_magnet__functions.c
[1.506s] -- Up-to-date: /home/ranger/ROV-project/ROV-project/Raspberry Pi/ros2-ws/install/ranger_interfaces/include/ranger_interfaces/ranger_interfaces/msg/detail/thruster_throttle__functions.c
[1.507s] -- Up-to-date: /home/ranger/ROV-project/ROV-project/Raspberry Pi/ros2-ws/install/ranger_interfaces/include/ranger_interfaces/ranger_interfaces/msg/detail/imu_accel__struct.h
[1.507s] -- Installing: /home/ranger/ROV-project/ROV-project/Raspberry Pi/ros2-ws/install/ranger_interfaces/include/ranger_interfaces/ranger_interfaces/msg/detail/imu_magnet__type_support.c
[1.508s] -- Up-to-date: /home/ranger/ROV-project/ROV-project/Raspberry Pi/ros2-ws/install/ranger_interfaces/include/ranger_interfaces/ranger_interfaces/msg/detail/waypoint_distance__struct.h
[1.511s] -- Up-to-date: /home/ranger/ROV-project/ROV-project/Raspberry Pi/ros2-ws/install/ranger_interfaces/include/ranger_interfaces/ranger_interfaces/msg/detail/imu_gyro__functions.c
[1.511s] -- Up-to-date: /home/ranger/ROV-project/ROV-project/Raspberry Pi/ros2-ws/install/ranger_interfaces/include/ranger_interfaces/ranger_interfaces/msg/detail/thruster_throttle__functions.h
[1.511s] -- Up-to-date: /home/ranger/ROV-project/ROV-project/Raspberry Pi/ros2-ws/install/ranger_interfaces/include/ranger_interfaces/ranger_interfaces/msg/detail/movement_vector__functions.h
[1.512s] -- Up-to-date: /home/ranger/ROV-project/ROV-project/Raspberry Pi/ros2-ws/install/ranger_interfaces/include/ranger_interfaces/ranger_interfaces/msg/detail/obstacle_location__functions.h
[1.512s] -- Up-to-date: /home/ranger/ROV-project/ROV-project/Raspberry Pi/ros2-ws/install/ranger_interfaces/include/ranger_interfaces/ranger_interfaces/msg/detail/thruster_throttle__struct.h
[1.512s] -- Up-to-date: /home/ranger/ROV-project/ROV-project/Raspberry Pi/ros2-ws/install/ranger_interfaces/include/ranger_interfaces/ranger_interfaces/msg/detail/waypoint_location__functions.h
[1.512s] -- Up-to-date: /home/ranger/ROV-project/ROV-project/Raspberry Pi/ros2-ws/install/ranger_interfaces/include/ranger_interfaces/ranger_interfaces/msg/detail/obstacle_location__functions.c
[1.512s] -- Up-to-date: /home/ranger/ROV-project/ROV-project/Raspberry Pi/ros2-ws/install/ranger_interfaces/include/ranger_interfaces/ranger_interfaces/msg/vehicle_transform.h
[1.512s] -- Up-to-date: /home/ranger/ROV-project/ROV-project/Raspberry Pi/ros2-ws/install/ranger_interfaces/include/ranger_interfaces/ranger_interfaces/msg/imu_accel.h
[1.512s] -- Up-to-date: /home/ranger/ROV-project/ROV-project/Raspberry Pi/ros2-ws/install/ranger_interfaces/include/ranger_interfaces/ranger_interfaces/msg/obstacle_location.h
[1.512s] -- Up-to-date: /home/ranger/ROV-project/ROV-project/Raspberry Pi/ros2-ws/install/ranger_interfaces/include/ranger_interfaces/ranger_interfaces/msg/ultrasonic_distance.h
[1.512s] -- Up-to-date: /home/ranger/ROV-project/ROV-project/Raspberry Pi/ros2-ws/install/ranger_interfaces/include/ranger_interfaces/ranger_interfaces/msg/imu_magnet.h
[1.512s] -- Up-to-date: /home/ranger/ROV-project/ROV-project/Raspberry Pi/ros2-ws/install/ranger_interfaces/include/ranger_interfaces/ranger_interfaces/msg/waypoint_location.h
[1.513s] -- Up-to-date: /home/ranger/ROV-project/ROV-project/Raspberry Pi/ros2-ws/install/ranger_interfaces/share/ranger_interfaces/environment/library_path.sh
[1.513s] -- Up-to-date: /home/ranger/ROV-project/ROV-project/Raspberry Pi/ros2-ws/install/ranger_interfaces/share/ranger_interfaces/environment/library_path.dsv
[1.513s] -- Up-to-date: /home/ranger/ROV-project/ROV-project/Raspberry Pi/ros2-ws/install/ranger_interfaces/lib/libranger_interfaces__rosidl_generator_c.so
[1.513s] -- Up-to-date: /home/ranger/ROV-project/ROV-project/Raspberry Pi/ros2-ws/install/ranger_interfaces/include/ranger_interfaces/ranger_interfaces
[1.516s] -- Up-to-date: /home/ranger/ROV-project/ROV-project/Raspberry Pi/ros2-ws/install/ranger_interfaces/include/ranger_interfaces/ranger_interfaces/msg
[1.517s] -- Up-to-date: /home/ranger/ROV-project/ROV-project/Raspberry Pi/ros2-ws/install/ranger_interfaces/include/ranger_interfaces/ranger_interfaces/msg/rosidl_typesupport_fastrtps_c__visibility_control.h
[1.517s] -- Up-to-date: /home/ranger/ROV-project/ROV-project/Raspberry Pi/ros2-ws/install/ranger_interfaces/include/ranger_interfaces/ranger_interfaces/msg/detail
[1.517s] -- Up-to-date: /home/ranger/ROV-project/ROV-project/Raspberry Pi/ros2-ws/install/ranger_interfaces/include/ranger_interfaces/ranger_interfaces/msg/detail/imu_gyro__rosidl_typesupport_fastrtps_c.h
[1.517s] -- Up-to-date: /home/ranger/ROV-project/ROV-project/Raspberry Pi/ros2-ws/install/ranger_interfaces/include/ranger_interfaces/ranger_interfaces/msg/detail/ultrasonic_distance__rosidl_typesupport_fastrtps_c.h
[1.518s] -- Up-to-date: /home/ranger/ROV-project/ROV-project/Raspberry Pi/ros2-ws/install/ranger_interfaces/include/ranger_interfaces/ranger_interfaces/msg/detail/vehicle_transform__rosidl_typesupport_fastrtps_c.h
[1.519s] -- Up-to-date: /home/ranger/ROV-project/ROV-project/Raspberry Pi/ros2-ws/install/ranger_interfaces/include/ranger_interfaces/ranger_interfaces/msg/detail/movement_vector__rosidl_typesupport_fastrtps_c.h
[1.520s] -- Up-to-date: /home/ranger/ROV-project/ROV-project/Raspberry Pi/ros2-ws/install/ranger_interfaces/include/ranger_interfaces/ranger_interfaces/msg/detail/imu_magnet__rosidl_typesupport_fastrtps_c.h
[1.520s] -- Up-to-date: /home/ranger/ROV-project/ROV-project/Raspberry Pi/ros2-ws/install/ranger_interfaces/include/ranger_interfaces/ranger_interfaces/msg/detail/obstacle_location__rosidl_typesupport_fastrtps_c.h
[1.520s] -- Up-to-date: /home/ranger/ROV-project/ROV-project/Raspberry Pi/ros2-ws/install/ranger_interfaces/include/ranger_interfaces/ranger_interfaces/msg/detail/waypoint_location__rosidl_typesupport_fastrtps_c.h
[1.520s] -- Up-to-date: /home/ranger/ROV-project/ROV-project/Raspberry Pi/ros2-ws/install/ranger_interfaces/include/ranger_interfaces/ranger_interfaces/msg/detail/thruster_throttle__rosidl_typesupport_fastrtps_c.h
[1.520s] -- Up-to-date: /home/ranger/ROV-project/ROV-project/Raspberry Pi/ros2-ws/install/ranger_interfaces/include/ranger_interfaces/ranger_interfaces/msg/detail/imu_accel__rosidl_typesupport_fastrtps_c.h
[1.520s] -- Up-to-date: /home/ranger/ROV-project/ROV-project/Raspberry Pi/ros2-ws/install/ranger_interfaces/include/ranger_interfaces/ranger_interfaces/msg/detail/waypoint_distance__rosidl_typesupport_fastrtps_c.h
[1.523s] -- Up-to-date: /home/ranger/ROV-project/ROV-project/Raspberry Pi/ros2-ws/install/ranger_interfaces/lib/libranger_interfaces__rosidl_typesupport_fastrtps_c.so
[1.524s] -- Up-to-date: /home/ranger/ROV-project/ROV-project/Raspberry Pi/ros2-ws/install/ranger_interfaces/include/ranger_interfaces/ranger_interfaces
[1.524s] -- Up-to-date: /home/ranger/ROV-project/ROV-project/Raspberry Pi/ros2-ws/install/ranger_interfaces/include/ranger_interfaces/ranger_interfaces/msg
[1.524s] -- Up-to-date: /home/ranger/ROV-project/ROV-project/Raspberry Pi/ros2-ws/install/ranger_interfaces/include/ranger_interfaces/ranger_interfaces/msg/detail
[1.524s] -- Installing: /home/ranger/ROV-project/ROV-project/Raspberry Pi/ros2-ws/install/ranger_interfaces/include/ranger_interfaces/ranger_interfaces/msg/detail/imu_gyro__type_support.c
[1.524s] -- Up-to-date: /home/ranger/ROV-project/ROV-project/Raspberry Pi/ros2-ws/install/ranger_interfaces/include/ranger_interfaces/ranger_interfaces/msg/detail/thruster_throttle__rosidl_typesupport_introspection_c.h
[1.525s] -- Up-to-date: /home/ranger/ROV-project/ROV-project/Raspberry Pi/ros2-ws/install/ranger_interfaces/include/ranger_interfaces/ranger_interfaces/msg/detail/imu_accel__rosidl_typesupport_introspection_c.h
[1.525s] -- Installing: /home/ranger/ROV-project/ROV-project/Raspberry Pi/ros2-ws/install/ranger_interfaces/include/ranger_interfaces/ranger_interfaces/msg/detail/waypoint_distance__type_support.c
[1.525s] -- Up-to-date: /home/ranger/ROV-project/ROV-project/Raspberry Pi/ros2-ws/install/ranger_interfaces/include/ranger_interfaces/ranger_interfaces/msg/detail/ultrasonic_distance__rosidl_typesupport_introspection_c.h
[1.525s] -- Installing: /home/ranger/ROV-project/ROV-project/Raspberry Pi/ros2-ws/install/ranger_interfaces/include/ranger_interfaces/ranger_interfaces/msg/detail/imu_accel__type_support.c
[1.525s] -- Up-to-date: /home/ranger/ROV-project/ROV-project/Raspberry Pi/ros2-ws/install/ranger_interfaces/include/ranger_interfaces/ranger_interfaces/msg/detail/imu_gyro__rosidl_typesupport_introspection_c.h
[1.525s] -- Up-to-date: /home/ranger/ROV-project/ROV-project/Raspberry Pi/ros2-ws/install/ranger_interfaces/include/ranger_interfaces/ranger_interfaces/msg/detail/vehicle_transform__rosidl_typesupport_introspection_c.h
[1.525s] -- Installing: /home/ranger/ROV-project/ROV-project/Raspberry Pi/ros2-ws/install/ranger_interfaces/include/ranger_interfaces/ranger_interfaces/msg/detail/movement_vector__type_support.c
[1.526s] -- Installing: /home/ranger/ROV-project/ROV-project/Raspberry Pi/ros2-ws/install/ranger_interfaces/include/ranger_interfaces/ranger_interfaces/msg/detail/thruster_throttle__type_support.c
[1.526s] -- Up-to-date: /home/ranger/ROV-project/ROV-project/Raspberry Pi/ros2-ws/install/ranger_interfaces/include/ranger_interfaces/ranger_interfaces/msg/detail/movement_vector__rosidl_typesupport_introspection_c.h
[1.526s] -- Installing: /home/ranger/ROV-project/ROV-project/Raspberry Pi/ros2-ws/install/ranger_interfaces/include/ranger_interfaces/ranger_interfaces/msg/detail/vehicle_transform__type_support.c
[1.526s] -- Installing: /home/ranger/ROV-project/ROV-project/Raspberry Pi/ros2-ws/install/ranger_interfaces/include/ranger_interfaces/ranger_interfaces/msg/detail/waypoint_location__type_support.c
[1.526s] -- Installing: /home/ranger/ROV-project/ROV-project/Raspberry Pi/ros2-ws/install/ranger_interfaces/include/ranger_interfaces/ranger_interfaces/msg/detail/ultrasonic_distance__type_support.c
[1.529s] -- Installing: /home/ranger/ROV-project/ROV-project/Raspberry Pi/ros2-ws/install/ranger_interfaces/include/ranger_interfaces/ranger_interfaces/msg/detail/obstacle_location__type_support.c
[1.529s] -- Up-to-date: /home/ranger/ROV-project/ROV-project/Raspberry Pi/ros2-ws/install/ranger_interfaces/include/ranger_interfaces/ranger_interfaces/msg/detail/waypoint_distance__rosidl_typesupport_introspection_c.h
[1.529s] -- Up-to-date: /home/ranger/ROV-project/ROV-project/Raspberry Pi/ros2-ws/install/ranger_interfaces/include/ranger_interfaces/ranger_interfaces/msg/detail/obstacle_location__rosidl_typesupport_introspection_c.h
[1.530s] -- Installing: /home/ranger/ROV-project/ROV-project/Raspberry Pi/ros2-ws/install/ranger_interfaces/include/ranger_interfaces/ranger_interfaces/msg/detail/imu_magnet__type_support.c
[1.530s] -- Up-to-date: /home/ranger/ROV-project/ROV-project/Raspberry Pi/ros2-ws/install/ranger_interfaces/include/ranger_interfaces/ranger_interfaces/msg/detail/waypoint_location__rosidl_typesupport_introspection_c.h
[1.530s] -- Up-to-date: /home/ranger/ROV-project/ROV-project/Raspberry Pi/ros2-ws/install/ranger_interfaces/include/ranger_interfaces/ranger_interfaces/msg/detail/imu_magnet__rosidl_typesupport_introspection_c.h
[1.530s] -- Up-to-date: /home/ranger/ROV-project/ROV-project/Raspberry Pi/ros2-ws/install/ranger_interfaces/include/ranger_interfaces/ranger_interfaces/msg/rosidl_typesupport_introspection_c__visibility_control.h
[1.531s] -- Up-to-date: /home/ranger/ROV-project/ROV-project/Raspberry Pi/ros2-ws/install/ranger_interfaces/lib/libranger_interfaces__rosidl_typesupport_introspection_c.so
[1.531s] -- Up-to-date: /home/ranger/ROV-project/ROV-project/Raspberry Pi/ros2-ws/install/ranger_interfaces/lib/libranger_interfaces__rosidl_typesupport_c.so
[1.531s] -- Up-to-date: /home/ranger/ROV-project/ROV-project/Raspberry Pi/ros2-ws/install/ranger_interfaces/include/ranger_interfaces/ranger_interfaces
[1.531s] -- Up-to-date: /home/ranger/ROV-project/ROV-project/Raspberry Pi/ros2-ws/install/ranger_interfaces/include/ranger_interfaces/ranger_interfaces/msg
[1.532s] -- Up-to-date: /home/ranger/ROV-project/ROV-project/Raspberry Pi/ros2-ws/install/ranger_interfaces/include/ranger_interfaces/ranger_interfaces/msg/obstacle_location.hpp
[1.532s] -- Up-to-date: /home/ranger/ROV-project/ROV-project/Raspberry Pi/ros2-ws/install/ranger_interfaces/include/ranger_interfaces/ranger_interfaces/msg/imu_magnet.hpp
[1.532s] -- Up-to-date: /home/ranger/ROV-project/ROV-project/Raspberry Pi/ros2-ws/install/ranger_interfaces/include/ranger_interfaces/ranger_interfaces/msg/imu_accel.hpp
[1.532s] -- Up-to-date: /home/ranger/ROV-project/ROV-project/Raspberry Pi/ros2-ws/install/ranger_interfaces/include/ranger_interfaces/ranger_interfaces/msg/ultrasonic_distance.hpp
[1.533s] -- Up-to-date: /home/ranger/ROV-project/ROV-project/Raspberry Pi/ros2-ws/install/ranger_interfaces/include/ranger_interfaces/ranger_interfaces/msg/detail
[1.533s] -- Up-to-date: /home/ranger/ROV-project/ROV-project/Raspberry Pi/ros2-ws/install/ranger_interfaces/include/ranger_interfaces/ranger_interfaces/msg/detail/imu_gyro__builder.hpp
[1.533s] -- Up-to-date: /home/ranger/ROV-project/ROV-project/Raspberry Pi/ros2-ws/install/ranger_interfaces/include/ranger_interfaces/ranger_interfaces/msg/detail/waypoint_location__struct.hpp
[1.533s] -- Up-to-date: /home/ranger/ROV-project/ROV-project/Raspberry Pi/ros2-ws/install/ranger_interfaces/include/ranger_interfaces/ranger_interfaces/msg/detail/waypoint_distance__struct.hpp
[1.533s] -- Up-to-date: /home/ranger/ROV-project/ROV-project/Raspberry Pi/ros2-ws/install/ranger_interfaces/include/ranger_interfaces/ranger_interfaces/msg/detail/ultrasonic_distance__struct.hpp
[1.533s] -- Up-to-date: /home/ranger/ROV-project/ROV-project/Raspberry Pi/ros2-ws/install/ranger_interfaces/include/ranger_interfaces/ranger_interfaces/msg/detail/imu_gyro__type_support.hpp
[1.533s] -- Up-to-date: /home/ranger/ROV-project/ROV-project/Raspberry Pi/ros2-ws/install/ranger_interfaces/include/ranger_interfaces/ranger_interfaces/msg/detail/waypoint_location__traits.hpp
[1.534s] -- Up-to-date: /home/ranger/ROV-project/ROV-project/Raspberry Pi/ros2-ws/install/ranger_interfaces/include/ranger_interfaces/ranger_interfaces/msg/detail/movement_vector__struct.hpp
[1.534s] -- Up-to-date: /home/ranger/ROV-project/ROV-project/Raspberry Pi/ros2-ws/install/ranger_interfaces/include/ranger_interfaces/ranger_interfaces/msg/detail/obstacle_location__builder.hpp
[1.534s] -- Up-to-date: /home/ranger/ROV-project/ROV-project/Raspberry Pi/ros2-ws/install/ranger_interfaces/include/ranger_interfaces/ranger_interfaces/msg/detail/thruster_throttle__type_support.hpp
[1.534s] -- Up-to-date: /home/ranger/ROV-project/ROV-project/Raspberry Pi/ros2-ws/install/ranger_interfaces/include/ranger_interfaces/ranger_interfaces/msg/detail/waypoint_distance__builder.hpp
[1.534s] -- Up-to-date: /home/ranger/ROV-project/ROV-project/Raspberry Pi/ros2-ws/install/ranger_interfaces/include/ranger_interfaces/ranger_interfaces/msg/detail/vehicle_transform__builder.hpp
[1.535s] -- Up-to-date: /home/ranger/ROV-project/ROV-project/Raspberry Pi/ros2-ws/install/ranger_interfaces/include/ranger_interfaces/ranger_interfaces/msg/detail/movement_vector__builder.hpp
[1.535s] -- Up-to-date: /home/ranger/ROV-project/ROV-project/Raspberry Pi/ros2-ws/install/ranger_interfaces/include/ranger_interfaces/ranger_interfaces/msg/detail/imu_magnet__type_support.hpp
[1.535s] -- Up-to-date: /home/ranger/ROV-project/ROV-project/Raspberry Pi/ros2-ws/install/ranger_interfaces/include/ranger_interfaces/ranger_interfaces/msg/detail/thruster_throttle__traits.hpp
[1.535s] -- Up-to-date: /home/ranger/ROV-project/ROV-project/Raspberry Pi/ros2-ws/install/ranger_interfaces/include/ranger_interfaces/ranger_interfaces/msg/detail/imu_accel__traits.hpp
[1.535s] -- Up-to-date: /home/ranger/ROV-project/ROV-project/Raspberry Pi/ros2-ws/install/ranger_interfaces/include/ranger_interfaces/ranger_interfaces/msg/detail/waypoint_distance__traits.hpp
[1.535s] -- Up-to-date: /home/ranger/ROV-project/ROV-project/Raspberry Pi/ros2-ws/install/ranger_interfaces/include/ranger_interfaces/ranger_interfaces/msg/detail/vehicle_transform__traits.hpp
[1.535s] -- Up-to-date: /home/ranger/ROV-project/ROV-project/Raspberry Pi/ros2-ws/install/ranger_interfaces/include/ranger_interfaces/ranger_interfaces/msg/detail/imu_accel__type_support.hpp
[1.535s] -- Up-to-date: /home/ranger/ROV-project/ROV-project/Raspberry Pi/ros2-ws/install/ranger_interfaces/include/ranger_interfaces/ranger_interfaces/msg/detail/thruster_throttle__builder.hpp
[1.535s] -- Up-to-date: /home/ranger/ROV-project/ROV-project/Raspberry Pi/ros2-ws/install/ranger_interfaces/include/ranger_interfaces/ranger_interfaces/msg/detail/movement_vector__traits.hpp
[1.536s] -- Up-to-date: /home/ranger/ROV-project/ROV-project/Raspberry Pi/ros2-ws/install/ranger_interfaces/include/ranger_interfaces/ranger_interfaces/msg/detail/thruster_throttle__struct.hpp
[1.536s] -- Up-to-date: /home/ranger/ROV-project/ROV-project/Raspberry Pi/ros2-ws/install/ranger_interfaces/include/ranger_interfaces/ranger_interfaces/msg/detail/vehicle_transform__struct.hpp
[1.536s] -- Up-to-date: /home/ranger/ROV-project/ROV-project/Raspberry Pi/ros2-ws/install/ranger_interfaces/include/ranger_interfaces/ranger_interfaces/msg/detail/waypoint_distance__type_support.hpp
[1.536s] -- Up-to-date: /home/ranger/ROV-project/ROV-project/Raspberry Pi/ros2-ws/install/ranger_interfaces/include/ranger_interfaces/ranger_interfaces/msg/detail/ultrasonic_distance__builder.hpp
[1.536s] -- Up-to-date: /home/ranger/ROV-project/ROV-project/Raspberry Pi/ros2-ws/install/ranger_interfaces/include/ranger_interfaces/ranger_interfaces/msg/detail/imu_gyro__struct.hpp
[1.536s] -- Up-to-date: /home/ranger/ROV-project/ROV-project/Raspberry Pi/ros2-ws/install/ranger_interfaces/include/ranger_interfaces/ranger_interfaces/msg/detail/vehicle_transform__type_support.hpp
[1.536s] -- Up-to-date: /home/ranger/ROV-project/ROV-project/Raspberry Pi/ros2-ws/install/ranger_interfaces/include/ranger_interfaces/ranger_interfaces/msg/detail/obstacle_location__traits.hpp
[1.536s] -- Up-to-date: /home/ranger/ROV-project/ROV-project/Raspberry Pi/ros2-ws/install/ranger_interfaces/include/ranger_interfaces/ranger_interfaces/msg/detail/imu_magnet__struct.hpp
[1.537s] -- Up-to-date: /home/ranger/ROV-project/ROV-project/Raspberry Pi/ros2-ws/install/ranger_interfaces/include/ranger_interfaces/ranger_interfaces/msg/detail/imu_accel__struct.hpp
[1.537s] -- Up-to-date: /home/ranger/ROV-project/ROV-project/Raspberry Pi/ros2-ws/install/ranger_interfaces/include/ranger_interfaces/ranger_interfaces/msg/detail/imu_gyro__traits.hpp
[1.537s] -- Up-to-date: /home/ranger/ROV-project/ROV-project/Raspberry Pi/ros2-ws/install/ranger_interfaces/include/ranger_interfaces/ranger_interfaces/msg/detail/imu_magnet__traits.hpp
[1.537s] -- Up-to-date: /home/ranger/ROV-project/ROV-project/Raspberry Pi/ros2-ws/install/ranger_interfaces/include/ranger_interfaces/ranger_interfaces/msg/detail/waypoint_location__builder.hpp
[1.537s] -- Up-to-date: /home/ranger/ROV-project/ROV-project/Raspberry Pi/ros2-ws/install/ranger_interfaces/include/ranger_interfaces/ranger_interfaces/msg/detail/imu_magnet__builder.hpp
[1.537s] -- Up-to-date: /home/ranger/ROV-project/ROV-project/Raspberry Pi/ros2-ws/install/ranger_interfaces/include/ranger_interfaces/ranger_interfaces/msg/detail/ultrasonic_distance__traits.hpp
[1.538s] -- Up-to-date: /home/ranger/ROV-project/ROV-project/Raspberry Pi/ros2-ws/install/ranger_interfaces/include/ranger_interfaces/ranger_interfaces/msg/detail/ultrasonic_distance__type_support.hpp
[1.538s] -- Up-to-date: /home/ranger/ROV-project/ROV-project/Raspberry Pi/ros2-ws/install/ranger_interfaces/include/ranger_interfaces/ranger_interfaces/msg/detail/waypoint_location__type_support.hpp
[1.538s] -- Up-to-date: /home/ranger/ROV-project/ROV-project/Raspberry Pi/ros2-ws/install/ranger_interfaces/include/ranger_interfaces/ranger_interfaces/msg/detail/obstacle_location__type_support.hpp
[1.538s] -- Up-to-date: /home/ranger/ROV-project/ROV-project/Raspberry Pi/ros2-ws/install/ranger_interfaces/include/ranger_interfaces/ranger_interfaces/msg/detail/obstacle_location__struct.hpp
[1.538s] -- Up-to-date: /home/ranger/ROV-project/ROV-project/Raspberry Pi/ros2-ws/install/ranger_interfaces/include/ranger_interfaces/ranger_interfaces/msg/detail/imu_accel__builder.hpp
[1.539s] -- Up-to-date: /home/ranger/ROV-project/ROV-project/Raspberry Pi/ros2-ws/install/ranger_interfaces/include/ranger_interfaces/ranger_interfaces/msg/detail/movement_vector__type_support.hpp
[1.539s] -- Up-to-date: /home/ranger/ROV-project/ROV-project/Raspberry Pi/ros2-ws/install/ranger_interfaces/include/ranger_interfaces/ranger_interfaces/msg/rosidl_generator_cpp__visibility_control.hpp
[1.539s] -- Up-to-date: /home/ranger/ROV-project/ROV-project/Raspberry Pi/ros2-ws/install/ranger_interfaces/include/ranger_interfaces/ranger_interfaces/msg/waypoint_distance.hpp
[1.539s] -- Up-to-date: /home/ranger/ROV-project/ROV-project/Raspberry Pi/ros2-ws/install/ranger_interfaces/include/ranger_interfaces/ranger_interfaces/msg/thruster_throttle.hpp
[1.539s] -- Up-to-date: /home/ranger/ROV-project/ROV-project/Raspberry Pi/ros2-ws/install/ranger_interfaces/include/ranger_interfaces/ranger_interfaces/msg/waypoint_location.hpp
[1.540s] -- Up-to-date: /home/ranger/ROV-project/ROV-project/Raspberry Pi/ros2-ws/install/ranger_interfaces/include/ranger_interfaces/ranger_interfaces/msg/imu_gyro.hpp
[1.540s] -- Up-to-date: /home/ranger/ROV-project/ROV-project/Raspberry Pi/ros2-ws/install/ranger_interfaces/include/ranger_interfaces/ranger_interfaces/msg/movement_vector.hpp
[1.540s] -- Up-to-date: /home/ranger/ROV-project/ROV-project/Raspberry Pi/ros2-ws/install/ranger_interfaces/include/ranger_interfaces/ranger_interfaces/msg/vehicle_transform.hpp
[1.540s] -- Up-to-date: /home/ranger/ROV-project/ROV-project/Raspberry Pi/ros2-ws/install/ranger_interfaces/include/ranger_interfaces/ranger_interfaces
[1.540s] -- Up-to-date: /home/ranger/ROV-project/ROV-project/Raspberry Pi/ros2-ws/install/ranger_interfaces/include/ranger_interfaces/ranger_interfaces/msg
[1.540s] -- Up-to-date: /home/ranger/ROV-project/ROV-project/Raspberry Pi/ros2-ws/install/ranger_interfaces/include/ranger_interfaces/ranger_interfaces/msg/detail
[1.540s] -- Up-to-date: /home/ranger/ROV-project/ROV-project/Raspberry Pi/ros2-ws/install/ranger_interfaces/include/ranger_interfaces/ranger_interfaces/msg/detail/imu_accel__rosidl_typesupport_fastrtps_cpp.hpp
[1.540s] -- Up-to-date: /home/ranger/ROV-project/ROV-project/Raspberry Pi/ros2-ws/install/ranger_interfaces/include/ranger_interfaces/ranger_interfaces/msg/detail/vehicle_transform__rosidl_typesupport_fastrtps_cpp.hpp
[1.540s] -- Up-to-date: /home/ranger/ROV-project/ROV-project/Raspberry Pi/ros2-ws/install/ranger_interfaces/include/ranger_interfaces/ranger_interfaces/msg/detail/dds_fastrtps
[1.540s] -- Up-to-date: /home/ranger/ROV-project/ROV-project/Raspberry Pi/ros2-ws/install/ranger_interfaces/include/ranger_interfaces/ranger_interfaces/msg/detail/waypoint_distance__rosidl_typesupport_fastrtps_cpp.hpp
[1.541s] -- Up-to-date: /home/ranger/ROV-project/ROV-project/Raspberry Pi/ros2-ws/install/ranger_interfaces/include/ranger_interfaces/ranger_interfaces/msg/detail/ultrasonic_distance__rosidl_typesupport_fastrtps_cpp.hpp
[1.541s] -- Up-to-date: /home/ranger/ROV-project/ROV-project/Raspberry Pi/ros2-ws/install/ranger_interfaces/include/ranger_interfaces/ranger_interfaces/msg/detail/waypoint_location__rosidl_typesupport_fastrtps_cpp.hpp
[1.541s] -- Up-to-date: /home/ranger/ROV-project/ROV-project/Raspberry Pi/ros2-ws/install/ranger_interfaces/include/ranger_interfaces/ranger_interfaces/msg/detail/imu_gyro__rosidl_typesupport_fastrtps_cpp.hpp
[1.541s] -- Up-to-date: /home/ranger/ROV-project/ROV-project/Raspberry Pi/ros2-ws/install/ranger_interfaces/include/ranger_interfaces/ranger_interfaces/msg/detail/obstacle_location__rosidl_typesupport_fastrtps_cpp.hpp
[1.541s] -- Up-to-date: /home/ranger/ROV-project/ROV-project/Raspberry Pi/ros2-ws/install/ranger_interfaces/include/ranger_interfaces/ranger_interfaces/msg/detail/movement_vector__rosidl_typesupport_fastrtps_cpp.hpp
[1.541s] -- Up-to-date: /home/ranger/ROV-project/ROV-project/Raspberry Pi/ros2-ws/install/ranger_interfaces/include/ranger_interfaces/ranger_interfaces/msg/detail/thruster_throttle__rosidl_typesupport_fastrtps_cpp.hpp
[1.541s] -- Up-to-date: /home/ranger/ROV-project/ROV-project/Raspberry Pi/ros2-ws/install/ranger_interfaces/include/ranger_interfaces/ranger_interfaces/msg/detail/imu_magnet__rosidl_typesupport_fastrtps_cpp.hpp
[1.541s] -- Up-to-date: /home/ranger/ROV-project/ROV-project/Raspberry Pi/ros2-ws/install/ranger_interfaces/include/ranger_interfaces/ranger_interfaces/msg/rosidl_typesupport_fastrtps_cpp__visibility_control.h
[1.542s] -- Up-to-date: /home/ranger/ROV-project/ROV-project/Raspberry Pi/ros2-ws/install/ranger_interfaces/lib/libranger_interfaces__rosidl_typesupport_fastrtps_cpp.so
[1.542s] -- Up-to-date: /home/ranger/ROV-project/ROV-project/Raspberry Pi/ros2-ws/install/ranger_interfaces/include/ranger_interfaces/ranger_interfaces
[1.542s] -- Up-to-date: /home/ranger/ROV-project/ROV-project/Raspberry Pi/ros2-ws/install/ranger_interfaces/include/ranger_interfaces/ranger_interfaces/msg
[1.542s] -- Up-to-date: /home/ranger/ROV-project/ROV-project/Raspberry Pi/ros2-ws/install/ranger_interfaces/include/ranger_interfaces/ranger_interfaces/msg/detail
[1.542s] -- Up-to-date: /home/ranger/ROV-project/ROV-project/Raspberry Pi/ros2-ws/install/ranger_interfaces/include/ranger_interfaces/ranger_interfaces/msg/detail/obstacle_location__rosidl_typesupport_introspection_cpp.hpp
[1.542s] -- Up-to-date: /home/ranger/ROV-project/ROV-project/Raspberry Pi/ros2-ws/install/ranger_interfaces/include/ranger_interfaces/ranger_interfaces/msg/detail/vehicle_transform__rosidl_typesupport_introspection_cpp.hpp
[1.542s] -- Up-to-date: /home/ranger/ROV-project/ROV-project/Raspberry Pi/ros2-ws/install/ranger_interfaces/include/ranger_interfaces/ranger_interfaces/msg/detail/imu_magnet__rosidl_typesupport_introspection_cpp.hpp
[1.543s] -- Up-to-date: /home/ranger/ROV-project/ROV-project/Raspberry Pi/ros2-ws/install/ranger_interfaces/include/ranger_interfaces/ranger_interfaces/msg/detail/thruster_throttle__type_support.cpp
[1.543s] -- Up-to-date: /home/ranger/ROV-project/ROV-project/Raspberry Pi/ros2-ws/install/ranger_interfaces/include/ranger_interfaces/ranger_interfaces/msg/detail/imu_magnet__type_support.cpp
[1.543s] -- Up-to-date: /home/ranger/ROV-project/ROV-project/Raspberry Pi/ros2-ws/install/ranger_interfaces/include/ranger_interfaces/ranger_interfaces/msg/detail/waypoint_distance__type_support.cpp
[1.543s] -- Up-to-date: /home/ranger/ROV-project/ROV-project/Raspberry Pi/ros2-ws/install/ranger_interfaces/include/ranger_interfaces/ranger_interfaces/msg/detail/imu_gyro__type_support.cpp
[1.543s] -- Up-to-date: /home/ranger/ROV-project/ROV-project/Raspberry Pi/ros2-ws/install/ranger_interfaces/include/ranger_interfaces/ranger_interfaces/msg/detail/obstacle_location__type_support.cpp
[1.543s] -- Up-to-date: /home/ranger/ROV-project/ROV-project/Raspberry Pi/ros2-ws/install/ranger_interfaces/include/ranger_interfaces/ranger_interfaces/msg/detail/movement_vector__rosidl_typesupport_introspection_cpp.hpp
[1.543s] -- Up-to-date: /home/ranger/ROV-project/ROV-project/Raspberry Pi/ros2-ws/install/ranger_interfaces/include/ranger_interfaces/ranger_interfaces/msg/detail/imu_accel__rosidl_typesupport_introspection_cpp.hpp
[1.544s] -- Up-to-date: /home/ranger/ROV-project/ROV-project/Raspberry Pi/ros2-ws/install/ranger_interfaces/include/ranger_interfaces/ranger_interfaces/msg/detail/ultrasonic_distance__type_support.cpp
[1.544s] -- Up-to-date: /home/ranger/ROV-project/ROV-project/Raspberry Pi/ros2-ws/install/ranger_interfaces/include/ranger_interfaces/ranger_interfaces/msg/detail/vehicle_transform__type_support.cpp
[1.544s] -- Up-to-date: /home/ranger/ROV-project/ROV-project/Raspberry Pi/ros2-ws/install/ranger_interfaces/include/ranger_interfaces/ranger_interfaces/msg/detail/ultrasonic_distance__rosidl_typesupport_introspection_cpp.hpp
[1.544s] -- Up-to-date: /home/ranger/ROV-project/ROV-project/Raspberry Pi/ros2-ws/install/ranger_interfaces/include/ranger_interfaces/ranger_interfaces/msg/detail/imu_gyro__rosidl_typesupport_introspection_cpp.hpp
[1.544s] -- Up-to-date: /home/ranger/ROV-project/ROV-project/Raspberry Pi/ros2-ws/install/ranger_interfaces/include/ranger_interfaces/ranger_interfaces/msg/detail/movement_vector__type_support.cpp
[1.544s] -- Up-to-date: /home/ranger/ROV-project/ROV-project/Raspberry Pi/ros2-ws/install/ranger_interfaces/include/ranger_interfaces/ranger_interfaces/msg/detail/thruster_throttle__rosidl_typesupport_introspection_cpp.hpp
[1.544s] -- Up-to-date: /home/ranger/ROV-project/ROV-project/Raspberry Pi/ros2-ws/install/ranger_interfaces/include/ranger_interfaces/ranger_interfaces/msg/detail/waypoint_distance__rosidl_typesupport_introspection_cpp.hpp
[1.544s] -- Up-to-date: /home/ranger/ROV-project/ROV-project/Raspberry Pi/ros2-ws/install/ranger_interfaces/include/ranger_interfaces/ranger_interfaces/msg/detail/waypoint_location__type_support.cpp
[1.544s] -- Up-to-date: /home/ranger/ROV-project/ROV-project/Raspberry Pi/ros2-ws/install/ranger_interfaces/include/ranger_interfaces/ranger_interfaces/msg/detail/imu_accel__type_support.cpp
[1.545s] -- Up-to-date: /home/ranger/ROV-project/ROV-project/Raspberry Pi/ros2-ws/install/ranger_interfaces/include/ranger_interfaces/ranger_interfaces/msg/detail/waypoint_location__rosidl_typesupport_introspection_cpp.hpp
[1.545s] -- Up-to-date: /home/ranger/ROV-project/ROV-project/Raspberry Pi/ros2-ws/install/ranger_interfaces/lib/libranger_interfaces__rosidl_typesupport_introspection_cpp.so
[1.545s] -- Up-to-date: /home/ranger/ROV-project/ROV-project/Raspberry Pi/ros2-ws/install/ranger_interfaces/lib/libranger_interfaces__rosidl_typesupport_cpp.so
[1.545s] -- Up-to-date: /home/ranger/ROV-project/ROV-project/Raspberry Pi/ros2-ws/install/ranger_interfaces/share/ranger_interfaces/environment/pythonpath.sh
[1.545s] -- Up-to-date: /home/ranger/ROV-project/ROV-project/Raspberry Pi/ros2-ws/install/ranger_interfaces/share/ranger_interfaces/environment/pythonpath.dsv
[1.545s] -- Up-to-date: /home/ranger/ROV-project/ROV-project/Raspberry Pi/ros2-ws/install/ranger_interfaces/lib/python3.12/site-packages/ranger_interfaces-0.0.1-py3.12.egg-info
[1.545s] -- Installing: /home/ranger/ROV-project/ROV-project/Raspberry Pi/ros2-ws/install/ranger_interfaces/lib/python3.12/site-packages/ranger_interfaces-0.0.1-py3.12.egg-info/dependency_links.txt
[1.546s] -- Installing: /home/ranger/ROV-project/ROV-project/Raspberry Pi/ros2-ws/install/ranger_interfaces/lib/python3.12/site-packages/ranger_interfaces-0.0.1-py3.12.egg-info/PKG-INFO
[1.547s] -- Installing: /home/ranger/ROV-project/ROV-project/Raspberry Pi/ros2-ws/install/ranger_interfaces/lib/python3.12/site-packages/ranger_interfaces-0.0.1-py3.12.egg-info/top_level.txt
[1.547s] -- Installing: /home/ranger/ROV-project/ROV-project/Raspberry Pi/ros2-ws/install/ranger_interfaces/lib/python3.12/site-packages/ranger_interfaces-0.0.1-py3.12.egg-info/SOURCES.txt
[1.547s] -- Up-to-date: /home/ranger/ROV-project/ROV-project/Raspberry Pi/ros2-ws/install/ranger_interfaces/lib/python3.12/site-packages/ranger_interfaces
[1.547s] -- Up-to-date: /home/ranger/ROV-project/ROV-project/Raspberry Pi/ros2-ws/install/ranger_interfaces/lib/python3.12/site-packages/ranger_interfaces/ranger_interfaces_s__rosidl_typesupport_fastrtps_c.so
[1.547s] -- Up-to-date: /home/ranger/ROV-project/ROV-project/Raspberry Pi/ros2-ws/install/ranger_interfaces/lib/python3.12/site-packages/ranger_interfaces/ranger_interfaces_s__rosidl_typesupport_c.so
[1.547s] -- Up-to-date: /home/ranger/ROV-project/ROV-project/Raspberry Pi/ros2-ws/install/ranger_interfaces/lib/python3.12/site-packages/ranger_interfaces/_ranger_interfaces_s.ep.rosidl_typesupport_introspection_c.c
[1.548s] -- Up-to-date: /home/ranger/ROV-project/ROV-project/Raspberry Pi/ros2-ws/install/ranger_interfaces/lib/python3.12/site-packages/ranger_interfaces/ranger_interfaces_s__rosidl_typesupport_introspection_c.so
[1.548s] -- Up-to-date: /home/ranger/ROV-project/ROV-project/Raspberry Pi/ros2-ws/install/ranger_interfaces/lib/python3.12/site-packages/ranger_interfaces/__init__.py
[1.548s] -- Up-to-date: /home/ranger/ROV-project/ROV-project/Raspberry Pi/ros2-ws/install/ranger_interfaces/lib/python3.12/site-packages/ranger_interfaces/_ranger_interfaces_s.ep.rosidl_typesupport_fastrtps_c.c
[1.548s] -- Up-to-date: /home/ranger/ROV-project/ROV-project/Raspberry Pi/ros2-ws/install/ranger_interfaces/lib/python3.12/site-packages/ranger_interfaces/msg
[1.548s] -- Up-to-date: /home/ranger/ROV-project/ROV-project/Raspberry Pi/ros2-ws/install/ranger_interfaces/lib/python3.12/site-packages/ranger_interfaces/msg/_imu_magnet.py
[1.548s] -- Up-to-date: /home/ranger/ROV-project/ROV-project/Raspberry Pi/ros2-ws/install/ranger_interfaces/lib/python3.12/site-packages/ranger_interfaces/msg/_waypoint_location.py
[1.548s] -- Up-to-date: /home/ranger/ROV-project/ROV-project/Raspberry Pi/ros2-ws/install/ranger_interfaces/lib/python3.12/site-packages/ranger_interfaces/msg/_imu_gyro_s.c
[1.548s] -- Up-to-date: /home/ranger/ROV-project/ROV-project/Raspberry Pi/ros2-ws/install/ranger_interfaces/lib/python3.12/site-packages/ranger_interfaces/msg/_movement_vector.py
[1.549s] -- Up-to-date: /home/ranger/ROV-project/ROV-project/Raspberry Pi/ros2-ws/install/ranger_interfaces/lib/python3.12/site-packages/ranger_interfaces/msg/_obstacle_location_s.c
[1.549s] -- Up-to-date: /home/ranger/ROV-project/ROV-project/Raspberry Pi/ros2-ws/install/ranger_interfaces/lib/python3.12/site-packages/ranger_interfaces/msg/_imu_accel_s.c
[1.549s] -- Up-to-date: /home/ranger/ROV-project/ROV-project/Raspberry Pi/ros2-ws/install/ranger_interfaces/lib/python3.12/site-packages/ranger_interfaces/msg/_waypoint_distance.py
[1.549s] -- Up-to-date: /home/ranger/ROV-project/ROV-project/Raspberry Pi/ros2-ws/install/ranger_interfaces/lib/python3.12/site-packages/ranger_interfaces/msg/_waypoint_distance_s.c
[1.549s] -- Up-to-date: /home/ranger/ROV-project/ROV-project/Raspberry Pi/ros2-ws/install/ranger_interfaces/lib/python3.12/site-packages/ranger_interfaces/msg/_imu_accel.py
[1.550s] -- Up-to-date: /home/ranger/ROV-project/ROV-project/Raspberry Pi/ros2-ws/install/ranger_interfaces/lib/python3.12/site-packages/ranger_interfaces/msg/__init__.py
[1.550s] -- Up-to-date: /home/ranger/ROV-project/ROV-project/Raspberry Pi/ros2-ws/install/ranger_interfaces/lib/python3.12/site-packages/ranger_interfaces/msg/_thruster_throttle_s.c
[1.551s] -- Up-to-date: /home/ranger/ROV-project/ROV-project/Raspberry Pi/ros2-ws/install/ranger_interfaces/lib/python3.12/site-packages/ranger_interfaces/msg/_imu_magnet_s.c
[1.551s] -- Up-to-date: /home/ranger/ROV-project/ROV-project/Raspberry Pi/ros2-ws/install/ranger_interfaces/lib/python3.12/site-packages/ranger_interfaces/msg/_movement_vector_s.c
[1.551s] -- Up-to-date: /home/ranger/ROV-project/ROV-project/Raspberry Pi/ros2-ws/install/ranger_interfaces/lib/python3.12/site-packages/ranger_interfaces/msg/_vehicle_transform.py
[1.551s] -- Up-to-date: /home/ranger/ROV-project/ROV-project/Raspberry Pi/ros2-ws/install/ranger_interfaces/lib/python3.12/site-packages/ranger_interfaces/msg/_ultrasonic_distance.py
[1.551s] -- Up-to-date: /home/ranger/ROV-project/ROV-project/Raspberry Pi/ros2-ws/install/ranger_interfaces/lib/python3.12/site-packages/ranger_interfaces/msg/_ultrasonic_distance_s.c
[1.551s] -- Up-to-date: /home/ranger/ROV-project/ROV-project/Raspberry Pi/ros2-ws/install/ranger_interfaces/lib/python3.12/site-packages/ranger_interfaces/msg/_thruster_throttle.py
[1.551s] -- Up-to-date: /home/ranger/ROV-project/ROV-project/Raspberry Pi/ros2-ws/install/ranger_interfaces/lib/python3.12/site-packages/ranger_interfaces/msg/_vehicle_transform_s.c
[1.551s] -- Up-to-date: /home/ranger/ROV-project/ROV-project/Raspberry Pi/ros2-ws/install/ranger_interfaces/lib/python3.12/site-packages/ranger_interfaces/msg/_waypoint_location_s.c
[1.552s] -- Up-to-date: /home/ranger/ROV-project/ROV-project/Raspberry Pi/ros2-ws/install/ranger_interfaces/lib/python3.12/site-packages/ranger_interfaces/msg/_obstacle_location.py
[1.552s] -- Up-to-date: /home/ranger/ROV-project/ROV-project/Raspberry Pi/ros2-ws/install/ranger_interfaces/lib/python3.12/site-packages/ranger_interfaces/msg/_imu_gyro.py
[1.552s] -- Up-to-date: /home/ranger/ROV-project/ROV-project/Raspberry Pi/ros2-ws/install/ranger_interfaces/lib/python3.12/site-packages/ranger_interfaces/_ranger_interfaces_s.ep.rosidl_typesupport_c.c
[1.582s] Listing '/home/ranger/ROV-project/ROV-project/Raspberry Pi/ros2-ws/install/ranger_interfaces/lib/python3.12/site-packages/ranger_interfaces'...
[1.582s] Listing '/home/ranger/ROV-project/ROV-project/Raspberry Pi/ros2-ws/install/ranger_interfaces/lib/python3.12/site-packages/ranger_interfaces/msg'...
[1.596s] -- Up-to-date: /home/ranger/ROV-project/ROV-project/Raspberry Pi/ros2-ws/install/ranger_interfaces/lib/python3.12/site-packages/ranger_interfaces/ranger_interfaces_s__rosidl_typesupport_fastrtps_c.so
[1.597s] -- Up-to-date: /home/ranger/ROV-project/ROV-project/Raspberry Pi/ros2-ws/install/ranger_interfaces/lib/python3.12/site-packages/ranger_interfaces/ranger_interfaces_s__rosidl_typesupport_introspection_c.so
[1.597s] -- Up-to-date: /home/ranger/ROV-project/ROV-project/Raspberry Pi/ros2-ws/install/ranger_interfaces/lib/python3.12/site-packages/ranger_interfaces/ranger_interfaces_s__rosidl_typesupport_c.so
[1.598s] -- Up-to-date: /home/ranger/ROV-project/ROV-project/Raspberry Pi/ros2-ws/install/ranger_interfaces/lib/libranger_interfaces__rosidl_generator_py.so
[1.599s] -- Up-to-date: /home/ranger/ROV-project/ROV-project/Raspberry Pi/ros2-ws/install/ranger_interfaces/share/ranger_interfaces/msg/ThrusterThrottle.idl
[1.599s] -- Up-to-date: /home/ranger/ROV-project/ROV-project/Raspberry Pi/ros2-ws/install/ranger_interfaces/share/ranger_interfaces/msg/IMUAccel.idl
[1.603s] -- Up-to-date: /home/ranger/ROV-project/ROV-project/Raspberry Pi/ros2-ws/install/ranger_interfaces/share/ranger_interfaces/msg/IMUGyro.idl
[1.603s] -- Up-to-date: /home/ranger/ROV-project/ROV-project/Raspberry Pi/ros2-ws/install/ranger_interfaces/share/ranger_interfaces/msg/IMUMagnet.idl
[1.603s] -- Up-to-date: /home/ranger/ROV-project/ROV-project/Raspberry Pi/ros2-ws/install/ranger_interfaces/share/ranger_interfaces/msg/UltrasonicDistance.idl
[1.603s] -- Up-to-date: /home/ranger/ROV-project/ROV-project/Raspberry Pi/ros2-ws/install/ranger_interfaces/share/ranger_interfaces/msg/VehicleTransform.idl
[1.604s] -- Up-to-date: /home/ranger/ROV-project/ROV-project/Raspberry Pi/ros2-ws/install/ranger_interfaces/share/ranger_interfaces/msg/WaypointLocation.idl
[1.604s] -- Up-to-date: /home/ranger/ROV-project/ROV-project/Raspberry Pi/ros2-ws/install/ranger_interfaces/share/ranger_interfaces/msg/WaypointDistance.idl
[1.604s] -- Up-to-date: /home/ranger/ROV-project/ROV-project/Raspberry Pi/ros2-ws/install/ranger_interfaces/share/ranger_interfaces/msg/ObstacleLocation.idl
[1.604s] -- Up-to-date: /home/ranger/ROV-project/ROV-project/Raspberry Pi/ros2-ws/install/ranger_interfaces/share/ranger_interfaces/msg/MovementVector.idl
[1.604s] -- Up-to-date: /home/ranger/ROV-project/ROV-project/Raspberry Pi/ros2-ws/install/ranger_interfaces/share/ranger_interfaces/msg/ThrusterThrottle.msg
[1.605s] -- Up-to-date: /home/ranger/ROV-project/ROV-project/Raspberry Pi/ros2-ws/install/ranger_interfaces/share/ranger_interfaces/msg/IMUAccel.msg
[1.605s] -- Up-to-date: /home/ranger/ROV-project/ROV-project/Raspberry Pi/ros2-ws/install/ranger_interfaces/share/ranger_interfaces/msg/IMUGyro.msg
[1.605s] -- Up-to-date: /home/ranger/ROV-project/ROV-project/Raspberry Pi/ros2-ws/install/ranger_interfaces/share/ranger_interfaces/msg/IMUMagnet.msg
[1.609s] -- Up-to-date: /home/ranger/ROV-project/ROV-project/Raspberry Pi/ros2-ws/install/ranger_interfaces/share/ranger_interfaces/msg/UltrasonicDistance.msg
[1.609s] -- Up-to-date: /home/ranger/ROV-project/ROV-project/Raspberry Pi/ros2-ws/install/ranger_interfaces/share/ranger_interfaces/msg/VehicleTransform.msg
[1.609s] -- Up-to-date: /home/ranger/ROV-project/ROV-project/Raspberry Pi/ros2-ws/install/ranger_interfaces/share/ranger_interfaces/msg/WaypointLocation.msg
[1.609s] -- Up-to-date: /home/ranger/ROV-project/ROV-project/Raspberry Pi/ros2-ws/install/ranger_interfaces/share/ranger_interfaces/msg/WaypointDistance.msg
[1.609s] -- Up-to-date: /home/ranger/ROV-project/ROV-project/Raspberry Pi/ros2-ws/install/ranger_interfaces/share/ranger_interfaces/msg/ObstacleLocation.msg
[1.610s] -- Up-to-date: /home/ranger/ROV-project/ROV-project/Raspberry Pi/ros2-ws/install/ranger_interfaces/share/ranger_interfaces/msg/MovementVector.msg
[1.610s] -- Up-to-date: /home/ranger/ROV-project/ROV-project/Raspberry Pi/ros2-ws/install/ranger_interfaces/share/ament_index/resource_index/package_run_dependencies/ranger_interfaces
[1.610s] -- Up-to-date: /home/ranger/ROV-project/ROV-project/Raspberry Pi/ros2-ws/install/ranger_interfaces/share/ament_index/resource_index/parent_prefix_path/ranger_interfaces
[1.610s] -- Up-to-date: /home/ranger/ROV-project/ROV-project/Raspberry Pi/ros2-ws/install/ranger_interfaces/share/ranger_interfaces/environment/ament_prefix_path.sh
[1.610s] -- Up-to-date: /home/ranger/ROV-project/ROV-project/Raspberry Pi/ros2-ws/install/ranger_interfaces/share/ranger_interfaces/environment/ament_prefix_path.dsv
[1.610s] -- Up-to-date: /home/ranger/ROV-project/ROV-project/Raspberry Pi/ros2-ws/install/ranger_interfaces/share/ranger_interfaces/environment/path.sh
[1.610s] -- Up-to-date: /home/ranger/ROV-project/ROV-project/Raspberry Pi/ros2-ws/install/ranger_interfaces/share/ranger_interfaces/environment/path.dsv
[1.611s] -- Up-to-date: /home/ranger/ROV-project/ROV-project/Raspberry Pi/ros2-ws/install/ranger_interfaces/share/ranger_interfaces/local_setup.bash
[1.611s] -- Up-to-date: /home/ranger/ROV-project/ROV-project/Raspberry Pi/ros2-ws/install/ranger_interfaces/share/ranger_interfaces/local_setup.sh
[1.615s] -- Up-to-date: /home/ranger/ROV-project/ROV-project/Raspberry Pi/ros2-ws/install/ranger_interfaces/share/ranger_interfaces/local_setup.zsh
[1.615s] -- Up-to-date: /home/ranger/ROV-project/ROV-project/Raspberry Pi/ros2-ws/install/ranger_interfaces/share/ranger_interfaces/local_setup.dsv
[1.615s] -- Installing: /home/ranger/ROV-project/ROV-project/Raspberry Pi/ros2-ws/install/ranger_interfaces/share/ranger_interfaces/package.dsv
[1.615s] -- Up-to-date: /home/ranger/ROV-project/ROV-project/Raspberry Pi/ros2-ws/install/ranger_interfaces/share/ament_index/resource_index/packages/ranger_interfaces
[1.615s] -- Up-to-date: /home/ranger/ROV-project/ROV-project/Raspberry Pi/ros2-ws/install/ranger_interfaces/share/ranger_interfaces/cmake/export_ranger_interfaces__rosidl_generator_cExport.cmake
[1.616s] -- Up-to-date: /home/ranger/ROV-project/ROV-project/Raspberry Pi/ros2-ws/install/ranger_interfaces/share/ranger_interfaces/cmake/export_ranger_interfaces__rosidl_generator_cExport-noconfig.cmake
[1.616s] -- Up-to-date: /home/ranger/ROV-project/ROV-project/Raspberry Pi/ros2-ws/install/ranger_interfaces/share/ranger_interfaces/cmake/export_ranger_interfaces__rosidl_typesupport_fastrtps_cExport.cmake
[1.616s] -- Up-to-date: /home/ranger/ROV-project/ROV-project/Raspberry Pi/ros2-ws/install/ranger_interfaces/share/ranger_interfaces/cmake/export_ranger_interfaces__rosidl_typesupport_fastrtps_cExport-noconfig.cmake
[1.618s] -- Up-to-date: /home/ranger/ROV-project/ROV-project/Raspberry Pi/ros2-ws/install/ranger_interfaces/share/ranger_interfaces/cmake/ranger_interfaces__rosidl_typesupport_introspection_cExport.cmake
[1.618s] -- Up-to-date: /home/ranger/ROV-project/ROV-project/Raspberry Pi/ros2-ws/install/ranger_interfaces/share/ranger_interfaces/cmake/ranger_interfaces__rosidl_typesupport_introspection_cExport-noconfig.cmake
[1.618s] -- Up-to-date: /home/ranger/ROV-project/ROV-project/Raspberry Pi/ros2-ws/install/ranger_interfaces/share/ranger_interfaces/cmake/ranger_interfaces__rosidl_typesupport_cExport.cmake
[1.619s] -- Up-to-date: /home/ranger/ROV-project/ROV-project/Raspberry Pi/ros2-ws/install/ranger_interfaces/share/ranger_interfaces/cmake/ranger_interfaces__rosidl_typesupport_cExport-noconfig.cmake
[1.619s] -- Up-to-date: /home/ranger/ROV-project/ROV-project/Raspberry Pi/ros2-ws/install/ranger_interfaces/share/ranger_interfaces/cmake/export_ranger_interfaces__rosidl_generator_cppExport.cmake
[1.619s] -- Up-to-date: /home/ranger/ROV-project/ROV-project/Raspberry Pi/ros2-ws/install/ranger_interfaces/share/ranger_interfaces/cmake/export_ranger_interfaces__rosidl_typesupport_fastrtps_cppExport.cmake
[1.621s] -- Up-to-date: /home/ranger/ROV-project/ROV-project/Raspberry Pi/ros2-ws/install/ranger_interfaces/share/ranger_interfaces/cmake/export_ranger_interfaces__rosidl_typesupport_fastrtps_cppExport-noconfig.cmake
[1.621s] -- Up-to-date: /home/ranger/ROV-project/ROV-project/Raspberry Pi/ros2-ws/install/ranger_interfaces/share/ranger_interfaces/cmake/ranger_interfaces__rosidl_typesupport_introspection_cppExport.cmake
[1.621s] -- Up-to-date: /home/ranger/ROV-project/ROV-project/Raspberry Pi/ros2-ws/install/ranger_interfaces/share/ranger_interfaces/cmake/ranger_interfaces__rosidl_typesupport_introspection_cppExport-noconfig.cmake
[1.621s] -- Up-to-date: /home/ranger/ROV-project/ROV-project/Raspberry Pi/ros2-ws/install/ranger_interfaces/share/ranger_interfaces/cmake/ranger_interfaces__rosidl_typesupport_cppExport.cmake
[1.621s] -- Up-to-date: /home/ranger/ROV-project/ROV-project/Raspberry Pi/ros2-ws/install/ranger_interfaces/share/ranger_interfaces/cmake/ranger_interfaces__rosidl_typesupport_cppExport-noconfig.cmake
[1.621s] -- Up-to-date: /home/ranger/ROV-project/ROV-project/Raspberry Pi/ros2-ws/install/ranger_interfaces/share/ranger_interfaces/cmake/export_ranger_interfaces__rosidl_generator_pyExport.cmake
[1.623s] -- Up-to-date: /home/ranger/ROV-project/ROV-project/Raspberry Pi/ros2-ws/install/ranger_interfaces/share/ranger_interfaces/cmake/export_ranger_interfaces__rosidl_generator_pyExport-noconfig.cmake
[1.623s] -- Up-to-date: /home/ranger/ROV-project/ROV-project/Raspberry Pi/ros2-ws/install/ranger_interfaces/share/ranger_interfaces/cmake/rosidl_cmake-extras.cmake
[1.623s] -- Up-to-date: /home/ranger/ROV-project/ROV-project/Raspberry Pi/ros2-ws/install/ranger_interfaces/share/ranger_interfaces/cmake/ament_cmake_export_include_directories-extras.cmake
[1.624s] -- Up-to-date: /home/ranger/ROV-project/ROV-project/Raspberry Pi/ros2-ws/install/ranger_interfaces/share/ranger_interfaces/cmake/ament_cmake_export_libraries-extras.cmake
[1.626s] -- Up-to-date: /home/ranger/ROV-project/ROV-project/Raspberry Pi/ros2-ws/install/ranger_interfaces/share/ranger_interfaces/cmake/ament_cmake_export_targets-extras.cmake
[1.627s] -- Up-to-date: /home/ranger/ROV-project/ROV-project/Raspberry Pi/ros2-ws/install/ranger_interfaces/share/ranger_interfaces/cmake/rosidl_cmake_export_typesupport_targets-extras.cmake
[1.628s] -- Up-to-date: /home/ranger/ROV-project/ROV-project/Raspberry Pi/ros2-ws/install/ranger_interfaces/share/ranger_interfaces/cmake/ament_cmake_export_dependencies-extras.cmake
[1.628s] -- Up-to-date: /home/ranger/ROV-project/ROV-project/Raspberry Pi/ros2-ws/install/ranger_interfaces/share/ranger_interfaces/cmake/rosidl_cmake_export_typesupport_libraries-extras.cmake
[1.629s] -- Up-to-date: /home/ranger/ROV-project/ROV-project/Raspberry Pi/ros2-ws/install/ranger_interfaces/share/ranger_interfaces/cmake/ranger_interfacesConfig.cmake
[1.630s] -- Up-to-date: /home/ranger/ROV-project/ROV-project/Raspberry Pi/ros2-ws/install/ranger_interfaces/share/ranger_interfaces/cmake/ranger_interfacesConfig-version.cmake
[1.630s] -- Up-to-date: /home/ranger/ROV-project/ROV-project/Raspberry Pi/ros2-ws/install/ranger_interfaces/share/ranger_interfaces/package.xml
[1.639s] Invoked command in '/home/ranger/ROV-project/ROV-project/Raspberry Pi/ros2-ws/build/ranger_interfaces' returned '0': CMAKE_PREFIX_PATH=${CMAKE_PREFIX_PATH}:/home/ranger/ROV-project/ROV-project/Raspberry Pi/ros2-ws/install/ranger_auto:/opt/ros/kilted DEBUGINFOD_URLS=https://debuginfod.ubuntu.com /usr/bin/cmake --install /home/ranger/ROV-project/ROV-project/Raspberry Pi/ros2-ws/build/ranger_interfaces
