[0.013s] Invoking command in '/home/ranger/ROV-project/ROV-project/Raspberry Pi/ros2-ws/build/ranger_interfaces': CMAKE_PREFIX_PATH=${CMAKE_PREFIX_PATH}:/opt/ros/kilted DEBUGINFOD_URLS=https://debuginfod.ubuntu.com /usr/bin/cmake /home/ranger/ROV-project/ROV-project/Raspberry Pi/ros2-ws/src/ranger_interfaces -DCMAKE_INSTALL_PREFIX=/home/ranger/ROV-project/ROV-project/Raspberry Pi/ros2-ws/install/ranger_interfaces
[0.368s] -- The C compiler identification is GNU 13.3.0
[0.659s] -- The CXX compiler identification is GNU 13.3.0
[0.701s] -- Detecting C compiler ABI info
[0.901s] -- Detecting C compiler ABI info - done
[0.918s] -- Check for working C compiler: /usr/bin/cc - skipped
[0.918s] -- Detecting C compile features
[0.920s] -- Detecting C compile features - done
[0.940s] -- Detecting CXX compiler ABI info
[1.142s] -- Detecting CXX compiler ABI info - done
[1.158s] -- Check for working CXX compiler: /usr/bin/c++ - skipped
[1.159s] -- Detecting CXX compile features
[1.159s] -- Detecting CXX compile features - done
[1.170s] -- Found ament_cmake: 2.7.3 (/opt/ros/kilted/share/ament_cmake/cmake)
[1.425s] -- Found Python3: /usr/bin/python3 (found version "3.12.3") found components: Interpreter 
[1.654s] -- Found rosidl_default_generators: 1.7.1 (/opt/ros/kilted/share/rosidl_default_generators/cmake)
[1.670s] -- Using all available rosidl_typesupport_c: rosidl_typesupport_fastrtps_c;rosidl_typesupport_introspection_c
[1.786s] -- Using all available rosidl_typesupport_cpp: rosidl_typesupport_fastrtps_cpp;rosidl_typesupport_introspection_cpp
[1.889s] -- Found rosidl_adapter: 4.9.4 (/opt/ros/kilted/share/rosidl_adapter/cmake)
[2.374s] [31mCMake Error at /opt/ros/kilted/share/rosidl_adapter/cmake/rosidl_adapt_interfaces.cmake:57 (message):
[2.374s]   execute_process(/usr/bin/python3 -m rosidl_adapter --package-name
[2.374s]   ranger_interfaces --arguments-file
[2.374s]   /home/ranger/ROV-project/ROV-project/Raspberry
[2.374s]   Pi/ros2-ws/build/ranger_interfaces/rosidl_adapter__arguments__ranger_interfaces.json
[2.374s]   --output-dir /home/ranger/ROV-project/ROV-project/Raspberry
[2.374s]   Pi/ros2-ws/build/ranger_interfaces/rosidl_adapter/ranger_interfaces
[2.375s]   --output-file /home/ranger/ROV-project/ROV-project/Raspberry
[2.375s]   Pi/ros2-ws/build/ranger_interfaces/rosidl_adapter/ranger_interfaces.idls)
[2.375s]   returned error code 1:
[2.375s] 
[2.375s]   Traceback (most recent call last):
[2.375s] 
[2.375s]     File "<frozen runpy>", line 198, in _run_module_as_main
[2.375s]     File "<frozen runpy>", line 88, in _run_code
[2.375s]     File "/opt/ros/kilted/lib/python3.12/site-packages/rosidl_adapter/__main__.py", line 19, in <module>
[2.375s]       main()
[2.376s]     File "/opt/ros/kilted/lib/python3.12/site-packages/rosidl_adapter/main.py", line 54, in main
[2.376s]       abs_idl_file = convert_to_idl(
[2.376s]                      ^^^^^^^^^^^^^^^
[2.376s]     File "/opt/ros/kilted/lib/python3.12/site-packages/rosidl_adapter/__init__.py", line 22, in convert_to_idl
[2.376s]       return convert_msg_to_idl(
[2.376s]              ^^^^^^^^^^^^^^^^^^^
[2.376s]     File "/opt/ros/kilted/lib/python3.12/site-packages/rosidl_adapter/msg/__init__.py", line 32, in convert_msg_to_idl
[2.376s]       msg = parse_message_string(package_name, input_file.stem, content)
[2.376s]             ^^^^^^^^^^^^^^^^^^^^^^^^^^^^^^^^^^^^^^^^^^^^^^^^^^^^^^^^^^^^
[2.376s]     File "/opt/ros/kilted/lib/python3.12/site-packages/rosidl_adapter/parser.py", line 563, in parse_message_string
[2.376s]       msg = MessageSpecification(pkg_name, msg_name, fields, constants)
[2.376s]             ^^^^^^^^^^^^^^^^^^^^^^^^^^^^^^^^^^^^^^^^^^^^^^^^^^^^^^^^^^^
[2.377s]     File "/opt/ros/kilted/lib/python3.12/site-packages/rosidl_adapter/parser.py", line 406, in __init__
[2.377s]       self.base_type = BaseType(
[2.377s]                        ^^^^^^^^^
[2.377s]     File "/opt/ros/kilted/lib/python3.12/site-packages/rosidl_adapter/parser.py", line 221, in __init__
[2.377s]       raise InvalidResourceName(
[2.377s] 
[2.377s]   rosidl_adapter.parser.InvalidResourceName: 'Thruster-Throttle' is an
[2.377s]   invalid message name.  It should have the pattern '^[A-Z][A-Za-z0-9]*$'
[2.377s] 
[2.377s] Call Stack (most recent call first):
[2.377s]   /opt/ros/kilted/share/rosidl_cmake/cmake/rosidl_generate_interfaces.cmake:132 (rosidl_adapt_interfaces)
[2.377s]   CMakeLists.txt:14 (rosidl_generate_interfaces)
[2.378s] 
[2.378s] [0m
[2.378s] -- Configuring incomplete, errors occurred!
[2.389s] Invoked command in '/home/ranger/ROV-project/ROV-project/Raspberry Pi/ros2-ws/build/ranger_interfaces' returned '1': CMAKE_PREFIX_PATH=${CMAKE_PREFIX_PATH}:/opt/ros/kilted DEBUGINFOD_URLS=https://debuginfod.ubuntu.com /usr/bin/cmake /home/ranger/ROV-project/ROV-project/Raspberry Pi/ros2-ws/src/ranger_interfaces -DCMAKE_INSTALL_PREFIX=/home/ranger/ROV-project/ROV-project/Raspberry Pi/ros2-ws/install/ranger_interfaces
