-- Found ament_cmake: 2.7.3 (/opt/ros/kilted/share/ament_cmake/cmake)
-- Found Python3: /usr/bin/python3 (found version "3.12.3") found components: Interpreter 
-- Found rosidl_default_generators: 1.7.1 (/opt/ros/kilted/share/rosidl_default_generators/cmake)
-- Using all available rosidl_typesupport_c: rosidl_typesupport_fastrtps_c;rosidl_typesupport_introspection_c
-- Using all available rosidl_typesupport_cpp: rosidl_typesupport_fastrtps_cpp;rosidl_typesupport_introspection_cpp
-- Found rosidl_adapter: 4.9.4 (/opt/ros/kilted/share/rosidl_adapter/cmake)
-- Found ament_cmake_ros_core: 0.14.3 (/opt/ros/kilted/share/ament_cmake_ros_core/cmake)
-- Using all available rosidl_typesupport_c: rosidl_typesupport_fastrtps_c;rosidl_typesupport_introspection_c
-- Using all available rosidl_typesupport_cpp: rosidl_typesupport_fastrtps_cpp;rosidl_typesupport_introspection_cpp
-- Found Python3: /usr/bin/python3 (found version "3.12.3") found components: Interpreter Development NumPy Development.Module Development.Embed 
-- Found ament_lint_auto: 0.19.2 (/opt/ros/kilted/share/ament_lint_auto/cmake)
-- Added test 'lint_cmake' to check CMake code style
-- Added test 'xmllint' to check XML markup files
-- Configuring done (2.4s)
-- Generating done (0.2s)
-- Build files have been written to: /home/ranger/ROV-project/ROV-project/Raspberry Pi/ros2-ws/build/ranger_interfaces
[  1%] [34m[1mGenerating type hashes for ROS interfaces[0m
[  1%] Built target ament_cmake_python_copy_ranger_interfaces
running egg_info
writing ranger_interfaces.egg-info/PKG-INFO
writing dependency_links to ranger_interfaces.egg-info/dependency_links.txt
writing top-level names to ranger_interfaces.egg-info/top_level.txt
reading manifest file 'ranger_interfaces.egg-info/SOURCES.txt'
writing manifest file 'ranger_interfaces.egg-info/SOURCES.txt'
[  1%] Built target ament_cmake_python_build_ranger_interfaces_egg
Traceback (most recent call last):
  File "/opt/ros/kilted/lib/rosidl_generator_type_description/rosidl_generator_type_description", line 50, in <module>
    sys.exit(main())
             ^^^^^^
  File "/opt/ros/kilted/lib/rosidl_generator_type_description/rosidl_generator_type_description", line 46, in main
    generate_type_hash(args.generator_arguments_file)
  File "/opt/ros/kilted/lib/python3.12/site-packages/rosidl_generator_type_description/__init__.py", line 183, in generate_type_hash
    hash_lookup[type_name] = calculate_type_hash(full_type_description)
                             ^^^^^^^^^^^^^^^^^^^^^^^^^^^^^^^^^^^^^^^^^^
  File "/opt/ros/kilted/lib/python3.12/site-packages/rosidl_generator_type_description/__init__.py", line 474, in calculate_type_hash
    del field['default_value']
        ~~~~~^^^^^^^^^^^^^^^^^
KeyError: 'default_value'
gmake[2]: *** [CMakeFiles/ranger_interfaces__rosidl_generator_type_description.dir/build.make:95: rosidl_generator_type_description/ranger_interfaces/msg/ThrusterThrottle.json] Error 1
gmake[1]: *** [CMakeFiles/Makefile2:215: CMakeFiles/ranger_interfaces__rosidl_generator_type_description.dir/all] Error 2
gmake: *** [Makefile:146: all] Error 2
