[1.185s] Invoking command in '/home/ranger/ROV-project/ROV-project/Raspberry Pi/ros2-ws/src/ranger_auto': DEBUGINFOD_URLS=https://debuginfod.ubuntu.com PYTHONPATH=/home/ranger/ROV-project/ROV-project/Raspberry Pi/ros2-ws/build/ranger_auto/prefix_override:/usr/lib/python3/dist-packages/colcon_core/task/python/colcon_distutils_commands:/home/ranger/ROV-project/ROV-project/Raspberry Pi/ros2-ws/install/ranger_auto/lib/python3.12/site-packages:${PYTHONPATH} /usr/bin/python3 -W ignore:setup.py install is deprecated -W ignore:easy_install command is deprecated setup.py egg_info --egg-base ../../build/ranger_auto build --build-base /home/ranger/ROV-project/ROV-project/Raspberry Pi/ros2-ws/build/ranger_auto/build install --record /home/ranger/ROV-project/ROV-project/Raspberry Pi/ros2-ws/build/ranger_auto/install.log --single-version-externally-managed install_data
[1.562s] running egg_info
[1.587s] writing ../../build/ranger_auto/ranger_auto.egg-info/PKG-INFO
[1.588s] writing dependency_links to ../../build/ranger_auto/ranger_auto.egg-info/dependency_links.txt
[1.589s] writing entry points to ../../build/ranger_auto/ranger_auto.egg-info/entry_points.txt
[1.589s] writing requirements to ../../build/ranger_auto/ranger_auto.egg-info/requires.txt
[1.590s] writing top-level names to ../../build/ranger_auto/ranger_auto.egg-info/top_level.txt
[1.644s] reading manifest file '../../build/ranger_auto/ranger_auto.egg-info/SOURCES.txt'
[1.644s] adding license file 'LICENSE'
[1.645s] writing manifest file '../../build/ranger_auto/ranger_auto.egg-info/SOURCES.txt'
[1.646s] running build
[1.646s] running build_py
[1.646s] copying ranger_auto/test_move.py -> /home/ranger/ROV-project/ROV-project/Raspberry Pi/ros2-ws/build/ranger_auto/build/lib/ranger_auto
[1.647s] running install
[1.656s] running install_lib
[1.683s] copying /home/ranger/ROV-project/ROV-project/Raspberry Pi/ros2-ws/build/ranger_auto/build/lib/ranger_auto/test_move.py -> /home/ranger/ROV-project/ROV-project/Raspberry Pi/ros2-ws/install/ranger_auto/lib/python3.12/site-packages/ranger_auto
[1.684s] byte-compiling /home/ranger/ROV-project/ROV-project/Raspberry Pi/ros2-ws/install/ranger_auto/lib/python3.12/site-packages/ranger_auto/test_move.py to test_move.cpython-312.pyc
[1.686s] running install_data
[1.686s] running install_egg_info
[1.714s] removing '/home/ranger/ROV-project/ROV-project/Raspberry Pi/ros2-ws/install/ranger_auto/lib/python3.12/site-packages/ranger_auto-0.0.0-py3.12.egg-info' (and everything under it)
[1.714s] Copying ../../build/ranger_auto/ranger_auto.egg-info to /home/ranger/ROV-project/ROV-project/Raspberry Pi/ros2-ws/install/ranger_auto/lib/python3.12/site-packages/ranger_auto-0.0.0-py3.12.egg-info
[1.715s] running install_scripts
[1.901s] Installing debuglisten script to /home/ranger/ROV-project/ROV-project/Raspberry Pi/ros2-ws/install/ranger_auto/lib/ranger_auto
[1.901s] Installing pathfinder script to /home/ranger/ROV-project/ROV-project/Raspberry Pi/ros2-ws/install/ranger_auto/lib/ranger_auto
[1.902s] Installing serialcom script to /home/ranger/ROV-project/ROV-project/Raspberry Pi/ros2-ws/install/ranger_auto/lib/ranger_auto
[1.903s] Installing testdrive script to /home/ranger/ROV-project/ROV-project/Raspberry Pi/ros2-ws/install/ranger_auto/lib/ranger_auto
[1.904s] Installing throttleresolve script to /home/ranger/ROV-project/ROV-project/Raspberry Pi/ros2-ws/install/ranger_auto/lib/ranger_auto
[1.906s] writing list of installed files to '/home/ranger/ROV-project/ROV-project/Raspberry Pi/ros2-ws/build/ranger_auto/install.log'
[1.988s] Invoked command in '/home/ranger/ROV-project/ROV-project/Raspberry Pi/ros2-ws/src/ranger_auto' returned '0': DEBUGINFOD_URLS=https://debuginfod.ubuntu.com PYTHONPATH=/home/ranger/ROV-project/ROV-project/Raspberry Pi/ros2-ws/build/ranger_auto/prefix_override:/usr/lib/python3/dist-packages/colcon_core/task/python/colcon_distutils_commands:/home/ranger/ROV-project/ROV-project/Raspberry Pi/ros2-ws/install/ranger_auto/lib/python3.12/site-packages:${PYTHONPATH} /usr/bin/python3 -W ignore:setup.py install is deprecated -W ignore:easy_install command is deprecated setup.py egg_info --egg-base ../../build/ranger_auto build --build-base /home/ranger/ROV-project/ROV-project/Raspberry Pi/ros2-ws/build/ranger_auto/build install --record /home/ranger/ROV-project/ROV-project/Raspberry Pi/ros2-ws/build/ranger_auto/install.log --single-version-externally-managed install_data
