[0.142s] DEBUG:colcon:Command line arguments: ['/usr/bin/colcon', 'build']
[0.142s] DEBUG:colcon:Parsed command line arguments: Namespace(log_base=None, log_level=None, verb_name='build', build_base='build', install_base='install', merge_install=False, symlink_install=False, test_result_base=None, continue_on_error=False, executor='parallel', parallel_workers=4, event_handlers=None, ignore_user_meta=False, metas=['./colcon.meta'], base_paths=['.'], packages_ignore=None, packages_ignore_regex=None, paths=None, packages_up_to=None, packages_up_to_regex=None, packages_above=None, packages_above_and_dependencies=None, packages_above_depth=None, packages_select_by_dep=None, packages_skip_by_dep=None, packages_skip_up_to=None, packages_select_build_failed=False, packages_skip_build_finished=False, packages_select_test_failures=False, packages_skip_test_passed=False, packages_select=None, packages_skip=None, packages_select_regex=None, packages_skip_regex=None, packages_start=None, packages_end=None, allow_overriding=[], cmake_args=None, cmake_target=None, cmake_target_skip_unavailable=False, cmake_clean_cache=False, cmake_clean_first=False, cmake_force_configure=False, ament_cmake_args=None, catkin_cmake_args=None, catkin_skip_building_tests=False, verb_parser=<colcon_defaults.argument_parser.defaults.DefaultArgumentsDecorator object at 0xffff87171c70>, verb_extension=<colcon_core.verb.build.BuildVerb object at 0xffff8732e6f0>, main=<bound method BuildVerb.main of <colcon_core.verb.build.BuildVerb object at 0xffff8732e6f0>>)
[0.198s] Level 1:colcon.colcon_core.package_discovery:discover_packages(colcon_meta) check parameters
[0.198s] Level 1:colcon.colcon_core.package_discovery:discover_packages(recursive) check parameters
[0.198s] Level 1:colcon.colcon_core.package_discovery:discover_packages(ignore) check parameters
[0.198s] Level 1:colcon.colcon_core.package_discovery:discover_packages(path) check parameters
[0.198s] Level 1:colcon.colcon_core.package_discovery:discover_packages(colcon_meta) discover
[0.198s] Level 1:colcon.colcon_core.package_discovery:discover_packages(recursive) discover
[0.198s] INFO:colcon.colcon_core.package_discovery:Crawling recursively for packages in '/home/ranger/ROV-project/ROV-project/Raspberry Pi/ros2-ws'
[0.198s] Level 1:colcon.colcon_core.package_identification:_identify(.) by extensions ['ignore', 'ignore_ament_install']
[0.198s] Level 1:colcon.colcon_core.package_identification:_identify(.) by extension 'ignore'
[0.198s] Level 1:colcon.colcon_core.package_identification:_identify(.) by extension 'ignore_ament_install'
[0.199s] Level 1:colcon.colcon_core.package_identification:_identify(.) by extensions ['colcon_pkg']
[0.199s] Level 1:colcon.colcon_core.package_identification:_identify(.) by extension 'colcon_pkg'
[0.199s] Level 1:colcon.colcon_core.package_identification:_identify(.) by extensions ['colcon_meta']
[0.199s] Level 1:colcon.colcon_core.package_identification:_identify(.) by extension 'colcon_meta'
[0.199s] Level 1:colcon.colcon_core.package_identification:_identify(.) by extensions ['ros']
[0.199s] Level 1:colcon.colcon_core.package_identification:_identify(.) by extension 'ros'
[0.235s] Level 1:colcon.colcon_core.package_identification:_identify(.) by extensions ['cmake', 'python']
[0.236s] Level 1:colcon.colcon_core.package_identification:_identify(.) by extension 'cmake'
[0.236s] Level 1:colcon.colcon_core.package_identification:_identify(.) by extension 'python'
[0.236s] Level 1:colcon.colcon_core.package_identification:_identify(.) by extensions ['python_setup_py']
[0.236s] Level 1:colcon.colcon_core.package_identification:_identify(.) by extension 'python_setup_py'
[0.236s] Level 1:colcon.colcon_core.package_identification:_identify(build) by extensions ['ignore', 'ignore_ament_install']
[0.236s] Level 1:colcon.colcon_core.package_identification:_identify(build) by extension 'ignore'
[0.236s] Level 1:colcon.colcon_core.package_identification:_identify(build) ignored
[0.236s] Level 1:colcon.colcon_core.package_identification:_identify(install) by extensions ['ignore', 'ignore_ament_install']
[0.237s] Level 1:colcon.colcon_core.package_identification:_identify(install) by extension 'ignore'
[0.237s] Level 1:colcon.colcon_core.package_identification:_identify(install) ignored
[0.237s] Level 1:colcon.colcon_core.package_identification:_identify(log) by extensions ['ignore', 'ignore_ament_install']
[0.237s] Level 1:colcon.colcon_core.package_identification:_identify(log) by extension 'ignore'
[0.237s] Level 1:colcon.colcon_core.package_identification:_identify(log) ignored
[0.237s] Level 1:colcon.colcon_core.package_identification:_identify(src) by extensions ['ignore', 'ignore_ament_install']
[0.237s] Level 1:colcon.colcon_core.package_identification:_identify(src) by extension 'ignore'
[0.237s] Level 1:colcon.colcon_core.package_identification:_identify(src) by extension 'ignore_ament_install'
[0.237s] Level 1:colcon.colcon_core.package_identification:_identify(src) by extensions ['colcon_pkg']
[0.237s] Level 1:colcon.colcon_core.package_identification:_identify(src) by extension 'colcon_pkg'
[0.237s] Level 1:colcon.colcon_core.package_identification:_identify(src) by extensions ['colcon_meta']
[0.237s] Level 1:colcon.colcon_core.package_identification:_identify(src) by extension 'colcon_meta'
[0.237s] Level 1:colcon.colcon_core.package_identification:_identify(src) by extensions ['ros']
[0.237s] Level 1:colcon.colcon_core.package_identification:_identify(src) by extension 'ros'
[0.238s] Level 1:colcon.colcon_core.package_identification:_identify(src) by extensions ['cmake', 'python']
[0.238s] Level 1:colcon.colcon_core.package_identification:_identify(src) by extension 'cmake'
[0.238s] Level 1:colcon.colcon_core.package_identification:_identify(src) by extension 'python'
[0.238s] Level 1:colcon.colcon_core.package_identification:_identify(src) by extensions ['python_setup_py']
[0.238s] Level 1:colcon.colcon_core.package_identification:_identify(src) by extension 'python_setup_py'
[0.238s] Level 1:colcon.colcon_core.package_identification:_identify(src/ranger_auto) by extensions ['ignore', 'ignore_ament_install']
[0.238s] Level 1:colcon.colcon_core.package_identification:_identify(src/ranger_auto) by extension 'ignore'
[0.238s] Level 1:colcon.colcon_core.package_identification:_identify(src/ranger_auto) by extension 'ignore_ament_install'
[0.238s] Level 1:colcon.colcon_core.package_identification:_identify(src/ranger_auto) by extensions ['colcon_pkg']
[0.238s] Level 1:colcon.colcon_core.package_identification:_identify(src/ranger_auto) by extension 'colcon_pkg'
[0.238s] Level 1:colcon.colcon_core.package_identification:_identify(src/ranger_auto) by extensions ['colcon_meta']
[0.238s] Level 1:colcon.colcon_core.package_identification:_identify(src/ranger_auto) by extension 'colcon_meta'
[0.238s] Level 1:colcon.colcon_core.package_identification:_identify(src/ranger_auto) by extensions ['ros']
[0.238s] Level 1:colcon.colcon_core.package_identification:_identify(src/ranger_auto) by extension 'ros'
[0.243s] DEBUG:colcon.colcon_core.package_identification:Package 'src/ranger_auto' with type 'ros.ament_python' and name 'ranger_auto'
[0.244s] Level 1:colcon.colcon_core.package_identification:_identify(src/ranger_interfaces) by extensions ['ignore', 'ignore_ament_install']
[0.244s] Level 1:colcon.colcon_core.package_identification:_identify(src/ranger_interfaces) by extension 'ignore'
[0.244s] Level 1:colcon.colcon_core.package_identification:_identify(src/ranger_interfaces) by extension 'ignore_ament_install'
[0.244s] Level 1:colcon.colcon_core.package_identification:_identify(src/ranger_interfaces) by extensions ['colcon_pkg']
[0.244s] Level 1:colcon.colcon_core.package_identification:_identify(src/ranger_interfaces) by extension 'colcon_pkg'
[0.244s] Level 1:colcon.colcon_core.package_identification:_identify(src/ranger_interfaces) by extensions ['colcon_meta']
[0.244s] Level 1:colcon.colcon_core.package_identification:_identify(src/ranger_interfaces) by extension 'colcon_meta'
[0.244s] Level 1:colcon.colcon_core.package_identification:_identify(src/ranger_interfaces) by extensions ['ros']
[0.244s] Level 1:colcon.colcon_core.package_identification:_identify(src/ranger_interfaces) by extension 'ros'
[0.245s] DEBUG:colcon.colcon_core.package_identification:Package 'src/ranger_interfaces' with type 'ros.ament_cmake' and name 'ranger_interfaces'
[0.245s] Level 1:colcon.colcon_core.package_discovery:discover_packages(recursive) using defaults
[0.245s] Level 1:colcon.colcon_core.package_discovery:discover_packages(ignore) discover
[0.245s] Level 1:colcon.colcon_core.package_discovery:discover_packages(ignore) using defaults
[0.245s] Level 1:colcon.colcon_core.package_discovery:discover_packages(path) discover
[0.245s] Level 1:colcon.colcon_core.package_discovery:discover_packages(path) using defaults
[0.268s] Level 1:colcon.colcon_core.package_discovery:discover_packages(prefix_path) check parameters
[0.269s] Level 1:colcon.colcon_core.package_discovery:discover_packages(prefix_path) discover
[0.271s] DEBUG:colcon.colcon_installed_package_information.package_discovery:Found 2 installed packages in /home/ranger/ROV-project/ROV-project/Raspberry Pi/ros2-ws/install
[0.273s] DEBUG:colcon.colcon_installed_package_information.package_discovery:Found 324 installed packages in /opt/ros/kilted
[0.274s] Level 1:colcon.colcon_core.package_discovery:discover_packages(prefix_path) using defaults
[0.342s] Level 5:colcon.colcon_core.verb:set package 'ranger_auto' build argument 'cmake_args' from command line to 'None'
[0.342s] Level 5:colcon.colcon_core.verb:set package 'ranger_auto' build argument 'cmake_target' from command line to 'None'
[0.342s] Level 5:colcon.colcon_core.verb:set package 'ranger_auto' build argument 'cmake_target_skip_unavailable' from command line to 'False'
[0.342s] Level 5:colcon.colcon_core.verb:set package 'ranger_auto' build argument 'cmake_clean_cache' from command line to 'False'
[0.342s] Level 5:colcon.colcon_core.verb:set package 'ranger_auto' build argument 'cmake_clean_first' from command line to 'False'
[0.343s] Level 5:colcon.colcon_core.verb:set package 'ranger_auto' build argument 'cmake_force_configure' from command line to 'False'
[0.343s] Level 5:colcon.colcon_core.verb:set package 'ranger_auto' build argument 'ament_cmake_args' from command line to 'None'
[0.343s] Level 5:colcon.colcon_core.verb:set package 'ranger_auto' build argument 'catkin_cmake_args' from command line to 'None'
[0.343s] Level 5:colcon.colcon_core.verb:set package 'ranger_auto' build argument 'catkin_skip_building_tests' from command line to 'False'
[0.343s] DEBUG:colcon.colcon_core.verb:Building package 'ranger_auto' with the following arguments: {'ament_cmake_args': None, 'build_base': '/home/ranger/ROV-project/ROV-project/Raspberry Pi/ros2-ws/build/ranger_auto', 'catkin_cmake_args': None, 'catkin_skip_building_tests': False, 'cmake_args': None, 'cmake_clean_cache': False, 'cmake_clean_first': False, 'cmake_force_configure': False, 'cmake_target': None, 'cmake_target_skip_unavailable': False, 'install_base': '/home/ranger/ROV-project/ROV-project/Raspberry Pi/ros2-ws/install/ranger_auto', 'merge_install': False, 'path': '/home/ranger/ROV-project/ROV-project/Raspberry Pi/ros2-ws/src/ranger_auto', 'symlink_install': False, 'test_result_base': None}
[0.343s] Level 5:colcon.colcon_core.verb:set package 'ranger_interfaces' build argument 'cmake_args' from command line to 'None'
[0.343s] Level 5:colcon.colcon_core.verb:set package 'ranger_interfaces' build argument 'cmake_target' from command line to 'None'
[0.343s] Level 5:colcon.colcon_core.verb:set package 'ranger_interfaces' build argument 'cmake_target_skip_unavailable' from command line to 'False'
[0.343s] Level 5:colcon.colcon_core.verb:set package 'ranger_interfaces' build argument 'cmake_clean_cache' from command line to 'False'
[0.343s] Level 5:colcon.colcon_core.verb:set package 'ranger_interfaces' build argument 'cmake_clean_first' from command line to 'False'
[0.343s] Level 5:colcon.colcon_core.verb:set package 'ranger_interfaces' build argument 'cmake_force_configure' from command line to 'False'
[0.343s] Level 5:colcon.colcon_core.verb:set package 'ranger_interfaces' build argument 'ament_cmake_args' from command line to 'None'
[0.343s] Level 5:colcon.colcon_core.verb:set package 'ranger_interfaces' build argument 'catkin_cmake_args' from command line to 'None'
[0.343s] Level 5:colcon.colcon_core.verb:set package 'ranger_interfaces' build argument 'catkin_skip_building_tests' from command line to 'False'
[0.343s] DEBUG:colcon.colcon_core.verb:Building package 'ranger_interfaces' with the following arguments: {'ament_cmake_args': None, 'build_base': '/home/ranger/ROV-project/ROV-project/Raspberry Pi/ros2-ws/build/ranger_interfaces', 'catkin_cmake_args': None, 'catkin_skip_building_tests': False, 'cmake_args': None, 'cmake_clean_cache': False, 'cmake_clean_first': False, 'cmake_force_configure': False, 'cmake_target': None, 'cmake_target_skip_unavailable': False, 'install_base': '/home/ranger/ROV-project/ROV-project/Raspberry Pi/ros2-ws/install/ranger_interfaces', 'merge_install': False, 'path': '/home/ranger/ROV-project/ROV-project/Raspberry Pi/ros2-ws/src/ranger_interfaces', 'symlink_install': False, 'test_result_base': None}
[0.344s] INFO:colcon.colcon_core.executor:Executing jobs using 'parallel' executor
[0.345s] DEBUG:colcon.colcon_parallel_executor.executor.parallel:run_until_complete
[0.345s] INFO:colcon.colcon_ros.task.ament_python.build:Building ROS package in '/home/ranger/ROV-project/ROV-project/Raspberry Pi/ros2-ws/src/ranger_auto' with build type 'ament_python'
[0.345s] Level 1:colcon.colcon_core.shell:create_environment_hook('ranger_auto', 'ament_prefix_path')
[0.348s] INFO:colcon.colcon_core.plugin_system:Skipping extension 'colcon_core.shell.bat': Not used on non-Windows systems
[0.348s] INFO:colcon.colcon_core.shell:Creating environment hook '/home/ranger/ROV-project/ROV-project/Raspberry Pi/ros2-ws/install/ranger_auto/share/ranger_auto/hook/ament_prefix_path.ps1'
[0.349s] INFO:colcon.colcon_core.shell:Creating environment descriptor '/home/ranger/ROV-project/ROV-project/Raspberry Pi/ros2-ws/install/ranger_auto/share/ranger_auto/hook/ament_prefix_path.dsv'
[0.350s] INFO:colcon.colcon_core.shell:Creating environment hook '/home/ranger/ROV-project/ROV-project/Raspberry Pi/ros2-ws/install/ranger_auto/share/ranger_auto/hook/ament_prefix_path.sh'
[0.351s] INFO:colcon.colcon_core.shell:Skip shell extension 'powershell' for command environment: Not usable outside of PowerShell
[0.351s] DEBUG:colcon.colcon_core.shell:Skip shell extension 'dsv' for command environment
[0.356s] INFO:colcon.colcon_ros.task.ament_cmake.build:Building ROS package in '/home/ranger/ROV-project/ROV-project/Raspberry Pi/ros2-ws/src/ranger_interfaces' with build type 'ament_cmake'
[0.356s] INFO:colcon.colcon_cmake.task.cmake.build:Building CMake package in '/home/ranger/ROV-project/ROV-project/Raspberry Pi/ros2-ws/src/ranger_interfaces'
[0.357s] INFO:colcon.colcon_core.shell:Skip shell extension 'powershell' for command environment: Not usable outside of PowerShell
[0.357s] DEBUG:colcon.colcon_core.shell:Skip shell extension 'dsv' for command environment
[0.687s] INFO:colcon.colcon_core.task.python.build:Building Python package in '/home/ranger/ROV-project/ROV-project/Raspberry Pi/ros2-ws/src/ranger_auto'
[0.688s] INFO:colcon.colcon_core.shell:Skip shell extension 'powershell' for command environment: Not usable outside of PowerShell
[0.688s] DEBUG:colcon.colcon_core.shell:Skip shell extension 'dsv' for command environment
[0.698s] DEBUG:colcon.colcon_core.event_handler.log_command:Invoking command in '/home/ranger/ROV-project/ROV-project/Raspberry Pi/ros2-ws/build/ranger_interfaces': CMAKE_PREFIX_PATH=${CMAKE_PREFIX_PATH}:/home/ranger/ROV-project/ROV-project/Raspberry Pi/ros2-ws/install/ranger_auto:/opt/ros/kilted DEBUGINFOD_URLS=https://debuginfod.ubuntu.com /usr/bin/cmake --build /home/ranger/ROV-project/ROV-project/Raspberry Pi/ros2-ws/build/ranger_interfaces -- -j4 -l4
[1.647s] DEBUG:colcon.colcon_core.event_handler.log_command:Invoking command in '/home/ranger/ROV-project/ROV-project/Raspberry Pi/ros2-ws/src/ranger_auto': DEBUGINFOD_URLS=https://debuginfod.ubuntu.com PYTHONPATH=/home/ranger/ROV-project/ROV-project/Raspberry Pi/ros2-ws/build/ranger_auto/prefix_override:/usr/lib/python3/dist-packages/colcon_core/task/python/colcon_distutils_commands:/home/ranger/ROV-project/ROV-project/Raspberry Pi/ros2-ws/install/ranger_auto/lib/python3.12/site-packages:${PYTHONPATH} /usr/bin/python3 -W ignore:setup.py install is deprecated -W ignore:easy_install command is deprecated setup.py egg_info --egg-base ../../build/ranger_auto build --build-base /home/ranger/ROV-project/ROV-project/Raspberry Pi/ros2-ws/build/ranger_auto/build install --record /home/ranger/ROV-project/ROV-project/Raspberry Pi/ros2-ws/build/ranger_auto/install.log --single-version-externally-managed install_data
[2.529s] Level 1:colcon.colcon_core.environment:checking '/home/ranger/ROV-project/ROV-project/Raspberry Pi/ros2-ws/install/ranger_auto' for CMake module files
[2.529s] DEBUG:colcon.colcon_core.event_handler.log_command:Invoked command in '/home/ranger/ROV-project/ROV-project/Raspberry Pi/ros2-ws/src/ranger_auto' returned '0': DEBUGINFOD_URLS=https://debuginfod.ubuntu.com PYTHONPATH=/home/ranger/ROV-project/ROV-project/Raspberry Pi/ros2-ws/build/ranger_auto/prefix_override:/usr/lib/python3/dist-packages/colcon_core/task/python/colcon_distutils_commands:/home/ranger/ROV-project/ROV-project/Raspberry Pi/ros2-ws/install/ranger_auto/lib/python3.12/site-packages:${PYTHONPATH} /usr/bin/python3 -W ignore:setup.py install is deprecated -W ignore:easy_install command is deprecated setup.py egg_info --egg-base ../../build/ranger_auto build --build-base /home/ranger/ROV-project/ROV-project/Raspberry Pi/ros2-ws/build/ranger_auto/build install --record /home/ranger/ROV-project/ROV-project/Raspberry Pi/ros2-ws/build/ranger_auto/install.log --single-version-externally-managed install_data
[2.530s] Level 1:colcon.colcon_core.environment:checking '/home/ranger/ROV-project/ROV-project/Raspberry Pi/ros2-ws/install/ranger_auto' for CMake config files
[2.531s] Level 1:colcon.colcon_core.environment:checking '/home/ranger/ROV-project/ROV-project/Raspberry Pi/ros2-ws/install/ranger_auto/lib'
[2.531s] Level 1:colcon.colcon_core.environment:checking '/home/ranger/ROV-project/ROV-project/Raspberry Pi/ros2-ws/install/ranger_auto/bin'
[2.531s] Level 1:colcon.colcon_core.environment:checking '/home/ranger/ROV-project/ROV-project/Raspberry Pi/ros2-ws/install/ranger_auto/lib/pkgconfig/ranger_auto.pc'
[2.531s] Level 1:colcon.colcon_core.environment:checking '/home/ranger/ROV-project/ROV-project/Raspberry Pi/ros2-ws/install/ranger_auto/lib/python3.12/site-packages'
[2.532s] Level 1:colcon.colcon_core.shell:create_environment_hook('ranger_auto', 'pythonpath')
[2.532s] INFO:colcon.colcon_core.shell:Creating environment hook '/home/ranger/ROV-project/ROV-project/Raspberry Pi/ros2-ws/install/ranger_auto/share/ranger_auto/hook/pythonpath.ps1'
[2.533s] INFO:colcon.colcon_core.shell:Creating environment descriptor '/home/ranger/ROV-project/ROV-project/Raspberry Pi/ros2-ws/install/ranger_auto/share/ranger_auto/hook/pythonpath.dsv'
[2.535s] INFO:colcon.colcon_core.shell:Creating environment hook '/home/ranger/ROV-project/ROV-project/Raspberry Pi/ros2-ws/install/ranger_auto/share/ranger_auto/hook/pythonpath.sh'
[2.536s] Level 1:colcon.colcon_core.environment:checking '/home/ranger/ROV-project/ROV-project/Raspberry Pi/ros2-ws/install/ranger_auto/bin'
[2.536s] Level 1:colcon.colcon_core.environment:create_environment_scripts_only(ranger_auto)
[2.537s] INFO:colcon.colcon_core.shell:Creating package script '/home/ranger/ROV-project/ROV-project/Raspberry Pi/ros2-ws/install/ranger_auto/share/ranger_auto/package.ps1'
[2.539s] INFO:colcon.colcon_core.shell:Creating package descriptor '/home/ranger/ROV-project/ROV-project/Raspberry Pi/ros2-ws/install/ranger_auto/share/ranger_auto/package.dsv'
[2.541s] INFO:colcon.colcon_core.shell:Creating package script '/home/ranger/ROV-project/ROV-project/Raspberry Pi/ros2-ws/install/ranger_auto/share/ranger_auto/package.sh'
[2.543s] INFO:colcon.colcon_core.shell:Creating package script '/home/ranger/ROV-project/ROV-project/Raspberry Pi/ros2-ws/install/ranger_auto/share/ranger_auto/package.bash'
[2.551s] INFO:colcon.colcon_core.shell:Creating package script '/home/ranger/ROV-project/ROV-project/Raspberry Pi/ros2-ws/install/ranger_auto/share/ranger_auto/package.zsh'
[2.554s] Level 1:colcon.colcon_core.environment:create_file_with_runtime_dependencies(/home/ranger/ROV-project/ROV-project/Raspberry Pi/ros2-ws/install/ranger_auto/share/colcon-core/packages/ranger_auto)
[25.554s] DEBUG:colcon.colcon_core.event_handler.log_command:Invoked command in '/home/ranger/ROV-project/ROV-project/Raspberry Pi/ros2-ws/build/ranger_interfaces' returned '0': CMAKE_PREFIX_PATH=${CMAKE_PREFIX_PATH}:/home/ranger/ROV-project/ROV-project/Raspberry Pi/ros2-ws/install/ranger_auto:/opt/ros/kilted DEBUGINFOD_URLS=https://debuginfod.ubuntu.com /usr/bin/cmake --build /home/ranger/ROV-project/ROV-project/Raspberry Pi/ros2-ws/build/ranger_interfaces -- -j4 -l4
[25.586s] DEBUG:colcon.colcon_core.event_handler.log_command:Invoking command in '/home/ranger/ROV-project/ROV-project/Raspberry Pi/ros2-ws/build/ranger_interfaces': CMAKE_PREFIX_PATH=${CMAKE_PREFIX_PATH}:/home/ranger/ROV-project/ROV-project/Raspberry Pi/ros2-ws/install/ranger_auto:/opt/ros/kilted DEBUGINFOD_URLS=https://debuginfod.ubuntu.com /usr/bin/cmake --install /home/ranger/ROV-project/ROV-project/Raspberry Pi/ros2-ws/build/ranger_interfaces
[26.163s] Level 1:colcon.colcon_core.environment:create_environment_scripts_only(ranger_interfaces)
[26.164s] Level 1:colcon.colcon_core.environment:checking '/home/ranger/ROV-project/ROV-project/Raspberry Pi/ros2-ws/install/ranger_interfaces' for CMake module files
[26.165s] Level 1:colcon.colcon_core.environment:checking '/home/ranger/ROV-project/ROV-project/Raspberry Pi/ros2-ws/install/ranger_interfaces' for CMake config files
[26.172s] Level 1:colcon.colcon_core.shell:create_environment_hook('ranger_interfaces', 'cmake_prefix_path')
[26.173s] INFO:colcon.colcon_core.shell:Creating environment hook '/home/ranger/ROV-project/ROV-project/Raspberry Pi/ros2-ws/install/ranger_interfaces/share/ranger_interfaces/hook/cmake_prefix_path.ps1'
[26.177s] INFO:colcon.colcon_core.shell:Creating environment descriptor '/home/ranger/ROV-project/ROV-project/Raspberry Pi/ros2-ws/install/ranger_interfaces/share/ranger_interfaces/hook/cmake_prefix_path.dsv'
[26.185s] DEBUG:colcon.colcon_core.event_handler.log_command:Invoked command in '/home/ranger/ROV-project/ROV-project/Raspberry Pi/ros2-ws/build/ranger_interfaces' returned '0': CMAKE_PREFIX_PATH=${CMAKE_PREFIX_PATH}:/home/ranger/ROV-project/ROV-project/Raspberry Pi/ros2-ws/install/ranger_auto:/opt/ros/kilted DEBUGINFOD_URLS=https://debuginfod.ubuntu.com /usr/bin/cmake --install /home/ranger/ROV-project/ROV-project/Raspberry Pi/ros2-ws/build/ranger_interfaces
[26.185s] INFO:colcon.colcon_core.shell:Creating environment hook '/home/ranger/ROV-project/ROV-project/Raspberry Pi/ros2-ws/install/ranger_interfaces/share/ranger_interfaces/hook/cmake_prefix_path.sh'
[26.187s] Level 1:colcon.colcon_core.environment:checking '/home/ranger/ROV-project/ROV-project/Raspberry Pi/ros2-ws/install/ranger_interfaces/lib'
[26.187s] Level 1:colcon.colcon_core.shell:create_environment_hook('ranger_interfaces', 'ld_library_path_lib')
[26.188s] INFO:colcon.colcon_core.shell:Creating environment hook '/home/ranger/ROV-project/ROV-project/Raspberry Pi/ros2-ws/install/ranger_interfaces/share/ranger_interfaces/hook/ld_library_path_lib.ps1'
[26.190s] INFO:colcon.colcon_core.shell:Creating environment descriptor '/home/ranger/ROV-project/ROV-project/Raspberry Pi/ros2-ws/install/ranger_interfaces/share/ranger_interfaces/hook/ld_library_path_lib.dsv'
[26.192s] INFO:colcon.colcon_core.shell:Creating environment hook '/home/ranger/ROV-project/ROV-project/Raspberry Pi/ros2-ws/install/ranger_interfaces/share/ranger_interfaces/hook/ld_library_path_lib.sh'
[26.197s] Level 1:colcon.colcon_core.environment:checking '/home/ranger/ROV-project/ROV-project/Raspberry Pi/ros2-ws/install/ranger_interfaces/bin'
[26.197s] Level 1:colcon.colcon_core.environment:checking '/home/ranger/ROV-project/ROV-project/Raspberry Pi/ros2-ws/install/ranger_interfaces/lib/pkgconfig/ranger_interfaces.pc'
[26.197s] Level 1:colcon.colcon_core.environment:checking '/home/ranger/ROV-project/ROV-project/Raspberry Pi/ros2-ws/install/ranger_interfaces/lib/python3.12/site-packages'
[26.197s] Level 1:colcon.colcon_core.shell:create_environment_hook('ranger_interfaces', 'pythonpath')
[26.198s] INFO:colcon.colcon_core.shell:Creating environment hook '/home/ranger/ROV-project/ROV-project/Raspberry Pi/ros2-ws/install/ranger_interfaces/share/ranger_interfaces/hook/pythonpath.ps1'
[26.199s] INFO:colcon.colcon_core.shell:Creating environment descriptor '/home/ranger/ROV-project/ROV-project/Raspberry Pi/ros2-ws/install/ranger_interfaces/share/ranger_interfaces/hook/pythonpath.dsv'
[26.199s] INFO:colcon.colcon_core.shell:Creating environment hook '/home/ranger/ROV-project/ROV-project/Raspberry Pi/ros2-ws/install/ranger_interfaces/share/ranger_interfaces/hook/pythonpath.sh'
[26.201s] Level 1:colcon.colcon_core.environment:checking '/home/ranger/ROV-project/ROV-project/Raspberry Pi/ros2-ws/install/ranger_interfaces/bin'
[26.201s] INFO:colcon.colcon_core.shell:Creating package script '/home/ranger/ROV-project/ROV-project/Raspberry Pi/ros2-ws/install/ranger_interfaces/share/ranger_interfaces/package.ps1'
[26.202s] INFO:colcon.colcon_core.shell:Creating package descriptor '/home/ranger/ROV-project/ROV-project/Raspberry Pi/ros2-ws/install/ranger_interfaces/share/ranger_interfaces/package.dsv'
[26.203s] INFO:colcon.colcon_core.shell:Creating package script '/home/ranger/ROV-project/ROV-project/Raspberry Pi/ros2-ws/install/ranger_interfaces/share/ranger_interfaces/package.sh'
[26.204s] INFO:colcon.colcon_core.shell:Creating package script '/home/ranger/ROV-project/ROV-project/Raspberry Pi/ros2-ws/install/ranger_interfaces/share/ranger_interfaces/package.bash'
[26.205s] INFO:colcon.colcon_core.shell:Creating package script '/home/ranger/ROV-project/ROV-project/Raspberry Pi/ros2-ws/install/ranger_interfaces/share/ranger_interfaces/package.zsh'
[26.206s] Level 1:colcon.colcon_core.environment:create_file_with_runtime_dependencies(/home/ranger/ROV-project/ROV-project/Raspberry Pi/ros2-ws/install/ranger_interfaces/share/colcon-core/packages/ranger_interfaces)
[26.207s] Level 1:colcon.colcon_core.environment:create_environment_scripts_only(ranger_interfaces)
[26.207s] Level 1:colcon.colcon_core.environment:checking '/home/ranger/ROV-project/ROV-project/Raspberry Pi/ros2-ws/install/ranger_interfaces' for CMake module files
[26.212s] Level 1:colcon.colcon_core.environment:checking '/home/ranger/ROV-project/ROV-project/Raspberry Pi/ros2-ws/install/ranger_interfaces' for CMake config files
[26.217s] Level 1:colcon.colcon_core.shell:create_environment_hook('ranger_interfaces', 'cmake_prefix_path')
[26.218s] INFO:colcon.colcon_core.shell:Creating environment hook '/home/ranger/ROV-project/ROV-project/Raspberry Pi/ros2-ws/install/ranger_interfaces/share/ranger_interfaces/hook/cmake_prefix_path.ps1'
[26.219s] INFO:colcon.colcon_core.shell:Creating environment descriptor '/home/ranger/ROV-project/ROV-project/Raspberry Pi/ros2-ws/install/ranger_interfaces/share/ranger_interfaces/hook/cmake_prefix_path.dsv'
[26.220s] INFO:colcon.colcon_core.shell:Creating environment hook '/home/ranger/ROV-project/ROV-project/Raspberry Pi/ros2-ws/install/ranger_interfaces/share/ranger_interfaces/hook/cmake_prefix_path.sh'
[26.221s] Level 1:colcon.colcon_core.environment:checking '/home/ranger/ROV-project/ROV-project/Raspberry Pi/ros2-ws/install/ranger_interfaces/lib'
[26.221s] Level 1:colcon.colcon_core.shell:create_environment_hook('ranger_interfaces', 'ld_library_path_lib')
[26.222s] INFO:colcon.colcon_core.shell:Creating environment hook '/home/ranger/ROV-project/ROV-project/Raspberry Pi/ros2-ws/install/ranger_interfaces/share/ranger_interfaces/hook/ld_library_path_lib.ps1'
[26.222s] INFO:colcon.colcon_core.shell:Creating environment descriptor '/home/ranger/ROV-project/ROV-project/Raspberry Pi/ros2-ws/install/ranger_interfaces/share/ranger_interfaces/hook/ld_library_path_lib.dsv'
[26.225s] INFO:colcon.colcon_core.shell:Creating environment hook '/home/ranger/ROV-project/ROV-project/Raspberry Pi/ros2-ws/install/ranger_interfaces/share/ranger_interfaces/hook/ld_library_path_lib.sh'
[26.227s] Level 1:colcon.colcon_core.environment:checking '/home/ranger/ROV-project/ROV-project/Raspberry Pi/ros2-ws/install/ranger_interfaces/bin'
[26.228s] Level 1:colcon.colcon_core.environment:checking '/home/ranger/ROV-project/ROV-project/Raspberry Pi/ros2-ws/install/ranger_interfaces/lib/pkgconfig/ranger_interfaces.pc'
[26.229s] Level 1:colcon.colcon_core.environment:checking '/home/ranger/ROV-project/ROV-project/Raspberry Pi/ros2-ws/install/ranger_interfaces/lib/python3.12/site-packages'
[26.231s] Level 1:colcon.colcon_core.shell:create_environment_hook('ranger_interfaces', 'pythonpath')
[26.231s] INFO:colcon.colcon_core.shell:Creating environment hook '/home/ranger/ROV-project/ROV-project/Raspberry Pi/ros2-ws/install/ranger_interfaces/share/ranger_interfaces/hook/pythonpath.ps1'
[26.232s] INFO:colcon.colcon_core.shell:Creating environment descriptor '/home/ranger/ROV-project/ROV-project/Raspberry Pi/ros2-ws/install/ranger_interfaces/share/ranger_interfaces/hook/pythonpath.dsv'
[26.236s] INFO:colcon.colcon_core.shell:Creating environment hook '/home/ranger/ROV-project/ROV-project/Raspberry Pi/ros2-ws/install/ranger_interfaces/share/ranger_interfaces/hook/pythonpath.sh'
[26.241s] Level 1:colcon.colcon_core.environment:checking '/home/ranger/ROV-project/ROV-project/Raspberry Pi/ros2-ws/install/ranger_interfaces/bin'
[26.241s] INFO:colcon.colcon_core.shell:Creating package script '/home/ranger/ROV-project/ROV-project/Raspberry Pi/ros2-ws/install/ranger_interfaces/share/ranger_interfaces/package.ps1'
[26.243s] INFO:colcon.colcon_core.shell:Creating package descriptor '/home/ranger/ROV-project/ROV-project/Raspberry Pi/ros2-ws/install/ranger_interfaces/share/ranger_interfaces/package.dsv'
[26.247s] INFO:colcon.colcon_core.shell:Creating package script '/home/ranger/ROV-project/ROV-project/Raspberry Pi/ros2-ws/install/ranger_interfaces/share/ranger_interfaces/package.sh'
[26.251s] INFO:colcon.colcon_core.shell:Creating package script '/home/ranger/ROV-project/ROV-project/Raspberry Pi/ros2-ws/install/ranger_interfaces/share/ranger_interfaces/package.bash'
[26.254s] INFO:colcon.colcon_core.shell:Creating package script '/home/ranger/ROV-project/ROV-project/Raspberry Pi/ros2-ws/install/ranger_interfaces/share/ranger_interfaces/package.zsh'
[26.257s] Level 1:colcon.colcon_core.environment:create_file_with_runtime_dependencies(/home/ranger/ROV-project/ROV-project/Raspberry Pi/ros2-ws/install/ranger_interfaces/share/colcon-core/packages/ranger_interfaces)
[26.260s] DEBUG:colcon.colcon_parallel_executor.executor.parallel:closing loop
[26.260s] DEBUG:colcon.colcon_parallel_executor.executor.parallel:loop closed
[26.260s] DEBUG:colcon.colcon_parallel_executor.executor.parallel:run_until_complete finished with '0'
[26.260s] DEBUG:colcon.colcon_core.event_reactor:joining thread
[26.283s] INFO:colcon.colcon_core.plugin_system:Skipping extension 'colcon_notification.desktop_notification.terminal_notifier': Not used on non-Darwin systems
[26.284s] INFO:colcon.colcon_core.plugin_system:Skipping extension 'colcon_notification.desktop_notification.win32': Not used on non-Windows systems
[26.284s] INFO:colcon.colcon_notification.desktop_notification:Sending desktop notification using 'notify2'
[26.326s] DEBUG:colcon.colcon_core.event_reactor:joined thread
[26.326s] INFO:colcon.colcon_core.shell:Creating prefix script '/home/ranger/ROV-project/ROV-project/Raspberry Pi/ros2-ws/install/local_setup.ps1'
[26.329s] INFO:colcon.colcon_core.shell:Creating prefix util module '/home/ranger/ROV-project/ROV-project/Raspberry Pi/ros2-ws/install/_local_setup_util_ps1.py'
[26.332s] INFO:colcon.colcon_core.shell:Creating prefix chain script '/home/ranger/ROV-project/ROV-project/Raspberry Pi/ros2-ws/install/setup.ps1'
[26.335s] INFO:colcon.colcon_core.shell:Creating prefix script '/home/ranger/ROV-project/ROV-project/Raspberry Pi/ros2-ws/install/local_setup.sh'
[26.336s] INFO:colcon.colcon_core.shell:Creating prefix util module '/home/ranger/ROV-project/ROV-project/Raspberry Pi/ros2-ws/install/_local_setup_util_sh.py'
[26.339s] INFO:colcon.colcon_core.shell:Creating prefix chain script '/home/ranger/ROV-project/ROV-project/Raspberry Pi/ros2-ws/install/setup.sh'
[26.342s] INFO:colcon.colcon_core.shell:Creating prefix script '/home/ranger/ROV-project/ROV-project/Raspberry Pi/ros2-ws/install/local_setup.bash'
[26.344s] INFO:colcon.colcon_core.shell:Creating prefix chain script '/home/ranger/ROV-project/ROV-project/Raspberry Pi/ros2-ws/install/setup.bash'
[26.346s] INFO:colcon.colcon_core.shell:Creating prefix script '/home/ranger/ROV-project/ROV-project/Raspberry Pi/ros2-ws/install/local_setup.zsh'
[26.348s] INFO:colcon.colcon_core.shell:Creating prefix chain script '/home/ranger/ROV-project/ROV-project/Raspberry Pi/ros2-ws/install/setup.zsh'
